13:34:56.789 [main                     ] DEBUG Logger               - Configured Logger
13:34:56.821 [main                     ] DEBUG GameApplication      - Logging settings
Title: A game without a name
Version: Early Development
Width: 1600
Height: 900
Fullscreen: false
Intro: false
Profiling: false
Single step:false
App Mode: DEVELOPER
Menu Key: ESCAPE
Stage Style: DECORATED
Scene Factory: class com.jonathanc8.fxglgame.MainSceneFactory

13:34:57.692 [JavaFX Application Thread] DEBUG FXGLApplication      - Initializing FXGL
13:34:57.697 [JavaFX Application Thread] INFO  Engine               - FXGL-17.1 (24.03.2022 17.34) on WINDOWS (J:17.0.2 FX:17.0.2-ea)
13:34:57.698 [JavaFX Application Thread] DEBUG Engine               - JRE Vendor Name: Oracle Corporation
13:34:57.698 [JavaFX Application Thread] DEBUG Engine               - Running on OS: Windows 10 version 10.0
13:34:57.698 [JavaFX Application Thread] DEBUG Engine               - Architecture: amd64
13:34:57.698 [JavaFX Application Thread] INFO  Engine               - Source code and latest versions at: https://github.com/AlmasB/FXGL
13:34:57.698 [JavaFX Application Thread] INFO  Engine               -       Ask questions and discuss at: https://github.com/AlmasB/FXGL/discussions
13:34:57.699 [JavaFX Application Thread] INFO  Engine               -              Join the FXGL chat at: https://gitter.im/AlmasB/FXGL
13:34:57.782 [JavaFX Application Thread] DEBUG PrimaryStageWindow   - Creating a JavaFX scene
13:34:57.828 [JavaFX Application Thread] DEBUG PrimaryStageWindow   - Target settings size: 1600.0 x 900.0
13:34:57.828 [JavaFX Application Thread] DEBUG PrimaryStageWindow   - Scaled scene size:    1600.0 x 900.0
13:34:57.829 [JavaFX Application Thread] DEBUG PrimaryStageWindow   - Scaled ratio: (1.0, 1.0)
13:34:57.830 [JavaFX Application Thread] DEBUG PrimaryStageWindow   - Set initial scene to FXGLStartupScene
13:34:57.837 [JavaFX Application Thread] DEBUG PrimaryStageWindow   - Opening main window
13:34:57.919 [JavaFX Application Thread] DEBUG PrimaryStageWindow   - Window border size: (16.0, 39.0)
13:34:57.920 [JavaFX Application Thread] DEBUG PrimaryStageWindow   - Scaled size: 1600.0 x 900.0
13:34:57.920 [JavaFX Application Thread] DEBUG PrimaryStageWindow   - Scaled ratio: (1.0, 1.0)
13:34:57.920 [JavaFX Application Thread] DEBUG PrimaryStageWindow   - Scene size: 1600.0 x 900.0
13:34:57.920 [JavaFX Application Thread] DEBUG PrimaryStageWindow   - Stage size: 1616.0 x 939.0
13:34:57.927 [FXGL Background Thread 1 ] DEBUG Engine               - Initializing environment variables
13:34:57.961 [FXGL Background Thread 1 ] DEBUG FXGLAssetLoaderServi - User app class for loading assets: class com.jonathanc8.fxglgame.Game
13:34:57.961 [FXGL Background Thread 1 ] DEBUG GameApplicationServi - Applying CSS: fxgl_dark.css
13:34:57.962 [FXGL Background Thread 1 ] DEBUG FXGLAssetLoaderServi - Loading from file system: jar:file:///C:/Users/Jonat/.gradle/caches/modules-2/files-2.1/com.github.almasb/fxgl/17.1/2a9509aedf54954c9b13849c18c6f495a81c542d/fxgl-17.1.jar!/fxglassets/ui/css/fxgl_dark.css
13:34:58.009 [FXGL Background Thread 1 ] DEBUG GameApplicationServi - Initializing application scenes
13:34:58.054 [FXGL Background Thread 1 ] DEBUG GameWorld            - Game world initialized
13:34:58.109 [FXGL Background Thread 1 ] DEBUG PhysicsWorld         - Physics world initialized: appHeight=900, physics.ppm=50.0
13:34:58.109 [FXGL Background Thread 1 ] DEBUG PhysicsWorld         - Using strategy: BRUTE_FORCE
13:34:58.113 [FXGL Background Thread 1 ] DEBUG GameScene            - Game scene initialized: 1600x900
13:34:58.141 [FXGL Background Thread 1 ] DEBUG GameApplicationServi - Application scenes initialized
13:34:58.155 [FXGL Background Thread 1 ] DEBUG SystemBundleService  - Loading FXGL system data
13:34:58.160 [FXGL Background Thread 1 ] DEBUG FileSystemAccess     - Reading from: C:\Users\Jonat\OneDrive\Documents\Projects\Coding\Java\FXGLGame\system\fxgl.bundle
13:34:58.168 [FXGL Background Thread 1 ] DEBUG SystemBundleService  - Bundle FXGL: {}
13:34:58.168 [FXGL Background Thread 1 ] DEBUG UpdaterService       - Checking for updates
13:34:58.175 [FXGL Background Thread 4 ] DEBUG FXGLApplication      - Loading fonts
13:34:58.175 [FXGL Background Thread 1 ] DEBUG FXGLApplication      - Loading default localization
13:34:58.176 [FXGL Background Thread 4 ] DEBUG FXGLAssetLoaderServi - Loading from file system: jar:file:///C:/Users/Jonat/.gradle/caches/modules-2/files-2.1/com.github.almasb/fxgl/17.1/2a9509aedf54954c9b13849c18c6f495a81c542d/fxgl-17.1.jar!/fxglassets/ui/fonts/VarelaRound-Regular.ttf
13:34:58.176 [FXGL Background Thread 1 ] DEBUG FXGLAssetLoaderServi - Loading from file system: jar:file:///C:/Users/Jonat/.gradle/caches/modules-2/files-2.1/com.github.almasb/fxgl/17.1/2a9509aedf54954c9b13849c18c6f495a81c542d/fxgl-17.1.jar!/fxglassets/languages/english.lang
13:34:58.214 [FXGL Background Thread 1 ] INFO  FXGLApplication      - FXGL initialization took: 0.286 sec
13:34:58.228 [JavaFX Application Thread] DEBUG Input                - Registered new binding: Move Right - D
13:34:58.228 [JavaFX Application Thread] DEBUG Input                - Registered new binding: Move Left - A
13:34:58.229 [JavaFX Application Thread] DEBUG Input                - Registered new binding: Move Down - S
13:34:58.229 [JavaFX Application Thread] DEBUG Input                - Registered new binding: Move Up - W
13:34:58.230 [JavaFX Application Thread] DEBUG Input                - Registered new binding: action0 - Enter
13:34:58.231 [JavaFX Application Thread] DEBUG Input                - Registered new binding: action1 - Right
13:34:58.232 [JavaFX Application Thread] DEBUG Input                - Registered new binding: action2 - Left
13:34:58.233 [JavaFX Application Thread] DEBUG Input                - Registered new binding: action3 - Up
13:34:58.234 [JavaFX Application Thread] DEBUG Input                - Registered new binding: action4 - Down
13:34:58.234 [JavaFX Application Thread] DEBUG Input                - Registered new binding: action5 - Delete
13:34:58.235 [JavaFX Application Thread] DEBUG Input                - Registered new binding: Shoot - Space
13:34:58.236 [JavaFX Application Thread] DEBUG Input                - Registered new binding: action6 - E
13:34:58.236 [JavaFX Application Thread] DEBUG FXGLAssetLoaderServi - Loading from file system: jar:file:///C:/Users/Jonat/.gradle/caches/modules-2/files-2.1/com.github.almasb/fxgl/17.1/2a9509aedf54954c9b13849c18c6f495a81c542d/fxgl-17.1.jar!/fxglassets/textures/fxgl_icon.png
13:34:58.290 [JavaFX Application Thread] DEBUG FXGLAssetLoaderServi - Loading from file system: jar:file:///C:/Users/Jonat/.gradle/caches/modules-2/files-2.1/com.github.almasb/fxgl/17.1/2a9509aedf54954c9b13849c18c6f495a81c542d/fxgl-17.1.jar!/fxglassets/textures/fxgl_default_cursor.png
13:34:58.293 [JavaFX Application Thread] DEBUG Input                - Registered new binding: Screenshot - CTRL+8
13:34:58.294 [JavaFX Application Thread] DEBUG Input                - Registered new binding: System info dump - CTRL+9
13:34:58.295 [JavaFX Application Thread] DEBUG Input                - Registered new binding: Restart - CTRL+R
13:34:58.296 [JavaFX Application Thread] DEBUG Input                - Registered new binding: Toggle Debug Camera - CTRL+7
13:34:58.301 [JavaFX Application Thread] DEBUG LoopRunner           - Starting loop
13:34:58.301 [JavaFX Application Thread] DEBUG LoopRunner           - Initializing JavaFX AnimationTimerLoop
13:34:58.303 [JavaFX Application Thread] DEBUG GameApplicationServi - Starting new game
13:34:58.303 [JavaFX Application Thread] DEBUG Input                - Clearing active input actions
13:34:58.320 [JavaFX Application Thread] DEBUG GameApplicationServi - Removing overlay from FXGLStartupScene and adding to FXGLLoadingScene
13:34:58.321 [JavaFX Application Thread] DEBUG PrimaryStageWindow   - FXGLStartupScene -> FXGLLoadingScene
13:34:58.322 [JavaFX Application Thread] DEBUG GameApplicationServi - Clearing previous game
13:34:58.322 [JavaFX Application Thread] DEBUG GameScene            - Clearing game scene
13:34:58.322 [JavaFX Application Thread] DEBUG GameWorld            - Clearing game world
13:34:58.323 [JavaFX Application Thread] DEBUG PhysicsWorld         - Clearing physics world
13:34:58.325 [FXGL Background Thread 1 ] DEBUG FXGLApplication      - Initializing game
13:34:58.357 [FXGL Background Thread 1 ] WARN  FXGLAssetLoaderServi - Asset "/assets/textures/Untitled.png" was not found!
13:34:58.357 [FXGL Background Thread 1 ] WARN  FXGLAssetLoaderServi - Failed to load IMAGE
13:34:58.372 [FXGL Background Thread 4 ] DEBUG FXGLAssetLoaderServi - Loading from file system: jar:file:///C:/Users/Jonat/.gradle/caches/modules-2/files-2.1/com.github.almasb/fxgl/17.1/2a9509aedf54954c9b13849c18c6f495a81c542d/fxgl-17.1.jar!/fxglassets/ui/fonts/Abel-Regular.ttf
13:34:58.386 [FXGL Background Thread 4 ] DEBUG FXGLAssetLoaderServi - Loading from file system: jar:file:///C:/Users/Jonat/.gradle/caches/modules-2/files-2.1/com.github.almasb/fxgl/17.1/2a9509aedf54954c9b13849c18c6f495a81c542d/fxgl-17.1.jar!/fxglassets/ui/fonts/TerminalLandMono-Regular.otf
13:34:58.400 [FXGL Background Thread 4 ] DEBUG FXGLAssetLoaderServi - Loading from file system: jar:file:///C:/Users/Jonat/.gradle/caches/modules-2/files-2.1/com.github.almasb/fxgl/17.1/2a9509aedf54954c9b13849c18c6f495a81c542d/fxgl-17.1.jar!/fxglassets/ui/fonts/Courier-Prime.ttf
13:34:58.469 [JavaFX Application Thread] DEBUG FXGLApplication      - Registering font factories with UI factory
13:34:58.472 [FXGL Background Thread 1 ] DEBUG FXGLAssetLoaderServi - Loading from file system: file:/C:/Users/Jonat/OneDrive/Documents/Projects/Coding/Java/FXGLGame/build/resources/main/assets/textures/ship/sparrow.png
13:34:58.530 [FXGL Background Thread 1 ] WARN  TMXLevelLoader       - TiledMap generated from 1.4.3. Supported version: 1.4.2. Some features may not be parsed fully.
13:34:58.564 [FXGL Background Thread 1 ] DEBUG TMXLevelLoader       - Parsed TiledMap: file:/C:/Users/Jonat/OneDrive/Documents/Projects/Coding/Java/FXGLGame/build/resources/main/assets/levels/testLevelMap.tmx
13:34:58.566 [FXGL Background Thread 1 ] DEBUG TMXLevelLoader       - Creating tile layer entities
13:34:58.568 [FXGL Background Thread 1 ] DEBUG TilesetLoader        - Loading view for layer Tile Layer 1
13:34:58.590 [FXGL Background Thread 1 ] DEBUG TilesetLoader        - Created buffer with size 1600.0x6400.0
13:34:58.667 [FXGL Background Thread 1 ] DEBUG TMXLevelLoader       - Creating object layer entities
13:34:58.669 [FXGL Background Thread 1 ] DEBUG FXGLAssetLoaderServi - Loading from file system: file:/C:/Users/Jonat/OneDrive/Documents/Projects/Coding/Java/FXGLGame/build/resources/main/assets/textures/ship/hai%20water%20bug.png
13:34:58.699 [FXGL Background Thread 1 ] DEBUG GameWorld            - Clearing removable entities
13:34:58.707 [FXGL Background Thread 1 ] DEBUG GameWorld            - Setting level: com.almasb.fxgl.entity.level.Level@29a78439
13:34:58.718 [FXGL Background Thread 1 ] INFO  FXGLApplication      - Game initialization took: 0.393 sec
13:34:58.719 [JavaFX Application Thread] DEBUG Input                - Clearing active input actions
13:34:58.732 [JavaFX Application Thread] DEBUG GameApplicationServi - Removing overlay from FXGLLoadingScene and adding to GameScene
13:34:58.733 [JavaFX Application Thread] DEBUG PrimaryStageWindow   - FXGLLoadingScene -> GameScene
13:34:58.826 [FXGL Background Thread 2 ] INFO  UpdaterService       - Your current version:  17.1
13:34:58.826 [FXGL Background Thread 2 ] INFO  UpdaterService       - Latest stable version: 17.2
13:34:59.188 [JavaFX Application Thread] DEBUG FXGLAssetLoaderServi - Loading from file system: file:/C:/Users/Jonat/OneDrive/Documents/Projects/Coding/Java/FXGLGame/build/resources/main/assets/sounds/blaster.wav
13:34:59.301 [JavaFX Application Thread] DEBUG FXGLAssetLoaderServi - Loading from file system: file:/C:/Users/Jonat/OneDrive/Documents/Projects/Coding/Java/FXGLGame/build/resources/main/assets/textures/projectile/blaster+.png
13:35:00.533 [JavaFX Application Thread] DEBUG FXGLAssetLoaderServi - Loading from file system: file:/C:/Users/Jonat/OneDrive/Documents/Projects/Coding/Java/FXGLGame/build/resources/main/assets/textures/projectile/javelin.png
13:35:01.174 [FXGL Background Thread 3 ] DEBUG Engine               - Logging environment variables
13:35:01.175 [FXGL Background Thread 3 ] DEBUG Engine               - achievements: []
13:35:01.175 [FXGL Background Thread 3 ] DEBUG Engine               - actualHeight: 900.0
13:35:01.175 [FXGL Background Thread 3 ] DEBUG Engine               - actualHeightProperty: ReadOnlyDoubleProperty [value: 900.0]
13:35:01.175 [FXGL Background Thread 3 ] DEBUG Engine               - actualWidth: 1600.0
13:35:01.175 [FXGL Background Thread 3 ] DEBUG Engine               - actualWidthProperty: ReadOnlyDoubleProperty [value: 1600.0]
13:35:01.175 [FXGL Background Thread 3 ] DEBUG Engine               - appIcon: fxgl_icon.png
13:35:01.175 [FXGL Background Thread 3 ] DEBUG Engine               - applicationMode: DEVELOPER
13:35:01.175 [FXGL Background Thread 3 ] DEBUG Engine               - cSSList: [fxgl_dark.css]
13:35:01.176 [FXGL Background Thread 3 ] DEBUG Engine               - collisionDetectionStrategy: BRUTE_FORCE
13:35:01.176 [FXGL Background Thread 3 ] DEBUG Engine               - configClass: Optional.empty
13:35:01.176 [FXGL Background Thread 3 ] DEBUG Engine               - credits: []
13:35:01.177 [FXGL Background Thread 3 ] DEBUG Engine               - defaultCursor: CursorInfo(imageName=fxgl_default_cursor.png, hotspotX=7.0, hotspotY=6.0)
13:35:01.177 [FXGL Background Thread 3 ] DEBUG Engine               - devBBoxColorProperty: ObjectProperty [value: 0xff0000ff]
13:35:01.177 [FXGL Background Thread 3 ] DEBUG Engine               - devEnableDebugCameraProperty: BooleanProperty [value: false]
13:35:01.177 [FXGL Background Thread 3 ] DEBUG Engine               - devSensorColorProperty: ObjectProperty [value: 0xffff00ff]
13:35:01.177 [FXGL Background Thread 3 ] DEBUG Engine               - devShowBBoxProperty: BooleanProperty [value: false]
13:35:01.177 [FXGL Background Thread 3 ] DEBUG Engine               - devShowPositionProperty: BooleanProperty [value: false]
13:35:01.178 [FXGL Background Thread 3 ] DEBUG Engine               - enabledMenuItems: []
13:35:01.178 [FXGL Background Thread 3 ] DEBUG Engine               - engineServices: [class com.almasb.fxgl.app.services.FXGLAssetLoaderService, class com.almasb.fxgl.app.FXGLApplication$GameApplicationService, class com.almasb.fxgl.app.services.FXGLDialogService, class com.almasb.fxgl.app.services.IOTaskExecutorService, class com.almasb.fxgl.io.FileSystemService, class com.almasb.fxgl.localization.LocalizationService, class com.almasb.fxgl.app.services.SystemBundleService, class com.almasb.fxgl.profile.SaveLoadService, class com.almasb.fxgl.ui.FXGLUIFactoryServiceProvider, class com.almasb.fxgl.ui.FXGLDialogFactoryServiceProvider, class com.almasb.fxgl.audio.AudioPlayer, class com.almasb.fxgl.notification.impl.NotificationServiceProvider, class com.almasb.fxgl.achievement.AchievementService, class com.almasb.fxgl.cutscene.CutsceneService, class com.almasb.fxgl.minigames.MiniGameService, class com.almasb.fxgl.net.NetService, class com.almasb.fxgl.app.services.UpdaterService, class com.almasb.fxgl.dev.DevService]
13:35:01.178 [FXGL Background Thread 3 ] DEBUG Engine               - fontGame: Abel-Regular.ttf
13:35:01.178 [FXGL Background Thread 3 ] DEBUG Engine               - fontMono: TerminalLandMono-Regular.otf
13:35:01.178 [FXGL Background Thread 3 ] DEBUG Engine               - fontText: Courier-Prime.ttf
13:35:01.178 [FXGL Background Thread 3 ] DEBUG Engine               - fontUI: VarelaRound-Regular.ttf
13:35:01.178 [FXGL Background Thread 3 ] DEBUG Engine               - fullScreen: BooleanProperty [value: false]
13:35:01.178 [FXGL Background Thread 3 ] DEBUG Engine               - gameDifficulty: MEDIUM
13:35:01.178 [FXGL Background Thread 3 ] DEBUG Engine               - gameDifficultyProperty: ObjectProperty [value: MEDIUM]
13:35:01.178 [FXGL Background Thread 3 ] DEBUG Engine               - globalMusicVolume: 0.5
13:35:01.178 [FXGL Background Thread 3 ] DEBUG Engine               - globalMusicVolumeProperty: DoubleProperty [value: 0.5]
13:35:01.178 [FXGL Background Thread 3 ] DEBUG Engine               - globalSoundVolume: 0.5
13:35:01.178 [FXGL Background Thread 3 ] DEBUG Engine               - globalSoundVolumeProperty: DoubleProperty [value: 0.5]
13:35:01.179 [FXGL Background Thread 3 ] DEBUG Engine               - height: 900
13:35:01.179 [FXGL Background Thread 3 ] DEBUG Engine               - is3D: false
13:35:01.179 [FXGL Background Thread 3 ] DEBUG Engine               - isAndroid: false
13:35:01.179 [FXGL Background Thread 3 ] DEBUG Engine               - isBrowser: false
13:35:01.179 [FXGL Background Thread 3 ] DEBUG Engine               - isClickFeedbackEnabled: false
13:35:01.179 [FXGL Background Thread 3 ] DEBUG Engine               - isCloseConfirmation: false
13:35:01.179 [FXGL Background Thread 3 ] DEBUG Engine               - isDesktop: true
13:35:01.179 [FXGL Background Thread 3 ] DEBUG Engine               - isDeveloperMenuEnabled: false
13:35:01.179 [FXGL Background Thread 3 ] DEBUG Engine               - isEmbedded: false
13:35:01.179 [FXGL Background Thread 3 ] DEBUG Engine               - isEntityPreloadEnabled: true
13:35:01.180 [FXGL Background Thread 3 ] DEBUG Engine               - isExperimentalTiledLargeMap: false
13:35:01.180 [FXGL Background Thread 3 ] DEBUG Engine               - isFileSystemWriteAllowed: true
13:35:01.180 [FXGL Background Thread 3 ] DEBUG Engine               - isFullScreenAllowed: false
13:35:01.180 [FXGL Background Thread 3 ] DEBUG Engine               - isFullScreenFromStart: false
13:35:01.180 [FXGL Background Thread 3 ] DEBUG Engine               - isGameMenuEnabled: true
13:35:01.180 [FXGL Background Thread 3 ] DEBUG Engine               - isIOS: false
13:35:01.180 [FXGL Background Thread 3 ] DEBUG Engine               - isIntroEnabled: false
13:35:01.180 [FXGL Background Thread 3 ] DEBUG Engine               - isLinux: false
13:35:01.180 [FXGL Background Thread 3 ] DEBUG Engine               - isMac: false
13:35:01.180 [FXGL Background Thread 3 ] DEBUG Engine               - isMainMenuEnabled: false
13:35:01.180 [FXGL Background Thread 3 ] DEBUG Engine               - isManualResizeEnabled: false
13:35:01.180 [FXGL Background Thread 3 ] DEBUG Engine               - isMobile: false
13:35:01.180 [FXGL Background Thread 3 ] DEBUG Engine               - isNative: false
13:35:01.181 [FXGL Background Thread 3 ] DEBUG Engine               - isPauseMusicWhenMinimized: true
13:35:01.181 [FXGL Background Thread 3 ] DEBUG Engine               - isPreserveResizeRatio: false
13:35:01.181 [FXGL Background Thread 3 ] DEBUG Engine               - isProfilingEnabled: false
13:35:01.181 [FXGL Background Thread 3 ] DEBUG Engine               - isScaleAffectedOnResize: true
13:35:01.181 [FXGL Background Thread 3 ] DEBUG Engine               - isSingleStep: false
13:35:01.181 [FXGL Background Thread 3 ] DEBUG Engine               - isUserProfileEnabled: false
13:35:01.181 [FXGL Background Thread 3 ] DEBUG Engine               - isWindows: true
13:35:01.181 [FXGL Background Thread 3 ] DEBUG Engine               - language: ObjectProperty [value: ENGLISH]
13:35:01.181 [FXGL Background Thread 3 ] DEBUG Engine               - menuKey: ESCAPE
13:35:01.181 [FXGL Background Thread 3 ] DEBUG Engine               - mouseSensitivity: 0.2
13:35:01.181 [FXGL Background Thread 3 ] DEBUG Engine               - notificationViewClass: class com.almasb.fxgl.notification.view.XboxNotificationView
13:35:01.181 [FXGL Background Thread 3 ] DEBUG Engine               - pixelsPerMeter: 50.0
13:35:01.182 [FXGL Background Thread 3 ] DEBUG Engine               - platform: WINDOWS
13:35:01.182 [FXGL Background Thread 3 ] DEBUG Engine               - prefHeightProperty: ReadOnlyDoubleProperty [value: 900.0]
13:35:01.182 [FXGL Background Thread 3 ] DEBUG Engine               - prefWidthProperty: ReadOnlyDoubleProperty [value: 1600.0]
13:35:01.182 [FXGL Background Thread 3 ] DEBUG Engine               - profileDir: profiles/
13:35:01.182 [FXGL Background Thread 3 ] DEBUG Engine               - profileName: StringProperty [value: DEFAULT]
13:35:01.182 [FXGL Background Thread 3 ] DEBUG Engine               - randomSeed: -1
13:35:01.182 [FXGL Background Thread 3 ] DEBUG Engine               - runtimeInfo: RuntimeInfo(platform=WINDOWS, version=17.1, build=24.03.2022 17.34)
13:35:01.182 [FXGL Background Thread 3 ] DEBUG Engine               - saveFileExt: sav
13:35:01.182 [FXGL Background Thread 3 ] DEBUG Engine               - scaledHeightProp$fxgl: DoubleProperty [bound, value: 900.0]
13:35:01.182 [FXGL Background Thread 3 ] DEBUG Engine               - scaledWidthProp$fxgl: DoubleProperty [bound, value: 1600.0]
13:35:01.183 [FXGL Background Thread 3 ] DEBUG Engine               - sceneFactory: com.jonathanc8.fxglgame.MainSceneFactory@751aad63
13:35:01.183 [FXGL Background Thread 3 ] DEBUG Engine               - secondsIn24h: 60
13:35:01.183 [FXGL Background Thread 3 ] DEBUG Engine               - soundMenuBack: menu/back.wav
13:35:01.183 [FXGL Background Thread 3 ] DEBUG Engine               - soundMenuPress: menu/press.wav
13:35:01.183 [FXGL Background Thread 3 ] DEBUG Engine               - soundMenuSelect: menu/select.wav
13:35:01.183 [FXGL Background Thread 3 ] DEBUG Engine               - soundNotification: core/notification.wav
13:35:01.183 [FXGL Background Thread 3 ] DEBUG Engine               - stageStyle: DECORATED
13:35:01.183 [FXGL Background Thread 3 ] DEBUG Engine               - supportedLanguages: [ENGLISH, FRENCH, GERMAN, HUNGARIAN, RUSSIAN]
13:35:01.183 [FXGL Background Thread 3 ] DEBUG Engine               - ticksPerSecond: -1
13:35:01.183 [FXGL Background Thread 3 ] DEBUG Engine               - title: A game without a name
13:35:01.183 [FXGL Background Thread 3 ] DEBUG Engine               - urlGithub: https://github.com/AlmasB/FXGL
13:35:01.183 [FXGL Background Thread 3 ] DEBUG Engine               - urlLeaderboard: http://fxgl-top.herokuapp.com/
13:35:01.183 [FXGL Background Thread 3 ] DEBUG Engine               - urlPOM: https://raw.githubusercontent.com/AlmasB/FXGL/release/README.md
13:35:01.184 [FXGL Background Thread 3 ] DEBUG Engine               - userAppClass: class com.jonathanc8.fxglgame.Game
13:35:01.184 [FXGL Background Thread 3 ] DEBUG Engine               - version: Early Development
13:35:01.184 [FXGL Background Thread 3 ] DEBUG Engine               - versionCheckDays: 7
13:35:01.184 [FXGL Background Thread 3 ] DEBUG Engine               - width: 1600
13:35:01.184 [FXGL Background Thread 3 ] DEBUG Engine               - Logging services
13:35:01.184 [FXGL Background Thread 3 ] DEBUG Engine               - class com.almasb.fxgl.app.services.FXGLAssetLoaderService
13:35:01.184 [FXGL Background Thread 3 ] DEBUG Engine               - class com.almasb.fxgl.app.FXGLApplication$GameApplicationService
13:35:01.184 [FXGL Background Thread 3 ] DEBUG Engine               - class com.almasb.fxgl.app.services.FXGLDialogService
13:35:01.184 [FXGL Background Thread 3 ] DEBUG Engine               - class com.almasb.fxgl.app.services.IOTaskExecutorService
13:35:01.184 [FXGL Background Thread 3 ] DEBUG Engine               - class com.almasb.fxgl.io.FileSystemService
13:35:01.184 [FXGL Background Thread 3 ] DEBUG Engine               - class com.almasb.fxgl.localization.LocalizationService
13:35:01.184 [FXGL Background Thread 3 ] DEBUG Engine               - class com.almasb.fxgl.app.services.SystemBundleService
13:35:01.184 [FXGL Background Thread 3 ] DEBUG Engine               - class com.almasb.fxgl.profile.SaveLoadService
13:35:01.184 [FXGL Background Thread 3 ] DEBUG Engine               - class com.almasb.fxgl.ui.FXGLUIFactoryServiceProvider
13:35:01.184 [FXGL Background Thread 3 ] DEBUG Engine               - class com.almasb.fxgl.ui.FXGLDialogFactoryServiceProvider
13:35:01.184 [FXGL Background Thread 3 ] DEBUG Engine               - class com.almasb.fxgl.audio.AudioPlayer
13:35:01.185 [FXGL Background Thread 3 ] DEBUG Engine               - class com.almasb.fxgl.notification.impl.NotificationServiceProvider
13:35:01.185 [FXGL Background Thread 3 ] DEBUG Engine               - class com.almasb.fxgl.achievement.AchievementService
13:35:01.185 [FXGL Background Thread 3 ] DEBUG Engine               - class com.almasb.fxgl.cutscene.CutsceneService
13:35:01.185 [FXGL Background Thread 3 ] DEBUG Engine               - class com.almasb.fxgl.minigames.MiniGameService
13:35:01.185 [FXGL Background Thread 3 ] DEBUG Engine               - class com.almasb.fxgl.net.NetService
13:35:01.185 [FXGL Background Thread 3 ] DEBUG Engine               - class com.almasb.fxgl.app.services.UpdaterService
13:35:01.185 [FXGL Background Thread 3 ] DEBUG Engine               - class com.almasb.fxgl.dev.DevService
13:35:04.835 [JavaFX Application Thread] DEBUG FXGLAssetLoaderServi - Loading from file system: file:/C:/Users/Jonat/OneDrive/Documents/Projects/Coding/Java/FXGLGame/build/resources/main/assets/textures/effect/explosion/huge~1.png
13:35:04.847 [JavaFX Application Thread] DEBUG FXGLAssetLoaderServi - Loading from file system: file:/C:/Users/Jonat/OneDrive/Documents/Projects/Coding/Java/FXGLGame/build/resources/main/assets/textures/effect/explosion/huge~2.png
13:35:04.850 [JavaFX Application Thread] DEBUG FXGLAssetLoaderServi - Loading from file system: file:/C:/Users/Jonat/OneDrive/Documents/Projects/Coding/Java/FXGLGame/build/resources/main/assets/textures/effect/explosion/huge~3.png
13:35:04.854 [JavaFX Application Thread] DEBUG FXGLAssetLoaderServi - Loading from file system: file:/C:/Users/Jonat/OneDrive/Documents/Projects/Coding/Java/FXGLGame/build/resources/main/assets/textures/effect/explosion/huge~4.png
13:35:04.856 [JavaFX Application Thread] DEBUG FXGLAssetLoaderServi - Loading from file system: file:/C:/Users/Jonat/OneDrive/Documents/Projects/Coding/Java/FXGLGame/build/resources/main/assets/textures/effect/explosion/huge~5.png
13:35:04.859 [JavaFX Application Thread] DEBUG FXGLAssetLoaderServi - Loading from file system: file:/C:/Users/Jonat/OneDrive/Documents/Projects/Coding/Java/FXGLGame/build/resources/main/assets/textures/effect/explosion/huge~6.png
13:35:04.861 [JavaFX Application Thread] DEBUG FXGLAssetLoaderServi - Loading from file system: file:/C:/Users/Jonat/OneDrive/Documents/Projects/Coding/Java/FXGLGame/build/resources/main/assets/textures/effect/explosion/huge~7.png
13:35:04.864 [JavaFX Application Thread] DEBUG FXGLAssetLoaderServi - Loading from file system: file:/C:/Users/Jonat/OneDrive/Documents/Projects/Coding/Java/FXGLGame/build/resources/main/assets/textures/effect/explosion/huge~8.png
13:35:04.868 [JavaFX Application Thread] DEBUG FXGLAssetLoaderServi - Loading from file system: file:/C:/Users/Jonat/OneDrive/Documents/Projects/Coding/Java/FXGLGame/build/resources/main/assets/textures/effect/explosion/huge~0.png
13:35:04.874 [JavaFX Application Thread] DEBUG FXGLAssetLoaderServi - Loading from file system: file:/C:/Users/Jonat/OneDrive/Documents/Projects/Coding/Java/FXGLGame/build/resources/main/assets/sounds/explosion%20huge.wav
13:35:05.219 [JavaFX Application Thread] DEBUG FXGLAssetLoaderServi - Loading from file system: file:/C:/Users/Jonat/OneDrive/Documents/Projects/Coding/Java/FXGLGame/build/resources/main/assets/textures/effect/explosion/small~1.png
13:35:05.220 [JavaFX Application Thread] DEBUG FXGLAssetLoaderServi - Loading from file system: file:/C:/Users/Jonat/OneDrive/Documents/Projects/Coding/Java/FXGLGame/build/resources/main/assets/textures/effect/explosion/small~2.png
13:35:05.221 [JavaFX Application Thread] DEBUG FXGLAssetLoaderServi - Loading from file system: file:/C:/Users/Jonat/OneDrive/Documents/Projects/Coding/Java/FXGLGame/build/resources/main/assets/textures/effect/explosion/small~3.png
13:35:05.222 [JavaFX Application Thread] DEBUG FXGLAssetLoaderServi - Loading from file system: file:/C:/Users/Jonat/OneDrive/Documents/Projects/Coding/Java/FXGLGame/build/resources/main/assets/textures/effect/explosion/small~4.png
13:35:05.222 [JavaFX Application Thread] DEBUG FXGLAssetLoaderServi - Loading from file system: file:/C:/Users/Jonat/OneDrive/Documents/Projects/Coding/Java/FXGLGame/build/resources/main/assets/textures/effect/explosion/small~5.png
13:35:05.223 [JavaFX Application Thread] DEBUG FXGLAssetLoaderServi - Loading from file system: file:/C:/Users/Jonat/OneDrive/Documents/Projects/Coding/Java/FXGLGame/build/resources/main/assets/textures/effect/explosion/small~6.png
13:35:05.225 [JavaFX Application Thread] DEBUG FXGLAssetLoaderServi - Loading from file system: file:/C:/Users/Jonat/OneDrive/Documents/Projects/Coding/Java/FXGLGame/build/resources/main/assets/sounds/explosion%20small.wav
13:35:06.917 [JavaFX Application Thread] DEBUG FXGLAssetLoaderServi - Loading from file system: file:/C:/Users/Jonat/OneDrive/Documents/Projects/Coding/Java/FXGLGame/build/resources/main/assets/sounds/explosion%20medium.wav
13:35:08.163 [JavaFX Application Thread] DEBUG FXGLAssetLoaderServi - Loading from file system: file:/C:/Users/Jonat/OneDrive/Documents/Projects/Coding/Java/FXGLGame/build/resources/main/assets/textures/effect/explosion/medium~1.png
13:35:08.164 [JavaFX Application Thread] DEBUG FXGLAssetLoaderServi - Loading from file system: file:/C:/Users/Jonat/OneDrive/Documents/Projects/Coding/Java/FXGLGame/build/resources/main/assets/textures/effect/explosion/medium~2.png
13:35:08.165 [JavaFX Application Thread] DEBUG FXGLAssetLoaderServi - Loading from file system: file:/C:/Users/Jonat/OneDrive/Documents/Projects/Coding/Java/FXGLGame/build/resources/main/assets/textures/effect/explosion/medium~3.png
13:35:08.166 [JavaFX Application Thread] DEBUG FXGLAssetLoaderServi - Loading from file system: file:/C:/Users/Jonat/OneDrive/Documents/Projects/Coding/Java/FXGLGame/build/resources/main/assets/textures/effect/explosion/medium~4.png
13:35:08.167 [JavaFX Application Thread] DEBUG FXGLAssetLoaderServi - Loading from file system: file:/C:/Users/Jonat/OneDrive/Documents/Projects/Coding/Java/FXGLGame/build/resources/main/assets/textures/effect/explosion/medium~5.png
13:35:08.168 [JavaFX Application Thread] DEBUG FXGLAssetLoaderServi - Loading from file system: file:/C:/Users/Jonat/OneDrive/Documents/Projects/Coding/Java/FXGLGame/build/resources/main/assets/textures/effect/explosion/medium~6.png
13:35:08.169 [JavaFX Application Thread] DEBUG FXGLAssetLoaderServi - Loading from file system: file:/C:/Users/Jonat/OneDrive/Documents/Projects/Coding/Java/FXGLGame/build/resources/main/assets/textures/effect/explosion/medium~7.png
13:35:08.172 [JavaFX Application Thread] DEBUG PrimaryStageWindow   - Push state: MainMenu
13:35:08.172 [JavaFX Application Thread] DEBUG Input                - Clearing active input actions
13:35:08.173 [JavaFX Application Thread] DEBUG GameApplicationServi - Removing overlay from GameScene and adding to MainMenu
13:35:08.173 [JavaFX Application Thread] DEBUG PrimaryStageWindow   - GameScene -> MainMenu
13:35:09.548 [JavaFX Application Thread] DEBUG FXGLApplication      - Exiting FXGL
13:35:09.548 [JavaFX Application Thread] DEBUG LoopRunner           - Stopping loop
13:35:09.549 [JavaFX Application Thread] DEBUG SystemBundleService  - Saving FXGL system data
13:35:09.550 [JavaFX Application Thread] DEBUG FileSystemAccess     - Writing to: C:\Users\Jonat\OneDrive\Documents\Projects\Coding\Java\FXGLGame\system\fxgl.bundle
13:35:09.552 [JavaFX Application Thread] DEBUG Async                - Shutting down background threads
13:35:09.552 [JavaFX Application Thread] DEBUG PrimaryStageWindow   - Closing main window
13:35:09.568 [JavaFX Application Thread] DEBUG Logger               - Closing Logger
