15:28:40.411 [main                     ] DEBUG Logger               - Configured Logger
15:28:40.429 [main                     ] DEBUG GameApplication      - Logging settings
Title: A game without a name
Version: Early Development
Width: 1600
Height: 900
Fullscreen: false
Intro: false
Profiling: false
Single step:false
App Mode: DEVELOPER
Menu Key: ESCAPE
Stage Style: DECORATED
Scene Factory: class com.jonathanc8.fxglgame.MainSceneFactory

15:28:41.002 [JavaFX Application Thread] DEBUG FXGLApplication      - Initializing FXGL
15:28:41.007 [JavaFX Application Thread] INFO  Engine               - FXGL-17.1 (24.03.2022 17.34) on WINDOWS (J:17.0.2 FX:17.0.2-ea)
15:28:41.007 [JavaFX Application Thread] DEBUG Engine               - JRE Vendor Name: Oracle Corporation
15:28:41.008 [JavaFX Application Thread] DEBUG Engine               - Running on OS: Windows 10 version 10.0
15:28:41.008 [JavaFX Application Thread] DEBUG Engine               - Architecture: amd64
15:28:41.008 [JavaFX Application Thread] INFO  Engine               - Source code and latest versions at: https://github.com/AlmasB/FXGL
15:28:41.008 [JavaFX Application Thread] INFO  Engine               -       Ask questions and discuss at: https://github.com/AlmasB/FXGL/discussions
15:28:41.008 [JavaFX Application Thread] INFO  Engine               -              Join the FXGL chat at: https://gitter.im/AlmasB/FXGL
15:28:41.069 [JavaFX Application Thread] DEBUG PrimaryStageWindow   - Creating a JavaFX scene
15:28:41.133 [JavaFX Application Thread] DEBUG PrimaryStageWindow   - Target settings size: 1600.0 x 900.0
15:28:41.133 [JavaFX Application Thread] DEBUG PrimaryStageWindow   - Scaled scene size:    1600.0 x 900.0
15:28:41.134 [JavaFX Application Thread] DEBUG PrimaryStageWindow   - Scaled ratio: (1.0, 1.0)
15:28:41.134 [JavaFX Application Thread] DEBUG PrimaryStageWindow   - Set initial scene to FXGLStartupScene
15:28:41.140 [JavaFX Application Thread] DEBUG PrimaryStageWindow   - Opening main window
15:28:41.240 [JavaFX Application Thread] DEBUG PrimaryStageWindow   - Window border size: (16.0, 39.0)
15:28:41.241 [JavaFX Application Thread] DEBUG PrimaryStageWindow   - Scaled size: 1600.0 x 900.0
15:28:41.241 [JavaFX Application Thread] DEBUG PrimaryStageWindow   - Scaled ratio: (1.0, 1.0)
15:28:41.241 [JavaFX Application Thread] DEBUG PrimaryStageWindow   - Scene size: 1600.0 x 900.0
15:28:41.241 [JavaFX Application Thread] DEBUG PrimaryStageWindow   - Stage size: 1616.0 x 939.0
15:28:41.248 [FXGL Background Thread 1 ] DEBUG Engine               - Initializing environment variables
15:28:41.277 [FXGL Background Thread 1 ] DEBUG FXGLAssetLoaderServi - User app class for loading assets: class com.jonathanc8.fxglgame.Game
15:28:41.277 [FXGL Background Thread 1 ] DEBUG GameApplicationServi - Applying CSS: fxgl_dark.css
15:28:41.278 [FXGL Background Thread 1 ] DEBUG FXGLAssetLoaderServi - Loading from file system: jar:file:///C:/Users/Jonat/.gradle/caches/modules-2/files-2.1/com.github.almasb/fxgl/17.1/2a9509aedf54954c9b13849c18c6f495a81c542d/fxgl-17.1.jar!/fxglassets/ui/css/fxgl_dark.css
15:28:41.322 [FXGL Background Thread 1 ] DEBUG GameApplicationServi - Initializing application scenes
15:28:41.361 [FXGL Background Thread 1 ] DEBUG GameWorld            - Game world initialized
15:28:41.410 [FXGL Background Thread 1 ] DEBUG PhysicsWorld         - Physics world initialized: appHeight=900, physics.ppm=50.0
15:28:41.410 [FXGL Background Thread 1 ] DEBUG PhysicsWorld         - Using strategy: BRUTE_FORCE
15:28:41.415 [FXGL Background Thread 1 ] DEBUG GameScene            - Game scene initialized: 1600x900
15:28:41.426 [FXGL Background Thread 1 ] DEBUG FXGL.DefaultMenu     - createMenuBodyMainMenu()
15:28:41.440 [FXGL Background Thread 1 ] DEBUG FXGL.DefaultMenu     - createOptionsMenu()
15:28:41.449 [FXGL Background Thread 1 ] DEBUG FXGLAssetLoaderServi - Loading from file system: jar:file:///C:/Users/Jonat/.gradle/caches/modules-2/files-2.1/com.github.almasb/fxgl/17.1/2a9509aedf54954c9b13849c18c6f495a81c542d/fxgl-17.1.jar!/fxglassets/textures/particles/smoke.png
15:28:41.549 [FXGL Background Thread 1 ] DEBUG FXGLAssetLoaderServi - Loading from file system: jar:file:///C:/Users/Jonat/.gradle/caches/modules-2/files-2.1/com.github.almasb/fxgl/17.1/2a9509aedf54954c9b13849c18c6f495a81c542d/fxgl-17.1.jar!/fxglassets/textures/particles/trace_horizontal.png
15:28:41.594 [FXGL Background Thread 1 ] DEBUG GameApplicationServi - Application scenes initialized
15:28:41.606 [FXGL Background Thread 1 ] DEBUG SystemBundleService  - Loading FXGL system data
15:28:41.614 [FXGL Background Thread 1 ] DEBUG FileSystemAccess     - Reading from: D:\Projects\Coding\Java\FXGLGame\system\fxgl.bundle
15:28:41.621 [FXGL Background Thread 1 ] DEBUG SystemBundleService  - Bundle FXGL: {}
15:28:41.621 [FXGL Background Thread 1 ] DEBUG UpdaterService       - Checking for updates
15:28:41.625 [FXGL Background Thread 4 ] DEBUG FXGLApplication      - Loading fonts
15:28:41.625 [FXGL Background Thread 1 ] DEBUG FXGLApplication      - Loading default localization
15:28:41.625 [FXGL Background Thread 4 ] DEBUG FXGLAssetLoaderServi - Loading from file system: jar:file:///C:/Users/Jonat/.gradle/caches/modules-2/files-2.1/com.github.almasb/fxgl/17.1/2a9509aedf54954c9b13849c18c6f495a81c542d/fxgl-17.1.jar!/fxglassets/ui/fonts/VarelaRound-Regular.ttf
15:28:41.626 [FXGL Background Thread 1 ] DEBUG FXGLAssetLoaderServi - Loading from file system: jar:file:///C:/Users/Jonat/.gradle/caches/modules-2/files-2.1/com.github.almasb/fxgl/17.1/2a9509aedf54954c9b13849c18c6f495a81c542d/fxgl-17.1.jar!/fxglassets/languages/english.lang
15:28:41.655 [FXGL Background Thread 1 ] INFO  FXGLApplication      - FXGL initialization took: 0.407 sec
15:28:41.668 [JavaFX Application Thread] DEBUG Input                - Registered new binding: Move Right - D
15:28:41.669 [JavaFX Application Thread] DEBUG Input                - Registered new binding: Move Left - A
15:28:41.669 [JavaFX Application Thread] DEBUG Input                - Registered new binding: Move Down - S
15:28:41.669 [JavaFX Application Thread] DEBUG Input                - Registered new binding: Move Up - W
15:28:41.670 [JavaFX Application Thread] DEBUG Input                - Registered new binding: action0 - Enter
15:28:41.671 [JavaFX Application Thread] DEBUG Input                - Registered new binding: action1 - Right
15:28:41.671 [JavaFX Application Thread] DEBUG Input                - Registered new binding: action2 - Left
15:28:41.672 [JavaFX Application Thread] DEBUG Input                - Registered new binding: action3 - Up
15:28:41.672 [JavaFX Application Thread] DEBUG Input                - Registered new binding: action4 - Down
15:28:41.673 [JavaFX Application Thread] DEBUG Input                - Registered new binding: action5 - Delete
15:28:41.673 [JavaFX Application Thread] DEBUG Input                - Registered new binding: Shoot - Space
15:28:41.673 [JavaFX Application Thread] DEBUG Input                - Registered new binding: action6 - E
15:28:41.674 [JavaFX Application Thread] DEBUG FXGLAssetLoaderServi - Loading from file system: jar:file:///C:/Users/Jonat/.gradle/caches/modules-2/files-2.1/com.github.almasb/fxgl/17.1/2a9509aedf54954c9b13849c18c6f495a81c542d/fxgl-17.1.jar!/fxglassets/textures/fxgl_icon.png
15:28:41.690 [JavaFX Application Thread] DEBUG FXGLAssetLoaderServi - Loading from file system: jar:file:///C:/Users/Jonat/.gradle/caches/modules-2/files-2.1/com.github.almasb/fxgl/17.1/2a9509aedf54954c9b13849c18c6f495a81c542d/fxgl-17.1.jar!/fxglassets/textures/fxgl_default_cursor.png
15:28:41.693 [JavaFX Application Thread] DEBUG Input                - Registered new binding: Screenshot - CTRL+8
15:28:41.693 [JavaFX Application Thread] DEBUG Input                - Registered new binding: System info dump - CTRL+9
15:28:41.694 [JavaFX Application Thread] DEBUG Input                - Registered new binding: Restart - CTRL+R
15:28:41.694 [JavaFX Application Thread] DEBUG Input                - Registered new binding: Toggle Debug Camera - CTRL+7
15:28:41.696 [JavaFX Application Thread] DEBUG LoopRunner           - Starting loop
15:28:41.696 [JavaFX Application Thread] DEBUG LoopRunner           - Initializing JavaFX AnimationTimerLoop
15:28:41.699 [JavaFX Application Thread] DEBUG Input                - Clearing active input actions
15:28:41.707 [JavaFX Application Thread] DEBUG GameApplicationServi - Removing overlay from FXGLStartupScene and adding to FXGLMainMenuDummyScene
15:28:41.707 [JavaFX Application Thread] DEBUG PrimaryStageWindow   - FXGLStartupScene -> FXGLMainMenuDummyScene
15:28:41.707 [JavaFX Application Thread] DEBUG PrimaryStageWindow   - Push state: FXGLDefaultMenu
15:28:41.712 [JavaFX Application Thread] DEBUG Input                - Clearing active input actions
15:28:41.727 [JavaFX Application Thread] DEBUG GameApplicationServi - Removing overlay from FXGLMainMenuDummyScene and adding to FXGLDefaultMenu
15:28:41.727 [JavaFX Application Thread] DEBUG PrimaryStageWindow   - FXGLMainMenuDummyScene -> FXGLDefaultMenu
15:28:41.764 [FXGL Background Thread 4 ] DEBUG FXGLAssetLoaderServi - Loading from file system: jar:file:///C:/Users/Jonat/.gradle/caches/modules-2/files-2.1/com.github.almasb/fxgl/17.1/2a9509aedf54954c9b13849c18c6f495a81c542d/fxgl-17.1.jar!/fxglassets/ui/fonts/Abel-Regular.ttf
15:28:41.773 [FXGL Background Thread 4 ] DEBUG FXGLAssetLoaderServi - Loading from file system: jar:file:///C:/Users/Jonat/.gradle/caches/modules-2/files-2.1/com.github.almasb/fxgl/17.1/2a9509aedf54954c9b13849c18c6f495a81c542d/fxgl-17.1.jar!/fxglassets/ui/fonts/TerminalLandMono-Regular.otf
15:28:41.783 [FXGL Background Thread 4 ] DEBUG FXGLAssetLoaderServi - Loading from file system: jar:file:///C:/Users/Jonat/.gradle/caches/modules-2/files-2.1/com.github.almasb/fxgl/17.1/2a9509aedf54954c9b13849c18c6f495a81c542d/fxgl-17.1.jar!/fxglassets/ui/fonts/Courier-Prime.ttf
15:28:41.830 [JavaFX Application Thread] DEBUG FXGLApplication      - Registering font factories with UI factory
15:28:42.274 [FXGL Background Thread 2 ] INFO  UpdaterService       - Your current version:  17.1
15:28:42.274 [FXGL Background Thread 2 ] INFO  UpdaterService       - Latest stable version: 17.2
15:28:44.624 [FXGL Background Thread 3 ] DEBUG Engine               - Logging environment variables
15:28:44.624 [FXGL Background Thread 3 ] DEBUG Engine               - achievements: []
15:28:44.624 [FXGL Background Thread 3 ] DEBUG Engine               - actualHeight: 900.0
15:28:44.624 [FXGL Background Thread 3 ] DEBUG Engine               - actualHeightProperty: ReadOnlyDoubleProperty [value: 900.0]
15:28:44.625 [FXGL Background Thread 3 ] DEBUG Engine               - actualWidth: 1600.0
15:28:44.625 [FXGL Background Thread 3 ] DEBUG Engine               - actualWidthProperty: ReadOnlyDoubleProperty [value: 1600.0]
15:28:44.625 [FXGL Background Thread 3 ] DEBUG Engine               - appIcon: fxgl_icon.png
15:28:44.625 [FXGL Background Thread 3 ] DEBUG Engine               - applicationMode: DEVELOPER
15:28:44.625 [FXGL Background Thread 3 ] DEBUG Engine               - cSSList: [fxgl_dark.css]
15:28:44.625 [FXGL Background Thread 3 ] DEBUG Engine               - collisionDetectionStrategy: BRUTE_FORCE
15:28:44.626 [FXGL Background Thread 3 ] DEBUG Engine               - configClass: Optional.empty
15:28:44.626 [FXGL Background Thread 3 ] DEBUG Engine               - credits: []
15:28:44.626 [FXGL Background Thread 3 ] DEBUG Engine               - defaultCursor: CursorInfo(imageName=fxgl_default_cursor.png, hotspotX=7.0, hotspotY=6.0)
15:28:44.626 [FXGL Background Thread 3 ] DEBUG Engine               - devBBoxColorProperty: ObjectProperty [value: 0xff0000ff]
15:28:44.626 [FXGL Background Thread 3 ] DEBUG Engine               - devEnableDebugCameraProperty: BooleanProperty [value: false]
15:28:44.627 [FXGL Background Thread 3 ] DEBUG Engine               - devSensorColorProperty: ObjectProperty [value: 0xffff00ff]
15:28:44.627 [FXGL Background Thread 3 ] DEBUG Engine               - devShowBBoxProperty: BooleanProperty [value: false]
15:28:44.627 [FXGL Background Thread 3 ] DEBUG Engine               - devShowPositionProperty: BooleanProperty [value: false]
15:28:44.627 [FXGL Background Thread 3 ] DEBUG Engine               - enabledMenuItems: []
15:28:44.627 [FXGL Background Thread 3 ] DEBUG Engine               - engineServices: [class com.almasb.fxgl.app.services.FXGLAssetLoaderService, class com.almasb.fxgl.app.FXGLApplication$GameApplicationService, class com.almasb.fxgl.app.services.FXGLDialogService, class com.almasb.fxgl.app.services.IOTaskExecutorService, class com.almasb.fxgl.io.FileSystemService, class com.almasb.fxgl.localization.LocalizationService, class com.almasb.fxgl.app.services.SystemBundleService, class com.almasb.fxgl.profile.SaveLoadService, class com.almasb.fxgl.ui.FXGLUIFactoryServiceProvider, class com.almasb.fxgl.ui.FXGLDialogFactoryServiceProvider, class com.almasb.fxgl.audio.AudioPlayer, class com.almasb.fxgl.notification.impl.NotificationServiceProvider, class com.almasb.fxgl.achievement.AchievementService, class com.almasb.fxgl.cutscene.CutsceneService, class com.almasb.fxgl.minigames.MiniGameService, class com.almasb.fxgl.net.NetService, class com.almasb.fxgl.app.services.UpdaterService, class com.almasb.fxgl.dev.DevService]
15:28:44.627 [FXGL Background Thread 3 ] DEBUG Engine               - fontGame: Abel-Regular.ttf
15:28:44.627 [FXGL Background Thread 3 ] DEBUG Engine               - fontMono: TerminalLandMono-Regular.otf
15:28:44.627 [FXGL Background Thread 3 ] DEBUG Engine               - fontText: Courier-Prime.ttf
15:28:44.627 [FXGL Background Thread 3 ] DEBUG Engine               - fontUI: VarelaRound-Regular.ttf
15:28:44.627 [FXGL Background Thread 3 ] DEBUG Engine               - fullScreen: BooleanProperty [value: false]
15:28:44.628 [FXGL Background Thread 3 ] DEBUG Engine               - gameDifficulty: MEDIUM
15:28:44.628 [FXGL Background Thread 3 ] DEBUG Engine               - gameDifficultyProperty: ObjectProperty [value: MEDIUM]
15:28:44.628 [FXGL Background Thread 3 ] DEBUG Engine               - globalMusicVolume: 0.5
15:28:44.628 [FXGL Background Thread 3 ] DEBUG Engine               - globalMusicVolumeProperty: DoubleProperty [value: 0.5]
15:28:44.628 [FXGL Background Thread 3 ] DEBUG Engine               - globalSoundVolume: 0.5
15:28:44.628 [FXGL Background Thread 3 ] DEBUG Engine               - globalSoundVolumeProperty: DoubleProperty [value: 0.5]
15:28:44.628 [FXGL Background Thread 3 ] DEBUG Engine               - height: 900
15:28:44.628 [FXGL Background Thread 3 ] DEBUG Engine               - is3D: false
15:28:44.628 [FXGL Background Thread 3 ] DEBUG Engine               - isAndroid: false
15:28:44.628 [FXGL Background Thread 3 ] DEBUG Engine               - isBrowser: false
15:28:44.629 [FXGL Background Thread 3 ] DEBUG Engine               - isClickFeedbackEnabled: false
15:28:44.629 [FXGL Background Thread 3 ] DEBUG Engine               - isCloseConfirmation: false
15:28:44.629 [FXGL Background Thread 3 ] DEBUG Engine               - isDesktop: true
15:28:44.629 [FXGL Background Thread 3 ] DEBUG Engine               - isDeveloperMenuEnabled: false
15:28:44.629 [FXGL Background Thread 3 ] DEBUG Engine               - isEmbedded: false
15:28:44.629 [FXGL Background Thread 3 ] DEBUG Engine               - isEntityPreloadEnabled: true
15:28:44.629 [FXGL Background Thread 3 ] DEBUG Engine               - isExperimentalTiledLargeMap: false
15:28:44.629 [FXGL Background Thread 3 ] DEBUG Engine               - isFileSystemWriteAllowed: true
15:28:44.629 [FXGL Background Thread 3 ] DEBUG Engine               - isFullScreenAllowed: false
15:28:44.629 [FXGL Background Thread 3 ] DEBUG Engine               - isFullScreenFromStart: false
15:28:44.629 [FXGL Background Thread 3 ] DEBUG Engine               - isGameMenuEnabled: true
15:28:44.629 [FXGL Background Thread 3 ] DEBUG Engine               - isIOS: false
15:28:44.629 [FXGL Background Thread 3 ] DEBUG Engine               - isIntroEnabled: false
15:28:44.629 [FXGL Background Thread 3 ] DEBUG Engine               - isLinux: false
15:28:44.629 [FXGL Background Thread 3 ] DEBUG Engine               - isMac: false
15:28:44.630 [FXGL Background Thread 3 ] DEBUG Engine               - isMainMenuEnabled: true
15:28:44.630 [FXGL Background Thread 3 ] DEBUG Engine               - isManualResizeEnabled: true
15:28:44.630 [FXGL Background Thread 3 ] DEBUG Engine               - isMobile: false
15:28:44.630 [FXGL Background Thread 3 ] DEBUG Engine               - isNative: false
15:28:44.630 [FXGL Background Thread 3 ] DEBUG Engine               - isPauseMusicWhenMinimized: true
15:28:44.630 [FXGL Background Thread 3 ] DEBUG Engine               - isPreserveResizeRatio: false
15:28:44.630 [FXGL Background Thread 3 ] DEBUG Engine               - isProfilingEnabled: false
15:28:44.630 [FXGL Background Thread 3 ] DEBUG Engine               - isScaleAffectedOnResize: true
15:28:44.630 [FXGL Background Thread 3 ] DEBUG Engine               - isSingleStep: false
15:28:44.630 [FXGL Background Thread 3 ] DEBUG Engine               - isUserProfileEnabled: false
15:28:44.630 [FXGL Background Thread 3 ] DEBUG Engine               - isWindows: true
15:28:44.630 [FXGL Background Thread 3 ] DEBUG Engine               - language: ObjectProperty [value: ENGLISH]
15:28:44.631 [FXGL Background Thread 3 ] DEBUG Engine               - menuKey: ESCAPE
15:28:44.631 [FXGL Background Thread 3 ] DEBUG Engine               - mouseSensitivity: 0.2
15:28:44.631 [FXGL Background Thread 3 ] DEBUG Engine               - notificationViewClass: class com.almasb.fxgl.notification.view.XboxNotificationView
15:28:44.631 [FXGL Background Thread 3 ] DEBUG Engine               - pixelsPerMeter: 50.0
15:28:44.631 [FXGL Background Thread 3 ] DEBUG Engine               - platform: WINDOWS
15:28:44.631 [FXGL Background Thread 3 ] DEBUG Engine               - prefHeightProperty: ReadOnlyDoubleProperty [value: 900.0]
15:28:44.631 [FXGL Background Thread 3 ] DEBUG Engine               - prefWidthProperty: ReadOnlyDoubleProperty [value: 1600.0]
15:28:44.631 [FXGL Background Thread 3 ] DEBUG Engine               - profileDir: profiles/
15:28:44.631 [FXGL Background Thread 3 ] DEBUG Engine               - profileName: StringProperty [value: DEFAULT]
15:28:44.631 [FXGL Background Thread 3 ] DEBUG Engine               - randomSeed: -1
15:28:44.632 [FXGL Background Thread 3 ] DEBUG Engine               - runtimeInfo: RuntimeInfo(platform=WINDOWS, version=17.1, build=24.03.2022 17.34)
15:28:44.632 [FXGL Background Thread 3 ] DEBUG Engine               - saveFileExt: sav
15:28:44.632 [FXGL Background Thread 3 ] DEBUG Engine               - scaledHeightProp$fxgl: DoubleProperty [bound, value: 900.0]
15:28:44.632 [FXGL Background Thread 3 ] DEBUG Engine               - scaledWidthProp$fxgl: DoubleProperty [bound, value: 1600.0]
15:28:44.632 [FXGL Background Thread 3 ] DEBUG Engine               - sceneFactory: com.jonathanc8.fxglgame.MainSceneFactory@48885280
15:28:44.632 [FXGL Background Thread 3 ] DEBUG Engine               - secondsIn24h: 60
15:28:44.632 [FXGL Background Thread 3 ] DEBUG Engine               - soundMenuBack: menu/back.wav
15:28:44.632 [FXGL Background Thread 3 ] DEBUG Engine               - soundMenuPress: menu/press.wav
15:28:44.632 [FXGL Background Thread 3 ] DEBUG Engine               - soundMenuSelect: menu/select.wav
15:28:44.632 [FXGL Background Thread 3 ] DEBUG Engine               - soundNotification: core/notification.wav
15:28:44.632 [FXGL Background Thread 3 ] DEBUG Engine               - stageStyle: DECORATED
15:28:44.632 [FXGL Background Thread 3 ] DEBUG Engine               - supportedLanguages: [ENGLISH, FRENCH, GERMAN, HUNGARIAN, RUSSIAN]
15:28:44.632 [FXGL Background Thread 3 ] DEBUG Engine               - ticksPerSecond: -1
15:28:44.633 [FXGL Background Thread 3 ] DEBUG Engine               - title: A game without a name
15:28:44.633 [FXGL Background Thread 3 ] DEBUG Engine               - urlGithub: https://github.com/AlmasB/FXGL
15:28:44.633 [FXGL Background Thread 3 ] DEBUG Engine               - urlLeaderboard: http://fxgl-top.herokuapp.com/
15:28:44.633 [FXGL Background Thread 3 ] DEBUG Engine               - urlPOM: https://raw.githubusercontent.com/AlmasB/FXGL/release/README.md
15:28:44.633 [FXGL Background Thread 3 ] DEBUG Engine               - userAppClass: class com.jonathanc8.fxglgame.Game
15:28:44.633 [FXGL Background Thread 3 ] DEBUG Engine               - version: Early Development
15:28:44.633 [FXGL Background Thread 3 ] DEBUG Engine               - versionCheckDays: 7
15:28:44.633 [FXGL Background Thread 3 ] DEBUG Engine               - width: 1600
15:28:44.633 [FXGL Background Thread 3 ] DEBUG Engine               - Logging services
15:28:44.633 [FXGL Background Thread 3 ] DEBUG Engine               - class com.almasb.fxgl.app.services.FXGLAssetLoaderService
15:28:44.633 [FXGL Background Thread 3 ] DEBUG Engine               - class com.almasb.fxgl.app.FXGLApplication$GameApplicationService
15:28:44.633 [FXGL Background Thread 3 ] DEBUG Engine               - class com.almasb.fxgl.app.services.FXGLDialogService
15:28:44.633 [FXGL Background Thread 3 ] DEBUG Engine               - class com.almasb.fxgl.app.services.IOTaskExecutorService
15:28:44.634 [FXGL Background Thread 3 ] DEBUG Engine               - class com.almasb.fxgl.io.FileSystemService
15:28:44.634 [FXGL Background Thread 3 ] DEBUG Engine               - class com.almasb.fxgl.localization.LocalizationService
15:28:44.634 [FXGL Background Thread 3 ] DEBUG Engine               - class com.almasb.fxgl.app.services.SystemBundleService
15:28:44.634 [FXGL Background Thread 3 ] DEBUG Engine               - class com.almasb.fxgl.profile.SaveLoadService
15:28:44.634 [FXGL Background Thread 3 ] DEBUG Engine               - class com.almasb.fxgl.ui.FXGLUIFactoryServiceProvider
15:28:44.634 [FXGL Background Thread 3 ] DEBUG Engine               - class com.almasb.fxgl.ui.FXGLDialogFactoryServiceProvider
15:28:44.634 [FXGL Background Thread 3 ] DEBUG Engine               - class com.almasb.fxgl.audio.AudioPlayer
15:28:44.634 [FXGL Background Thread 3 ] DEBUG Engine               - class com.almasb.fxgl.notification.impl.NotificationServiceProvider
15:28:44.634 [FXGL Background Thread 3 ] DEBUG Engine               - class com.almasb.fxgl.achievement.AchievementService
15:28:44.634 [FXGL Background Thread 3 ] DEBUG Engine               - class com.almasb.fxgl.cutscene.CutsceneService
15:28:44.634 [FXGL Background Thread 3 ] DEBUG Engine               - class com.almasb.fxgl.minigames.MiniGameService
15:28:44.634 [FXGL Background Thread 3 ] DEBUG Engine               - class com.almasb.fxgl.net.NetService
15:28:44.634 [FXGL Background Thread 3 ] DEBUG Engine               - class com.almasb.fxgl.app.services.UpdaterService
15:28:44.634 [FXGL Background Thread 3 ] DEBUG Engine               - class com.almasb.fxgl.dev.DevService
15:28:45.224 [JavaFX Application Thread] DEBUG FXGLApplication      - Exiting FXGL
15:28:45.224 [JavaFX Application Thread] DEBUG LoopRunner           - Stopping loop
15:28:45.224 [JavaFX Application Thread] DEBUG SystemBundleService  - Saving FXGL system data
15:28:45.226 [JavaFX Application Thread] DEBUG FileSystemAccess     - Writing to: D:\Projects\Coding\Java\FXGLGame\system\fxgl.bundle
15:28:45.228 [JavaFX Application Thread] DEBUG Async                - Shutting down background threads
15:28:45.228 [JavaFX Application Thread] DEBUG PrimaryStageWindow   - Closing main window
15:28:45.243 [JavaFX Application Thread] DEBUG Logger               - Closing Logger
