00:45:27.207 [main                     ] DEBUG Logger               - Configured Logger
00:45:27.237 [main                     ] DEBUG GameApplication      - Logging settings
Title: Some Shmup game
Version: 0.01
Width: 600
Height: 600
Fullscreen: false
Intro: false
Profiling: false
Single step:false
App Mode: DEVELOPER
Menu Key: ESCAPE
Stage Style: DECORATED
Scene Factory: class com.almasb.fxgl.app.scene.SceneFactory

00:45:28.228 [JavaFX Application Thread] DEBUG FXGLApplication      - Initializing FXGL
00:45:28.233 [JavaFX Application Thread] INFO  Engine               - FXGL-17.1 (24.03.2022 17.34) on WINDOWS (J:17.0.2 FX:17.0.2-ea)
00:45:28.234 [JavaFX Application Thread] DEBUG Engine               - JRE Vendor Name: Oracle Corporation
00:45:28.234 [JavaFX Application Thread] DEBUG Engine               - Running on OS: Windows 10 version 10.0
00:45:28.234 [JavaFX Application Thread] DEBUG Engine               - Architecture: amd64
00:45:28.234 [JavaFX Application Thread] INFO  Engine               - Source code and latest versions at: https://github.com/AlmasB/FXGL
00:45:28.234 [JavaFX Application Thread] INFO  Engine               -       Ask questions and discuss at: https://github.com/AlmasB/FXGL/discussions
00:45:28.234 [JavaFX Application Thread] INFO  Engine               -              Join the FXGL chat at: https://gitter.im/AlmasB/FXGL
00:45:28.312 [JavaFX Application Thread] DEBUG PrimaryStageWindow   - Creating a JavaFX scene
00:45:28.353 [JavaFX Application Thread] DEBUG PrimaryStageWindow   - Target settings size: 600.0 x 600.0
00:45:28.353 [JavaFX Application Thread] DEBUG PrimaryStageWindow   - Scaled scene size:    600.0 x 600.0
00:45:28.353 [JavaFX Application Thread] DEBUG PrimaryStageWindow   - Scaled ratio: (1.0, 1.0)
00:45:28.354 [JavaFX Application Thread] DEBUG PrimaryStageWindow   - Set initial scene to FXGLStartupScene
00:45:28.360 [JavaFX Application Thread] DEBUG PrimaryStageWindow   - Opening main window
00:45:28.435 [JavaFX Application Thread] DEBUG PrimaryStageWindow   - Window border size: (16.0, 39.0)
00:45:28.435 [JavaFX Application Thread] DEBUG PrimaryStageWindow   - Scaled size: 600.0 x 600.0
00:45:28.435 [JavaFX Application Thread] DEBUG PrimaryStageWindow   - Scaled ratio: (1.0, 1.0)
00:45:28.436 [JavaFX Application Thread] DEBUG PrimaryStageWindow   - Scene size: 600.0 x 600.0
00:45:28.436 [JavaFX Application Thread] DEBUG PrimaryStageWindow   - Stage size: 616.0 x 639.0
00:45:28.442 [FXGL Background Thread 1 ] DEBUG Engine               - Initializing environment variables
00:45:28.476 [FXGL Background Thread 1 ] DEBUG FXGLAssetLoaderServi - User app class for loading assets: class com.jonathanc8.fxglgame.Game
00:45:28.476 [FXGL Background Thread 1 ] DEBUG GameApplicationServi - Applying CSS: fxgl_dark.css
00:45:28.477 [FXGL Background Thread 1 ] DEBUG FXGLAssetLoaderServi - Loading from file system: jar:file:///C:/Users/Jonat/.gradle/caches/modules-2/files-2.1/com.github.almasb/fxgl/17.1/2a9509aedf54954c9b13849c18c6f495a81c542d/fxgl-17.1.jar!/fxglassets/ui/css/fxgl_dark.css
00:45:28.523 [FXGL Background Thread 1 ] DEBUG GameApplicationServi - Initializing application scenes
00:45:28.571 [FXGL Background Thread 1 ] DEBUG GameWorld            - Game world initialized
00:45:28.631 [FXGL Background Thread 1 ] DEBUG PhysicsWorld         - Physics world initialized: appHeight=600, physics.ppm=50.0
00:45:28.631 [FXGL Background Thread 1 ] DEBUG PhysicsWorld         - Using strategy: BRUTE_FORCE
00:45:28.635 [FXGL Background Thread 1 ] DEBUG GameScene            - Game scene initialized: 600x600
00:45:28.648 [FXGL Background Thread 1 ] WARN  FXGL.DefaultMenu     - FXGLDefaultMenu is not designed for resolutions < 800x600
00:45:28.648 [FXGL Background Thread 1 ] DEBUG FXGL.DefaultMenu     - createMenuBodyGameMenu()
00:45:28.664 [FXGL Background Thread 1 ] DEBUG FXGL.DefaultMenu     - createOptionsMenu()
00:45:28.675 [FXGL Background Thread 1 ] DEBUG FXGLAssetLoaderServi - Loading from file system: jar:file:///C:/Users/Jonat/.gradle/caches/modules-2/files-2.1/com.github.almasb/fxgl/17.1/2a9509aedf54954c9b13849c18c6f495a81c542d/fxgl-17.1.jar!/fxglassets/textures/particles/smoke.png
00:45:28.771 [FXGL Background Thread 1 ] DEBUG FXGLAssetLoaderServi - Loading from file system: jar:file:///C:/Users/Jonat/.gradle/caches/modules-2/files-2.1/com.github.almasb/fxgl/17.1/2a9509aedf54954c9b13849c18c6f495a81c542d/fxgl-17.1.jar!/fxglassets/textures/particles/trace_horizontal.png
00:45:28.801 [FXGL Background Thread 1 ] DEBUG GameApplicationServi - Application scenes initialized
00:45:28.813 [FXGL Background Thread 1 ] DEBUG SystemBundleService  - Loading FXGL system data
00:45:28.817 [FXGL Background Thread 1 ] DEBUG FileSystemAccess     - Reading from: C:\Users\Jonat\OneDrive\Documents\Projects\Coding\Java\FXGLGame\system\fxgl.bundle
00:45:28.824 [FXGL Background Thread 1 ] DEBUG SystemBundleService  - Bundle FXGL: {}
00:45:28.824 [FXGL Background Thread 1 ] DEBUG UpdaterService       - Checking for updates
00:45:28.827 [FXGL Background Thread 4 ] DEBUG FXGLApplication      - Loading fonts
00:45:28.828 [FXGL Background Thread 4 ] DEBUG FXGLAssetLoaderServi - Loading from file system: jar:file:///C:/Users/Jonat/.gradle/caches/modules-2/files-2.1/com.github.almasb/fxgl/17.1/2a9509aedf54954c9b13849c18c6f495a81c542d/fxgl-17.1.jar!/fxglassets/ui/fonts/VarelaRound-Regular.ttf
00:45:28.828 [FXGL Background Thread 1 ] DEBUG FXGLApplication      - Loading default localization
00:45:28.828 [FXGL Background Thread 1 ] DEBUG FXGLAssetLoaderServi - Loading from file system: jar:file:///C:/Users/Jonat/.gradle/caches/modules-2/files-2.1/com.github.almasb/fxgl/17.1/2a9509aedf54954c9b13849c18c6f495a81c542d/fxgl-17.1.jar!/fxglassets/languages/english.lang
00:45:28.846 [FXGL Background Thread 1 ] INFO  FXGLApplication      - FXGL initialization took: 0.403 sec
00:45:28.859 [JavaFX Application Thread] DEBUG Input                - Registered new binding: Move Right - D
00:45:28.859 [JavaFX Application Thread] DEBUG Input                - Registered new binding: Move Left - A
00:45:28.860 [JavaFX Application Thread] DEBUG Input                - Registered new binding: Move Down - S
00:45:28.860 [JavaFX Application Thread] DEBUG Input                - Registered new binding: Move Up - W
00:45:28.861 [JavaFX Application Thread] DEBUG Input                - Registered new binding: Respawn - Enter
00:45:28.863 [JavaFX Application Thread] DEBUG Input                - Registered new binding: action0 - Space
00:45:28.866 [JavaFX Application Thread] DEBUG Input                - Registered new binding: action1 - Up
00:45:28.868 [JavaFX Application Thread] DEBUG Input                - Registered new binding: action2 - Down
00:45:28.869 [JavaFX Application Thread] DEBUG Input                - Registered new binding: action3 - E
00:45:28.869 [JavaFX Application Thread] DEBUG FXGLAssetLoaderServi - Loading from file system: jar:file:///C:/Users/Jonat/.gradle/caches/modules-2/files-2.1/com.github.almasb/fxgl/17.1/2a9509aedf54954c9b13849c18c6f495a81c542d/fxgl-17.1.jar!/fxglassets/textures/fxgl_icon.png
00:45:28.891 [JavaFX Application Thread] DEBUG FXGLAssetLoaderServi - Loading from file system: jar:file:///C:/Users/Jonat/.gradle/caches/modules-2/files-2.1/com.github.almasb/fxgl/17.1/2a9509aedf54954c9b13849c18c6f495a81c542d/fxgl-17.1.jar!/fxglassets/textures/fxgl_default_cursor.png
00:45:28.893 [JavaFX Application Thread] DEBUG Input                - Registered new binding: Screenshot - CTRL+8
00:45:28.894 [JavaFX Application Thread] DEBUG Input                - Registered new binding: System info dump - CTRL+9
00:45:28.894 [JavaFX Application Thread] DEBUG Input                - Registered new binding: Restart - CTRL+R
00:45:28.895 [JavaFX Application Thread] DEBUG Input                - Registered new binding: Toggle Debug Camera - CTRL+7
00:45:28.898 [JavaFX Application Thread] DEBUG LoopRunner           - Starting loop
00:45:28.898 [JavaFX Application Thread] DEBUG LoopRunner           - Initializing JavaFX AnimationTimerLoop
00:45:28.900 [JavaFX Application Thread] DEBUG GameApplicationServi - Starting new game
00:45:28.900 [JavaFX Application Thread] DEBUG Input                - Clearing active input actions
00:45:28.917 [JavaFX Application Thread] DEBUG GameApplicationServi - Removing overlay from FXGLStartupScene and adding to FXGLLoadingScene
00:45:28.917 [JavaFX Application Thread] DEBUG PrimaryStageWindow   - FXGLStartupScene -> FXGLLoadingScene
00:45:28.917 [JavaFX Application Thread] DEBUG GameApplicationServi - Clearing previous game
00:45:28.918 [JavaFX Application Thread] DEBUG GameScene            - Clearing game scene
00:45:28.918 [JavaFX Application Thread] DEBUG GameWorld            - Clearing game world
00:45:28.918 [JavaFX Application Thread] DEBUG PhysicsWorld         - Clearing physics world
00:45:28.921 [FXGL Background Thread 1 ] DEBUG FXGLApplication      - Initializing game
00:45:28.939 [FXGL Background Thread 1 ] DEBUG FXGLAssetLoaderServi - Loading from file system: jar:file:///C:/Users/Jonat/OneDrive/Documents/Projects/Coding/Java/FXGLGame/build/libs/FXGLGame-1.0-SNAPSHOT.jar!/assets/textures/Untitled.png
00:45:29.028 [FXGL Background Thread 1 ] INFO  FXGLApplication      - Game initialization took: 0.107 sec
00:45:29.100 [JavaFX Application Thread] DEBUG Input                - Clearing active input actions
00:45:29.123 [JavaFX Application Thread] DEBUG GameApplicationServi - Removing overlay from FXGLLoadingScene and adding to GameScene
00:45:29.124 [FXGL Background Thread 4 ] DEBUG FXGLAssetLoaderServi - Loading from file system: jar:file:///C:/Users/Jonat/.gradle/caches/modules-2/files-2.1/com.github.almasb/fxgl/17.1/2a9509aedf54954c9b13849c18c6f495a81c542d/fxgl-17.1.jar!/fxglassets/ui/fonts/Abel-Regular.ttf
00:45:29.124 [JavaFX Application Thread] DEBUG PrimaryStageWindow   - FXGLLoadingScene -> GameScene
00:45:29.146 [FXGL Background Thread 4 ] DEBUG FXGLAssetLoaderServi - Loading from file system: jar:file:///C:/Users/Jonat/.gradle/caches/modules-2/files-2.1/com.github.almasb/fxgl/17.1/2a9509aedf54954c9b13849c18c6f495a81c542d/fxgl-17.1.jar!/fxglassets/ui/fonts/TerminalLandMono-Regular.otf
00:45:29.164 [FXGL Background Thread 4 ] DEBUG FXGLAssetLoaderServi - Loading from file system: jar:file:///C:/Users/Jonat/.gradle/caches/modules-2/files-2.1/com.github.almasb/fxgl/17.1/2a9509aedf54954c9b13849c18c6f495a81c542d/fxgl-17.1.jar!/fxglassets/ui/fonts/Courier-Prime.ttf
00:45:29.183 [JavaFX Application Thread] DEBUG FXGLApplication      - Registering font factories with UI factory
00:45:29.393 [FXGL Background Thread 2 ] INFO  UpdaterService       - Your current version:  17.1
00:45:29.393 [FXGL Background Thread 2 ] INFO  UpdaterService       - Latest stable version: 17.2
00:45:30.669 [JavaFX Application Thread] DEBUG FXGLApplication      - Exiting FXGL
00:45:30.669 [JavaFX Application Thread] DEBUG LoopRunner           - Stopping loop
00:45:30.669 [JavaFX Application Thread] DEBUG SystemBundleService  - Saving FXGL system data
00:45:30.671 [JavaFX Application Thread] DEBUG FileSystemAccess     - Writing to: C:\Users\Jonat\OneDrive\Documents\Projects\Coding\Java\FXGLGame\system\fxgl.bundle
00:45:30.673 [JavaFX Application Thread] DEBUG Async                - Shutting down background threads
00:45:30.673 [JavaFX Application Thread] DEBUG PrimaryStageWindow   - Closing main window
00:45:30.683 [JavaFX Application Thread] DEBUG Logger               - Closing Logger
