21:54:20.800 [main                     ] DEBUG Logger               - Configured Logger
21:54:20.829 [main                     ] DEBUG GameApplication      - Logging settings
Title: Some Shmup game
Version: 0.01
Width: 600
Height: 600
Fullscreen: false
Intro: false
Profiling: false
Single step:false
App Mode: DEVELOPER
Menu Key: ESCAPE
Stage Style: DECORATED
Scene Factory: class com.almasb.fxgl.app.scene.SceneFactory

21:54:21.662 [JavaFX Application Thread] DEBUG FXGLApplication      - Initializing FXGL
21:54:21.667 [JavaFX Application Thread] INFO  Engine               - FXGL-17.1 (24.03.2022 17.34) on WINDOWS (J:17.0.2 FX:17.0.2-ea)
21:54:21.668 [JavaFX Application Thread] DEBUG Engine               - JRE Vendor Name: Oracle Corporation
21:54:21.668 [JavaFX Application Thread] DEBUG Engine               - Running on OS: Windows 10 version 10.0
21:54:21.668 [JavaFX Application Thread] DEBUG Engine               - Architecture: amd64
21:54:21.668 [JavaFX Application Thread] INFO  Engine               - Source code and latest versions at: https://github.com/AlmasB/FXGL
21:54:21.668 [JavaFX Application Thread] INFO  Engine               -       Ask questions and discuss at: https://github.com/AlmasB/FXGL/discussions
21:54:21.668 [JavaFX Application Thread] INFO  Engine               -              Join the FXGL chat at: https://gitter.im/AlmasB/FXGL
21:54:21.745 [JavaFX Application Thread] DEBUG PrimaryStageWindow   - Creating a JavaFX scene
21:54:21.784 [JavaFX Application Thread] DEBUG PrimaryStageWindow   - Target settings size: 600.0 x 600.0
21:54:21.784 [JavaFX Application Thread] DEBUG PrimaryStageWindow   - Scaled scene size:    600.0 x 600.0
21:54:21.785 [JavaFX Application Thread] DEBUG PrimaryStageWindow   - Scaled ratio: (1.0, 1.0)
21:54:21.786 [JavaFX Application Thread] DEBUG PrimaryStageWindow   - Set initial scene to FXGLStartupScene
21:54:21.791 [JavaFX Application Thread] DEBUG PrimaryStageWindow   - Opening main window
21:54:21.880 [JavaFX Application Thread] DEBUG PrimaryStageWindow   - Window border size: (16.0, 39.0)
21:54:21.880 [JavaFX Application Thread] DEBUG PrimaryStageWindow   - Scaled size: 600.0 x 600.0
21:54:21.880 [JavaFX Application Thread] DEBUG PrimaryStageWindow   - Scaled ratio: (1.0, 1.0)
21:54:21.880 [JavaFX Application Thread] DEBUG PrimaryStageWindow   - Scene size: 600.0 x 600.0
21:54:21.881 [JavaFX Application Thread] DEBUG PrimaryStageWindow   - Stage size: 616.0 x 639.0
21:54:21.886 [FXGL Background Thread 1 ] DEBUG Engine               - Initializing environment variables
21:54:21.920 [FXGL Background Thread 1 ] DEBUG FXGLAssetLoaderServi - User app class for loading assets: class com.jonathanc8.fxglgame.Game
21:54:21.920 [FXGL Background Thread 1 ] DEBUG GameApplicationServi - Applying CSS: fxgl_dark.css
21:54:21.921 [FXGL Background Thread 1 ] DEBUG FXGLAssetLoaderServi - Loading from file system: jar:file:///C:/Users/Jonat/.gradle/caches/modules-2/files-2.1/com.github.almasb/fxgl/17.1/2a9509aedf54954c9b13849c18c6f495a81c542d/fxgl-17.1.jar!/fxglassets/ui/css/fxgl_dark.css
21:54:21.961 [FXGL Background Thread 1 ] DEBUG GameApplicationServi - Initializing application scenes
21:54:22.022 [FXGL Background Thread 1 ] DEBUG GameWorld            - Game world initialized
21:54:22.072 [FXGL Background Thread 1 ] DEBUG PhysicsWorld         - Physics world initialized: appHeight=600, physics.ppm=50.0
21:54:22.072 [FXGL Background Thread 1 ] DEBUG PhysicsWorld         - Using strategy: BRUTE_FORCE
21:54:22.077 [FXGL Background Thread 1 ] DEBUG GameScene            - Game scene initialized: 600x600
21:54:22.087 [FXGL Background Thread 1 ] WARN  FXGL.DefaultMenu     - FXGLDefaultMenu is not designed for resolutions < 800x600
21:54:22.087 [FXGL Background Thread 1 ] DEBUG FXGL.DefaultMenu     - createMenuBodyGameMenu()
21:54:22.100 [FXGL Background Thread 1 ] DEBUG FXGL.DefaultMenu     - createOptionsMenu()
21:54:22.110 [FXGL Background Thread 1 ] DEBUG FXGLAssetLoaderServi - Loading from file system: jar:file:///C:/Users/Jonat/.gradle/caches/modules-2/files-2.1/com.github.almasb/fxgl/17.1/2a9509aedf54954c9b13849c18c6f495a81c542d/fxgl-17.1.jar!/fxglassets/textures/particles/smoke.png
21:54:22.204 [FXGL Background Thread 1 ] DEBUG FXGLAssetLoaderServi - Loading from file system: jar:file:///C:/Users/Jonat/.gradle/caches/modules-2/files-2.1/com.github.almasb/fxgl/17.1/2a9509aedf54954c9b13849c18c6f495a81c542d/fxgl-17.1.jar!/fxglassets/textures/particles/trace_horizontal.png
21:54:22.231 [FXGL Background Thread 1 ] DEBUG GameApplicationServi - Application scenes initialized
21:54:22.243 [FXGL Background Thread 1 ] DEBUG SystemBundleService  - Loading FXGL system data
21:54:22.247 [FXGL Background Thread 1 ] DEBUG FileSystemAccess     - Reading from: C:\Users\Jonat\OneDrive\Documents\Projects\Coding\Java\FXGLGame\system\fxgl.bundle
21:54:22.254 [FXGL Background Thread 1 ] DEBUG SystemBundleService  - Bundle FXGL: {}
21:54:22.254 [FXGL Background Thread 1 ] DEBUG UpdaterService       - Checking for updates
21:54:22.257 [FXGL Background Thread 4 ] DEBUG FXGLApplication      - Loading fonts
21:54:22.257 [FXGL Background Thread 4 ] DEBUG FXGLAssetLoaderServi - Loading from file system: jar:file:///C:/Users/Jonat/.gradle/caches/modules-2/files-2.1/com.github.almasb/fxgl/17.1/2a9509aedf54954c9b13849c18c6f495a81c542d/fxgl-17.1.jar!/fxglassets/ui/fonts/VarelaRound-Regular.ttf
21:54:22.257 [FXGL Background Thread 1 ] DEBUG FXGLApplication      - Loading default localization
21:54:22.258 [FXGL Background Thread 1 ] DEBUG FXGLAssetLoaderServi - Loading from file system: jar:file:///C:/Users/Jonat/.gradle/caches/modules-2/files-2.1/com.github.almasb/fxgl/17.1/2a9509aedf54954c9b13849c18c6f495a81c542d/fxgl-17.1.jar!/fxglassets/languages/english.lang
21:54:22.273 [FXGL Background Thread 1 ] INFO  FXGLApplication      - FXGL initialization took: 0.387 sec
21:54:22.289 [JavaFX Application Thread] DEBUG Input                - Registered new binding: Move Right - D
21:54:22.289 [JavaFX Application Thread] DEBUG Input                - Registered new binding: Move Left - A
21:54:22.290 [JavaFX Application Thread] DEBUG Input                - Registered new binding: Move Down - S
21:54:22.290 [JavaFX Application Thread] DEBUG Input                - Registered new binding: Move Up - W
21:54:22.290 [JavaFX Application Thread] DEBUG Input                - Registered new binding: Respawn - Enter
21:54:22.291 [JavaFX Application Thread] DEBUG Input                - Registered new binding: action0 - Space
21:54:22.294 [JavaFX Application Thread] DEBUG Input                - Registered new binding: action1 - Up
21:54:22.295 [JavaFX Application Thread] DEBUG Input                - Registered new binding: action2 - Down
21:54:22.296 [JavaFX Application Thread] DEBUG Input                - Registered new binding: action3 - E
21:54:22.297 [JavaFX Application Thread] DEBUG FXGLAssetLoaderServi - Loading from file system: jar:file:///C:/Users/Jonat/.gradle/caches/modules-2/files-2.1/com.github.almasb/fxgl/17.1/2a9509aedf54954c9b13849c18c6f495a81c542d/fxgl-17.1.jar!/fxglassets/textures/fxgl_icon.png
21:54:22.319 [JavaFX Application Thread] DEBUG FXGLAssetLoaderServi - Loading from file system: jar:file:///C:/Users/Jonat/.gradle/caches/modules-2/files-2.1/com.github.almasb/fxgl/17.1/2a9509aedf54954c9b13849c18c6f495a81c542d/fxgl-17.1.jar!/fxglassets/textures/fxgl_default_cursor.png
21:54:22.322 [JavaFX Application Thread] DEBUG Input                - Registered new binding: Screenshot - CTRL+8
21:54:22.322 [JavaFX Application Thread] DEBUG Input                - Registered new binding: System info dump - CTRL+9
21:54:22.323 [JavaFX Application Thread] DEBUG Input                - Registered new binding: Restart - CTRL+R
21:54:22.324 [JavaFX Application Thread] DEBUG Input                - Registered new binding: Toggle Debug Camera - CTRL+7
21:54:22.326 [JavaFX Application Thread] DEBUG LoopRunner           - Starting loop
21:54:22.326 [JavaFX Application Thread] DEBUG LoopRunner           - Initializing JavaFX AnimationTimerLoop
21:54:22.328 [JavaFX Application Thread] DEBUG GameApplicationServi - Starting new game
21:54:22.329 [JavaFX Application Thread] DEBUG Input                - Clearing active input actions
21:54:22.344 [JavaFX Application Thread] DEBUG GameApplicationServi - Removing overlay from FXGLStartupScene and adding to FXGLLoadingScene
21:54:22.345 [JavaFX Application Thread] DEBUG PrimaryStageWindow   - FXGLStartupScene -> FXGLLoadingScene
21:54:22.345 [JavaFX Application Thread] DEBUG GameApplicationServi - Clearing previous game
21:54:22.346 [JavaFX Application Thread] DEBUG GameScene            - Clearing game scene
21:54:22.346 [JavaFX Application Thread] DEBUG GameWorld            - Clearing game world
21:54:22.346 [JavaFX Application Thread] DEBUG PhysicsWorld         - Clearing physics world
21:54:22.350 [FXGL Background Thread 1 ] DEBUG FXGLApplication      - Initializing game
21:54:22.366 [FXGL Background Thread 1 ] DEBUG FXGLAssetLoaderServi - Loading from file system: jar:file:///C:/Users/Jonat/OneDrive/Documents/Projects/Coding/Java/FXGLGame/build/libs/FXGLGame-1.0-SNAPSHOT.jar!/assets/textures/Untitled.png
21:54:22.413 [FXGL Background Thread 1 ] INFO  FXGLApplication      - Game initialization took: 0.063 sec
21:54:22.418 [JavaFX Application Thread] DEBUG Input                - Clearing active input actions
21:54:22.426 [JavaFX Application Thread] DEBUG GameApplicationServi - Removing overlay from FXGLLoadingScene and adding to GameScene
21:54:22.426 [JavaFX Application Thread] DEBUG PrimaryStageWindow   - FXGLLoadingScene -> GameScene
21:54:22.501 [FXGL Background Thread 4 ] DEBUG FXGLAssetLoaderServi - Loading from file system: jar:file:///C:/Users/Jonat/.gradle/caches/modules-2/files-2.1/com.github.almasb/fxgl/17.1/2a9509aedf54954c9b13849c18c6f495a81c542d/fxgl-17.1.jar!/fxglassets/ui/fonts/Abel-Regular.ttf
21:54:22.529 [FXGL Background Thread 4 ] DEBUG FXGLAssetLoaderServi - Loading from file system: jar:file:///C:/Users/Jonat/.gradle/caches/modules-2/files-2.1/com.github.almasb/fxgl/17.1/2a9509aedf54954c9b13849c18c6f495a81c542d/fxgl-17.1.jar!/fxglassets/ui/fonts/TerminalLandMono-Regular.otf
21:54:22.545 [FXGL Background Thread 4 ] DEBUG FXGLAssetLoaderServi - Loading from file system: jar:file:///C:/Users/Jonat/.gradle/caches/modules-2/files-2.1/com.github.almasb/fxgl/17.1/2a9509aedf54954c9b13849c18c6f495a81c542d/fxgl-17.1.jar!/fxglassets/ui/fonts/Courier-Prime.ttf
21:54:22.573 [JavaFX Application Thread] DEBUG FXGLApplication      - Registering font factories with UI factory
21:54:22.781 [FXGL Background Thread 2 ] INFO  UpdaterService       - Your current version:  17.1
21:54:22.781 [FXGL Background Thread 2 ] INFO  UpdaterService       - Latest stable version: 17.2
21:54:23.713 [JavaFX Application Thread] DEBUG FXGLApplication      - Exiting FXGL
21:54:23.713 [JavaFX Application Thread] DEBUG LoopRunner           - Stopping loop
21:54:23.713 [JavaFX Application Thread] DEBUG SystemBundleService  - Saving FXGL system data
21:54:23.715 [JavaFX Application Thread] DEBUG FileSystemAccess     - Writing to: C:\Users\Jonat\OneDrive\Documents\Projects\Coding\Java\FXGLGame\system\fxgl.bundle
21:54:23.717 [JavaFX Application Thread] DEBUG Async                - Shutting down background threads
21:54:23.717 [JavaFX Application Thread] DEBUG PrimaryStageWindow   - Closing main window
21:54:23.731 [JavaFX Application Thread] DEBUG Logger               - Closing Logger
