21:48:05.542 [main                     ] DEBUG Logger               - Configured Logger
21:48:05.572 [main                     ] DEBUG GameApplication      - Logging settings
Title: Some Shmup game
Version: 0.01
Width: 600
Height: 600
Fullscreen: false
Intro: false
Profiling: false
Single step:false
App Mode: DEVELOPER
Menu Key: ESCAPE
Stage Style: DECORATED
Scene Factory: class com.almasb.fxgl.app.scene.SceneFactory

21:48:06.384 [JavaFX Application Thread] DEBUG FXGLApplication      - Initializing FXGL
21:48:06.389 [JavaFX Application Thread] INFO  Engine               - FXGL-17.1 (24.03.2022 17.34) on WINDOWS (J:17.0.2 FX:17.0.2-ea)
21:48:06.389 [JavaFX Application Thread] DEBUG Engine               - JRE Vendor Name: Oracle Corporation
21:48:06.390 [JavaFX Application Thread] DEBUG Engine               - Running on OS: Windows 10 version 10.0
21:48:06.390 [JavaFX Application Thread] DEBUG Engine               - Architecture: amd64
21:48:06.390 [JavaFX Application Thread] INFO  Engine               - Source code and latest versions at: https://github.com/AlmasB/FXGL
21:48:06.390 [JavaFX Application Thread] INFO  Engine               -       Ask questions and discuss at: https://github.com/AlmasB/FXGL/discussions
21:48:06.390 [JavaFX Application Thread] INFO  Engine               -              Join the FXGL chat at: https://gitter.im/AlmasB/FXGL
21:48:06.473 [JavaFX Application Thread] DEBUG PrimaryStageWindow   - Creating a JavaFX scene
21:48:06.515 [JavaFX Application Thread] DEBUG PrimaryStageWindow   - Target settings size: 600.0 x 600.0
21:48:06.516 [JavaFX Application Thread] DEBUG PrimaryStageWindow   - Scaled scene size:    600.0 x 600.0
21:48:06.516 [JavaFX Application Thread] DEBUG PrimaryStageWindow   - Scaled ratio: (1.0, 1.0)
21:48:06.517 [JavaFX Application Thread] DEBUG PrimaryStageWindow   - Set initial scene to FXGLStartupScene
21:48:06.523 [JavaFX Application Thread] DEBUG PrimaryStageWindow   - Opening main window
21:48:06.621 [JavaFX Application Thread] DEBUG PrimaryStageWindow   - Window border size: (16.0, 39.0)
21:48:06.621 [JavaFX Application Thread] DEBUG PrimaryStageWindow   - Scaled size: 600.0 x 600.0
21:48:06.622 [JavaFX Application Thread] DEBUG PrimaryStageWindow   - Scaled ratio: (1.0, 1.0)
21:48:06.622 [JavaFX Application Thread] DEBUG PrimaryStageWindow   - Scene size: 600.0 x 600.0
21:48:06.622 [JavaFX Application Thread] DEBUG PrimaryStageWindow   - Stage size: 616.0 x 639.0
21:48:06.628 [FXGL Background Thread 1 ] DEBUG Engine               - Initializing environment variables
21:48:06.663 [FXGL Background Thread 1 ] DEBUG FXGLAssetLoaderServi - User app class for loading assets: class com.jonathanc8.fxglgame.Game
21:48:06.664 [FXGL Background Thread 1 ] DEBUG GameApplicationServi - Applying CSS: fxgl_dark.css
21:48:06.664 [FXGL Background Thread 1 ] DEBUG FXGLAssetLoaderServi - Loading from file system: jar:file:///C:/Users/Jonat/.gradle/caches/modules-2/files-2.1/com.github.almasb/fxgl/17.1/2a9509aedf54954c9b13849c18c6f495a81c542d/fxgl-17.1.jar!/fxglassets/ui/css/fxgl_dark.css
21:48:06.709 [FXGL Background Thread 1 ] DEBUG GameApplicationServi - Initializing application scenes
21:48:06.764 [FXGL Background Thread 1 ] DEBUG GameWorld            - Game world initialized
21:48:06.814 [FXGL Background Thread 1 ] DEBUG PhysicsWorld         - Physics world initialized: appHeight=600, physics.ppm=50.0
21:48:06.814 [FXGL Background Thread 1 ] DEBUG PhysicsWorld         - Using strategy: BRUTE_FORCE
21:48:06.818 [FXGL Background Thread 1 ] DEBUG GameScene            - Game scene initialized: 600x600
21:48:06.831 [FXGL Background Thread 1 ] WARN  FXGL.DefaultMenu     - FXGLDefaultMenu is not designed for resolutions < 800x600
21:48:06.831 [FXGL Background Thread 1 ] DEBUG FXGL.DefaultMenu     - createMenuBodyGameMenu()
21:48:06.844 [FXGL Background Thread 1 ] DEBUG FXGL.DefaultMenu     - createOptionsMenu()
21:48:06.855 [FXGL Background Thread 1 ] DEBUG FXGLAssetLoaderServi - Loading from file system: jar:file:///C:/Users/Jonat/.gradle/caches/modules-2/files-2.1/com.github.almasb/fxgl/17.1/2a9509aedf54954c9b13849c18c6f495a81c542d/fxgl-17.1.jar!/fxglassets/textures/particles/smoke.png
21:48:06.939 [FXGL Background Thread 1 ] DEBUG FXGLAssetLoaderServi - Loading from file system: jar:file:///C:/Users/Jonat/.gradle/caches/modules-2/files-2.1/com.github.almasb/fxgl/17.1/2a9509aedf54954c9b13849c18c6f495a81c542d/fxgl-17.1.jar!/fxglassets/textures/particles/trace_horizontal.png
21:48:06.966 [FXGL Background Thread 1 ] DEBUG GameApplicationServi - Application scenes initialized
21:48:06.978 [FXGL Background Thread 1 ] DEBUG SystemBundleService  - Loading FXGL system data
21:48:06.982 [FXGL Background Thread 1 ] DEBUG FileSystemAccess     - Reading from: C:\Users\Jonat\OneDrive\Documents\Projects\Coding\Java\FXGLGame\system\fxgl.bundle
21:48:06.987 [FXGL Background Thread 1 ] DEBUG SystemBundleService  - Bundle FXGL: {}
21:48:06.987 [FXGL Background Thread 1 ] DEBUG UpdaterService       - Checking for updates
21:48:06.991 [FXGL Background Thread 4 ] DEBUG FXGLApplication      - Loading fonts
21:48:06.991 [FXGL Background Thread 1 ] DEBUG FXGLApplication      - Loading default localization
21:48:06.991 [FXGL Background Thread 4 ] DEBUG FXGLAssetLoaderServi - Loading from file system: jar:file:///C:/Users/Jonat/.gradle/caches/modules-2/files-2.1/com.github.almasb/fxgl/17.1/2a9509aedf54954c9b13849c18c6f495a81c542d/fxgl-17.1.jar!/fxglassets/ui/fonts/VarelaRound-Regular.ttf
21:48:06.991 [FXGL Background Thread 1 ] DEBUG FXGLAssetLoaderServi - Loading from file system: jar:file:///C:/Users/Jonat/.gradle/caches/modules-2/files-2.1/com.github.almasb/fxgl/17.1/2a9509aedf54954c9b13849c18c6f495a81c542d/fxgl-17.1.jar!/fxglassets/languages/english.lang
21:48:07.009 [FXGL Background Thread 1 ] INFO  FXGLApplication      - FXGL initialization took: 0.381 sec
21:48:07.022 [JavaFX Application Thread] DEBUG Input                - Registered new binding: Move Right - D
21:48:07.022 [JavaFX Application Thread] DEBUG Input                - Registered new binding: Move Left - A
21:48:07.023 [JavaFX Application Thread] DEBUG Input                - Registered new binding: Move Down - S
21:48:07.023 [JavaFX Application Thread] DEBUG Input                - Registered new binding: Move Up - W
21:48:07.023 [JavaFX Application Thread] DEBUG Input                - Registered new binding: Respawn - Enter
21:48:07.026 [JavaFX Application Thread] DEBUG Input                - Registered new binding: action0 - Space
21:48:07.027 [JavaFX Application Thread] DEBUG Input                - Registered new binding: action1 - Up
21:48:07.028 [JavaFX Application Thread] DEBUG Input                - Registered new binding: action2 - Down
21:48:07.028 [JavaFX Application Thread] DEBUG Input                - Registered new binding: action3 - E
21:48:07.029 [JavaFX Application Thread] DEBUG FXGLAssetLoaderServi - Loading from file system: jar:file:///C:/Users/Jonat/.gradle/caches/modules-2/files-2.1/com.github.almasb/fxgl/17.1/2a9509aedf54954c9b13849c18c6f495a81c542d/fxgl-17.1.jar!/fxglassets/textures/fxgl_icon.png
21:48:07.052 [JavaFX Application Thread] DEBUG FXGLAssetLoaderServi - Loading from file system: jar:file:///C:/Users/Jonat/.gradle/caches/modules-2/files-2.1/com.github.almasb/fxgl/17.1/2a9509aedf54954c9b13849c18c6f495a81c542d/fxgl-17.1.jar!/fxglassets/textures/fxgl_default_cursor.png
21:48:07.054 [JavaFX Application Thread] DEBUG Input                - Registered new binding: Screenshot - CTRL+8
21:48:07.055 [JavaFX Application Thread] DEBUG Input                - Registered new binding: System info dump - CTRL+9
21:48:07.055 [JavaFX Application Thread] DEBUG Input                - Registered new binding: Restart - CTRL+R
21:48:07.056 [JavaFX Application Thread] DEBUG Input                - Registered new binding: Toggle Debug Camera - CTRL+7
21:48:07.057 [JavaFX Application Thread] DEBUG LoopRunner           - Starting loop
21:48:07.058 [JavaFX Application Thread] DEBUG LoopRunner           - Initializing JavaFX AnimationTimerLoop
21:48:07.059 [JavaFX Application Thread] DEBUG GameApplicationServi - Starting new game
21:48:07.060 [JavaFX Application Thread] DEBUG Input                - Clearing active input actions
21:48:07.076 [JavaFX Application Thread] DEBUG GameApplicationServi - Removing overlay from FXGLStartupScene and adding to FXGLLoadingScene
21:48:07.077 [JavaFX Application Thread] DEBUG PrimaryStageWindow   - FXGLStartupScene -> FXGLLoadingScene
21:48:07.077 [JavaFX Application Thread] DEBUG GameApplicationServi - Clearing previous game
21:48:07.077 [JavaFX Application Thread] DEBUG GameScene            - Clearing game scene
21:48:07.077 [JavaFX Application Thread] DEBUG GameWorld            - Clearing game world
21:48:07.077 [JavaFX Application Thread] DEBUG PhysicsWorld         - Clearing physics world
21:48:07.081 [FXGL Background Thread 1 ] DEBUG FXGLApplication      - Initializing game
21:48:07.102 [FXGL Background Thread 1 ] DEBUG FXGLAssetLoaderServi - Loading from file system: jar:file:///C:/Users/Jonat/OneDrive/Documents/Projects/Coding/Java/FXGLGame/build/libs/FXGLGame-1.0-SNAPSHOT.jar!/assets/textures/Untitled.png
21:48:07.148 [FXGL Background Thread 1 ] INFO  FXGLApplication      - Game initialization took: 0.067 sec
21:48:07.161 [JavaFX Application Thread] DEBUG Input                - Clearing active input actions
21:48:07.170 [JavaFX Application Thread] DEBUG GameApplicationServi - Removing overlay from FXGLLoadingScene and adding to GameScene
21:48:07.170 [JavaFX Application Thread] DEBUG PrimaryStageWindow   - FXGLLoadingScene -> GameScene
21:48:07.256 [FXGL Background Thread 4 ] DEBUG FXGLAssetLoaderServi - Loading from file system: jar:file:///C:/Users/Jonat/.gradle/caches/modules-2/files-2.1/com.github.almasb/fxgl/17.1/2a9509aedf54954c9b13849c18c6f495a81c542d/fxgl-17.1.jar!/fxglassets/ui/fonts/Abel-Regular.ttf
21:48:07.271 [FXGL Background Thread 4 ] DEBUG FXGLAssetLoaderServi - Loading from file system: jar:file:///C:/Users/Jonat/.gradle/caches/modules-2/files-2.1/com.github.almasb/fxgl/17.1/2a9509aedf54954c9b13849c18c6f495a81c542d/fxgl-17.1.jar!/fxglassets/ui/fonts/TerminalLandMono-Regular.otf
21:48:07.285 [FXGL Background Thread 4 ] DEBUG FXGLAssetLoaderServi - Loading from file system: jar:file:///C:/Users/Jonat/.gradle/caches/modules-2/files-2.1/com.github.almasb/fxgl/17.1/2a9509aedf54954c9b13849c18c6f495a81c542d/fxgl-17.1.jar!/fxglassets/ui/fonts/Courier-Prime.ttf
21:48:07.312 [JavaFX Application Thread] DEBUG FXGLApplication      - Registering font factories with UI factory
21:48:07.545 [FXGL Background Thread 2 ] INFO  UpdaterService       - Your current version:  17.1
21:48:07.546 [FXGL Background Thread 2 ] INFO  UpdaterService       - Latest stable version: 17.2
21:48:09.990 [FXGL Background Thread 3 ] DEBUG Engine               - Logging environment variables
21:48:09.990 [FXGL Background Thread 3 ] DEBUG Engine               - achievements: []
21:48:09.991 [FXGL Background Thread 3 ] DEBUG Engine               - actualHeight: 600.0
21:48:09.991 [FXGL Background Thread 3 ] DEBUG Engine               - actualHeightProperty: ReadOnlyDoubleProperty [value: 600.0]
21:48:09.991 [FXGL Background Thread 3 ] DEBUG Engine               - actualWidth: 600.0
21:48:09.991 [FXGL Background Thread 3 ] DEBUG Engine               - actualWidthProperty: ReadOnlyDoubleProperty [value: 600.0]
21:48:09.991 [FXGL Background Thread 3 ] DEBUG Engine               - appIcon: fxgl_icon.png
21:48:09.991 [FXGL Background Thread 3 ] DEBUG Engine               - applicationMode: DEVELOPER
21:48:09.991 [FXGL Background Thread 3 ] DEBUG Engine               - cSSList: [fxgl_dark.css]
21:48:09.991 [FXGL Background Thread 3 ] DEBUG Engine               - collisionDetectionStrategy: BRUTE_FORCE
21:48:09.992 [FXGL Background Thread 3 ] DEBUG Engine               - configClass: Optional.empty
21:48:09.992 [FXGL Background Thread 3 ] DEBUG Engine               - credits: []
21:48:09.992 [FXGL Background Thread 3 ] DEBUG Engine               - defaultCursor: CursorInfo(imageName=fxgl_default_cursor.png, hotspotX=7.0, hotspotY=6.0)
21:48:09.992 [FXGL Background Thread 3 ] DEBUG Engine               - devBBoxColorProperty: ObjectProperty [value: 0xff0000ff]
21:48:09.993 [FXGL Background Thread 3 ] DEBUG Engine               - devEnableDebugCameraProperty: BooleanProperty [value: false]
21:48:09.993 [FXGL Background Thread 3 ] DEBUG Engine               - devSensorColorProperty: ObjectProperty [value: 0xffff00ff]
21:48:09.993 [FXGL Background Thread 3 ] DEBUG Engine               - devShowBBoxProperty: BooleanProperty [value: false]
21:48:09.993 [FXGL Background Thread 3 ] DEBUG Engine               - devShowPositionProperty: BooleanProperty [value: false]
21:48:09.993 [FXGL Background Thread 3 ] DEBUG Engine               - enabledMenuItems: []
21:48:09.994 [FXGL Background Thread 3 ] DEBUG Engine               - engineServices: [class com.almasb.fxgl.app.services.FXGLAssetLoaderService, class com.almasb.fxgl.app.FXGLApplication$GameApplicationService, class com.almasb.fxgl.app.services.FXGLDialogService, class com.almasb.fxgl.app.services.IOTaskExecutorService, class com.almasb.fxgl.io.FileSystemService, class com.almasb.fxgl.localization.LocalizationService, class com.almasb.fxgl.app.services.SystemBundleService, class com.almasb.fxgl.profile.SaveLoadService, class com.almasb.fxgl.ui.FXGLUIFactoryServiceProvider, class com.almasb.fxgl.ui.FXGLDialogFactoryServiceProvider, class com.almasb.fxgl.audio.AudioPlayer, class com.almasb.fxgl.notification.impl.NotificationServiceProvider, class com.almasb.fxgl.achievement.AchievementService, class com.almasb.fxgl.cutscene.CutsceneService, class com.almasb.fxgl.minigames.MiniGameService, class com.almasb.fxgl.net.NetService, class com.almasb.fxgl.app.services.UpdaterService, class com.almasb.fxgl.dev.DevService]
21:48:09.994 [FXGL Background Thread 3 ] DEBUG Engine               - fontGame: Abel-Regular.ttf
21:48:09.994 [FXGL Background Thread 3 ] DEBUG Engine               - fontMono: TerminalLandMono-Regular.otf
21:48:09.994 [FXGL Background Thread 3 ] DEBUG Engine               - fontText: Courier-Prime.ttf
21:48:09.994 [FXGL Background Thread 3 ] DEBUG Engine               - fontUI: VarelaRound-Regular.ttf
21:48:09.994 [FXGL Background Thread 3 ] DEBUG Engine               - fullScreen: BooleanProperty [value: false]
21:48:09.994 [FXGL Background Thread 3 ] DEBUG Engine               - gameDifficulty: MEDIUM
21:48:09.994 [FXGL Background Thread 3 ] DEBUG Engine               - gameDifficultyProperty: ObjectProperty [value: MEDIUM]
21:48:09.994 [FXGL Background Thread 3 ] DEBUG Engine               - globalMusicVolume: 0.5
21:48:09.994 [FXGL Background Thread 3 ] DEBUG Engine               - globalMusicVolumeProperty: DoubleProperty [value: 0.5]
21:48:09.994 [FXGL Background Thread 3 ] DEBUG Engine               - globalSoundVolume: 0.5
21:48:09.995 [FXGL Background Thread 3 ] DEBUG Engine               - globalSoundVolumeProperty: DoubleProperty [value: 0.5]
21:48:09.995 [FXGL Background Thread 3 ] DEBUG Engine               - height: 600
21:48:09.995 [FXGL Background Thread 3 ] DEBUG Engine               - is3D: false
21:48:09.995 [FXGL Background Thread 3 ] DEBUG Engine               - isAndroid: false
21:48:09.995 [FXGL Background Thread 3 ] DEBUG Engine               - isBrowser: false
21:48:09.995 [FXGL Background Thread 3 ] DEBUG Engine               - isClickFeedbackEnabled: false
21:48:09.995 [FXGL Background Thread 3 ] DEBUG Engine               - isCloseConfirmation: false
21:48:09.995 [FXGL Background Thread 3 ] DEBUG Engine               - isDesktop: true
21:48:09.995 [FXGL Background Thread 3 ] DEBUG Engine               - isDeveloperMenuEnabled: false
21:48:09.995 [FXGL Background Thread 3 ] DEBUG Engine               - isEmbedded: false
21:48:09.995 [FXGL Background Thread 3 ] DEBUG Engine               - isEntityPreloadEnabled: true
21:48:09.996 [FXGL Background Thread 3 ] DEBUG Engine               - isExperimentalTiledLargeMap: false
21:48:09.996 [FXGL Background Thread 3 ] DEBUG Engine               - isFileSystemWriteAllowed: true
21:48:09.996 [FXGL Background Thread 3 ] DEBUG Engine               - isFullScreenAllowed: false
21:48:09.996 [FXGL Background Thread 3 ] DEBUG Engine               - isFullScreenFromStart: false
21:48:09.996 [FXGL Background Thread 3 ] DEBUG Engine               - isGameMenuEnabled: true
21:48:09.996 [FXGL Background Thread 3 ] DEBUG Engine               - isIOS: false
21:48:09.996 [FXGL Background Thread 3 ] DEBUG Engine               - isIntroEnabled: false
21:48:09.997 [FXGL Background Thread 3 ] DEBUG Engine               - isLinux: false
21:48:09.997 [FXGL Background Thread 3 ] DEBUG Engine               - isMac: false
21:48:09.997 [FXGL Background Thread 3 ] DEBUG Engine               - isMainMenuEnabled: false
21:48:09.997 [FXGL Background Thread 3 ] DEBUG Engine               - isManualResizeEnabled: false
21:48:09.997 [FXGL Background Thread 3 ] DEBUG Engine               - isMobile: false
21:48:09.997 [FXGL Background Thread 3 ] DEBUG Engine               - isNative: false
21:48:09.997 [FXGL Background Thread 3 ] DEBUG Engine               - isPauseMusicWhenMinimized: true
21:48:09.997 [FXGL Background Thread 3 ] DEBUG Engine               - isPreserveResizeRatio: false
21:48:09.997 [FXGL Background Thread 3 ] DEBUG Engine               - isProfilingEnabled: false
21:48:09.997 [FXGL Background Thread 3 ] DEBUG Engine               - isScaleAffectedOnResize: true
21:48:09.997 [FXGL Background Thread 3 ] DEBUG Engine               - isSingleStep: false
21:48:09.998 [FXGL Background Thread 3 ] DEBUG Engine               - isUserProfileEnabled: false
21:48:09.998 [FXGL Background Thread 3 ] DEBUG Engine               - isWindows: true
21:48:09.998 [FXGL Background Thread 3 ] DEBUG Engine               - language: ObjectProperty [value: ENGLISH]
21:48:09.998 [FXGL Background Thread 3 ] DEBUG Engine               - menuKey: ESCAPE
21:48:09.998 [FXGL Background Thread 3 ] DEBUG Engine               - mouseSensitivity: 0.2
21:48:09.998 [FXGL Background Thread 3 ] DEBUG Engine               - notificationViewClass: class com.almasb.fxgl.notification.view.XboxNotificationView
21:48:09.998 [FXGL Background Thread 3 ] DEBUG Engine               - pixelsPerMeter: 50.0
21:48:09.998 [FXGL Background Thread 3 ] DEBUG Engine               - platform: WINDOWS
21:48:09.998 [FXGL Background Thread 3 ] DEBUG Engine               - prefHeightProperty: ReadOnlyDoubleProperty [value: 600.0]
21:48:09.998 [FXGL Background Thread 3 ] DEBUG Engine               - prefWidthProperty: ReadOnlyDoubleProperty [value: 600.0]
21:48:09.998 [FXGL Background Thread 3 ] DEBUG Engine               - profileDir: profiles/
21:48:09.999 [FXGL Background Thread 3 ] DEBUG Engine               - profileName: StringProperty [value: DEFAULT]
21:48:09.999 [FXGL Background Thread 3 ] DEBUG Engine               - randomSeed: -1
21:48:09.999 [FXGL Background Thread 3 ] DEBUG Engine               - runtimeInfo: RuntimeInfo(platform=WINDOWS, version=17.1, build=24.03.2022 17.34)
21:48:09.999 [FXGL Background Thread 3 ] DEBUG Engine               - saveFileExt: sav
21:48:09.999 [FXGL Background Thread 3 ] DEBUG Engine               - scaledHeightProp$fxgl: DoubleProperty [bound, value: 600.0]
21:48:09.999 [FXGL Background Thread 3 ] DEBUG Engine               - scaledWidthProp$fxgl: DoubleProperty [bound, value: 600.0]
21:48:09.999 [FXGL Background Thread 3 ] DEBUG Engine               - sceneFactory: com.almasb.fxgl.app.scene.SceneFactory@72ae2f3d
21:48:09.999 [FXGL Background Thread 3 ] DEBUG Engine               - secondsIn24h: 60
21:48:09.999 [FXGL Background Thread 3 ] DEBUG Engine               - soundMenuBack: menu/back.wav
21:48:09.999 [FXGL Background Thread 3 ] DEBUG Engine               - soundMenuPress: menu/press.wav
21:48:09.999 [FXGL Background Thread 3 ] DEBUG Engine               - soundMenuSelect: menu/select.wav
21:48:10.000 [FXGL Background Thread 3 ] DEBUG Engine               - soundNotification: core/notification.wav
21:48:10.000 [FXGL Background Thread 3 ] DEBUG Engine               - stageStyle: DECORATED
21:48:10.000 [FXGL Background Thread 3 ] DEBUG Engine               - supportedLanguages: [ENGLISH, FRENCH, GERMAN, HUNGARIAN, RUSSIAN]
21:48:10.000 [FXGL Background Thread 3 ] DEBUG Engine               - ticksPerSecond: -1
21:48:10.000 [FXGL Background Thread 3 ] DEBUG Engine               - title: Some Shmup game
21:48:10.000 [FXGL Background Thread 3 ] DEBUG Engine               - urlGithub: https://github.com/AlmasB/FXGL
21:48:10.000 [FXGL Background Thread 3 ] DEBUG Engine               - urlLeaderboard: http://fxgl-top.herokuapp.com/
21:48:10.000 [FXGL Background Thread 3 ] DEBUG Engine               - urlPOM: https://raw.githubusercontent.com/AlmasB/FXGL/release/README.md
21:48:10.000 [FXGL Background Thread 3 ] DEBUG Engine               - userAppClass: class com.jonathanc8.fxglgame.Game
21:48:10.000 [FXGL Background Thread 3 ] DEBUG Engine               - version: 0.01
21:48:10.000 [FXGL Background Thread 3 ] DEBUG Engine               - versionCheckDays: 7
21:48:10.000 [FXGL Background Thread 3 ] DEBUG Engine               - width: 600
21:48:10.000 [FXGL Background Thread 3 ] DEBUG Engine               - Logging services
21:48:10.000 [FXGL Background Thread 3 ] DEBUG Engine               - class com.almasb.fxgl.app.services.FXGLAssetLoaderService
21:48:10.000 [FXGL Background Thread 3 ] DEBUG Engine               - class com.almasb.fxgl.app.FXGLApplication$GameApplicationService
21:48:10.001 [FXGL Background Thread 3 ] DEBUG Engine               - class com.almasb.fxgl.app.services.FXGLDialogService
21:48:10.001 [FXGL Background Thread 3 ] DEBUG Engine               - class com.almasb.fxgl.app.services.IOTaskExecutorService
21:48:10.001 [FXGL Background Thread 3 ] DEBUG Engine               - class com.almasb.fxgl.io.FileSystemService
21:48:10.001 [FXGL Background Thread 3 ] DEBUG Engine               - class com.almasb.fxgl.localization.LocalizationService
21:48:10.001 [FXGL Background Thread 3 ] DEBUG Engine               - class com.almasb.fxgl.app.services.SystemBundleService
21:48:10.001 [FXGL Background Thread 3 ] DEBUG Engine               - class com.almasb.fxgl.profile.SaveLoadService
21:48:10.001 [FXGL Background Thread 3 ] DEBUG Engine               - class com.almasb.fxgl.ui.FXGLUIFactoryServiceProvider
21:48:10.001 [FXGL Background Thread 3 ] DEBUG Engine               - class com.almasb.fxgl.ui.FXGLDialogFactoryServiceProvider
21:48:10.001 [FXGL Background Thread 3 ] DEBUG Engine               - class com.almasb.fxgl.audio.AudioPlayer
21:48:10.001 [FXGL Background Thread 3 ] DEBUG Engine               - class com.almasb.fxgl.notification.impl.NotificationServiceProvider
21:48:10.001 [FXGL Background Thread 3 ] DEBUG Engine               - class com.almasb.fxgl.achievement.AchievementService
21:48:10.001 [FXGL Background Thread 3 ] DEBUG Engine               - class com.almasb.fxgl.cutscene.CutsceneService
21:48:10.001 [FXGL Background Thread 3 ] DEBUG Engine               - class com.almasb.fxgl.minigames.MiniGameService
21:48:10.001 [FXGL Background Thread 3 ] DEBUG Engine               - class com.almasb.fxgl.net.NetService
21:48:10.001 [FXGL Background Thread 3 ] DEBUG Engine               - class com.almasb.fxgl.app.services.UpdaterService
21:48:10.001 [FXGL Background Thread 3 ] DEBUG Engine               - class com.almasb.fxgl.dev.DevService
21:48:26.880 [JavaFX Application Thread] DEBUG FXGLApplication      - Exiting FXGL
21:48:26.880 [JavaFX Application Thread] DEBUG LoopRunner           - Stopping loop
21:48:26.880 [JavaFX Application Thread] DEBUG SystemBundleService  - Saving FXGL system data
21:48:26.882 [JavaFX Application Thread] DEBUG FileSystemAccess     - Writing to: C:\Users\Jonat\OneDrive\Documents\Projects\Coding\Java\FXGLGame\system\fxgl.bundle
21:48:26.884 [JavaFX Application Thread] DEBUG Async                - Shutting down background threads
21:48:26.884 [JavaFX Application Thread] DEBUG PrimaryStageWindow   - Closing main window
21:48:26.897 [JavaFX Application Thread] DEBUG Logger               - Closing Logger
