00:36:41.817 [main                     ] DEBUG Logger               - Configured Logger
00:36:41.847 [main                     ] DEBUG GameApplication      - Logging settings
Title: Some Shmup game
Version: 0.01
Width: 600
Height: 600
Fullscreen: false
Intro: false
Profiling: false
Single step:false
App Mode: DEVELOPER
Menu Key: ESCAPE
Stage Style: DECORATED
Scene Factory: class com.almasb.fxgl.app.scene.SceneFactory

00:36:42.605 [JavaFX Application Thread] DEBUG FXGLApplication      - Initializing FXGL
00:36:42.610 [JavaFX Application Thread] INFO  Engine               - FXGL-17.1 (24.03.2022 17.34) on WINDOWS (J:17.0.2 FX:17.0.2-ea)
00:36:42.610 [JavaFX Application Thread] DEBUG Engine               - JRE Vendor Name: Oracle Corporation
00:36:42.610 [JavaFX Application Thread] DEBUG Engine               - Running on OS: Windows 10 version 10.0
00:36:42.611 [JavaFX Application Thread] DEBUG Engine               - Architecture: amd64
00:36:42.611 [JavaFX Application Thread] INFO  Engine               - Source code and latest versions at: https://github.com/AlmasB/FXGL
00:36:42.611 [JavaFX Application Thread] INFO  Engine               -       Ask questions and discuss at: https://github.com/AlmasB/FXGL/discussions
00:36:42.611 [JavaFX Application Thread] INFO  Engine               -              Join the FXGL chat at: https://gitter.im/AlmasB/FXGL
00:36:42.687 [JavaFX Application Thread] DEBUG PrimaryStageWindow   - Creating a JavaFX scene
00:36:42.726 [JavaFX Application Thread] DEBUG PrimaryStageWindow   - Target settings size: 600.0 x 600.0
00:36:42.726 [JavaFX Application Thread] DEBUG PrimaryStageWindow   - Scaled scene size:    600.0 x 600.0
00:36:42.726 [JavaFX Application Thread] DEBUG PrimaryStageWindow   - Scaled ratio: (1.0, 1.0)
00:36:42.727 [JavaFX Application Thread] DEBUG PrimaryStageWindow   - Set initial scene to FXGLStartupScene
00:36:42.732 [JavaFX Application Thread] DEBUG PrimaryStageWindow   - Opening main window
00:36:42.802 [JavaFX Application Thread] DEBUG PrimaryStageWindow   - Window border size: (16.0, 39.0)
00:36:42.802 [JavaFX Application Thread] DEBUG PrimaryStageWindow   - Scaled size: 600.0 x 600.0
00:36:42.803 [JavaFX Application Thread] DEBUG PrimaryStageWindow   - Scaled ratio: (1.0, 1.0)
00:36:42.803 [JavaFX Application Thread] DEBUG PrimaryStageWindow   - Scene size: 600.0 x 600.0
00:36:42.803 [JavaFX Application Thread] DEBUG PrimaryStageWindow   - Stage size: 616.0 x 639.0
00:36:42.809 [FXGL Background Thread 1 ] DEBUG Engine               - Initializing environment variables
00:36:42.841 [FXGL Background Thread 1 ] DEBUG FXGLAssetLoaderServi - User app class for loading assets: class com.jonathanc8.fxglgame.Game
00:36:42.842 [FXGL Background Thread 1 ] DEBUG GameApplicationServi - Applying CSS: fxgl_dark.css
00:36:42.842 [FXGL Background Thread 1 ] DEBUG FXGLAssetLoaderServi - Loading from file system: jar:file:///C:/Users/Jonat/.gradle/caches/modules-2/files-2.1/com.github.almasb/fxgl/17.1/2a9509aedf54954c9b13849c18c6f495a81c542d/fxgl-17.1.jar!/fxglassets/ui/css/fxgl_dark.css
00:36:42.882 [FXGL Background Thread 1 ] DEBUG GameApplicationServi - Initializing application scenes
00:36:42.940 [FXGL Background Thread 1 ] DEBUG GameWorld            - Game world initialized
00:36:42.987 [FXGL Background Thread 1 ] DEBUG PhysicsWorld         - Physics world initialized: appHeight=600, physics.ppm=50.0
00:36:42.988 [FXGL Background Thread 1 ] DEBUG PhysicsWorld         - Using strategy: BRUTE_FORCE
00:36:42.992 [FXGL Background Thread 1 ] DEBUG GameScene            - Game scene initialized: 600x600
00:36:43.008 [FXGL Background Thread 1 ] WARN  FXGL.DefaultMenu     - FXGLDefaultMenu is not designed for resolutions < 800x600
00:36:43.008 [FXGL Background Thread 1 ] DEBUG FXGL.DefaultMenu     - createMenuBodyGameMenu()
00:36:43.024 [FXGL Background Thread 1 ] DEBUG FXGL.DefaultMenu     - createOptionsMenu()
00:36:43.036 [FXGL Background Thread 1 ] DEBUG FXGLAssetLoaderServi - Loading from file system: jar:file:///C:/Users/Jonat/.gradle/caches/modules-2/files-2.1/com.github.almasb/fxgl/17.1/2a9509aedf54954c9b13849c18c6f495a81c542d/fxgl-17.1.jar!/fxglassets/textures/particles/smoke.png
00:36:43.142 [FXGL Background Thread 1 ] DEBUG FXGLAssetLoaderServi - Loading from file system: jar:file:///C:/Users/Jonat/.gradle/caches/modules-2/files-2.1/com.github.almasb/fxgl/17.1/2a9509aedf54954c9b13849c18c6f495a81c542d/fxgl-17.1.jar!/fxglassets/textures/particles/trace_horizontal.png
00:36:43.172 [FXGL Background Thread 1 ] DEBUG GameApplicationServi - Application scenes initialized
00:36:43.184 [FXGL Background Thread 1 ] DEBUG SystemBundleService  - Loading FXGL system data
00:36:43.188 [FXGL Background Thread 1 ] DEBUG FileSystemAccess     - Reading from: C:\Users\Jonat\OneDrive\Documents\Projects\Coding\Java\FXGLGame\system\fxgl.bundle
00:36:43.194 [FXGL Background Thread 1 ] DEBUG SystemBundleService  - Bundle FXGL: {}
00:36:43.194 [FXGL Background Thread 1 ] DEBUG UpdaterService       - Checking for updates
00:36:43.198 [FXGL Background Thread 4 ] DEBUG FXGLApplication      - Loading fonts
00:36:43.198 [FXGL Background Thread 1 ] DEBUG FXGLApplication      - Loading default localization
00:36:43.198 [FXGL Background Thread 4 ] DEBUG FXGLAssetLoaderServi - Loading from file system: jar:file:///C:/Users/Jonat/.gradle/caches/modules-2/files-2.1/com.github.almasb/fxgl/17.1/2a9509aedf54954c9b13849c18c6f495a81c542d/fxgl-17.1.jar!/fxglassets/ui/fonts/VarelaRound-Regular.ttf
00:36:43.199 [FXGL Background Thread 1 ] DEBUG FXGLAssetLoaderServi - Loading from file system: jar:file:///C:/Users/Jonat/.gradle/caches/modules-2/files-2.1/com.github.almasb/fxgl/17.1/2a9509aedf54954c9b13849c18c6f495a81c542d/fxgl-17.1.jar!/fxglassets/languages/english.lang
00:36:43.218 [FXGL Background Thread 1 ] INFO  FXGLApplication      - FXGL initialization took: 0.409 sec
00:36:43.233 [JavaFX Application Thread] DEBUG Input                - Registered new binding: Move Right - D
00:36:43.234 [JavaFX Application Thread] DEBUG Input                - Registered new binding: Move Left - A
00:36:43.234 [JavaFX Application Thread] DEBUG Input                - Registered new binding: Move Down - S
00:36:43.234 [JavaFX Application Thread] DEBUG Input                - Registered new binding: Move Up - W
00:36:43.234 [JavaFX Application Thread] DEBUG Input                - Registered new binding: Respawn - Enter
00:36:43.235 [JavaFX Application Thread] DEBUG Input                - Registered new binding: action0 - Space
00:36:43.237 [JavaFX Application Thread] DEBUG Input                - Registered new binding: action1 - Up
00:36:43.238 [JavaFX Application Thread] DEBUG Input                - Registered new binding: action2 - Down
00:36:43.238 [JavaFX Application Thread] DEBUG Input                - Registered new binding: action3 - E
00:36:43.239 [JavaFX Application Thread] DEBUG FXGLAssetLoaderServi - Loading from file system: jar:file:///C:/Users/Jonat/.gradle/caches/modules-2/files-2.1/com.github.almasb/fxgl/17.1/2a9509aedf54954c9b13849c18c6f495a81c542d/fxgl-17.1.jar!/fxglassets/textures/fxgl_icon.png
00:36:43.261 [JavaFX Application Thread] DEBUG FXGLAssetLoaderServi - Loading from file system: jar:file:///C:/Users/Jonat/.gradle/caches/modules-2/files-2.1/com.github.almasb/fxgl/17.1/2a9509aedf54954c9b13849c18c6f495a81c542d/fxgl-17.1.jar!/fxglassets/textures/fxgl_default_cursor.png
00:36:43.263 [JavaFX Application Thread] DEBUG Input                - Registered new binding: Screenshot - CTRL+8
00:36:43.264 [JavaFX Application Thread] DEBUG Input                - Registered new binding: System info dump - CTRL+9
00:36:43.264 [JavaFX Application Thread] DEBUG Input                - Registered new binding: Restart - CTRL+R
00:36:43.265 [JavaFX Application Thread] DEBUG Input                - Registered new binding: Toggle Debug Camera - CTRL+7
00:36:43.267 [JavaFX Application Thread] DEBUG LoopRunner           - Starting loop
00:36:43.268 [JavaFX Application Thread] DEBUG LoopRunner           - Initializing JavaFX AnimationTimerLoop
00:36:43.269 [JavaFX Application Thread] DEBUG GameApplicationServi - Starting new game
00:36:43.270 [JavaFX Application Thread] DEBUG Input                - Clearing active input actions
00:36:43.286 [JavaFX Application Thread] DEBUG GameApplicationServi - Removing overlay from FXGLStartupScene and adding to FXGLLoadingScene
00:36:43.287 [JavaFX Application Thread] DEBUG PrimaryStageWindow   - FXGLStartupScene -> FXGLLoadingScene
00:36:43.287 [JavaFX Application Thread] DEBUG GameApplicationServi - Clearing previous game
00:36:43.287 [JavaFX Application Thread] DEBUG GameScene            - Clearing game scene
00:36:43.287 [JavaFX Application Thread] DEBUG GameWorld            - Clearing game world
00:36:43.287 [JavaFX Application Thread] DEBUG PhysicsWorld         - Clearing physics world
00:36:43.291 [FXGL Background Thread 1 ] DEBUG FXGLApplication      - Initializing game
00:36:43.311 [FXGL Background Thread 1 ] DEBUG FXGLAssetLoaderServi - Loading from file system: jar:file:///C:/Users/Jonat/OneDrive/Documents/Projects/Coding/Java/FXGLGame/build/libs/FXGLGame-1.0-SNAPSHOT.jar!/assets/textures/Untitled.png
00:36:43.367 [FXGL Background Thread 1 ] INFO  FXGLApplication      - Game initialization took: 0.075 sec
00:36:43.456 [FXGL Background Thread 4 ] DEBUG FXGLAssetLoaderServi - Loading from file system: jar:file:///C:/Users/Jonat/.gradle/caches/modules-2/files-2.1/com.github.almasb/fxgl/17.1/2a9509aedf54954c9b13849c18c6f495a81c542d/fxgl-17.1.jar!/fxglassets/ui/fonts/Abel-Regular.ttf
00:36:43.471 [FXGL Background Thread 4 ] DEBUG FXGLAssetLoaderServi - Loading from file system: jar:file:///C:/Users/Jonat/.gradle/caches/modules-2/files-2.1/com.github.almasb/fxgl/17.1/2a9509aedf54954c9b13849c18c6f495a81c542d/fxgl-17.1.jar!/fxglassets/ui/fonts/TerminalLandMono-Regular.otf
00:36:43.477 [JavaFX Application Thread] DEBUG Input                - Clearing active input actions
00:36:43.486 [FXGL Background Thread 4 ] DEBUG FXGLAssetLoaderServi - Loading from file system: jar:file:///C:/Users/Jonat/.gradle/caches/modules-2/files-2.1/com.github.almasb/fxgl/17.1/2a9509aedf54954c9b13849c18c6f495a81c542d/fxgl-17.1.jar!/fxglassets/ui/fonts/Courier-Prime.ttf
00:36:43.494 [JavaFX Application Thread] DEBUG GameApplicationServi - Removing overlay from FXGLLoadingScene and adding to GameScene
00:36:43.495 [JavaFX Application Thread] DEBUG PrimaryStageWindow   - FXGLLoadingScene -> GameScene
00:36:43.547 [JavaFX Application Thread] DEBUG FXGLApplication      - Registering font factories with UI factory
00:36:43.759 [FXGL Background Thread 2 ] INFO  UpdaterService       - Your current version:  17.1
00:36:43.760 [FXGL Background Thread 2 ] INFO  UpdaterService       - Latest stable version: 17.2
00:36:46.198 [FXGL Background Thread 3 ] DEBUG Engine               - Logging environment variables
00:36:46.198 [FXGL Background Thread 3 ] DEBUG Engine               - achievements: []
00:36:46.199 [FXGL Background Thread 3 ] DEBUG Engine               - actualHeight: 600.0
00:36:46.199 [FXGL Background Thread 3 ] DEBUG Engine               - actualHeightProperty: ReadOnlyDoubleProperty [value: 600.0]
00:36:46.199 [FXGL Background Thread 3 ] DEBUG Engine               - actualWidth: 600.0
00:36:46.199 [FXGL Background Thread 3 ] DEBUG Engine               - actualWidthProperty: ReadOnlyDoubleProperty [value: 600.0]
00:36:46.199 [FXGL Background Thread 3 ] DEBUG Engine               - appIcon: fxgl_icon.png
00:36:46.199 [FXGL Background Thread 3 ] DEBUG Engine               - applicationMode: DEVELOPER
00:36:46.199 [FXGL Background Thread 3 ] DEBUG Engine               - cSSList: [fxgl_dark.css]
00:36:46.199 [FXGL Background Thread 3 ] DEBUG Engine               - collisionDetectionStrategy: BRUTE_FORCE
00:36:46.199 [FXGL Background Thread 3 ] DEBUG Engine               - configClass: Optional.empty
00:36:46.200 [FXGL Background Thread 3 ] DEBUG Engine               - credits: []
00:36:46.200 [FXGL Background Thread 3 ] DEBUG Engine               - defaultCursor: CursorInfo(imageName=fxgl_default_cursor.png, hotspotX=7.0, hotspotY=6.0)
00:36:46.201 [FXGL Background Thread 3 ] DEBUG Engine               - devBBoxColorProperty: ObjectProperty [value: 0xff0000ff]
00:36:46.201 [FXGL Background Thread 3 ] DEBUG Engine               - devEnableDebugCameraProperty: BooleanProperty [value: false]
00:36:46.201 [FXGL Background Thread 3 ] DEBUG Engine               - devSensorColorProperty: ObjectProperty [value: 0xffff00ff]
00:36:46.201 [FXGL Background Thread 3 ] DEBUG Engine               - devShowBBoxProperty: BooleanProperty [value: false]
00:36:46.201 [FXGL Background Thread 3 ] DEBUG Engine               - devShowPositionProperty: BooleanProperty [value: false]
00:36:46.201 [FXGL Background Thread 3 ] DEBUG Engine               - enabledMenuItems: []
00:36:46.202 [FXGL Background Thread 3 ] DEBUG Engine               - engineServices: [class com.almasb.fxgl.app.services.FXGLAssetLoaderService, class com.almasb.fxgl.app.FXGLApplication$GameApplicationService, class com.almasb.fxgl.app.services.FXGLDialogService, class com.almasb.fxgl.app.services.IOTaskExecutorService, class com.almasb.fxgl.io.FileSystemService, class com.almasb.fxgl.localization.LocalizationService, class com.almasb.fxgl.app.services.SystemBundleService, class com.almasb.fxgl.profile.SaveLoadService, class com.almasb.fxgl.ui.FXGLUIFactoryServiceProvider, class com.almasb.fxgl.ui.FXGLDialogFactoryServiceProvider, class com.almasb.fxgl.audio.AudioPlayer, class com.almasb.fxgl.notification.impl.NotificationServiceProvider, class com.almasb.fxgl.achievement.AchievementService, class com.almasb.fxgl.cutscene.CutsceneService, class com.almasb.fxgl.minigames.MiniGameService, class com.almasb.fxgl.net.NetService, class com.almasb.fxgl.app.services.UpdaterService, class com.almasb.fxgl.dev.DevService]
00:36:46.202 [FXGL Background Thread 3 ] DEBUG Engine               - fontGame: Abel-Regular.ttf
00:36:46.202 [FXGL Background Thread 3 ] DEBUG Engine               - fontMono: TerminalLandMono-Regular.otf
00:36:46.202 [FXGL Background Thread 3 ] DEBUG Engine               - fontText: Courier-Prime.ttf
00:36:46.202 [FXGL Background Thread 3 ] DEBUG Engine               - fontUI: VarelaRound-Regular.ttf
00:36:46.202 [FXGL Background Thread 3 ] DEBUG Engine               - fullScreen: BooleanProperty [value: false]
00:36:46.202 [FXGL Background Thread 3 ] DEBUG Engine               - gameDifficulty: MEDIUM
00:36:46.202 [FXGL Background Thread 3 ] DEBUG Engine               - gameDifficultyProperty: ObjectProperty [value: MEDIUM]
00:36:46.202 [FXGL Background Thread 3 ] DEBUG Engine               - globalMusicVolume: 0.5
00:36:46.203 [FXGL Background Thread 3 ] DEBUG Engine               - globalMusicVolumeProperty: DoubleProperty [value: 0.5]
00:36:46.203 [FXGL Background Thread 3 ] DEBUG Engine               - globalSoundVolume: 0.5
00:36:46.203 [FXGL Background Thread 3 ] DEBUG Engine               - globalSoundVolumeProperty: DoubleProperty [value: 0.5]
00:36:46.203 [FXGL Background Thread 3 ] DEBUG Engine               - height: 600
00:36:46.203 [FXGL Background Thread 3 ] DEBUG Engine               - is3D: false
00:36:46.203 [FXGL Background Thread 3 ] DEBUG Engine               - isAndroid: false
00:36:46.203 [FXGL Background Thread 3 ] DEBUG Engine               - isBrowser: false
00:36:46.203 [FXGL Background Thread 3 ] DEBUG Engine               - isClickFeedbackEnabled: false
00:36:46.203 [FXGL Background Thread 3 ] DEBUG Engine               - isCloseConfirmation: false
00:36:46.203 [FXGL Background Thread 3 ] DEBUG Engine               - isDesktop: true
00:36:46.204 [FXGL Background Thread 3 ] DEBUG Engine               - isDeveloperMenuEnabled: false
00:36:46.204 [FXGL Background Thread 3 ] DEBUG Engine               - isEmbedded: false
00:36:46.204 [FXGL Background Thread 3 ] DEBUG Engine               - isEntityPreloadEnabled: true
00:36:46.204 [FXGL Background Thread 3 ] DEBUG Engine               - isExperimentalTiledLargeMap: false
00:36:46.204 [FXGL Background Thread 3 ] DEBUG Engine               - isFileSystemWriteAllowed: true
00:36:46.204 [FXGL Background Thread 3 ] DEBUG Engine               - isFullScreenAllowed: false
00:36:46.204 [FXGL Background Thread 3 ] DEBUG Engine               - isFullScreenFromStart: false
00:36:46.204 [FXGL Background Thread 3 ] DEBUG Engine               - isGameMenuEnabled: true
00:36:46.205 [FXGL Background Thread 3 ] DEBUG Engine               - isIOS: false
00:36:46.205 [FXGL Background Thread 3 ] DEBUG Engine               - isIntroEnabled: false
00:36:46.205 [FXGL Background Thread 3 ] DEBUG Engine               - isLinux: false
00:36:46.205 [FXGL Background Thread 3 ] DEBUG Engine               - isMac: false
00:36:46.205 [FXGL Background Thread 3 ] DEBUG Engine               - isMainMenuEnabled: false
00:36:46.205 [FXGL Background Thread 3 ] DEBUG Engine               - isManualResizeEnabled: false
00:36:46.205 [FXGL Background Thread 3 ] DEBUG Engine               - isMobile: false
00:36:46.205 [FXGL Background Thread 3 ] DEBUG Engine               - isNative: false
00:36:46.205 [FXGL Background Thread 3 ] DEBUG Engine               - isPauseMusicWhenMinimized: true
00:36:46.205 [FXGL Background Thread 3 ] DEBUG Engine               - isPreserveResizeRatio: false
00:36:46.206 [FXGL Background Thread 3 ] DEBUG Engine               - isProfilingEnabled: false
00:36:46.206 [FXGL Background Thread 3 ] DEBUG Engine               - isScaleAffectedOnResize: true
00:36:46.206 [FXGL Background Thread 3 ] DEBUG Engine               - isSingleStep: false
00:36:46.206 [FXGL Background Thread 3 ] DEBUG Engine               - isUserProfileEnabled: false
00:36:46.206 [FXGL Background Thread 3 ] DEBUG Engine               - isWindows: true
00:36:46.206 [FXGL Background Thread 3 ] DEBUG Engine               - language: ObjectProperty [value: ENGLISH]
00:36:46.206 [FXGL Background Thread 3 ] DEBUG Engine               - menuKey: ESCAPE
00:36:46.206 [FXGL Background Thread 3 ] DEBUG Engine               - mouseSensitivity: 0.2
00:36:46.206 [FXGL Background Thread 3 ] DEBUG Engine               - notificationViewClass: class com.almasb.fxgl.notification.view.XboxNotificationView
00:36:46.206 [FXGL Background Thread 3 ] DEBUG Engine               - pixelsPerMeter: 50.0
00:36:46.206 [FXGL Background Thread 3 ] DEBUG Engine               - platform: WINDOWS
00:36:46.206 [FXGL Background Thread 3 ] DEBUG Engine               - prefHeightProperty: ReadOnlyDoubleProperty [value: 600.0]
00:36:46.206 [FXGL Background Thread 3 ] DEBUG Engine               - prefWidthProperty: ReadOnlyDoubleProperty [value: 600.0]
00:36:46.207 [FXGL Background Thread 3 ] DEBUG Engine               - profileDir: profiles/
00:36:46.207 [FXGL Background Thread 3 ] DEBUG Engine               - profileName: StringProperty [value: DEFAULT]
00:36:46.207 [FXGL Background Thread 3 ] DEBUG Engine               - randomSeed: -1
00:36:46.207 [FXGL Background Thread 3 ] DEBUG Engine               - runtimeInfo: RuntimeInfo(platform=WINDOWS, version=17.1, build=24.03.2022 17.34)
00:36:46.207 [FXGL Background Thread 3 ] DEBUG Engine               - saveFileExt: sav
00:36:46.207 [FXGL Background Thread 3 ] DEBUG Engine               - scaledHeightProp$fxgl: DoubleProperty [bound, value: 600.0]
00:36:46.207 [FXGL Background Thread 3 ] DEBUG Engine               - scaledWidthProp$fxgl: DoubleProperty [bound, value: 600.0]
00:36:46.207 [FXGL Background Thread 3 ] DEBUG Engine               - sceneFactory: com.almasb.fxgl.app.scene.SceneFactory@79a9a9b0
00:36:46.207 [FXGL Background Thread 3 ] DEBUG Engine               - secondsIn24h: 60
00:36:46.207 [FXGL Background Thread 3 ] DEBUG Engine               - soundMenuBack: menu/back.wav
00:36:46.208 [FXGL Background Thread 3 ] DEBUG Engine               - soundMenuPress: menu/press.wav
00:36:46.208 [FXGL Background Thread 3 ] DEBUG Engine               - soundMenuSelect: menu/select.wav
00:36:46.208 [FXGL Background Thread 3 ] DEBUG Engine               - soundNotification: core/notification.wav
00:36:46.208 [FXGL Background Thread 3 ] DEBUG Engine               - stageStyle: DECORATED
00:36:46.208 [FXGL Background Thread 3 ] DEBUG Engine               - supportedLanguages: [ENGLISH, FRENCH, GERMAN, HUNGARIAN, RUSSIAN]
00:36:46.208 [FXGL Background Thread 3 ] DEBUG Engine               - ticksPerSecond: -1
00:36:46.208 [FXGL Background Thread 3 ] DEBUG Engine               - title: Some Shmup game
00:36:46.208 [FXGL Background Thread 3 ] DEBUG Engine               - urlGithub: https://github.com/AlmasB/FXGL
00:36:46.208 [FXGL Background Thread 3 ] DEBUG Engine               - urlLeaderboard: http://fxgl-top.herokuapp.com/
00:36:46.208 [FXGL Background Thread 3 ] DEBUG Engine               - urlPOM: https://raw.githubusercontent.com/AlmasB/FXGL/release/README.md
00:36:46.208 [FXGL Background Thread 3 ] DEBUG Engine               - userAppClass: class com.jonathanc8.fxglgame.Game
00:36:46.208 [FXGL Background Thread 3 ] DEBUG Engine               - version: 0.01
00:36:46.208 [FXGL Background Thread 3 ] DEBUG Engine               - versionCheckDays: 7
00:36:46.208 [FXGL Background Thread 3 ] DEBUG Engine               - width: 600
00:36:46.208 [FXGL Background Thread 3 ] DEBUG Engine               - Logging services
00:36:46.209 [FXGL Background Thread 3 ] DEBUG Engine               - class com.almasb.fxgl.app.services.FXGLAssetLoaderService
00:36:46.209 [FXGL Background Thread 3 ] DEBUG Engine               - class com.almasb.fxgl.app.FXGLApplication$GameApplicationService
00:36:46.209 [FXGL Background Thread 3 ] DEBUG Engine               - class com.almasb.fxgl.app.services.FXGLDialogService
00:36:46.209 [FXGL Background Thread 3 ] DEBUG Engine               - class com.almasb.fxgl.app.services.IOTaskExecutorService
00:36:46.209 [FXGL Background Thread 3 ] DEBUG Engine               - class com.almasb.fxgl.io.FileSystemService
00:36:46.209 [FXGL Background Thread 3 ] DEBUG Engine               - class com.almasb.fxgl.localization.LocalizationService
00:36:46.209 [FXGL Background Thread 3 ] DEBUG Engine               - class com.almasb.fxgl.app.services.SystemBundleService
00:36:46.209 [FXGL Background Thread 3 ] DEBUG Engine               - class com.almasb.fxgl.profile.SaveLoadService
00:36:46.209 [FXGL Background Thread 3 ] DEBUG Engine               - class com.almasb.fxgl.ui.FXGLUIFactoryServiceProvider
00:36:46.209 [FXGL Background Thread 3 ] DEBUG Engine               - class com.almasb.fxgl.ui.FXGLDialogFactoryServiceProvider
00:36:46.209 [FXGL Background Thread 3 ] DEBUG Engine               - class com.almasb.fxgl.audio.AudioPlayer
00:36:46.209 [FXGL Background Thread 3 ] DEBUG Engine               - class com.almasb.fxgl.notification.impl.NotificationServiceProvider
00:36:46.209 [FXGL Background Thread 3 ] DEBUG Engine               - class com.almasb.fxgl.achievement.AchievementService
00:36:46.209 [FXGL Background Thread 3 ] DEBUG Engine               - class com.almasb.fxgl.cutscene.CutsceneService
00:36:46.209 [FXGL Background Thread 3 ] DEBUG Engine               - class com.almasb.fxgl.minigames.MiniGameService
00:36:46.209 [FXGL Background Thread 3 ] DEBUG Engine               - class com.almasb.fxgl.net.NetService
00:36:46.209 [FXGL Background Thread 3 ] DEBUG Engine               - class com.almasb.fxgl.app.services.UpdaterService
00:36:46.210 [FXGL Background Thread 3 ] DEBUG Engine               - class com.almasb.fxgl.dev.DevService
00:37:00.389 [JavaFX Application Thread] DEBUG FXGLApplication      - Exiting FXGL
00:37:00.390 [JavaFX Application Thread] DEBUG LoopRunner           - Stopping loop
00:37:00.390 [JavaFX Application Thread] DEBUG SystemBundleService  - Saving FXGL system data
00:37:00.392 [JavaFX Application Thread] DEBUG FileSystemAccess     - Writing to: C:\Users\Jonat\OneDrive\Documents\Projects\Coding\Java\FXGLGame\system\fxgl.bundle
00:37:00.393 [JavaFX Application Thread] DEBUG Async                - Shutting down background threads
00:37:00.393 [JavaFX Application Thread] DEBUG PrimaryStageWindow   - Closing main window
00:37:00.404 [JavaFX Application Thread] DEBUG Logger               - Closing Logger
