15:29:14.760 [main                     ] DEBUG Logger               - Configured Logger
15:29:14.779 [main                     ] DEBUG GameApplication      - Logging settings
Title: A game without a name
Version: Early Development
Width: 1600
Height: 900
Fullscreen: false
Intro: false
Profiling: false
Single step:false
App Mode: DEVELOPER
Menu Key: ESCAPE
Stage Style: DECORATED
Scene Factory: class com.jonathanc8.fxglgame.MainSceneFactory

15:29:15.474 [JavaFX Application Thread] DEBUG FXGLApplication      - Initializing FXGL
15:29:15.478 [JavaFX Application Thread] INFO  Engine               - FXGL-17.1 (24.03.2022 17.34) on WINDOWS (J:17.0.2 FX:17.0.2-ea)
15:29:15.479 [JavaFX Application Thread] DEBUG Engine               - JRE Vendor Name: Oracle Corporation
15:29:15.479 [JavaFX Application Thread] DEBUG Engine               - Running on OS: Windows 10 version 10.0
15:29:15.479 [JavaFX Application Thread] DEBUG Engine               - Architecture: amd64
15:29:15.480 [JavaFX Application Thread] INFO  Engine               - Source code and latest versions at: https://github.com/AlmasB/FXGL
15:29:15.480 [JavaFX Application Thread] INFO  Engine               -       Ask questions and discuss at: https://github.com/AlmasB/FXGL/discussions
15:29:15.480 [JavaFX Application Thread] INFO  Engine               -              Join the FXGL chat at: https://gitter.im/AlmasB/FXGL
15:29:15.540 [JavaFX Application Thread] DEBUG PrimaryStageWindow   - Creating a JavaFX scene
15:29:15.582 [JavaFX Application Thread] DEBUG PrimaryStageWindow   - Target settings size: 1600.0 x 900.0
15:29:15.582 [JavaFX Application Thread] DEBUG PrimaryStageWindow   - Scaled scene size:    1600.0 x 900.0
15:29:15.582 [JavaFX Application Thread] DEBUG PrimaryStageWindow   - Scaled ratio: (1.0, 1.0)
15:29:15.583 [JavaFX Application Thread] DEBUG PrimaryStageWindow   - Set initial scene to FXGLStartupScene
15:29:15.589 [JavaFX Application Thread] DEBUG PrimaryStageWindow   - Opening main window
15:29:15.663 [JavaFX Application Thread] DEBUG PrimaryStageWindow   - Window border size: (16.0, 39.0)
15:29:15.663 [JavaFX Application Thread] DEBUG PrimaryStageWindow   - Scaled size: 1600.0 x 900.0
15:29:15.663 [JavaFX Application Thread] DEBUG PrimaryStageWindow   - Scaled ratio: (1.0, 1.0)
15:29:15.664 [JavaFX Application Thread] DEBUG PrimaryStageWindow   - Scene size: 1600.0 x 900.0
15:29:15.664 [JavaFX Application Thread] DEBUG PrimaryStageWindow   - Stage size: 1616.0 x 939.0
15:29:15.672 [FXGL Background Thread 1 ] DEBUG Engine               - Initializing environment variables
15:29:15.708 [FXGL Background Thread 1 ] DEBUG FXGLAssetLoaderServi - User app class for loading assets: class com.jonathanc8.fxglgame.Game
15:29:15.708 [FXGL Background Thread 1 ] DEBUG GameApplicationServi - Applying CSS: fxgl_dark.css
15:29:15.709 [FXGL Background Thread 1 ] DEBUG FXGLAssetLoaderServi - Loading from file system: jar:file:///C:/Users/Jonat/.gradle/caches/modules-2/files-2.1/com.github.almasb/fxgl/17.1/2a9509aedf54954c9b13849c18c6f495a81c542d/fxgl-17.1.jar!/fxglassets/ui/css/fxgl_dark.css
15:29:15.748 [FXGL Background Thread 1 ] DEBUG GameApplicationServi - Initializing application scenes
15:29:15.788 [FXGL Background Thread 1 ] DEBUG GameWorld            - Game world initialized
15:29:15.839 [FXGL Background Thread 1 ] DEBUG PhysicsWorld         - Physics world initialized: appHeight=900, physics.ppm=50.0
15:29:15.839 [FXGL Background Thread 1 ] DEBUG PhysicsWorld         - Using strategy: BRUTE_FORCE
15:29:15.843 [FXGL Background Thread 1 ] DEBUG GameScene            - Game scene initialized: 1600x900
15:29:15.855 [FXGL Background Thread 1 ] DEBUG FXGL.DefaultMenu     - createMenuBodyMainMenu()
15:29:15.868 [FXGL Background Thread 1 ] DEBUG FXGL.DefaultMenu     - createOptionsMenu()
15:29:15.878 [FXGL Background Thread 1 ] DEBUG FXGLAssetLoaderServi - Loading from file system: jar:file:///C:/Users/Jonat/.gradle/caches/modules-2/files-2.1/com.github.almasb/fxgl/17.1/2a9509aedf54954c9b13849c18c6f495a81c542d/fxgl-17.1.jar!/fxglassets/textures/particles/smoke.png
15:29:15.992 [FXGL Background Thread 1 ] DEBUG FXGLAssetLoaderServi - Loading from file system: jar:file:///C:/Users/Jonat/.gradle/caches/modules-2/files-2.1/com.github.almasb/fxgl/17.1/2a9509aedf54954c9b13849c18c6f495a81c542d/fxgl-17.1.jar!/fxglassets/textures/particles/trace_horizontal.png
15:29:16.038 [FXGL Background Thread 1 ] DEBUG GameApplicationServi - Application scenes initialized
15:29:16.050 [FXGL Background Thread 1 ] DEBUG SystemBundleService  - Loading FXGL system data
15:29:16.055 [FXGL Background Thread 1 ] DEBUG FileSystemAccess     - Reading from: D:\Projects\Coding\Java\FXGLGame\system\fxgl.bundle
15:29:16.062 [FXGL Background Thread 1 ] DEBUG SystemBundleService  - Bundle FXGL: {}
15:29:16.062 [FXGL Background Thread 1 ] DEBUG UpdaterService       - Checking for updates
15:29:16.066 [FXGL Background Thread 4 ] DEBUG FXGLApplication      - Loading fonts
15:29:16.066 [FXGL Background Thread 1 ] DEBUG FXGLApplication      - Loading default localization
15:29:16.066 [FXGL Background Thread 4 ] DEBUG FXGLAssetLoaderServi - Loading from file system: jar:file:///C:/Users/Jonat/.gradle/caches/modules-2/files-2.1/com.github.almasb/fxgl/17.1/2a9509aedf54954c9b13849c18c6f495a81c542d/fxgl-17.1.jar!/fxglassets/ui/fonts/VarelaRound-Regular.ttf
15:29:16.067 [FXGL Background Thread 1 ] DEBUG FXGLAssetLoaderServi - Loading from file system: jar:file:///C:/Users/Jonat/.gradle/caches/modules-2/files-2.1/com.github.almasb/fxgl/17.1/2a9509aedf54954c9b13849c18c6f495a81c542d/fxgl-17.1.jar!/fxglassets/languages/english.lang
15:29:16.092 [FXGL Background Thread 1 ] INFO  FXGLApplication      - FXGL initialization took: 0.420 sec
15:29:16.104 [JavaFX Application Thread] DEBUG Input                - Registered new binding: Move Right - D
15:29:16.104 [JavaFX Application Thread] DEBUG Input                - Registered new binding: Move Left - A
15:29:16.104 [JavaFX Application Thread] DEBUG Input                - Registered new binding: Move Down - S
15:29:16.104 [JavaFX Application Thread] DEBUG Input                - Registered new binding: Move Up - W
15:29:16.105 [JavaFX Application Thread] DEBUG Input                - Registered new binding: action0 - Enter
15:29:16.106 [JavaFX Application Thread] DEBUG Input                - Registered new binding: action1 - Right
15:29:16.107 [JavaFX Application Thread] DEBUG Input                - Registered new binding: action2 - Left
15:29:16.108 [JavaFX Application Thread] DEBUG Input                - Registered new binding: action3 - Up
15:29:16.108 [JavaFX Application Thread] DEBUG Input                - Registered new binding: action4 - Down
15:29:16.109 [JavaFX Application Thread] DEBUG Input                - Registered new binding: action5 - Delete
15:29:16.109 [JavaFX Application Thread] DEBUG Input                - Registered new binding: Shoot - Space
15:29:16.110 [JavaFX Application Thread] DEBUG Input                - Registered new binding: action6 - E
15:29:16.110 [JavaFX Application Thread] DEBUG FXGLAssetLoaderServi - Loading from file system: jar:file:///C:/Users/Jonat/.gradle/caches/modules-2/files-2.1/com.github.almasb/fxgl/17.1/2a9509aedf54954c9b13849c18c6f495a81c542d/fxgl-17.1.jar!/fxglassets/textures/fxgl_icon.png
15:29:16.136 [JavaFX Application Thread] DEBUG FXGLAssetLoaderServi - Loading from file system: jar:file:///C:/Users/Jonat/.gradle/caches/modules-2/files-2.1/com.github.almasb/fxgl/17.1/2a9509aedf54954c9b13849c18c6f495a81c542d/fxgl-17.1.jar!/fxglassets/textures/fxgl_default_cursor.png
15:29:16.139 [JavaFX Application Thread] DEBUG Input                - Registered new binding: Screenshot - CTRL+8
15:29:16.139 [JavaFX Application Thread] DEBUG Input                - Registered new binding: System info dump - CTRL+9
15:29:16.140 [JavaFX Application Thread] DEBUG Input                - Registered new binding: Restart - CTRL+R
15:29:16.141 [JavaFX Application Thread] DEBUG Input                - Registered new binding: Toggle Debug Camera - CTRL+7
15:29:16.143 [JavaFX Application Thread] DEBUG LoopRunner           - Starting loop
15:29:16.143 [JavaFX Application Thread] DEBUG LoopRunner           - Initializing JavaFX AnimationTimerLoop
15:29:16.147 [JavaFX Application Thread] DEBUG Input                - Clearing active input actions
15:29:16.155 [JavaFX Application Thread] DEBUG GameApplicationServi - Removing overlay from FXGLStartupScene and adding to FXGLMainMenuDummyScene
15:29:16.156 [JavaFX Application Thread] DEBUG PrimaryStageWindow   - FXGLStartupScene -> FXGLMainMenuDummyScene
15:29:16.156 [JavaFX Application Thread] DEBUG PrimaryStageWindow   - Push state: FXGLDefaultMenu
15:29:16.165 [JavaFX Application Thread] DEBUG Input                - Clearing active input actions
15:29:16.183 [JavaFX Application Thread] DEBUG GameApplicationServi - Removing overlay from FXGLMainMenuDummyScene and adding to FXGLDefaultMenu
15:29:16.184 [JavaFX Application Thread] DEBUG PrimaryStageWindow   - FXGLMainMenuDummyScene -> FXGLDefaultMenu
15:29:16.223 [FXGL Background Thread 4 ] DEBUG FXGLAssetLoaderServi - Loading from file system: jar:file:///C:/Users/Jonat/.gradle/caches/modules-2/files-2.1/com.github.almasb/fxgl/17.1/2a9509aedf54954c9b13849c18c6f495a81c542d/fxgl-17.1.jar!/fxglassets/ui/fonts/Abel-Regular.ttf
15:29:16.237 [FXGL Background Thread 4 ] DEBUG FXGLAssetLoaderServi - Loading from file system: jar:file:///C:/Users/Jonat/.gradle/caches/modules-2/files-2.1/com.github.almasb/fxgl/17.1/2a9509aedf54954c9b13849c18c6f495a81c542d/fxgl-17.1.jar!/fxglassets/ui/fonts/TerminalLandMono-Regular.otf
15:29:16.253 [FXGL Background Thread 4 ] DEBUG FXGLAssetLoaderServi - Loading from file system: jar:file:///C:/Users/Jonat/.gradle/caches/modules-2/files-2.1/com.github.almasb/fxgl/17.1/2a9509aedf54954c9b13849c18c6f495a81c542d/fxgl-17.1.jar!/fxglassets/ui/fonts/Courier-Prime.ttf
15:29:16.317 [JavaFX Application Thread] DEBUG FXGLApplication      - Registering font factories with UI factory
15:29:16.613 [FXGL Background Thread 2 ] INFO  UpdaterService       - Your current version:  17.1
15:29:16.613 [FXGL Background Thread 2 ] INFO  UpdaterService       - Latest stable version: 17.2
15:29:18.742 [JavaFX Application Thread] DEBUG Menu                 - fireNewGame()
15:29:18.742 [JavaFX Application Thread] DEBUG GameApplicationServi - Starting new game
15:29:18.744 [JavaFX Application Thread] DEBUG PrimaryStageWindow   - Pop state: FXGLDefaultMenu
15:29:18.744 [JavaFX Application Thread] DEBUG Input                - Clearing active input actions
15:29:18.745 [JavaFX Application Thread] DEBUG GameApplicationServi - Removing overlay from FXGLDefaultMenu and adding to FXGLMainMenuDummyScene
15:29:18.745 [JavaFX Application Thread] DEBUG PrimaryStageWindow   - FXGLMainMenuDummyScene <- FXGLDefaultMenu
15:29:18.746 [JavaFX Application Thread] DEBUG Input                - Clearing active input actions
15:29:18.752 [JavaFX Application Thread] DEBUG GameApplicationServi - Removing overlay from FXGLMainMenuDummyScene and adding to FXGLLoadingScene
15:29:18.752 [JavaFX Application Thread] DEBUG PrimaryStageWindow   - FXGLMainMenuDummyScene -> FXGLLoadingScene
15:29:18.752 [JavaFX Application Thread] DEBUG GameApplicationServi - Clearing previous game
15:29:18.752 [JavaFX Application Thread] DEBUG GameScene            - Clearing game scene
15:29:18.752 [JavaFX Application Thread] DEBUG GameWorld            - Clearing game world
15:29:18.752 [JavaFX Application Thread] DEBUG PhysicsWorld         - Clearing physics world
15:29:18.756 [FXGL Background Thread 2 ] DEBUG FXGLApplication      - Initializing game
15:29:18.763 [FXGL Background Thread 2 ] WARN  FXGLAssetLoaderServi - Asset "/assets/textures/Untitled.png" was not found!
15:29:18.764 [FXGL Background Thread 2 ] WARN  FXGLAssetLoaderServi - Failed to load IMAGE
15:29:18.790 [FXGL Background Thread 2 ] DEBUG FXGLAssetLoaderServi - Loading from file system: file:/D:/Projects/Coding/Java/FXGLGame/build/resources/main/assets/textures/ship/sparrow.png
15:29:18.838 [FXGL Background Thread 2 ] WARN  TMXLevelLoader       - TiledMap generated from 1.4.3. Supported version: 1.4.2. Some features may not be parsed fully.
15:29:18.859 [FXGL Background Thread 2 ] DEBUG TMXLevelLoader       - Parsed TiledMap: file:/D:/Projects/Coding/Java/FXGLGame/build/resources/main/assets/levels/testLevelMap.tmx
15:29:18.861 [FXGL Background Thread 2 ] DEBUG TMXLevelLoader       - Creating tile layer entities
15:29:18.862 [FXGL Background Thread 2 ] DEBUG TilesetLoader        - Loading view for layer Tile Layer 1
15:29:18.874 [FXGL Background Thread 2 ] DEBUG TilesetLoader        - Created buffer with size 1600.0x6400.0
15:29:18.922 [FXGL Background Thread 2 ] DEBUG TMXLevelLoader       - Creating object layer entities
15:29:18.923 [FXGL Background Thread 2 ] DEBUG FXGLAssetLoaderServi - Loading from file system: file:/D:/Projects/Coding/Java/FXGLGame/build/resources/main/assets/textures/ship/hai%20water%20bug.png
15:29:18.940 [FXGL Background Thread 2 ] DEBUG FXGLAssetLoaderServi - Loading from file system: file:/D:/Projects/Coding/Java/FXGLGame/build/resources/main/assets/textures/ship/wasp.png
15:29:18.962 [FXGL Background Thread 2 ] DEBUG GameWorld            - Clearing removable entities
15:29:18.966 [FXGL Background Thread 2 ] DEBUG GameWorld            - Setting level: com.almasb.fxgl.entity.level.Level@3bd83d7f
15:29:18.976 [FXGL Background Thread 2 ] INFO  FXGLApplication      - Game initialization took: 0.220 sec
15:29:18.984 [JavaFX Application Thread] DEBUG Input                - Clearing active input actions
15:29:18.989 [JavaFX Application Thread] DEBUG GameApplicationServi - Removing overlay from FXGLLoadingScene and adding to GameScene
15:29:18.990 [JavaFX Application Thread] DEBUG PrimaryStageWindow   - FXGLLoadingScene -> GameScene
15:29:19.066 [FXGL Background Thread 3 ] DEBUG Engine               - Logging environment variables
15:29:19.067 [FXGL Background Thread 3 ] DEBUG Engine               - achievements: []
15:29:19.067 [FXGL Background Thread 3 ] DEBUG Engine               - actualHeight: 900.0
15:29:19.067 [FXGL Background Thread 3 ] DEBUG Engine               - actualHeightProperty: ReadOnlyDoubleProperty [value: 900.0]
15:29:19.067 [FXGL Background Thread 3 ] DEBUG Engine               - actualWidth: 1600.0
15:29:19.068 [FXGL Background Thread 3 ] DEBUG Engine               - actualWidthProperty: ReadOnlyDoubleProperty [value: 1600.0]
15:29:19.068 [FXGL Background Thread 3 ] DEBUG Engine               - appIcon: fxgl_icon.png
15:29:19.068 [FXGL Background Thread 3 ] DEBUG Engine               - applicationMode: DEVELOPER
15:29:19.068 [FXGL Background Thread 3 ] DEBUG Engine               - cSSList: [fxgl_dark.css]
15:29:19.068 [FXGL Background Thread 3 ] DEBUG Engine               - collisionDetectionStrategy: BRUTE_FORCE
15:29:19.068 [FXGL Background Thread 3 ] DEBUG Engine               - configClass: Optional.empty
15:29:19.068 [FXGL Background Thread 3 ] DEBUG Engine               - credits: []
15:29:19.069 [FXGL Background Thread 3 ] DEBUG Engine               - defaultCursor: CursorInfo(imageName=fxgl_default_cursor.png, hotspotX=7.0, hotspotY=6.0)
15:29:19.069 [FXGL Background Thread 3 ] DEBUG Engine               - devBBoxColorProperty: ObjectProperty [value: 0xff0000ff]
15:29:19.069 [FXGL Background Thread 3 ] DEBUG Engine               - devEnableDebugCameraProperty: BooleanProperty [value: false]
15:29:19.069 [FXGL Background Thread 3 ] DEBUG Engine               - devSensorColorProperty: ObjectProperty [value: 0xffff00ff]
15:29:19.070 [FXGL Background Thread 3 ] DEBUG Engine               - devShowBBoxProperty: BooleanProperty [value: false]
15:29:19.070 [FXGL Background Thread 3 ] DEBUG Engine               - devShowPositionProperty: BooleanProperty [value: false]
15:29:19.070 [FXGL Background Thread 3 ] DEBUG Engine               - enabledMenuItems: []
15:29:19.070 [FXGL Background Thread 3 ] DEBUG Engine               - engineServices: [class com.almasb.fxgl.app.services.FXGLAssetLoaderService, class com.almasb.fxgl.app.FXGLApplication$GameApplicationService, class com.almasb.fxgl.app.services.FXGLDialogService, class com.almasb.fxgl.app.services.IOTaskExecutorService, class com.almasb.fxgl.io.FileSystemService, class com.almasb.fxgl.localization.LocalizationService, class com.almasb.fxgl.app.services.SystemBundleService, class com.almasb.fxgl.profile.SaveLoadService, class com.almasb.fxgl.ui.FXGLUIFactoryServiceProvider, class com.almasb.fxgl.ui.FXGLDialogFactoryServiceProvider, class com.almasb.fxgl.audio.AudioPlayer, class com.almasb.fxgl.notification.impl.NotificationServiceProvider, class com.almasb.fxgl.achievement.AchievementService, class com.almasb.fxgl.cutscene.CutsceneService, class com.almasb.fxgl.minigames.MiniGameService, class com.almasb.fxgl.net.NetService, class com.almasb.fxgl.app.services.UpdaterService, class com.almasb.fxgl.dev.DevService]
15:29:19.071 [FXGL Background Thread 3 ] DEBUG Engine               - fontGame: Abel-Regular.ttf
15:29:19.071 [FXGL Background Thread 3 ] DEBUG Engine               - fontMono: TerminalLandMono-Regular.otf
15:29:19.071 [FXGL Background Thread 3 ] DEBUG Engine               - fontText: Courier-Prime.ttf
15:29:19.071 [FXGL Background Thread 3 ] DEBUG Engine               - fontUI: VarelaRound-Regular.ttf
15:29:19.071 [FXGL Background Thread 3 ] DEBUG Engine               - fullScreen: BooleanProperty [value: false]
15:29:19.071 [FXGL Background Thread 3 ] DEBUG Engine               - gameDifficulty: MEDIUM
15:29:19.071 [FXGL Background Thread 3 ] DEBUG Engine               - gameDifficultyProperty: ObjectProperty [value: MEDIUM]
15:29:19.072 [FXGL Background Thread 3 ] DEBUG Engine               - globalMusicVolume: 0.5
15:29:19.072 [FXGL Background Thread 3 ] DEBUG Engine               - globalMusicVolumeProperty: DoubleProperty [value: 0.5]
15:29:19.072 [FXGL Background Thread 3 ] DEBUG Engine               - globalSoundVolume: 0.5
15:29:19.072 [FXGL Background Thread 3 ] DEBUG Engine               - globalSoundVolumeProperty: DoubleProperty [value: 0.5]
15:29:19.072 [FXGL Background Thread 3 ] DEBUG Engine               - height: 900
15:29:19.072 [FXGL Background Thread 3 ] DEBUG Engine               - is3D: false
15:29:19.072 [FXGL Background Thread 3 ] DEBUG Engine               - isAndroid: false
15:29:19.072 [FXGL Background Thread 3 ] DEBUG Engine               - isBrowser: false
15:29:19.073 [FXGL Background Thread 3 ] DEBUG Engine               - isClickFeedbackEnabled: false
15:29:19.073 [FXGL Background Thread 3 ] DEBUG Engine               - isCloseConfirmation: false
15:29:19.073 [FXGL Background Thread 3 ] DEBUG Engine               - isDesktop: true
15:29:19.073 [FXGL Background Thread 3 ] DEBUG Engine               - isDeveloperMenuEnabled: false
15:29:19.073 [FXGL Background Thread 3 ] DEBUG Engine               - isEmbedded: false
15:29:19.073 [FXGL Background Thread 3 ] DEBUG Engine               - isEntityPreloadEnabled: true
15:29:19.073 [FXGL Background Thread 3 ] DEBUG Engine               - isExperimentalTiledLargeMap: false
15:29:19.073 [FXGL Background Thread 3 ] DEBUG Engine               - isFileSystemWriteAllowed: true
15:29:19.073 [FXGL Background Thread 3 ] DEBUG Engine               - isFullScreenAllowed: false
15:29:19.073 [FXGL Background Thread 3 ] DEBUG Engine               - isFullScreenFromStart: false
15:29:19.073 [FXGL Background Thread 3 ] DEBUG Engine               - isGameMenuEnabled: true
15:29:19.074 [FXGL Background Thread 3 ] DEBUG Engine               - isIOS: false
15:29:19.074 [FXGL Background Thread 3 ] DEBUG Engine               - isIntroEnabled: false
15:29:19.074 [FXGL Background Thread 3 ] DEBUG Engine               - isLinux: false
15:29:19.074 [FXGL Background Thread 3 ] DEBUG Engine               - isMac: false
15:29:19.074 [FXGL Background Thread 3 ] DEBUG Engine               - isMainMenuEnabled: true
15:29:19.074 [FXGL Background Thread 3 ] DEBUG Engine               - isManualResizeEnabled: true
15:29:19.074 [FXGL Background Thread 3 ] DEBUG Engine               - isMobile: false
15:29:19.074 [FXGL Background Thread 3 ] DEBUG Engine               - isNative: false
15:29:19.074 [FXGL Background Thread 3 ] DEBUG Engine               - isPauseMusicWhenMinimized: true
15:29:19.074 [FXGL Background Thread 3 ] DEBUG Engine               - isPreserveResizeRatio: false
15:29:19.074 [FXGL Background Thread 3 ] DEBUG Engine               - isProfilingEnabled: false
15:29:19.074 [FXGL Background Thread 3 ] DEBUG Engine               - isScaleAffectedOnResize: true
15:29:19.075 [FXGL Background Thread 3 ] DEBUG Engine               - isSingleStep: false
15:29:19.075 [FXGL Background Thread 3 ] DEBUG Engine               - isUserProfileEnabled: false
15:29:19.075 [FXGL Background Thread 3 ] DEBUG Engine               - isWindows: true
15:29:19.075 [FXGL Background Thread 3 ] DEBUG Engine               - language: ObjectProperty [value: ENGLISH]
15:29:19.075 [FXGL Background Thread 3 ] DEBUG Engine               - menuKey: ESCAPE
15:29:19.075 [FXGL Background Thread 3 ] DEBUG Engine               - mouseSensitivity: 0.2
15:29:19.075 [FXGL Background Thread 3 ] DEBUG Engine               - notificationViewClass: class com.almasb.fxgl.notification.view.XboxNotificationView
15:29:19.075 [FXGL Background Thread 3 ] DEBUG Engine               - pixelsPerMeter: 50.0
15:29:19.075 [FXGL Background Thread 3 ] DEBUG Engine               - platform: WINDOWS
15:29:19.075 [FXGL Background Thread 3 ] DEBUG Engine               - prefHeightProperty: ReadOnlyDoubleProperty [value: 900.0]
15:29:19.076 [FXGL Background Thread 3 ] DEBUG Engine               - prefWidthProperty: ReadOnlyDoubleProperty [value: 1600.0]
15:29:19.076 [FXGL Background Thread 3 ] DEBUG Engine               - profileDir: profiles/
15:29:19.076 [FXGL Background Thread 3 ] DEBUG Engine               - profileName: StringProperty [value: DEFAULT]
15:29:19.076 [FXGL Background Thread 3 ] DEBUG Engine               - randomSeed: -1
15:29:19.076 [FXGL Background Thread 3 ] DEBUG Engine               - runtimeInfo: RuntimeInfo(platform=WINDOWS, version=17.1, build=24.03.2022 17.34)
15:29:19.076 [FXGL Background Thread 3 ] DEBUG Engine               - saveFileExt: sav
15:29:19.076 [FXGL Background Thread 3 ] DEBUG Engine               - scaledHeightProp$fxgl: DoubleProperty [bound, value: 900.0]
15:29:19.076 [FXGL Background Thread 3 ] DEBUG Engine               - scaledWidthProp$fxgl: DoubleProperty [bound, value: 1600.0]
15:29:19.077 [FXGL Background Thread 3 ] DEBUG Engine               - sceneFactory: com.jonathanc8.fxglgame.MainSceneFactory@a7c0dd7
15:29:19.077 [FXGL Background Thread 3 ] DEBUG Engine               - secondsIn24h: 60
15:29:19.077 [FXGL Background Thread 3 ] DEBUG Engine               - soundMenuBack: menu/back.wav
15:29:19.077 [FXGL Background Thread 3 ] DEBUG Engine               - soundMenuPress: menu/press.wav
15:29:19.077 [FXGL Background Thread 3 ] DEBUG Engine               - soundMenuSelect: menu/select.wav
15:29:19.077 [FXGL Background Thread 3 ] DEBUG Engine               - soundNotification: core/notification.wav
15:29:19.077 [FXGL Background Thread 3 ] DEBUG Engine               - stageStyle: DECORATED
15:29:19.077 [FXGL Background Thread 3 ] DEBUG Engine               - supportedLanguages: [ENGLISH, FRENCH, GERMAN, HUNGARIAN, RUSSIAN]
15:29:19.077 [FXGL Background Thread 3 ] DEBUG Engine               - ticksPerSecond: -1
15:29:19.077 [FXGL Background Thread 3 ] DEBUG Engine               - title: A game without a name
15:29:19.078 [FXGL Background Thread 3 ] DEBUG Engine               - urlGithub: https://github.com/AlmasB/FXGL
15:29:19.078 [FXGL Background Thread 3 ] DEBUG Engine               - urlLeaderboard: http://fxgl-top.herokuapp.com/
15:29:19.078 [FXGL Background Thread 3 ] DEBUG Engine               - urlPOM: https://raw.githubusercontent.com/AlmasB/FXGL/release/README.md
15:29:19.078 [FXGL Background Thread 3 ] DEBUG Engine               - userAppClass: class com.jonathanc8.fxglgame.Game
15:29:19.078 [FXGL Background Thread 3 ] DEBUG Engine               - version: Early Development
15:29:19.078 [FXGL Background Thread 3 ] DEBUG Engine               - versionCheckDays: 7
15:29:19.078 [FXGL Background Thread 3 ] DEBUG Engine               - width: 1600
15:29:19.078 [FXGL Background Thread 3 ] DEBUG Engine               - Logging services
15:29:19.078 [FXGL Background Thread 3 ] DEBUG Engine               - class com.almasb.fxgl.app.services.FXGLAssetLoaderService
15:29:19.078 [FXGL Background Thread 3 ] DEBUG Engine               - class com.almasb.fxgl.app.FXGLApplication$GameApplicationService
15:29:19.078 [FXGL Background Thread 3 ] DEBUG Engine               - class com.almasb.fxgl.app.services.FXGLDialogService
15:29:19.078 [FXGL Background Thread 3 ] DEBUG Engine               - class com.almasb.fxgl.app.services.IOTaskExecutorService
15:29:19.078 [FXGL Background Thread 3 ] DEBUG Engine               - class com.almasb.fxgl.io.FileSystemService
15:29:19.079 [FXGL Background Thread 3 ] DEBUG Engine               - class com.almasb.fxgl.localization.LocalizationService
15:29:19.079 [FXGL Background Thread 3 ] DEBUG Engine               - class com.almasb.fxgl.app.services.SystemBundleService
15:29:19.079 [FXGL Background Thread 3 ] DEBUG Engine               - class com.almasb.fxgl.profile.SaveLoadService
15:29:19.079 [FXGL Background Thread 3 ] DEBUG Engine               - class com.almasb.fxgl.ui.FXGLUIFactoryServiceProvider
15:29:19.079 [FXGL Background Thread 3 ] DEBUG Engine               - class com.almasb.fxgl.ui.FXGLDialogFactoryServiceProvider
15:29:19.079 [FXGL Background Thread 3 ] DEBUG Engine               - class com.almasb.fxgl.audio.AudioPlayer
15:29:19.079 [FXGL Background Thread 3 ] DEBUG Engine               - class com.almasb.fxgl.notification.impl.NotificationServiceProvider
15:29:19.079 [FXGL Background Thread 3 ] DEBUG Engine               - class com.almasb.fxgl.achievement.AchievementService
15:29:19.079 [FXGL Background Thread 3 ] DEBUG Engine               - class com.almasb.fxgl.cutscene.CutsceneService
15:29:19.079 [FXGL Background Thread 3 ] DEBUG Engine               - class com.almasb.fxgl.minigames.MiniGameService
15:29:19.079 [FXGL Background Thread 3 ] DEBUG Engine               - class com.almasb.fxgl.net.NetService
15:29:19.079 [FXGL Background Thread 3 ] DEBUG Engine               - class com.almasb.fxgl.app.services.UpdaterService
15:29:19.079 [FXGL Background Thread 3 ] DEBUG Engine               - class com.almasb.fxgl.dev.DevService
15:29:20.717 [JavaFX Application Thread] DEBUG FXGLAssetLoaderServi - Loading from file system: file:/D:/Projects/Coding/Java/FXGLGame/build/resources/main/assets/textures/projectile/javelin.png
15:29:21.223 [JavaFX Application Thread] DEBUG FXGLApplication      - Exiting FXGL
15:29:21.223 [JavaFX Application Thread] DEBUG LoopRunner           - Stopping loop
15:29:21.223 [JavaFX Application Thread] DEBUG SystemBundleService  - Saving FXGL system data
15:29:21.225 [JavaFX Application Thread] DEBUG FileSystemAccess     - Writing to: D:\Projects\Coding\Java\FXGLGame\system\fxgl.bundle
15:29:21.227 [JavaFX Application Thread] DEBUG Async                - Shutting down background threads
15:29:21.227 [JavaFX Application Thread] DEBUG PrimaryStageWindow   - Closing main window
15:29:21.238 [JavaFX Application Thread] DEBUG Logger               - Closing Logger
