12:18:27.457 [main                     ] DEBUG Logger               - Configured Logger
12:18:27.486 [main                     ] DEBUG GameApplication      - Logging settings
Title: Some Shmup game
Version: 0.01
Width: 1600
Height: 900
Fullscreen: false
Intro: false
Profiling: false
Single step:false
App Mode: DEVELOPER
Menu Key: ESCAPE
Stage Style: DECORATED
Scene Factory: class com.almasb.fxgl.app.scene.SceneFactory

12:18:28.272 [JavaFX Application Thread] DEBUG FXGLApplication      - Initializing FXGL
12:18:28.276 [JavaFX Application Thread] INFO  Engine               - FXGL-17.1 (24.03.2022 17.34) on WINDOWS (J:17.0.2 FX:17.0.2-ea)
12:18:28.277 [JavaFX Application Thread] DEBUG Engine               - JRE Vendor Name: Oracle Corporation
12:18:28.277 [JavaFX Application Thread] DEBUG Engine               - Running on OS: Windows 10 version 10.0
12:18:28.278 [JavaFX Application Thread] DEBUG Engine               - Architecture: amd64
12:18:28.278 [JavaFX Application Thread] INFO  Engine               - Source code and latest versions at: https://github.com/AlmasB/FXGL
12:18:28.278 [JavaFX Application Thread] INFO  Engine               -       Ask questions and discuss at: https://github.com/AlmasB/FXGL/discussions
12:18:28.278 [JavaFX Application Thread] INFO  Engine               -              Join the FXGL chat at: https://gitter.im/AlmasB/FXGL
12:18:28.352 [JavaFX Application Thread] DEBUG PrimaryStageWindow   - Creating a JavaFX scene
12:18:28.394 [JavaFX Application Thread] DEBUG PrimaryStageWindow   - Target settings size: 1600.0 x 900.0
12:18:28.394 [JavaFX Application Thread] DEBUG PrimaryStageWindow   - Scaled scene size:    1600.0 x 900.0
12:18:28.394 [JavaFX Application Thread] DEBUG PrimaryStageWindow   - Scaled ratio: (1.0, 1.0)
12:18:28.395 [JavaFX Application Thread] DEBUG PrimaryStageWindow   - Set initial scene to FXGLStartupScene
12:18:28.401 [JavaFX Application Thread] DEBUG PrimaryStageWindow   - Opening main window
12:18:28.476 [JavaFX Application Thread] DEBUG PrimaryStageWindow   - Window border size: (16.0, 39.0)
12:18:28.477 [JavaFX Application Thread] DEBUG PrimaryStageWindow   - Scaled size: 1600.0 x 900.0
12:18:28.477 [JavaFX Application Thread] DEBUG PrimaryStageWindow   - Scaled ratio: (1.0, 1.0)
12:18:28.477 [JavaFX Application Thread] DEBUG PrimaryStageWindow   - Scene size: 1600.0 x 900.0
12:18:28.477 [JavaFX Application Thread] DEBUG PrimaryStageWindow   - Stage size: 1616.0 x 939.0
12:18:28.484 [FXGL Background Thread 1 ] DEBUG Engine               - Initializing environment variables
12:18:28.514 [FXGL Background Thread 1 ] DEBUG FXGLAssetLoaderServi - User app class for loading assets: class com.jonathanc8.fxglgame.Game
12:18:28.514 [FXGL Background Thread 1 ] DEBUG GameApplicationServi - Applying CSS: fxgl_dark.css
12:18:28.515 [FXGL Background Thread 1 ] DEBUG FXGLAssetLoaderServi - Loading from file system: jar:file:///C:/Users/Jonat/.gradle/caches/modules-2/files-2.1/com.github.almasb/fxgl/17.1/2a9509aedf54954c9b13849c18c6f495a81c542d/fxgl-17.1.jar!/fxglassets/ui/css/fxgl_dark.css
12:18:28.555 [FXGL Background Thread 1 ] DEBUG GameApplicationServi - Initializing application scenes
12:18:28.598 [FXGL Background Thread 1 ] DEBUG GameWorld            - Game world initialized
12:18:28.644 [FXGL Background Thread 1 ] DEBUG PhysicsWorld         - Physics world initialized: appHeight=900, physics.ppm=50.0
12:18:28.645 [FXGL Background Thread 1 ] DEBUG PhysicsWorld         - Using strategy: BRUTE_FORCE
12:18:28.649 [FXGL Background Thread 1 ] DEBUG GameScene            - Game scene initialized: 1600x900
12:18:28.659 [FXGL Background Thread 1 ] DEBUG FXGL.DefaultMenu     - createMenuBodyGameMenu()
12:18:28.672 [FXGL Background Thread 1 ] DEBUG FXGL.DefaultMenu     - createOptionsMenu()
12:18:28.684 [FXGL Background Thread 1 ] DEBUG FXGLAssetLoaderServi - Loading from file system: jar:file:///C:/Users/Jonat/.gradle/caches/modules-2/files-2.1/com.github.almasb/fxgl/17.1/2a9509aedf54954c9b13849c18c6f495a81c542d/fxgl-17.1.jar!/fxglassets/textures/particles/smoke.png
12:18:28.790 [FXGL Background Thread 1 ] DEBUG FXGLAssetLoaderServi - Loading from file system: jar:file:///C:/Users/Jonat/.gradle/caches/modules-2/files-2.1/com.github.almasb/fxgl/17.1/2a9509aedf54954c9b13849c18c6f495a81c542d/fxgl-17.1.jar!/fxglassets/textures/particles/trace_horizontal.png
12:18:28.819 [FXGL Background Thread 1 ] DEBUG GameApplicationServi - Application scenes initialized
12:18:28.835 [FXGL Background Thread 1 ] DEBUG SystemBundleService  - Loading FXGL system data
12:18:28.840 [FXGL Background Thread 1 ] DEBUG FileSystemAccess     - Reading from: C:\Users\Jonat\OneDrive\Documents\Projects\Coding\Java\FXGLGame\system\fxgl.bundle
12:18:28.848 [FXGL Background Thread 1 ] DEBUG SystemBundleService  - Bundle FXGL: {}
12:18:28.848 [FXGL Background Thread 1 ] DEBUG UpdaterService       - Checking for updates
12:18:28.851 [FXGL Background Thread 4 ] DEBUG FXGLApplication      - Loading fonts
12:18:28.852 [FXGL Background Thread 1 ] DEBUG FXGLApplication      - Loading default localization
12:18:28.852 [FXGL Background Thread 4 ] DEBUG FXGLAssetLoaderServi - Loading from file system: jar:file:///C:/Users/Jonat/.gradle/caches/modules-2/files-2.1/com.github.almasb/fxgl/17.1/2a9509aedf54954c9b13849c18c6f495a81c542d/fxgl-17.1.jar!/fxglassets/ui/fonts/VarelaRound-Regular.ttf
12:18:28.853 [FXGL Background Thread 1 ] DEBUG FXGLAssetLoaderServi - Loading from file system: jar:file:///C:/Users/Jonat/.gradle/caches/modules-2/files-2.1/com.github.almasb/fxgl/17.1/2a9509aedf54954c9b13849c18c6f495a81c542d/fxgl-17.1.jar!/fxglassets/languages/english.lang
12:18:28.870 [FXGL Background Thread 1 ] INFO  FXGLApplication      - FXGL initialization took: 0.386 sec
12:18:28.887 [JavaFX Application Thread] DEBUG Input                - Registered new binding: Move Right - D
12:18:28.888 [JavaFX Application Thread] DEBUG Input                - Registered new binding: Move Left - A
12:18:28.888 [JavaFX Application Thread] DEBUG Input                - Registered new binding: Move Down - S
12:18:28.888 [JavaFX Application Thread] DEBUG Input                - Registered new binding: Move Up - W
12:18:28.890 [JavaFX Application Thread] DEBUG Input                - Registered new binding: action0 - Enter
12:18:28.891 [JavaFX Application Thread] DEBUG Input                - Registered new binding: action1 - Right
12:18:28.892 [JavaFX Application Thread] DEBUG Input                - Registered new binding: action2 - Left
12:18:28.893 [JavaFX Application Thread] DEBUG Input                - Registered new binding: action3 - Up
12:18:28.895 [JavaFX Application Thread] DEBUG Input                - Registered new binding: action4 - Down
12:18:28.896 [JavaFX Application Thread] DEBUG Input                - Registered new binding: action5 - Delete
12:18:28.897 [JavaFX Application Thread] DEBUG Input                - Registered new binding: action6 - Space
12:18:28.898 [JavaFX Application Thread] DEBUG Input                - Registered new binding: action7 - E
12:18:28.898 [JavaFX Application Thread] DEBUG FXGLAssetLoaderServi - Loading from file system: jar:file:///C:/Users/Jonat/.gradle/caches/modules-2/files-2.1/com.github.almasb/fxgl/17.1/2a9509aedf54954c9b13849c18c6f495a81c542d/fxgl-17.1.jar!/fxglassets/textures/fxgl_icon.png
12:18:28.921 [JavaFX Application Thread] DEBUG FXGLAssetLoaderServi - Loading from file system: jar:file:///C:/Users/Jonat/.gradle/caches/modules-2/files-2.1/com.github.almasb/fxgl/17.1/2a9509aedf54954c9b13849c18c6f495a81c542d/fxgl-17.1.jar!/fxglassets/textures/fxgl_default_cursor.png
12:18:28.923 [JavaFX Application Thread] DEBUG Input                - Registered new binding: Screenshot - CTRL+8
12:18:28.924 [JavaFX Application Thread] DEBUG Input                - Registered new binding: System info dump - CTRL+9
12:18:28.925 [JavaFX Application Thread] DEBUG Input                - Registered new binding: Restart - CTRL+R
12:18:28.926 [JavaFX Application Thread] DEBUG Input                - Registered new binding: Toggle Debug Camera - CTRL+7
12:18:28.929 [JavaFX Application Thread] DEBUG LoopRunner           - Starting loop
12:18:28.929 [JavaFX Application Thread] DEBUG LoopRunner           - Initializing JavaFX AnimationTimerLoop
12:18:28.931 [JavaFX Application Thread] DEBUG GameApplicationServi - Starting new game
12:18:28.932 [JavaFX Application Thread] DEBUG Input                - Clearing active input actions
12:18:28.952 [JavaFX Application Thread] DEBUG GameApplicationServi - Removing overlay from FXGLStartupScene and adding to FXGLLoadingScene
12:18:28.953 [JavaFX Application Thread] DEBUG PrimaryStageWindow   - FXGLStartupScene -> FXGLLoadingScene
12:18:28.953 [JavaFX Application Thread] DEBUG GameApplicationServi - Clearing previous game
12:18:28.953 [JavaFX Application Thread] DEBUG GameScene            - Clearing game scene
12:18:28.953 [JavaFX Application Thread] DEBUG GameWorld            - Clearing game world
12:18:28.953 [JavaFX Application Thread] DEBUG PhysicsWorld         - Clearing physics world
12:18:28.957 [FXGL Background Thread 1 ] DEBUG FXGLApplication      - Initializing game
12:18:28.979 [FXGL Background Thread 1 ] DEBUG FXGLAssetLoaderServi - Loading from file system: file:/C:/Users/Jonat/OneDrive/Documents/Projects/Coding/Java/FXGLGame/build/resources/main/assets/textures/Untitled.png
12:18:29.053 [FXGL Background Thread 4 ] DEBUG FXGLAssetLoaderServi - Loading from file system: jar:file:///C:/Users/Jonat/.gradle/caches/modules-2/files-2.1/com.github.almasb/fxgl/17.1/2a9509aedf54954c9b13849c18c6f495a81c542d/fxgl-17.1.jar!/fxglassets/ui/fonts/Abel-Regular.ttf
12:18:29.070 [FXGL Background Thread 4 ] DEBUG FXGLAssetLoaderServi - Loading from file system: jar:file:///C:/Users/Jonat/.gradle/caches/modules-2/files-2.1/com.github.almasb/fxgl/17.1/2a9509aedf54954c9b13849c18c6f495a81c542d/fxgl-17.1.jar!/fxglassets/ui/fonts/TerminalLandMono-Regular.otf
12:18:29.072 [FXGL Background Thread 1 ] INFO  FXGLApplication      - Game initialization took: 0.115 sec
12:18:29.084 [FXGL Background Thread 4 ] DEBUG FXGLAssetLoaderServi - Loading from file system: jar:file:///C:/Users/Jonat/.gradle/caches/modules-2/files-2.1/com.github.almasb/fxgl/17.1/2a9509aedf54954c9b13849c18c6f495a81c542d/fxgl-17.1.jar!/fxglassets/ui/fonts/Courier-Prime.ttf
12:18:29.130 [JavaFX Application Thread] DEBUG Input                - Clearing active input actions
12:18:29.143 [JavaFX Application Thread] DEBUG GameApplicationServi - Removing overlay from FXGLLoadingScene and adding to GameScene
12:18:29.143 [JavaFX Application Thread] DEBUG PrimaryStageWindow   - FXGLLoadingScene -> GameScene
12:18:29.144 [JavaFX Application Thread] DEBUG FXGLApplication      - Registering font factories with UI factory
12:18:29.407 [FXGL Background Thread 2 ] INFO  UpdaterService       - Your current version:  17.1
12:18:29.407 [FXGL Background Thread 2 ] INFO  UpdaterService       - Latest stable version: 17.2
12:18:30.959 [JavaFX Application Thread] DEBUG FXGLApplication      - Exiting FXGL
12:18:30.959 [JavaFX Application Thread] DEBUG LoopRunner           - Stopping loop
12:18:30.959 [JavaFX Application Thread] DEBUG SystemBundleService  - Saving FXGL system data
12:18:30.961 [JavaFX Application Thread] DEBUG FileSystemAccess     - Writing to: C:\Users\Jonat\OneDrive\Documents\Projects\Coding\Java\FXGLGame\system\fxgl.bundle
12:18:30.963 [JavaFX Application Thread] DEBUG Async                - Shutting down background threads
12:18:30.963 [JavaFX Application Thread] DEBUG PrimaryStageWindow   - Closing main window
12:18:30.974 [JavaFX Application Thread] DEBUG Logger               - Closing Logger
