15:30:55.758 [main                     ] DEBUG Logger               - Configured Logger
15:30:55.775 [main                     ] DEBUG GameApplication      - Logging settings
Title: A game without a name
Version: Early Development
Width: 1600
Height: 900
Fullscreen: false
Intro: false
Profiling: false
Single step:false
App Mode: DEVELOPER
Menu Key: ESCAPE
Stage Style: DECORATED
Scene Factory: class com.jonathanc8.fxglgame.MainSceneFactory

15:30:56.329 [JavaFX Application Thread] DEBUG FXGLApplication      - Initializing FXGL
15:30:56.333 [JavaFX Application Thread] INFO  Engine               - FXGL-17.1 (24.03.2022 17.34) on WINDOWS (J:17.0.2 FX:17.0.2-ea)
15:30:56.334 [JavaFX Application Thread] DEBUG Engine               - JRE Vendor Name: Oracle Corporation
15:30:56.334 [JavaFX Application Thread] DEBUG Engine               - Running on OS: Windows 10 version 10.0
15:30:56.334 [JavaFX Application Thread] DEBUG Engine               - Architecture: amd64
15:30:56.334 [JavaFX Application Thread] INFO  Engine               - Source code and latest versions at: https://github.com/AlmasB/FXGL
15:30:56.335 [JavaFX Application Thread] INFO  Engine               -       Ask questions and discuss at: https://github.com/AlmasB/FXGL/discussions
15:30:56.335 [JavaFX Application Thread] INFO  Engine               -              Join the FXGL chat at: https://gitter.im/AlmasB/FXGL
15:30:56.394 [JavaFX Application Thread] DEBUG PrimaryStageWindow   - Creating a JavaFX scene
15:30:56.435 [JavaFX Application Thread] DEBUG PrimaryStageWindow   - Target settings size: 1600.0 x 900.0
15:30:56.435 [JavaFX Application Thread] DEBUG PrimaryStageWindow   - Scaled scene size:    1600.0 x 900.0
15:30:56.436 [JavaFX Application Thread] DEBUG PrimaryStageWindow   - Scaled ratio: (1.0, 1.0)
15:30:56.437 [JavaFX Application Thread] DEBUG PrimaryStageWindow   - Set initial scene to FXGLStartupScene
15:30:56.443 [JavaFX Application Thread] DEBUG PrimaryStageWindow   - Opening main window
15:30:56.515 [JavaFX Application Thread] DEBUG PrimaryStageWindow   - Window border size: (16.0, 39.0)
15:30:56.515 [JavaFX Application Thread] DEBUG PrimaryStageWindow   - Scaled size: 1600.0 x 900.0
15:30:56.515 [JavaFX Application Thread] DEBUG PrimaryStageWindow   - Scaled ratio: (1.0, 1.0)
15:30:56.516 [JavaFX Application Thread] DEBUG PrimaryStageWindow   - Scene size: 1600.0 x 900.0
15:30:56.516 [JavaFX Application Thread] DEBUG PrimaryStageWindow   - Stage size: 1616.0 x 939.0
15:30:56.522 [FXGL Background Thread 1 ] DEBUG Engine               - Initializing environment variables
15:30:56.555 [FXGL Background Thread 1 ] DEBUG FXGLAssetLoaderServi - User app class for loading assets: class com.jonathanc8.fxglgame.Game
15:30:56.555 [FXGL Background Thread 1 ] DEBUG GameApplicationServi - Applying CSS: fxgl_dark.css
15:30:56.556 [FXGL Background Thread 1 ] DEBUG FXGLAssetLoaderServi - Loading from file system: jar:file:///C:/Users/Jonat/.gradle/caches/modules-2/files-2.1/com.github.almasb/fxgl/17.1/2a9509aedf54954c9b13849c18c6f495a81c542d/fxgl-17.1.jar!/fxglassets/ui/css/fxgl_dark.css
15:30:56.592 [FXGL Background Thread 1 ] DEBUG GameApplicationServi - Initializing application scenes
15:30:56.631 [FXGL Background Thread 1 ] DEBUG GameWorld            - Game world initialized
15:30:56.677 [FXGL Background Thread 1 ] DEBUG PhysicsWorld         - Physics world initialized: appHeight=900, physics.ppm=50.0
15:30:56.677 [FXGL Background Thread 1 ] DEBUG PhysicsWorld         - Using strategy: BRUTE_FORCE
15:30:56.681 [FXGL Background Thread 1 ] DEBUG GameScene            - Game scene initialized: 1600x900
15:30:56.692 [FXGL Background Thread 1 ] DEBUG FXGL.DefaultMenu     - createMenuBodyMainMenu()
15:30:56.705 [FXGL Background Thread 1 ] DEBUG FXGL.DefaultMenu     - createOptionsMenu()
15:30:56.714 [FXGL Background Thread 1 ] DEBUG FXGLAssetLoaderServi - Loading from file system: jar:file:///C:/Users/Jonat/.gradle/caches/modules-2/files-2.1/com.github.almasb/fxgl/17.1/2a9509aedf54954c9b13849c18c6f495a81c542d/fxgl-17.1.jar!/fxglassets/textures/particles/smoke.png
15:30:56.811 [FXGL Background Thread 1 ] DEBUG FXGLAssetLoaderServi - Loading from file system: jar:file:///C:/Users/Jonat/.gradle/caches/modules-2/files-2.1/com.github.almasb/fxgl/17.1/2a9509aedf54954c9b13849c18c6f495a81c542d/fxgl-17.1.jar!/fxglassets/textures/particles/trace_horizontal.png
15:30:56.856 [FXGL Background Thread 1 ] DEBUG GameApplicationServi - Application scenes initialized
15:30:56.868 [FXGL Background Thread 1 ] DEBUG SystemBundleService  - Loading FXGL system data
15:30:56.873 [FXGL Background Thread 1 ] DEBUG FileSystemAccess     - Reading from: D:\Projects\Coding\Java\FXGLGame\system\fxgl.bundle
15:30:56.880 [FXGL Background Thread 1 ] DEBUG SystemBundleService  - Bundle FXGL: {}
15:30:56.880 [FXGL Background Thread 1 ] DEBUG UpdaterService       - Checking for updates
15:30:56.884 [FXGL Background Thread 4 ] DEBUG FXGLApplication      - Loading fonts
15:30:56.884 [FXGL Background Thread 1 ] DEBUG FXGLApplication      - Loading default localization
15:30:56.884 [FXGL Background Thread 4 ] DEBUG FXGLAssetLoaderServi - Loading from file system: jar:file:///C:/Users/Jonat/.gradle/caches/modules-2/files-2.1/com.github.almasb/fxgl/17.1/2a9509aedf54954c9b13849c18c6f495a81c542d/fxgl-17.1.jar!/fxglassets/ui/fonts/VarelaRound-Regular.ttf
15:30:56.885 [FXGL Background Thread 1 ] DEBUG FXGLAssetLoaderServi - Loading from file system: jar:file:///C:/Users/Jonat/.gradle/caches/modules-2/files-2.1/com.github.almasb/fxgl/17.1/2a9509aedf54954c9b13849c18c6f495a81c542d/fxgl-17.1.jar!/fxglassets/languages/english.lang
15:30:56.916 [FXGL Background Thread 1 ] INFO  FXGLApplication      - FXGL initialization took: 0.394 sec
15:30:56.926 [JavaFX Application Thread] DEBUG Input                - Registered new binding: Move Right - D
15:30:56.927 [JavaFX Application Thread] DEBUG Input                - Registered new binding: Move Left - A
15:30:56.927 [JavaFX Application Thread] DEBUG Input                - Registered new binding: Move Down - S
15:30:56.927 [JavaFX Application Thread] DEBUG Input                - Registered new binding: Move Up - W
15:30:56.928 [JavaFX Application Thread] DEBUG Input                - Registered new binding: action0 - Enter
15:30:56.929 [JavaFX Application Thread] DEBUG Input                - Registered new binding: action1 - Right
15:30:56.930 [JavaFX Application Thread] DEBUG Input                - Registered new binding: action2 - Left
15:30:56.931 [JavaFX Application Thread] DEBUG Input                - Registered new binding: action3 - Up
15:30:56.931 [JavaFX Application Thread] DEBUG Input                - Registered new binding: action4 - Down
15:30:56.931 [JavaFX Application Thread] DEBUG Input                - Registered new binding: action5 - Delete
15:30:56.931 [JavaFX Application Thread] DEBUG Input                - Registered new binding: Shoot - Space
15:30:56.932 [JavaFX Application Thread] DEBUG Input                - Registered new binding: action6 - E
15:30:56.932 [JavaFX Application Thread] DEBUG FXGLAssetLoaderServi - Loading from file system: jar:file:///C:/Users/Jonat/.gradle/caches/modules-2/files-2.1/com.github.almasb/fxgl/17.1/2a9509aedf54954c9b13849c18c6f495a81c542d/fxgl-17.1.jar!/fxglassets/textures/fxgl_icon.png
15:30:56.960 [JavaFX Application Thread] DEBUG FXGLAssetLoaderServi - Loading from file system: jar:file:///C:/Users/Jonat/.gradle/caches/modules-2/files-2.1/com.github.almasb/fxgl/17.1/2a9509aedf54954c9b13849c18c6f495a81c542d/fxgl-17.1.jar!/fxglassets/textures/fxgl_default_cursor.png
15:30:56.963 [JavaFX Application Thread] DEBUG Input                - Registered new binding: Screenshot - CTRL+8
15:30:56.963 [JavaFX Application Thread] DEBUG Input                - Registered new binding: System info dump - CTRL+9
15:30:56.963 [JavaFX Application Thread] DEBUG Input                - Registered new binding: Restart - CTRL+R
15:30:56.964 [JavaFX Application Thread] DEBUG Input                - Registered new binding: Toggle Debug Camera - CTRL+7
15:30:56.968 [JavaFX Application Thread] DEBUG LoopRunner           - Starting loop
15:30:56.969 [JavaFX Application Thread] DEBUG LoopRunner           - Initializing JavaFX AnimationTimerLoop
15:30:56.977 [JavaFX Application Thread] DEBUG Input                - Clearing active input actions
15:30:56.987 [JavaFX Application Thread] DEBUG GameApplicationServi - Removing overlay from FXGLStartupScene and adding to FXGLMainMenuDummyScene
15:30:56.987 [JavaFX Application Thread] DEBUG PrimaryStageWindow   - FXGLStartupScene -> FXGLMainMenuDummyScene
15:30:56.987 [JavaFX Application Thread] DEBUG PrimaryStageWindow   - Push state: FXGLDefaultMenu
15:30:56.991 [JavaFX Application Thread] DEBUG Input                - Clearing active input actions
15:30:57.009 [JavaFX Application Thread] DEBUG GameApplicationServi - Removing overlay from FXGLMainMenuDummyScene and adding to FXGLDefaultMenu
15:30:57.009 [JavaFX Application Thread] DEBUG PrimaryStageWindow   - FXGLMainMenuDummyScene -> FXGLDefaultMenu
15:30:57.016 [FXGL Background Thread 4 ] DEBUG FXGLAssetLoaderServi - Loading from file system: jar:file:///C:/Users/Jonat/.gradle/caches/modules-2/files-2.1/com.github.almasb/fxgl/17.1/2a9509aedf54954c9b13849c18c6f495a81c542d/fxgl-17.1.jar!/fxglassets/ui/fonts/Abel-Regular.ttf
15:30:57.025 [FXGL Background Thread 4 ] DEBUG FXGLAssetLoaderServi - Loading from file system: jar:file:///C:/Users/Jonat/.gradle/caches/modules-2/files-2.1/com.github.almasb/fxgl/17.1/2a9509aedf54954c9b13849c18c6f495a81c542d/fxgl-17.1.jar!/fxglassets/ui/fonts/TerminalLandMono-Regular.otf
15:30:57.036 [FXGL Background Thread 4 ] DEBUG FXGLAssetLoaderServi - Loading from file system: jar:file:///C:/Users/Jonat/.gradle/caches/modules-2/files-2.1/com.github.almasb/fxgl/17.1/2a9509aedf54954c9b13849c18c6f495a81c542d/fxgl-17.1.jar!/fxglassets/ui/fonts/Courier-Prime.ttf
15:30:57.101 [JavaFX Application Thread] DEBUG FXGLApplication      - Registering font factories with UI factory
15:30:57.358 [FXGL Background Thread 2 ] INFO  UpdaterService       - Your current version:  17.1
15:30:57.359 [FXGL Background Thread 2 ] INFO  UpdaterService       - Latest stable version: 17.2
15:30:59.070 [JavaFX Application Thread] DEBUG Menu                 - fireNewGame()
15:30:59.070 [JavaFX Application Thread] DEBUG GameApplicationServi - Starting new game
15:30:59.072 [JavaFX Application Thread] DEBUG PrimaryStageWindow   - Pop state: FXGLDefaultMenu
15:30:59.072 [JavaFX Application Thread] DEBUG Input                - Clearing active input actions
15:30:59.073 [JavaFX Application Thread] DEBUG GameApplicationServi - Removing overlay from FXGLDefaultMenu and adding to FXGLMainMenuDummyScene
15:30:59.073 [JavaFX Application Thread] DEBUG PrimaryStageWindow   - FXGLMainMenuDummyScene <- FXGLDefaultMenu
15:30:59.074 [JavaFX Application Thread] DEBUG Input                - Clearing active input actions
15:30:59.080 [JavaFX Application Thread] DEBUG GameApplicationServi - Removing overlay from FXGLMainMenuDummyScene and adding to FXGLLoadingScene
15:30:59.080 [JavaFX Application Thread] DEBUG PrimaryStageWindow   - FXGLMainMenuDummyScene -> FXGLLoadingScene
15:30:59.081 [JavaFX Application Thread] DEBUG GameApplicationServi - Clearing previous game
15:30:59.081 [JavaFX Application Thread] DEBUG GameScene            - Clearing game scene
15:30:59.081 [JavaFX Application Thread] DEBUG GameWorld            - Clearing game world
15:30:59.081 [JavaFX Application Thread] DEBUG PhysicsWorld         - Clearing physics world
15:30:59.085 [FXGL Background Thread 2 ] DEBUG FXGLApplication      - Initializing game
15:30:59.097 [FXGL Background Thread 2 ] WARN  FXGLAssetLoaderServi - Asset "/assets/textures/Untitled.png" was not found!
15:30:59.097 [FXGL Background Thread 2 ] WARN  FXGLAssetLoaderServi - Failed to load IMAGE
15:30:59.121 [FXGL Background Thread 2 ] DEBUG FXGLAssetLoaderServi - Loading from file system: file:/D:/Projects/Coding/Java/FXGLGame/build/resources/main/assets/textures/ship/sparrow.png
15:30:59.170 [FXGL Background Thread 2 ] WARN  TMXLevelLoader       - TiledMap generated from 1.4.3. Supported version: 1.4.2. Some features may not be parsed fully.
15:30:59.194 [FXGL Background Thread 2 ] DEBUG TMXLevelLoader       - Parsed TiledMap: file:/D:/Projects/Coding/Java/FXGLGame/build/resources/main/assets/levels/testLevelMap.tmx
15:30:59.196 [FXGL Background Thread 2 ] DEBUG TMXLevelLoader       - Creating tile layer entities
15:30:59.197 [FXGL Background Thread 2 ] DEBUG TilesetLoader        - Loading view for layer Tile Layer 1
15:30:59.210 [FXGL Background Thread 2 ] DEBUG TilesetLoader        - Created buffer with size 1600.0x6400.0
15:30:59.256 [FXGL Background Thread 2 ] DEBUG TMXLevelLoader       - Creating object layer entities
15:30:59.257 [FXGL Background Thread 2 ] DEBUG FXGLAssetLoaderServi - Loading from file system: file:/D:/Projects/Coding/Java/FXGLGame/build/resources/main/assets/textures/ship/hai%20water%20bug.png
15:30:59.273 [FXGL Background Thread 2 ] DEBUG FXGLAssetLoaderServi - Loading from file system: file:/D:/Projects/Coding/Java/FXGLGame/build/resources/main/assets/textures/ship/wasp.png
15:30:59.289 [FXGL Background Thread 2 ] DEBUG GameWorld            - Clearing removable entities
15:30:59.292 [FXGL Background Thread 2 ] DEBUG GameWorld            - Setting level: com.almasb.fxgl.entity.level.Level@3e3f9fc3
15:30:59.301 [FXGL Background Thread 2 ] INFO  FXGLApplication      - Game initialization took: 0.216 sec
15:30:59.302 [JavaFX Application Thread] DEBUG Input                - Clearing active input actions
15:30:59.309 [JavaFX Application Thread] DEBUG GameApplicationServi - Removing overlay from FXGLLoadingScene and adding to GameScene
15:30:59.309 [JavaFX Application Thread] DEBUG PrimaryStageWindow   - FXGLLoadingScene -> GameScene
15:30:59.883 [FXGL Background Thread 3 ] DEBUG Engine               - Logging environment variables
15:30:59.883 [FXGL Background Thread 3 ] DEBUG Engine               - achievements: []
15:30:59.883 [FXGL Background Thread 3 ] DEBUG Engine               - actualHeight: 900.0
15:30:59.884 [FXGL Background Thread 3 ] DEBUG Engine               - actualHeightProperty: ReadOnlyDoubleProperty [value: 900.0]
15:30:59.884 [FXGL Background Thread 3 ] DEBUG Engine               - actualWidth: 1600.0
15:30:59.884 [FXGL Background Thread 3 ] DEBUG Engine               - actualWidthProperty: ReadOnlyDoubleProperty [value: 1600.0]
15:30:59.884 [FXGL Background Thread 3 ] DEBUG Engine               - appIcon: fxgl_icon.png
15:30:59.884 [FXGL Background Thread 3 ] DEBUG Engine               - applicationMode: DEVELOPER
15:30:59.884 [FXGL Background Thread 3 ] DEBUG Engine               - cSSList: [fxgl_dark.css]
15:30:59.884 [FXGL Background Thread 3 ] DEBUG Engine               - collisionDetectionStrategy: BRUTE_FORCE
15:30:59.884 [FXGL Background Thread 3 ] DEBUG Engine               - configClass: Optional.empty
15:30:59.884 [FXGL Background Thread 3 ] DEBUG Engine               - credits: []
15:30:59.885 [FXGL Background Thread 3 ] DEBUG Engine               - defaultCursor: CursorInfo(imageName=fxgl_default_cursor.png, hotspotX=7.0, hotspotY=6.0)
15:30:59.885 [FXGL Background Thread 3 ] DEBUG Engine               - devBBoxColorProperty: ObjectProperty [value: 0xff0000ff]
15:30:59.885 [FXGL Background Thread 3 ] DEBUG Engine               - devEnableDebugCameraProperty: BooleanProperty [value: false]
15:30:59.886 [FXGL Background Thread 3 ] DEBUG Engine               - devSensorColorProperty: ObjectProperty [value: 0xffff00ff]
15:30:59.886 [FXGL Background Thread 3 ] DEBUG Engine               - devShowBBoxProperty: BooleanProperty [value: false]
15:30:59.886 [FXGL Background Thread 3 ] DEBUG Engine               - devShowPositionProperty: BooleanProperty [value: false]
15:30:59.886 [FXGL Background Thread 3 ] DEBUG Engine               - enabledMenuItems: []
15:30:59.886 [FXGL Background Thread 3 ] DEBUG Engine               - engineServices: [class com.almasb.fxgl.app.services.FXGLAssetLoaderService, class com.almasb.fxgl.app.FXGLApplication$GameApplicationService, class com.almasb.fxgl.app.services.FXGLDialogService, class com.almasb.fxgl.app.services.IOTaskExecutorService, class com.almasb.fxgl.io.FileSystemService, class com.almasb.fxgl.localization.LocalizationService, class com.almasb.fxgl.app.services.SystemBundleService, class com.almasb.fxgl.profile.SaveLoadService, class com.almasb.fxgl.ui.FXGLUIFactoryServiceProvider, class com.almasb.fxgl.ui.FXGLDialogFactoryServiceProvider, class com.almasb.fxgl.audio.AudioPlayer, class com.almasb.fxgl.notification.impl.NotificationServiceProvider, class com.almasb.fxgl.achievement.AchievementService, class com.almasb.fxgl.cutscene.CutsceneService, class com.almasb.fxgl.minigames.MiniGameService, class com.almasb.fxgl.net.NetService, class com.almasb.fxgl.app.services.UpdaterService, class com.almasb.fxgl.dev.DevService]
15:30:59.886 [FXGL Background Thread 3 ] DEBUG Engine               - fontGame: Abel-Regular.ttf
15:30:59.887 [FXGL Background Thread 3 ] DEBUG Engine               - fontMono: TerminalLandMono-Regular.otf
15:30:59.887 [FXGL Background Thread 3 ] DEBUG Engine               - fontText: Courier-Prime.ttf
15:30:59.887 [FXGL Background Thread 3 ] DEBUG Engine               - fontUI: VarelaRound-Regular.ttf
15:30:59.887 [FXGL Background Thread 3 ] DEBUG Engine               - fullScreen: BooleanProperty [value: false]
15:30:59.887 [FXGL Background Thread 3 ] DEBUG Engine               - gameDifficulty: MEDIUM
15:30:59.887 [FXGL Background Thread 3 ] DEBUG Engine               - gameDifficultyProperty: ObjectProperty [value: MEDIUM]
15:30:59.887 [FXGL Background Thread 3 ] DEBUG Engine               - globalMusicVolume: 0.5
15:30:59.887 [FXGL Background Thread 3 ] DEBUG Engine               - globalMusicVolumeProperty: DoubleProperty [value: 0.5]
15:30:59.887 [FXGL Background Thread 3 ] DEBUG Engine               - globalSoundVolume: 0.5
15:30:59.888 [FXGL Background Thread 3 ] DEBUG Engine               - globalSoundVolumeProperty: DoubleProperty [value: 0.5]
15:30:59.888 [FXGL Background Thread 3 ] DEBUG Engine               - height: 900
15:30:59.888 [FXGL Background Thread 3 ] DEBUG Engine               - is3D: false
15:30:59.888 [FXGL Background Thread 3 ] DEBUG Engine               - isAndroid: false
15:30:59.888 [FXGL Background Thread 3 ] DEBUG Engine               - isBrowser: false
15:30:59.888 [FXGL Background Thread 3 ] DEBUG Engine               - isClickFeedbackEnabled: false
15:30:59.888 [FXGL Background Thread 3 ] DEBUG Engine               - isCloseConfirmation: false
15:30:59.888 [FXGL Background Thread 3 ] DEBUG Engine               - isDesktop: true
15:30:59.888 [FXGL Background Thread 3 ] DEBUG Engine               - isDeveloperMenuEnabled: false
15:30:59.888 [FXGL Background Thread 3 ] DEBUG Engine               - isEmbedded: false
15:30:59.888 [FXGL Background Thread 3 ] DEBUG Engine               - isEntityPreloadEnabled: true
15:30:59.888 [FXGL Background Thread 3 ] DEBUG Engine               - isExperimentalTiledLargeMap: false
15:30:59.888 [FXGL Background Thread 3 ] DEBUG Engine               - isFileSystemWriteAllowed: true
15:30:59.888 [FXGL Background Thread 3 ] DEBUG Engine               - isFullScreenAllowed: false
15:30:59.889 [FXGL Background Thread 3 ] DEBUG Engine               - isFullScreenFromStart: false
15:30:59.889 [FXGL Background Thread 3 ] DEBUG Engine               - isGameMenuEnabled: true
15:30:59.889 [FXGL Background Thread 3 ] DEBUG Engine               - isIOS: false
15:30:59.889 [FXGL Background Thread 3 ] DEBUG Engine               - isIntroEnabled: false
15:30:59.889 [FXGL Background Thread 3 ] DEBUG Engine               - isLinux: false
15:30:59.889 [FXGL Background Thread 3 ] DEBUG Engine               - isMac: false
15:30:59.889 [FXGL Background Thread 3 ] DEBUG Engine               - isMainMenuEnabled: true
15:30:59.889 [FXGL Background Thread 3 ] DEBUG Engine               - isManualResizeEnabled: true
15:30:59.889 [FXGL Background Thread 3 ] DEBUG Engine               - isMobile: false
15:30:59.889 [FXGL Background Thread 3 ] DEBUG Engine               - isNative: false
15:30:59.889 [FXGL Background Thread 3 ] DEBUG Engine               - isPauseMusicWhenMinimized: true
15:30:59.889 [FXGL Background Thread 3 ] DEBUG Engine               - isPreserveResizeRatio: false
15:30:59.890 [FXGL Background Thread 3 ] DEBUG Engine               - isProfilingEnabled: false
15:30:59.890 [FXGL Background Thread 3 ] DEBUG Engine               - isScaleAffectedOnResize: true
15:30:59.890 [FXGL Background Thread 3 ] DEBUG Engine               - isSingleStep: false
15:30:59.890 [FXGL Background Thread 3 ] DEBUG Engine               - isUserProfileEnabled: false
15:30:59.890 [FXGL Background Thread 3 ] DEBUG Engine               - isWindows: true
15:30:59.890 [FXGL Background Thread 3 ] DEBUG Engine               - language: ObjectProperty [value: ENGLISH]
15:30:59.890 [FXGL Background Thread 3 ] DEBUG Engine               - menuKey: ESCAPE
15:30:59.890 [FXGL Background Thread 3 ] DEBUG Engine               - mouseSensitivity: 0.2
15:30:59.890 [FXGL Background Thread 3 ] DEBUG Engine               - notificationViewClass: class com.almasb.fxgl.notification.view.XboxNotificationView
15:30:59.890 [FXGL Background Thread 3 ] DEBUG Engine               - pixelsPerMeter: 50.0
15:30:59.890 [FXGL Background Thread 3 ] DEBUG Engine               - platform: WINDOWS
15:30:59.890 [FXGL Background Thread 3 ] DEBUG Engine               - prefHeightProperty: ReadOnlyDoubleProperty [value: 900.0]
15:30:59.890 [FXGL Background Thread 3 ] DEBUG Engine               - prefWidthProperty: ReadOnlyDoubleProperty [value: 1600.0]
15:30:59.891 [FXGL Background Thread 3 ] DEBUG Engine               - profileDir: profiles/
15:30:59.891 [FXGL Background Thread 3 ] DEBUG Engine               - profileName: StringProperty [value: DEFAULT]
15:30:59.891 [FXGL Background Thread 3 ] DEBUG Engine               - randomSeed: -1
15:30:59.891 [FXGL Background Thread 3 ] DEBUG Engine               - runtimeInfo: RuntimeInfo(platform=WINDOWS, version=17.1, build=24.03.2022 17.34)
15:30:59.891 [FXGL Background Thread 3 ] DEBUG Engine               - saveFileExt: sav
15:30:59.891 [FXGL Background Thread 3 ] DEBUG Engine               - scaledHeightProp$fxgl: DoubleProperty [bound, value: 900.0]
15:30:59.891 [FXGL Background Thread 3 ] DEBUG Engine               - scaledWidthProp$fxgl: DoubleProperty [bound, value: 1600.0]
15:30:59.892 [FXGL Background Thread 3 ] DEBUG Engine               - sceneFactory: com.jonathanc8.fxglgame.MainSceneFactory@3178ee1b
15:30:59.892 [FXGL Background Thread 3 ] DEBUG Engine               - secondsIn24h: 60
15:30:59.892 [FXGL Background Thread 3 ] DEBUG Engine               - soundMenuBack: menu/back.wav
15:30:59.892 [FXGL Background Thread 3 ] DEBUG Engine               - soundMenuPress: menu/press.wav
15:30:59.892 [FXGL Background Thread 3 ] DEBUG Engine               - soundMenuSelect: menu/select.wav
15:30:59.892 [FXGL Background Thread 3 ] DEBUG Engine               - soundNotification: core/notification.wav
15:30:59.892 [FXGL Background Thread 3 ] DEBUG Engine               - stageStyle: DECORATED
15:30:59.892 [FXGL Background Thread 3 ] DEBUG Engine               - supportedLanguages: [ENGLISH, FRENCH, GERMAN, HUNGARIAN, RUSSIAN]
15:30:59.893 [FXGL Background Thread 3 ] DEBUG Engine               - ticksPerSecond: -1
15:30:59.893 [FXGL Background Thread 3 ] DEBUG Engine               - title: A game without a name
15:30:59.893 [FXGL Background Thread 3 ] DEBUG Engine               - urlGithub: https://github.com/AlmasB/FXGL
15:30:59.893 [FXGL Background Thread 3 ] DEBUG Engine               - urlLeaderboard: http://fxgl-top.herokuapp.com/
15:30:59.893 [FXGL Background Thread 3 ] DEBUG Engine               - urlPOM: https://raw.githubusercontent.com/AlmasB/FXGL/release/README.md
15:30:59.893 [FXGL Background Thread 3 ] DEBUG Engine               - userAppClass: class com.jonathanc8.fxglgame.Game
15:30:59.893 [FXGL Background Thread 3 ] DEBUG Engine               - version: Early Development
15:30:59.893 [FXGL Background Thread 3 ] DEBUG Engine               - versionCheckDays: 7
15:30:59.893 [FXGL Background Thread 3 ] DEBUG Engine               - width: 1600
15:30:59.893 [FXGL Background Thread 3 ] DEBUG Engine               - Logging services
15:30:59.893 [FXGL Background Thread 3 ] DEBUG Engine               - class com.almasb.fxgl.app.services.FXGLAssetLoaderService
15:30:59.893 [FXGL Background Thread 3 ] DEBUG Engine               - class com.almasb.fxgl.app.FXGLApplication$GameApplicationService
15:30:59.894 [FXGL Background Thread 3 ] DEBUG Engine               - class com.almasb.fxgl.app.services.FXGLDialogService
15:30:59.894 [FXGL Background Thread 3 ] DEBUG Engine               - class com.almasb.fxgl.app.services.IOTaskExecutorService
15:30:59.894 [FXGL Background Thread 3 ] DEBUG Engine               - class com.almasb.fxgl.io.FileSystemService
15:30:59.894 [FXGL Background Thread 3 ] DEBUG Engine               - class com.almasb.fxgl.localization.LocalizationService
15:30:59.894 [FXGL Background Thread 3 ] DEBUG Engine               - class com.almasb.fxgl.app.services.SystemBundleService
15:30:59.894 [FXGL Background Thread 3 ] DEBUG Engine               - class com.almasb.fxgl.profile.SaveLoadService
15:30:59.894 [FXGL Background Thread 3 ] DEBUG Engine               - class com.almasb.fxgl.ui.FXGLUIFactoryServiceProvider
15:30:59.894 [FXGL Background Thread 3 ] DEBUG Engine               - class com.almasb.fxgl.ui.FXGLDialogFactoryServiceProvider
15:30:59.894 [FXGL Background Thread 3 ] DEBUG Engine               - class com.almasb.fxgl.audio.AudioPlayer
15:30:59.894 [FXGL Background Thread 3 ] DEBUG Engine               - class com.almasb.fxgl.notification.impl.NotificationServiceProvider
15:30:59.894 [FXGL Background Thread 3 ] DEBUG Engine               - class com.almasb.fxgl.achievement.AchievementService
15:30:59.894 [FXGL Background Thread 3 ] DEBUG Engine               - class com.almasb.fxgl.cutscene.CutsceneService
15:30:59.894 [FXGL Background Thread 3 ] DEBUG Engine               - class com.almasb.fxgl.minigames.MiniGameService
15:30:59.894 [FXGL Background Thread 3 ] DEBUG Engine               - class com.almasb.fxgl.net.NetService
15:30:59.894 [FXGL Background Thread 3 ] DEBUG Engine               - class com.almasb.fxgl.app.services.UpdaterService
15:30:59.895 [FXGL Background Thread 3 ] DEBUG Engine               - class com.almasb.fxgl.dev.DevService
15:30:59.985 [JavaFX Application Thread] DEBUG FXGLAssetLoaderServi - Loading from file system: file:/D:/Projects/Coding/Java/FXGLGame/build/resources/main/assets/sounds/blaster.wav
15:31:00.134 [JavaFX Application Thread] DEBUG FXGLAssetLoaderServi - Loading from file system: file:/D:/Projects/Coding/Java/FXGLGame/build/resources/main/assets/textures/projectile/blaster+.png
15:31:01.137 [JavaFX Application Thread] DEBUG FXGLAssetLoaderServi - Loading from file system: file:/D:/Projects/Coding/Java/FXGLGame/build/resources/main/assets/textures/projectile/javelin.png
15:31:04.145 [JavaFX Application Thread] DEBUG FXGLAssetLoaderServi - Loading from file system: file:/D:/Projects/Coding/Java/FXGLGame/build/resources/main/assets/textures/effect/explosion/huge~1.png
15:31:04.147 [JavaFX Application Thread] DEBUG FXGLAssetLoaderServi - Loading from file system: file:/D:/Projects/Coding/Java/FXGLGame/build/resources/main/assets/textures/effect/explosion/huge~2.png
15:31:04.149 [JavaFX Application Thread] DEBUG FXGLAssetLoaderServi - Loading from file system: file:/D:/Projects/Coding/Java/FXGLGame/build/resources/main/assets/textures/effect/explosion/huge~3.png
15:31:04.151 [JavaFX Application Thread] DEBUG FXGLAssetLoaderServi - Loading from file system: file:/D:/Projects/Coding/Java/FXGLGame/build/resources/main/assets/textures/effect/explosion/huge~4.png
15:31:04.154 [JavaFX Application Thread] DEBUG FXGLAssetLoaderServi - Loading from file system: file:/D:/Projects/Coding/Java/FXGLGame/build/resources/main/assets/textures/effect/explosion/huge~5.png
15:31:04.156 [JavaFX Application Thread] DEBUG FXGLAssetLoaderServi - Loading from file system: file:/D:/Projects/Coding/Java/FXGLGame/build/resources/main/assets/textures/effect/explosion/huge~6.png
15:31:04.158 [JavaFX Application Thread] DEBUG FXGLAssetLoaderServi - Loading from file system: file:/D:/Projects/Coding/Java/FXGLGame/build/resources/main/assets/textures/effect/explosion/huge~7.png
15:31:04.161 [JavaFX Application Thread] DEBUG FXGLAssetLoaderServi - Loading from file system: file:/D:/Projects/Coding/Java/FXGLGame/build/resources/main/assets/textures/effect/explosion/huge~8.png
15:31:04.164 [JavaFX Application Thread] DEBUG FXGLAssetLoaderServi - Loading from file system: file:/D:/Projects/Coding/Java/FXGLGame/build/resources/main/assets/textures/effect/explosion/huge~0.png
15:31:04.169 [JavaFX Application Thread] DEBUG FXGLAssetLoaderServi - Loading from file system: file:/D:/Projects/Coding/Java/FXGLGame/build/resources/main/assets/sounds/explosion%20huge.wav
15:31:06.033 [JavaFX Application Thread] DEBUG FXGLAssetLoaderServi - Loading from file system: file:/D:/Projects/Coding/Java/FXGLGame/build/resources/main/assets/textures/effect/explosion/small~1.png
15:31:06.034 [JavaFX Application Thread] DEBUG FXGLAssetLoaderServi - Loading from file system: file:/D:/Projects/Coding/Java/FXGLGame/build/resources/main/assets/textures/effect/explosion/small~2.png
15:31:06.035 [JavaFX Application Thread] DEBUG FXGLAssetLoaderServi - Loading from file system: file:/D:/Projects/Coding/Java/FXGLGame/build/resources/main/assets/textures/effect/explosion/small~3.png
15:31:06.036 [JavaFX Application Thread] DEBUG FXGLAssetLoaderServi - Loading from file system: file:/D:/Projects/Coding/Java/FXGLGame/build/resources/main/assets/textures/effect/explosion/small~4.png
15:31:06.037 [JavaFX Application Thread] DEBUG FXGLAssetLoaderServi - Loading from file system: file:/D:/Projects/Coding/Java/FXGLGame/build/resources/main/assets/textures/effect/explosion/small~5.png
15:31:06.038 [JavaFX Application Thread] DEBUG FXGLAssetLoaderServi - Loading from file system: file:/D:/Projects/Coding/Java/FXGLGame/build/resources/main/assets/textures/effect/explosion/small~6.png
15:31:06.040 [JavaFX Application Thread] DEBUG FXGLAssetLoaderServi - Loading from file system: file:/D:/Projects/Coding/Java/FXGLGame/build/resources/main/assets/sounds/explosion%20small.wav
15:31:52.465 [JavaFX Application Thread] WARN  TMXLevelLoader       - TiledMap generated from 1.4.3. Supported version: 1.4.2. Some features may not be parsed fully.
15:31:52.482 [JavaFX Application Thread] DEBUG TMXLevelLoader       - Parsed TiledMap: file:/D:/Projects/Coding/Java/FXGLGame/build/resources/main/assets/levels/testLevelMap.tmx
15:31:52.482 [JavaFX Application Thread] DEBUG TMXLevelLoader       - Creating tile layer entities
15:31:52.483 [JavaFX Application Thread] DEBUG TilesetLoader        - Loading view for layer Tile Layer 1
15:31:52.487 [JavaFX Application Thread] DEBUG TilesetLoader        - Created buffer with size 1600.0x6400.0
15:31:52.517 [JavaFX Application Thread] DEBUG TMXLevelLoader       - Creating object layer entities
15:31:52.522 [JavaFX Application Thread] DEBUG GameWorld            - Clearing removable entities
15:31:52.523 [JavaFX Application Thread] DEBUG GameWorld            - Setting level: com.almasb.fxgl.entity.level.Level@5d471a05
15:32:00.625 [JavaFX Application Thread] DEBUG FXGLAssetLoaderServi - Loading from file system: file:/D:/Projects/Coding/Java/FXGLGame/build/resources/main/assets/sounds/explosion%20medium.wav
15:32:45.570 [JavaFX Application Thread] WARN  TMXLevelLoader       - TiledMap generated from 1.4.3. Supported version: 1.4.2. Some features may not be parsed fully.
15:32:45.581 [JavaFX Application Thread] DEBUG TMXLevelLoader       - Parsed TiledMap: file:/D:/Projects/Coding/Java/FXGLGame/build/resources/main/assets/levels/testLevelMap.tmx
15:32:45.581 [JavaFX Application Thread] DEBUG TMXLevelLoader       - Creating tile layer entities
15:32:45.581 [JavaFX Application Thread] DEBUG TilesetLoader        - Loading view for layer Tile Layer 1
15:32:45.585 [JavaFX Application Thread] DEBUG TilesetLoader        - Created buffer with size 1600.0x6400.0
15:32:45.617 [JavaFX Application Thread] DEBUG TMXLevelLoader       - Creating object layer entities
15:32:45.620 [JavaFX Application Thread] DEBUG GameWorld            - Clearing removable entities
15:32:45.621 [JavaFX Application Thread] DEBUG GameWorld            - Setting level: com.almasb.fxgl.entity.level.Level@20c49afd
15:32:49.689 [JavaFX Application Thread] DEBUG FXGLApplication      - Exiting FXGL
15:32:49.689 [JavaFX Application Thread] DEBUG LoopRunner           - Stopping loop
15:32:49.689 [JavaFX Application Thread] DEBUG SystemBundleService  - Saving FXGL system data
15:32:49.691 [JavaFX Application Thread] DEBUG FileSystemAccess     - Writing to: D:\Projects\Coding\Java\FXGLGame\system\fxgl.bundle
15:32:49.692 [JavaFX Application Thread] DEBUG Async                - Shutting down background threads
15:32:49.692 [JavaFX Application Thread] DEBUG PrimaryStageWindow   - Closing main window
15:32:49.703 [JavaFX Application Thread] DEBUG Logger               - Closing Logger
