11:52:04.466 [main                     ] DEBUG Logger               - Configured Logger
11:52:04.497 [main                     ] DEBUG GameApplication      - Logging settings
Title: Some Shmup game
Version: 0.01
Width: 600
Height: 600
Fullscreen: false
Intro: false
Profiling: false
Single step:false
App Mode: DEVELOPER
Menu Key: ESCAPE
Stage Style: DECORATED
Scene Factory: class com.almasb.fxgl.app.scene.SceneFactory

11:52:05.477 [JavaFX Application Thread] DEBUG FXGLApplication      - Initializing FXGL
11:52:05.482 [JavaFX Application Thread] INFO  Engine               - FXGL-17.1 (24.03.2022 17.34) on WINDOWS (J:17.0.2 FX:17.0.2-ea)
11:52:05.483 [JavaFX Application Thread] DEBUG Engine               - JRE Vendor Name: Oracle Corporation
11:52:05.483 [JavaFX Application Thread] DEBUG Engine               - Running on OS: Windows 10 version 10.0
11:52:05.483 [JavaFX Application Thread] DEBUG Engine               - Architecture: amd64
11:52:05.483 [JavaFX Application Thread] INFO  Engine               - Source code and latest versions at: https://github.com/AlmasB/FXGL
11:52:05.483 [JavaFX Application Thread] INFO  Engine               -       Ask questions and discuss at: https://github.com/AlmasB/FXGL/discussions
11:52:05.483 [JavaFX Application Thread] INFO  Engine               -              Join the FXGL chat at: https://gitter.im/AlmasB/FXGL
11:52:05.559 [JavaFX Application Thread] DEBUG PrimaryStageWindow   - Creating a JavaFX scene
11:52:05.604 [JavaFX Application Thread] DEBUG PrimaryStageWindow   - Target settings size: 600.0 x 600.0
11:52:05.604 [JavaFX Application Thread] DEBUG PrimaryStageWindow   - Scaled scene size:    600.0 x 600.0
11:52:05.604 [JavaFX Application Thread] DEBUG PrimaryStageWindow   - Scaled ratio: (1.0, 1.0)
11:52:05.605 [JavaFX Application Thread] DEBUG PrimaryStageWindow   - Set initial scene to FXGLStartupScene
11:52:05.612 [JavaFX Application Thread] DEBUG PrimaryStageWindow   - Opening main window
11:52:05.690 [JavaFX Application Thread] DEBUG PrimaryStageWindow   - Window border size: (16.0, 39.0)
11:52:05.690 [JavaFX Application Thread] DEBUG PrimaryStageWindow   - Scaled size: 600.0 x 600.0
11:52:05.690 [JavaFX Application Thread] DEBUG PrimaryStageWindow   - Scaled ratio: (1.0, 1.0)
11:52:05.690 [JavaFX Application Thread] DEBUG PrimaryStageWindow   - Scene size: 600.0 x 600.0
11:52:05.691 [JavaFX Application Thread] DEBUG PrimaryStageWindow   - Stage size: 616.0 x 639.0
11:52:05.697 [FXGL Background Thread 1 ] DEBUG Engine               - Initializing environment variables
11:52:05.730 [FXGL Background Thread 1 ] DEBUG FXGLAssetLoaderServi - User app class for loading assets: class com.jonathanc8.fxglgame.Game
11:52:05.731 [FXGL Background Thread 1 ] DEBUG GameApplicationServi - Applying CSS: fxgl_dark.css
11:52:05.731 [FXGL Background Thread 1 ] DEBUG FXGLAssetLoaderServi - Loading from file system: jar:file:///C:/Users/Jonat/.gradle/caches/modules-2/files-2.1/com.github.almasb/fxgl/17.1/2a9509aedf54954c9b13849c18c6f495a81c542d/fxgl-17.1.jar!/fxglassets/ui/css/fxgl_dark.css
11:52:05.770 [FXGL Background Thread 1 ] DEBUG GameApplicationServi - Initializing application scenes
11:52:05.819 [FXGL Background Thread 1 ] DEBUG GameWorld            - Game world initialized
11:52:05.865 [FXGL Background Thread 1 ] DEBUG PhysicsWorld         - Physics world initialized: appHeight=600, physics.ppm=50.0
11:52:05.866 [FXGL Background Thread 1 ] DEBUG PhysicsWorld         - Using strategy: BRUTE_FORCE
11:52:05.870 [FXGL Background Thread 1 ] DEBUG GameScene            - Game scene initialized: 600x600
11:52:05.881 [FXGL Background Thread 1 ] WARN  FXGL.DefaultMenu     - FXGLDefaultMenu is not designed for resolutions < 800x600
11:52:05.881 [FXGL Background Thread 1 ] DEBUG FXGL.DefaultMenu     - createMenuBodyGameMenu()
11:52:05.894 [FXGL Background Thread 1 ] DEBUG FXGL.DefaultMenu     - createOptionsMenu()
11:52:05.904 [FXGL Background Thread 1 ] DEBUG FXGLAssetLoaderServi - Loading from file system: jar:file:///C:/Users/Jonat/.gradle/caches/modules-2/files-2.1/com.github.almasb/fxgl/17.1/2a9509aedf54954c9b13849c18c6f495a81c542d/fxgl-17.1.jar!/fxglassets/textures/particles/smoke.png
11:52:06.018 [FXGL Background Thread 1 ] DEBUG FXGLAssetLoaderServi - Loading from file system: jar:file:///C:/Users/Jonat/.gradle/caches/modules-2/files-2.1/com.github.almasb/fxgl/17.1/2a9509aedf54954c9b13849c18c6f495a81c542d/fxgl-17.1.jar!/fxglassets/textures/particles/trace_horizontal.png
11:52:06.059 [FXGL Background Thread 1 ] DEBUG GameApplicationServi - Application scenes initialized
11:52:06.077 [FXGL Background Thread 1 ] DEBUG SystemBundleService  - Loading FXGL system data
11:52:06.083 [FXGL Background Thread 1 ] DEBUG FileSystemAccess     - Reading from: C:\Users\Jonat\OneDrive\Documents\Projects\Coding\Java\FXGLGame\system\fxgl.bundle
11:52:06.091 [FXGL Background Thread 1 ] DEBUG SystemBundleService  - Bundle FXGL: {}
11:52:06.091 [FXGL Background Thread 1 ] DEBUG UpdaterService       - Checking for updates
11:52:06.095 [FXGL Background Thread 4 ] DEBUG FXGLApplication      - Loading fonts
11:52:06.095 [FXGL Background Thread 1 ] DEBUG FXGLApplication      - Loading default localization
11:52:06.096 [FXGL Background Thread 4 ] DEBUG FXGLAssetLoaderServi - Loading from file system: jar:file:///C:/Users/Jonat/.gradle/caches/modules-2/files-2.1/com.github.almasb/fxgl/17.1/2a9509aedf54954c9b13849c18c6f495a81c542d/fxgl-17.1.jar!/fxglassets/ui/fonts/VarelaRound-Regular.ttf
11:52:06.096 [FXGL Background Thread 1 ] DEBUG FXGLAssetLoaderServi - Loading from file system: jar:file:///C:/Users/Jonat/.gradle/caches/modules-2/files-2.1/com.github.almasb/fxgl/17.1/2a9509aedf54954c9b13849c18c6f495a81c542d/fxgl-17.1.jar!/fxglassets/languages/english.lang
11:52:06.120 [FXGL Background Thread 1 ] INFO  FXGLApplication      - FXGL initialization took: 0.423 sec
11:52:06.137 [JavaFX Application Thread] DEBUG Input                - Registered new binding: Move Right - D
11:52:06.137 [JavaFX Application Thread] DEBUG Input                - Registered new binding: Move Left - A
11:52:06.137 [JavaFX Application Thread] DEBUG Input                - Registered new binding: Move Down - S
11:52:06.138 [JavaFX Application Thread] DEBUG Input                - Registered new binding: Move Up - W
11:52:06.139 [JavaFX Application Thread] DEBUG Input                - Registered new binding: action0 - Enter
11:52:06.141 [JavaFX Application Thread] DEBUG Input                - Registered new binding: action1 - Right
11:52:06.142 [JavaFX Application Thread] DEBUG Input                - Registered new binding: action2 - Left
11:52:06.143 [JavaFX Application Thread] DEBUG Input                - Registered new binding: action3 - Up
11:52:06.143 [JavaFX Application Thread] DEBUG Input                - Registered new binding: action4 - Down
11:52:06.143 [JavaFX Application Thread] DEBUG Input                - Registered new binding: action5 - Delete
11:52:06.144 [JavaFX Application Thread] DEBUG Input                - Registered new binding: action6 - Space
11:52:06.145 [JavaFX Application Thread] DEBUG Input                - Registered new binding: action7 - E
11:52:06.145 [JavaFX Application Thread] DEBUG FXGLAssetLoaderServi - Loading from file system: jar:file:///C:/Users/Jonat/.gradle/caches/modules-2/files-2.1/com.github.almasb/fxgl/17.1/2a9509aedf54954c9b13849c18c6f495a81c542d/fxgl-17.1.jar!/fxglassets/textures/fxgl_icon.png
11:52:06.175 [JavaFX Application Thread] DEBUG FXGLAssetLoaderServi - Loading from file system: jar:file:///C:/Users/Jonat/.gradle/caches/modules-2/files-2.1/com.github.almasb/fxgl/17.1/2a9509aedf54954c9b13849c18c6f495a81c542d/fxgl-17.1.jar!/fxglassets/textures/fxgl_default_cursor.png
11:52:06.179 [JavaFX Application Thread] DEBUG Input                - Registered new binding: Screenshot - CTRL+8
11:52:06.180 [JavaFX Application Thread] DEBUG Input                - Registered new binding: System info dump - CTRL+9
11:52:06.180 [JavaFX Application Thread] DEBUG Input                - Registered new binding: Restart - CTRL+R
11:52:06.181 [JavaFX Application Thread] DEBUG Input                - Registered new binding: Toggle Debug Camera - CTRL+7
11:52:06.184 [JavaFX Application Thread] DEBUG LoopRunner           - Starting loop
11:52:06.185 [JavaFX Application Thread] DEBUG LoopRunner           - Initializing JavaFX AnimationTimerLoop
11:52:06.189 [JavaFX Application Thread] DEBUG GameApplicationServi - Starting new game
11:52:06.190 [JavaFX Application Thread] DEBUG Input                - Clearing active input actions
11:52:06.207 [JavaFX Application Thread] DEBUG GameApplicationServi - Removing overlay from FXGLStartupScene and adding to FXGLLoadingScene
11:52:06.208 [JavaFX Application Thread] DEBUG PrimaryStageWindow   - FXGLStartupScene -> FXGLLoadingScene
11:52:06.209 [JavaFX Application Thread] DEBUG GameApplicationServi - Clearing previous game
11:52:06.209 [JavaFX Application Thread] DEBUG GameScene            - Clearing game scene
11:52:06.209 [JavaFX Application Thread] DEBUG GameWorld            - Clearing game world
11:52:06.209 [JavaFX Application Thread] DEBUG PhysicsWorld         - Clearing physics world
11:52:06.213 [FXGL Background Thread 1 ] DEBUG FXGLApplication      - Initializing game
11:52:06.236 [FXGL Background Thread 1 ] DEBUG FXGLAssetLoaderServi - Loading from file system: file:/C:/Users/Jonat/OneDrive/Documents/Projects/Coding/Java/FXGLGame/build/resources/main/assets/textures/Untitled.png
11:52:06.370 [FXGL Background Thread 1 ] INFO  FXGLApplication      - Game initialization took: 0.157 sec
11:52:06.419 [FXGL Background Thread 4 ] DEBUG FXGLAssetLoaderServi - Loading from file system: jar:file:///C:/Users/Jonat/.gradle/caches/modules-2/files-2.1/com.github.almasb/fxgl/17.1/2a9509aedf54954c9b13849c18c6f495a81c542d/fxgl-17.1.jar!/fxglassets/ui/fonts/Abel-Regular.ttf
11:52:06.433 [FXGL Background Thread 4 ] DEBUG FXGLAssetLoaderServi - Loading from file system: jar:file:///C:/Users/Jonat/.gradle/caches/modules-2/files-2.1/com.github.almasb/fxgl/17.1/2a9509aedf54954c9b13849c18c6f495a81c542d/fxgl-17.1.jar!/fxglassets/ui/fonts/TerminalLandMono-Regular.otf
11:52:06.434 [JavaFX Application Thread] DEBUG Input                - Clearing active input actions
11:52:06.446 [JavaFX Application Thread] DEBUG GameApplicationServi - Removing overlay from FXGLLoadingScene and adding to GameScene
11:52:06.447 [JavaFX Application Thread] DEBUG PrimaryStageWindow   - FXGLLoadingScene -> GameScene
11:52:06.448 [FXGL Background Thread 4 ] DEBUG FXGLAssetLoaderServi - Loading from file system: jar:file:///C:/Users/Jonat/.gradle/caches/modules-2/files-2.1/com.github.almasb/fxgl/17.1/2a9509aedf54954c9b13849c18c6f495a81c542d/fxgl-17.1.jar!/fxglassets/ui/fonts/Courier-Prime.ttf
11:52:06.472 [JavaFX Application Thread] DEBUG FXGLApplication      - Registering font factories with UI factory
11:52:06.667 [FXGL Background Thread 2 ] INFO  UpdaterService       - Your current version:  17.1
11:52:06.667 [FXGL Background Thread 2 ] INFO  UpdaterService       - Latest stable version: 17.2
11:52:09.094 [FXGL Background Thread 3 ] DEBUG Engine               - Logging environment variables
11:52:09.095 [FXGL Background Thread 3 ] DEBUG Engine               - achievements: []
11:52:09.095 [FXGL Background Thread 3 ] DEBUG Engine               - actualHeight: 600.0
11:52:09.095 [FXGL Background Thread 3 ] DEBUG Engine               - actualHeightProperty: ReadOnlyDoubleProperty [value: 600.0]
11:52:09.095 [FXGL Background Thread 3 ] DEBUG Engine               - actualWidth: 600.0
11:52:09.095 [FXGL Background Thread 3 ] DEBUG Engine               - actualWidthProperty: ReadOnlyDoubleProperty [value: 600.0]
11:52:09.096 [FXGL Background Thread 3 ] DEBUG Engine               - appIcon: fxgl_icon.png
11:52:09.096 [FXGL Background Thread 3 ] DEBUG Engine               - applicationMode: DEVELOPER
11:52:09.096 [FXGL Background Thread 3 ] DEBUG Engine               - cSSList: [fxgl_dark.css]
11:52:09.096 [FXGL Background Thread 3 ] DEBUG Engine               - collisionDetectionStrategy: BRUTE_FORCE
11:52:09.096 [FXGL Background Thread 3 ] DEBUG Engine               - configClass: Optional.empty
11:52:09.096 [FXGL Background Thread 3 ] DEBUG Engine               - credits: []
11:52:09.096 [FXGL Background Thread 3 ] DEBUG Engine               - defaultCursor: CursorInfo(imageName=fxgl_default_cursor.png, hotspotX=7.0, hotspotY=6.0)
11:52:09.097 [FXGL Background Thread 3 ] DEBUG Engine               - devBBoxColorProperty: ObjectProperty [value: 0xff0000ff]
11:52:09.097 [FXGL Background Thread 3 ] DEBUG Engine               - devEnableDebugCameraProperty: BooleanProperty [value: false]
11:52:09.097 [FXGL Background Thread 3 ] DEBUG Engine               - devSensorColorProperty: ObjectProperty [value: 0xffff00ff]
11:52:09.097 [FXGL Background Thread 3 ] DEBUG Engine               - devShowBBoxProperty: BooleanProperty [value: false]
11:52:09.097 [FXGL Background Thread 3 ] DEBUG Engine               - devShowPositionProperty: BooleanProperty [value: false]
11:52:09.097 [FXGL Background Thread 3 ] DEBUG Engine               - enabledMenuItems: []
11:52:09.097 [FXGL Background Thread 3 ] DEBUG Engine               - engineServices: [class com.almasb.fxgl.app.services.FXGLAssetLoaderService, class com.almasb.fxgl.app.FXGLApplication$GameApplicationService, class com.almasb.fxgl.app.services.FXGLDialogService, class com.almasb.fxgl.app.services.IOTaskExecutorService, class com.almasb.fxgl.io.FileSystemService, class com.almasb.fxgl.localization.LocalizationService, class com.almasb.fxgl.app.services.SystemBundleService, class com.almasb.fxgl.profile.SaveLoadService, class com.almasb.fxgl.ui.FXGLUIFactoryServiceProvider, class com.almasb.fxgl.ui.FXGLDialogFactoryServiceProvider, class com.almasb.fxgl.audio.AudioPlayer, class com.almasb.fxgl.notification.impl.NotificationServiceProvider, class com.almasb.fxgl.achievement.AchievementService, class com.almasb.fxgl.cutscene.CutsceneService, class com.almasb.fxgl.minigames.MiniGameService, class com.almasb.fxgl.net.NetService, class com.almasb.fxgl.app.services.UpdaterService, class com.almasb.fxgl.dev.DevService]
11:52:09.097 [FXGL Background Thread 3 ] DEBUG Engine               - fontGame: Abel-Regular.ttf
11:52:09.097 [FXGL Background Thread 3 ] DEBUG Engine               - fontMono: TerminalLandMono-Regular.otf
11:52:09.098 [FXGL Background Thread 3 ] DEBUG Engine               - fontText: Courier-Prime.ttf
11:52:09.098 [FXGL Background Thread 3 ] DEBUG Engine               - fontUI: VarelaRound-Regular.ttf
11:52:09.098 [FXGL Background Thread 3 ] DEBUG Engine               - fullScreen: BooleanProperty [value: false]
11:52:09.098 [FXGL Background Thread 3 ] DEBUG Engine               - gameDifficulty: MEDIUM
11:52:09.098 [FXGL Background Thread 3 ] DEBUG Engine               - gameDifficultyProperty: ObjectProperty [value: MEDIUM]
11:52:09.098 [FXGL Background Thread 3 ] DEBUG Engine               - globalMusicVolume: 0.5
11:52:09.098 [FXGL Background Thread 3 ] DEBUG Engine               - globalMusicVolumeProperty: DoubleProperty [value: 0.5]
11:52:09.098 [FXGL Background Thread 3 ] DEBUG Engine               - globalSoundVolume: 0.5
11:52:09.098 [FXGL Background Thread 3 ] DEBUG Engine               - globalSoundVolumeProperty: DoubleProperty [value: 0.5]
11:52:09.098 [FXGL Background Thread 3 ] DEBUG Engine               - height: 600
11:52:09.098 [FXGL Background Thread 3 ] DEBUG Engine               - is3D: false
11:52:09.098 [FXGL Background Thread 3 ] DEBUG Engine               - isAndroid: false
11:52:09.099 [FXGL Background Thread 3 ] DEBUG Engine               - isBrowser: false
11:52:09.099 [FXGL Background Thread 3 ] DEBUG Engine               - isClickFeedbackEnabled: false
11:52:09.099 [FXGL Background Thread 3 ] DEBUG Engine               - isCloseConfirmation: false
11:52:09.099 [FXGL Background Thread 3 ] DEBUG Engine               - isDesktop: true
11:52:09.099 [FXGL Background Thread 3 ] DEBUG Engine               - isDeveloperMenuEnabled: false
11:52:09.099 [FXGL Background Thread 3 ] DEBUG Engine               - isEmbedded: false
11:52:09.099 [FXGL Background Thread 3 ] DEBUG Engine               - isEntityPreloadEnabled: true
11:52:09.099 [FXGL Background Thread 3 ] DEBUG Engine               - isExperimentalTiledLargeMap: false
11:52:09.099 [FXGL Background Thread 3 ] DEBUG Engine               - isFileSystemWriteAllowed: true
11:52:09.099 [FXGL Background Thread 3 ] DEBUG Engine               - isFullScreenAllowed: false
11:52:09.099 [FXGL Background Thread 3 ] DEBUG Engine               - isFullScreenFromStart: false
11:52:09.099 [FXGL Background Thread 3 ] DEBUG Engine               - isGameMenuEnabled: true
11:52:09.100 [FXGL Background Thread 3 ] DEBUG Engine               - isIOS: false
11:52:09.100 [FXGL Background Thread 3 ] DEBUG Engine               - isIntroEnabled: false
11:52:09.100 [FXGL Background Thread 3 ] DEBUG Engine               - isLinux: false
11:52:09.100 [FXGL Background Thread 3 ] DEBUG Engine               - isMac: false
11:52:09.100 [FXGL Background Thread 3 ] DEBUG Engine               - isMainMenuEnabled: false
11:52:09.100 [FXGL Background Thread 3 ] DEBUG Engine               - isManualResizeEnabled: false
11:52:09.100 [FXGL Background Thread 3 ] DEBUG Engine               - isMobile: false
11:52:09.100 [FXGL Background Thread 3 ] DEBUG Engine               - isNative: false
11:52:09.100 [FXGL Background Thread 3 ] DEBUG Engine               - isPauseMusicWhenMinimized: true
11:52:09.100 [FXGL Background Thread 3 ] DEBUG Engine               - isPreserveResizeRatio: false
11:52:09.100 [FXGL Background Thread 3 ] DEBUG Engine               - isProfilingEnabled: false
11:52:09.100 [FXGL Background Thread 3 ] DEBUG Engine               - isScaleAffectedOnResize: true
11:52:09.100 [FXGL Background Thread 3 ] DEBUG Engine               - isSingleStep: false
11:52:09.100 [FXGL Background Thread 3 ] DEBUG Engine               - isUserProfileEnabled: false
11:52:09.101 [FXGL Background Thread 3 ] DEBUG Engine               - isWindows: true
11:52:09.101 [FXGL Background Thread 3 ] DEBUG Engine               - language: ObjectProperty [value: ENGLISH]
11:52:09.101 [FXGL Background Thread 3 ] DEBUG Engine               - menuKey: ESCAPE
11:52:09.101 [FXGL Background Thread 3 ] DEBUG Engine               - mouseSensitivity: 0.2
11:52:09.101 [FXGL Background Thread 3 ] DEBUG Engine               - notificationViewClass: class com.almasb.fxgl.notification.view.XboxNotificationView
11:52:09.101 [FXGL Background Thread 3 ] DEBUG Engine               - pixelsPerMeter: 50.0
11:52:09.101 [FXGL Background Thread 3 ] DEBUG Engine               - platform: WINDOWS
11:52:09.101 [FXGL Background Thread 3 ] DEBUG Engine               - prefHeightProperty: ReadOnlyDoubleProperty [value: 600.0]
11:52:09.101 [FXGL Background Thread 3 ] DEBUG Engine               - prefWidthProperty: ReadOnlyDoubleProperty [value: 600.0]
11:52:09.101 [FXGL Background Thread 3 ] DEBUG Engine               - profileDir: profiles/
11:52:09.101 [FXGL Background Thread 3 ] DEBUG Engine               - profileName: StringProperty [value: DEFAULT]
11:52:09.101 [FXGL Background Thread 3 ] DEBUG Engine               - randomSeed: -1
11:52:09.102 [FXGL Background Thread 3 ] DEBUG Engine               - runtimeInfo: RuntimeInfo(platform=WINDOWS, version=17.1, build=24.03.2022 17.34)
11:52:09.102 [FXGL Background Thread 3 ] DEBUG Engine               - saveFileExt: sav
11:52:09.102 [FXGL Background Thread 3 ] DEBUG Engine               - scaledHeightProp$fxgl: DoubleProperty [bound, value: 600.0]
11:52:09.102 [FXGL Background Thread 3 ] DEBUG Engine               - scaledWidthProp$fxgl: DoubleProperty [bound, value: 600.0]
11:52:09.102 [FXGL Background Thread 3 ] DEBUG Engine               - sceneFactory: com.almasb.fxgl.app.scene.SceneFactory@ac74ea2
11:52:09.102 [FXGL Background Thread 3 ] DEBUG Engine               - secondsIn24h: 60
11:52:09.102 [FXGL Background Thread 3 ] DEBUG Engine               - soundMenuBack: menu/back.wav
11:52:09.102 [FXGL Background Thread 3 ] DEBUG Engine               - soundMenuPress: menu/press.wav
11:52:09.102 [FXGL Background Thread 3 ] DEBUG Engine               - soundMenuSelect: menu/select.wav
11:52:09.102 [FXGL Background Thread 3 ] DEBUG Engine               - soundNotification: core/notification.wav
11:52:09.102 [FXGL Background Thread 3 ] DEBUG Engine               - stageStyle: DECORATED
11:52:09.102 [FXGL Background Thread 3 ] DEBUG Engine               - supportedLanguages: [ENGLISH, FRENCH, GERMAN, HUNGARIAN, RUSSIAN]
11:52:09.102 [FXGL Background Thread 3 ] DEBUG Engine               - ticksPerSecond: -1
11:52:09.102 [FXGL Background Thread 3 ] DEBUG Engine               - title: Some Shmup game
11:52:09.103 [FXGL Background Thread 3 ] DEBUG Engine               - urlGithub: https://github.com/AlmasB/FXGL
11:52:09.103 [FXGL Background Thread 3 ] DEBUG Engine               - urlLeaderboard: http://fxgl-top.herokuapp.com/
11:52:09.103 [FXGL Background Thread 3 ] DEBUG Engine               - urlPOM: https://raw.githubusercontent.com/AlmasB/FXGL/release/README.md
11:52:09.103 [FXGL Background Thread 3 ] DEBUG Engine               - userAppClass: class com.jonathanc8.fxglgame.Game
11:52:09.103 [FXGL Background Thread 3 ] DEBUG Engine               - version: 0.01
11:52:09.103 [FXGL Background Thread 3 ] DEBUG Engine               - versionCheckDays: 7
11:52:09.103 [FXGL Background Thread 3 ] DEBUG Engine               - width: 600
11:52:09.103 [FXGL Background Thread 3 ] DEBUG Engine               - Logging services
11:52:09.103 [FXGL Background Thread 3 ] DEBUG Engine               - class com.almasb.fxgl.app.services.FXGLAssetLoaderService
11:52:09.103 [FXGL Background Thread 3 ] DEBUG Engine               - class com.almasb.fxgl.app.FXGLApplication$GameApplicationService
11:52:09.103 [FXGL Background Thread 3 ] DEBUG Engine               - class com.almasb.fxgl.app.services.FXGLDialogService
11:52:09.103 [FXGL Background Thread 3 ] DEBUG Engine               - class com.almasb.fxgl.app.services.IOTaskExecutorService
11:52:09.103 [FXGL Background Thread 3 ] DEBUG Engine               - class com.almasb.fxgl.io.FileSystemService
11:52:09.103 [FXGL Background Thread 3 ] DEBUG Engine               - class com.almasb.fxgl.localization.LocalizationService
11:52:09.103 [FXGL Background Thread 3 ] DEBUG Engine               - class com.almasb.fxgl.app.services.SystemBundleService
11:52:09.103 [FXGL Background Thread 3 ] DEBUG Engine               - class com.almasb.fxgl.profile.SaveLoadService
11:52:09.104 [FXGL Background Thread 3 ] DEBUG Engine               - class com.almasb.fxgl.ui.FXGLUIFactoryServiceProvider
11:52:09.104 [FXGL Background Thread 3 ] DEBUG Engine               - class com.almasb.fxgl.ui.FXGLDialogFactoryServiceProvider
11:52:09.104 [FXGL Background Thread 3 ] DEBUG Engine               - class com.almasb.fxgl.audio.AudioPlayer
11:52:09.104 [FXGL Background Thread 3 ] DEBUG Engine               - class com.almasb.fxgl.notification.impl.NotificationServiceProvider
11:52:09.104 [FXGL Background Thread 3 ] DEBUG Engine               - class com.almasb.fxgl.achievement.AchievementService
11:52:09.104 [FXGL Background Thread 3 ] DEBUG Engine               - class com.almasb.fxgl.cutscene.CutsceneService
11:52:09.104 [FXGL Background Thread 3 ] DEBUG Engine               - class com.almasb.fxgl.minigames.MiniGameService
11:52:09.104 [FXGL Background Thread 3 ] DEBUG Engine               - class com.almasb.fxgl.net.NetService
11:52:09.104 [FXGL Background Thread 3 ] DEBUG Engine               - class com.almasb.fxgl.app.services.UpdaterService
11:52:09.104 [FXGL Background Thread 3 ] DEBUG Engine               - class com.almasb.fxgl.dev.DevService
11:52:16.517 [JavaFX Application Thread] DEBUG FXGLApplication      - Exiting FXGL
11:52:16.518 [JavaFX Application Thread] DEBUG LoopRunner           - Stopping loop
11:52:16.518 [JavaFX Application Thread] DEBUG SystemBundleService  - Saving FXGL system data
11:52:16.520 [JavaFX Application Thread] DEBUG FileSystemAccess     - Writing to: C:\Users\Jonat\OneDrive\Documents\Projects\Coding\Java\FXGLGame\system\fxgl.bundle
11:52:16.522 [JavaFX Application Thread] DEBUG Async                - Shutting down background threads
11:52:16.522 [JavaFX Application Thread] DEBUG PrimaryStageWindow   - Closing main window
11:52:16.537 [JavaFX Application Thread] DEBUG Logger               - Closing Logger
