12:18:48.406 [main                     ] DEBUG Logger               - Configured Logger
12:18:48.440 [main                     ] DEBUG GameApplication      - Logging settings
Title: Some Shmup game
Version: 0.01
Width: 1600
Height: 900
Fullscreen: false
Intro: false
Profiling: false
Single step:false
App Mode: DEVELOPER
Menu Key: ESCAPE
Stage Style: DECORATED
Scene Factory: class com.almasb.fxgl.app.scene.SceneFactory

12:18:49.231 [JavaFX Application Thread] DEBUG FXGLApplication      - Initializing FXGL
12:18:49.235 [JavaFX Application Thread] INFO  Engine               - FXGL-17.1 (24.03.2022 17.34) on WINDOWS (J:17.0.2 FX:17.0.2-ea)
12:18:49.236 [JavaFX Application Thread] DEBUG Engine               - JRE Vendor Name: Oracle Corporation
12:18:49.236 [JavaFX Application Thread] DEBUG Engine               - Running on OS: Windows 10 version 10.0
12:18:49.236 [JavaFX Application Thread] DEBUG Engine               - Architecture: amd64
12:18:49.237 [JavaFX Application Thread] INFO  Engine               - Source code and latest versions at: https://github.com/AlmasB/FXGL
12:18:49.237 [JavaFX Application Thread] INFO  Engine               -       Ask questions and discuss at: https://github.com/AlmasB/FXGL/discussions
12:18:49.237 [JavaFX Application Thread] INFO  Engine               -              Join the FXGL chat at: https://gitter.im/AlmasB/FXGL
12:18:49.311 [JavaFX Application Thread] DEBUG PrimaryStageWindow   - Creating a JavaFX scene
12:18:49.356 [JavaFX Application Thread] DEBUG PrimaryStageWindow   - Target settings size: 1600.0 x 900.0
12:18:49.356 [JavaFX Application Thread] DEBUG PrimaryStageWindow   - Scaled scene size:    1600.0 x 900.0
12:18:49.356 [JavaFX Application Thread] DEBUG PrimaryStageWindow   - Scaled ratio: (1.0, 1.0)
12:18:49.357 [JavaFX Application Thread] DEBUG PrimaryStageWindow   - Set initial scene to FXGLStartupScene
12:18:49.364 [JavaFX Application Thread] DEBUG PrimaryStageWindow   - Opening main window
12:18:49.439 [JavaFX Application Thread] DEBUG PrimaryStageWindow   - Window border size: (16.0, 39.0)
12:18:49.440 [JavaFX Application Thread] DEBUG PrimaryStageWindow   - Scaled size: 1600.0 x 900.0
12:18:49.440 [JavaFX Application Thread] DEBUG PrimaryStageWindow   - Scaled ratio: (1.0, 1.0)
12:18:49.440 [JavaFX Application Thread] DEBUG PrimaryStageWindow   - Scene size: 1600.0 x 900.0
12:18:49.440 [JavaFX Application Thread] DEBUG PrimaryStageWindow   - Stage size: 1616.0 x 939.0
12:18:49.447 [FXGL Background Thread 1 ] DEBUG Engine               - Initializing environment variables
12:18:49.482 [FXGL Background Thread 1 ] DEBUG FXGLAssetLoaderServi - User app class for loading assets: class com.jonathanc8.fxglgame.Game
12:18:49.482 [FXGL Background Thread 1 ] DEBUG GameApplicationServi - Applying CSS: fxgl_dark.css
12:18:49.483 [FXGL Background Thread 1 ] DEBUG FXGLAssetLoaderServi - Loading from file system: jar:file:///C:/Users/Jonat/.gradle/caches/modules-2/files-2.1/com.github.almasb/fxgl/17.1/2a9509aedf54954c9b13849c18c6f495a81c542d/fxgl-17.1.jar!/fxglassets/ui/css/fxgl_dark.css
12:18:49.523 [FXGL Background Thread 1 ] DEBUG GameApplicationServi - Initializing application scenes
12:18:49.574 [FXGL Background Thread 1 ] DEBUG GameWorld            - Game world initialized
12:18:49.624 [FXGL Background Thread 1 ] DEBUG PhysicsWorld         - Physics world initialized: appHeight=900, physics.ppm=50.0
12:18:49.625 [FXGL Background Thread 1 ] DEBUG PhysicsWorld         - Using strategy: BRUTE_FORCE
12:18:49.629 [FXGL Background Thread 1 ] DEBUG GameScene            - Game scene initialized: 1600x900
12:18:49.640 [FXGL Background Thread 1 ] DEBUG FXGL.DefaultMenu     - createMenuBodyGameMenu()
12:18:49.654 [FXGL Background Thread 1 ] DEBUG FXGL.DefaultMenu     - createOptionsMenu()
12:18:49.664 [FXGL Background Thread 1 ] DEBUG FXGLAssetLoaderServi - Loading from file system: jar:file:///C:/Users/Jonat/.gradle/caches/modules-2/files-2.1/com.github.almasb/fxgl/17.1/2a9509aedf54954c9b13849c18c6f495a81c542d/fxgl-17.1.jar!/fxglassets/textures/particles/smoke.png
12:18:49.759 [FXGL Background Thread 1 ] DEBUG FXGLAssetLoaderServi - Loading from file system: jar:file:///C:/Users/Jonat/.gradle/caches/modules-2/files-2.1/com.github.almasb/fxgl/17.1/2a9509aedf54954c9b13849c18c6f495a81c542d/fxgl-17.1.jar!/fxglassets/textures/particles/trace_horizontal.png
12:18:49.789 [FXGL Background Thread 1 ] DEBUG GameApplicationServi - Application scenes initialized
12:18:49.803 [FXGL Background Thread 1 ] DEBUG SystemBundleService  - Loading FXGL system data
12:18:49.809 [FXGL Background Thread 1 ] DEBUG FileSystemAccess     - Reading from: C:\Users\Jonat\OneDrive\Documents\Projects\Coding\Java\FXGLGame\system\fxgl.bundle
12:18:49.816 [FXGL Background Thread 1 ] DEBUG SystemBundleService  - Bundle FXGL: {}
12:18:49.816 [FXGL Background Thread 1 ] DEBUG UpdaterService       - Checking for updates
12:18:49.819 [FXGL Background Thread 4 ] DEBUG FXGLApplication      - Loading fonts
12:18:49.819 [FXGL Background Thread 1 ] DEBUG FXGLApplication      - Loading default localization
12:18:49.820 [FXGL Background Thread 4 ] DEBUG FXGLAssetLoaderServi - Loading from file system: jar:file:///C:/Users/Jonat/.gradle/caches/modules-2/files-2.1/com.github.almasb/fxgl/17.1/2a9509aedf54954c9b13849c18c6f495a81c542d/fxgl-17.1.jar!/fxglassets/ui/fonts/VarelaRound-Regular.ttf
12:18:49.820 [FXGL Background Thread 1 ] DEBUG FXGLAssetLoaderServi - Loading from file system: jar:file:///C:/Users/Jonat/.gradle/caches/modules-2/files-2.1/com.github.almasb/fxgl/17.1/2a9509aedf54954c9b13849c18c6f495a81c542d/fxgl-17.1.jar!/fxglassets/languages/english.lang
12:18:49.841 [FXGL Background Thread 1 ] INFO  FXGLApplication      - FXGL initialization took: 0.394 sec
12:18:49.857 [JavaFX Application Thread] DEBUG Input                - Registered new binding: Move Right - D
12:18:49.857 [JavaFX Application Thread] DEBUG Input                - Registered new binding: Move Left - A
12:18:49.857 [JavaFX Application Thread] DEBUG Input                - Registered new binding: Move Down - S
12:18:49.857 [JavaFX Application Thread] DEBUG Input                - Registered new binding: Move Up - W
12:18:49.858 [JavaFX Application Thread] DEBUG Input                - Registered new binding: action0 - Enter
12:18:49.859 [JavaFX Application Thread] DEBUG Input                - Registered new binding: action1 - Right
12:18:49.860 [JavaFX Application Thread] DEBUG Input                - Registered new binding: action2 - Left
12:18:49.862 [JavaFX Application Thread] DEBUG Input                - Registered new binding: action3 - Up
12:18:49.863 [JavaFX Application Thread] DEBUG Input                - Registered new binding: action4 - Down
12:18:49.863 [JavaFX Application Thread] DEBUG Input                - Registered new binding: action5 - Delete
12:18:49.864 [JavaFX Application Thread] DEBUG Input                - Registered new binding: action6 - Space
12:18:49.864 [JavaFX Application Thread] DEBUG Input                - Registered new binding: action7 - E
12:18:49.865 [JavaFX Application Thread] DEBUG FXGLAssetLoaderServi - Loading from file system: jar:file:///C:/Users/Jonat/.gradle/caches/modules-2/files-2.1/com.github.almasb/fxgl/17.1/2a9509aedf54954c9b13849c18c6f495a81c542d/fxgl-17.1.jar!/fxglassets/textures/fxgl_icon.png
12:18:49.886 [JavaFX Application Thread] DEBUG FXGLAssetLoaderServi - Loading from file system: jar:file:///C:/Users/Jonat/.gradle/caches/modules-2/files-2.1/com.github.almasb/fxgl/17.1/2a9509aedf54954c9b13849c18c6f495a81c542d/fxgl-17.1.jar!/fxglassets/textures/fxgl_default_cursor.png
12:18:49.888 [JavaFX Application Thread] DEBUG Input                - Registered new binding: Screenshot - CTRL+8
12:18:49.889 [JavaFX Application Thread] DEBUG Input                - Registered new binding: System info dump - CTRL+9
12:18:49.890 [JavaFX Application Thread] DEBUG Input                - Registered new binding: Restart - CTRL+R
12:18:49.891 [JavaFX Application Thread] DEBUG Input                - Registered new binding: Toggle Debug Camera - CTRL+7
12:18:49.893 [JavaFX Application Thread] DEBUG LoopRunner           - Starting loop
12:18:49.894 [JavaFX Application Thread] DEBUG LoopRunner           - Initializing JavaFX AnimationTimerLoop
12:18:49.897 [JavaFX Application Thread] DEBUG GameApplicationServi - Starting new game
12:18:49.897 [JavaFX Application Thread] DEBUG Input                - Clearing active input actions
12:18:49.914 [JavaFX Application Thread] DEBUG GameApplicationServi - Removing overlay from FXGLStartupScene and adding to FXGLLoadingScene
12:18:49.914 [JavaFX Application Thread] DEBUG PrimaryStageWindow   - FXGLStartupScene -> FXGLLoadingScene
12:18:49.915 [JavaFX Application Thread] DEBUG GameApplicationServi - Clearing previous game
12:18:49.915 [JavaFX Application Thread] DEBUG GameScene            - Clearing game scene
12:18:49.915 [JavaFX Application Thread] DEBUG GameWorld            - Clearing game world
12:18:49.915 [JavaFX Application Thread] DEBUG PhysicsWorld         - Clearing physics world
12:18:49.919 [FXGL Background Thread 1 ] DEBUG FXGLApplication      - Initializing game
12:18:49.943 [FXGL Background Thread 1 ] DEBUG FXGLAssetLoaderServi - Loading from file system: file:/C:/Users/Jonat/OneDrive/Documents/Projects/Coding/Java/FXGLGame/build/resources/main/assets/textures/Untitled.png
12:18:50.045 [FXGL Background Thread 4 ] DEBUG FXGLAssetLoaderServi - Loading from file system: jar:file:///C:/Users/Jonat/.gradle/caches/modules-2/files-2.1/com.github.almasb/fxgl/17.1/2a9509aedf54954c9b13849c18c6f495a81c542d/fxgl-17.1.jar!/fxglassets/ui/fonts/Abel-Regular.ttf
12:18:50.047 [FXGL Background Thread 1 ] INFO  FXGLApplication      - Game initialization took: 0.128 sec
12:18:50.059 [FXGL Background Thread 4 ] DEBUG FXGLAssetLoaderServi - Loading from file system: jar:file:///C:/Users/Jonat/.gradle/caches/modules-2/files-2.1/com.github.almasb/fxgl/17.1/2a9509aedf54954c9b13849c18c6f495a81c542d/fxgl-17.1.jar!/fxglassets/ui/fonts/TerminalLandMono-Regular.otf
12:18:50.094 [FXGL Background Thread 4 ] DEBUG FXGLAssetLoaderServi - Loading from file system: jar:file:///C:/Users/Jonat/.gradle/caches/modules-2/files-2.1/com.github.almasb/fxgl/17.1/2a9509aedf54954c9b13849c18c6f495a81c542d/fxgl-17.1.jar!/fxglassets/ui/fonts/Courier-Prime.ttf
12:18:50.125 [JavaFX Application Thread] DEBUG Input                - Clearing active input actions
12:18:50.143 [JavaFX Application Thread] DEBUG GameApplicationServi - Removing overlay from FXGLLoadingScene and adding to GameScene
12:18:50.144 [JavaFX Application Thread] DEBUG PrimaryStageWindow   - FXGLLoadingScene -> GameScene
12:18:50.145 [JavaFX Application Thread] DEBUG FXGLApplication      - Registering font factories with UI factory
12:18:50.398 [FXGL Background Thread 2 ] INFO  UpdaterService       - Your current version:  17.1
12:18:50.398 [FXGL Background Thread 2 ] INFO  UpdaterService       - Latest stable version: 17.2
12:18:52.819 [FXGL Background Thread 3 ] DEBUG Engine               - Logging environment variables
12:18:52.820 [FXGL Background Thread 3 ] DEBUG Engine               - achievements: []
12:18:52.820 [FXGL Background Thread 3 ] DEBUG Engine               - actualHeight: 900.0
12:18:52.820 [FXGL Background Thread 3 ] DEBUG Engine               - actualHeightProperty: ReadOnlyDoubleProperty [value: 900.0]
12:18:52.820 [FXGL Background Thread 3 ] DEBUG Engine               - actualWidth: 1600.0
12:18:52.821 [FXGL Background Thread 3 ] DEBUG Engine               - actualWidthProperty: ReadOnlyDoubleProperty [value: 1600.0]
12:18:52.821 [FXGL Background Thread 3 ] DEBUG Engine               - appIcon: fxgl_icon.png
12:18:52.821 [FXGL Background Thread 3 ] DEBUG Engine               - applicationMode: DEVELOPER
12:18:52.821 [FXGL Background Thread 3 ] DEBUG Engine               - cSSList: [fxgl_dark.css]
12:18:52.821 [FXGL Background Thread 3 ] DEBUG Engine               - collisionDetectionStrategy: BRUTE_FORCE
12:18:52.821 [FXGL Background Thread 3 ] DEBUG Engine               - configClass: Optional.empty
12:18:52.821 [FXGL Background Thread 3 ] DEBUG Engine               - credits: []
12:18:52.822 [FXGL Background Thread 3 ] DEBUG Engine               - defaultCursor: CursorInfo(imageName=fxgl_default_cursor.png, hotspotX=7.0, hotspotY=6.0)
12:18:52.822 [FXGL Background Thread 3 ] DEBUG Engine               - devBBoxColorProperty: ObjectProperty [value: 0xff0000ff]
12:18:52.822 [FXGL Background Thread 3 ] DEBUG Engine               - devEnableDebugCameraProperty: BooleanProperty [value: false]
12:18:52.822 [FXGL Background Thread 3 ] DEBUG Engine               - devSensorColorProperty: ObjectProperty [value: 0xffff00ff]
12:18:52.822 [FXGL Background Thread 3 ] DEBUG Engine               - devShowBBoxProperty: BooleanProperty [value: false]
12:18:52.822 [FXGL Background Thread 3 ] DEBUG Engine               - devShowPositionProperty: BooleanProperty [value: false]
12:18:52.822 [FXGL Background Thread 3 ] DEBUG Engine               - enabledMenuItems: []
12:18:52.822 [FXGL Background Thread 3 ] DEBUG Engine               - engineServices: [class com.almasb.fxgl.app.services.FXGLAssetLoaderService, class com.almasb.fxgl.app.FXGLApplication$GameApplicationService, class com.almasb.fxgl.app.services.FXGLDialogService, class com.almasb.fxgl.app.services.IOTaskExecutorService, class com.almasb.fxgl.io.FileSystemService, class com.almasb.fxgl.localization.LocalizationService, class com.almasb.fxgl.app.services.SystemBundleService, class com.almasb.fxgl.profile.SaveLoadService, class com.almasb.fxgl.ui.FXGLUIFactoryServiceProvider, class com.almasb.fxgl.ui.FXGLDialogFactoryServiceProvider, class com.almasb.fxgl.audio.AudioPlayer, class com.almasb.fxgl.notification.impl.NotificationServiceProvider, class com.almasb.fxgl.achievement.AchievementService, class com.almasb.fxgl.cutscene.CutsceneService, class com.almasb.fxgl.minigames.MiniGameService, class com.almasb.fxgl.net.NetService, class com.almasb.fxgl.app.services.UpdaterService, class com.almasb.fxgl.dev.DevService]
12:18:52.823 [FXGL Background Thread 3 ] DEBUG Engine               - fontGame: Abel-Regular.ttf
12:18:52.823 [FXGL Background Thread 3 ] DEBUG Engine               - fontMono: TerminalLandMono-Regular.otf
12:18:52.823 [FXGL Background Thread 3 ] DEBUG Engine               - fontText: Courier-Prime.ttf
12:18:52.823 [FXGL Background Thread 3 ] DEBUG Engine               - fontUI: VarelaRound-Regular.ttf
12:18:52.823 [FXGL Background Thread 3 ] DEBUG Engine               - fullScreen: BooleanProperty [value: false]
12:18:52.823 [FXGL Background Thread 3 ] DEBUG Engine               - gameDifficulty: MEDIUM
12:18:52.823 [FXGL Background Thread 3 ] DEBUG Engine               - gameDifficultyProperty: ObjectProperty [value: MEDIUM]
12:18:52.823 [FXGL Background Thread 3 ] DEBUG Engine               - globalMusicVolume: 0.5
12:18:52.823 [FXGL Background Thread 3 ] DEBUG Engine               - globalMusicVolumeProperty: DoubleProperty [value: 0.5]
12:18:52.823 [FXGL Background Thread 3 ] DEBUG Engine               - globalSoundVolume: 0.5
12:18:52.823 [FXGL Background Thread 3 ] DEBUG Engine               - globalSoundVolumeProperty: DoubleProperty [value: 0.5]
12:18:52.823 [FXGL Background Thread 3 ] DEBUG Engine               - height: 900
12:18:52.823 [FXGL Background Thread 3 ] DEBUG Engine               - is3D: false
12:18:52.823 [FXGL Background Thread 3 ] DEBUG Engine               - isAndroid: false
12:18:52.823 [FXGL Background Thread 3 ] DEBUG Engine               - isBrowser: false
12:18:52.824 [FXGL Background Thread 3 ] DEBUG Engine               - isClickFeedbackEnabled: false
12:18:52.824 [FXGL Background Thread 3 ] DEBUG Engine               - isCloseConfirmation: false
12:18:52.824 [FXGL Background Thread 3 ] DEBUG Engine               - isDesktop: true
12:18:52.824 [FXGL Background Thread 3 ] DEBUG Engine               - isDeveloperMenuEnabled: false
12:18:52.824 [FXGL Background Thread 3 ] DEBUG Engine               - isEmbedded: false
12:18:52.824 [FXGL Background Thread 3 ] DEBUG Engine               - isEntityPreloadEnabled: true
12:18:52.824 [FXGL Background Thread 3 ] DEBUG Engine               - isExperimentalTiledLargeMap: false
12:18:52.824 [FXGL Background Thread 3 ] DEBUG Engine               - isFileSystemWriteAllowed: true
12:18:52.825 [FXGL Background Thread 3 ] DEBUG Engine               - isFullScreenAllowed: false
12:18:52.825 [FXGL Background Thread 3 ] DEBUG Engine               - isFullScreenFromStart: false
12:18:52.825 [FXGL Background Thread 3 ] DEBUG Engine               - isGameMenuEnabled: true
12:18:52.825 [FXGL Background Thread 3 ] DEBUG Engine               - isIOS: false
12:18:52.825 [FXGL Background Thread 3 ] DEBUG Engine               - isIntroEnabled: false
12:18:52.825 [FXGL Background Thread 3 ] DEBUG Engine               - isLinux: false
12:18:52.825 [FXGL Background Thread 3 ] DEBUG Engine               - isMac: false
12:18:52.825 [FXGL Background Thread 3 ] DEBUG Engine               - isMainMenuEnabled: false
12:18:52.825 [FXGL Background Thread 3 ] DEBUG Engine               - isManualResizeEnabled: false
12:18:52.825 [FXGL Background Thread 3 ] DEBUG Engine               - isMobile: false
12:18:52.825 [FXGL Background Thread 3 ] DEBUG Engine               - isNative: false
12:18:52.825 [FXGL Background Thread 3 ] DEBUG Engine               - isPauseMusicWhenMinimized: true
12:18:52.825 [FXGL Background Thread 3 ] DEBUG Engine               - isPreserveResizeRatio: false
12:18:52.825 [FXGL Background Thread 3 ] DEBUG Engine               - isProfilingEnabled: false
12:18:52.825 [FXGL Background Thread 3 ] DEBUG Engine               - isScaleAffectedOnResize: true
12:18:52.826 [FXGL Background Thread 3 ] DEBUG Engine               - isSingleStep: false
12:18:52.826 [FXGL Background Thread 3 ] DEBUG Engine               - isUserProfileEnabled: false
12:18:52.826 [FXGL Background Thread 3 ] DEBUG Engine               - isWindows: true
12:18:52.826 [FXGL Background Thread 3 ] DEBUG Engine               - language: ObjectProperty [value: ENGLISH]
12:18:52.826 [FXGL Background Thread 3 ] DEBUG Engine               - menuKey: ESCAPE
12:18:52.826 [FXGL Background Thread 3 ] DEBUG Engine               - mouseSensitivity: 0.2
12:18:52.826 [FXGL Background Thread 3 ] DEBUG Engine               - notificationViewClass: class com.almasb.fxgl.notification.view.XboxNotificationView
12:18:52.826 [FXGL Background Thread 3 ] DEBUG Engine               - pixelsPerMeter: 50.0
12:18:52.826 [FXGL Background Thread 3 ] DEBUG Engine               - platform: WINDOWS
12:18:52.826 [FXGL Background Thread 3 ] DEBUG Engine               - prefHeightProperty: ReadOnlyDoubleProperty [value: 900.0]
12:18:52.826 [FXGL Background Thread 3 ] DEBUG Engine               - prefWidthProperty: ReadOnlyDoubleProperty [value: 1600.0]
12:18:52.827 [FXGL Background Thread 3 ] DEBUG Engine               - profileDir: profiles/
12:18:52.827 [FXGL Background Thread 3 ] DEBUG Engine               - profileName: StringProperty [value: DEFAULT]
12:18:52.827 [FXGL Background Thread 3 ] DEBUG Engine               - randomSeed: -1
12:18:52.827 [FXGL Background Thread 3 ] DEBUG Engine               - runtimeInfo: RuntimeInfo(platform=WINDOWS, version=17.1, build=24.03.2022 17.34)
12:18:52.827 [FXGL Background Thread 3 ] DEBUG Engine               - saveFileExt: sav
12:18:52.827 [FXGL Background Thread 3 ] DEBUG Engine               - scaledHeightProp$fxgl: DoubleProperty [bound, value: 900.0]
12:18:52.827 [FXGL Background Thread 3 ] DEBUG Engine               - scaledWidthProp$fxgl: DoubleProperty [bound, value: 1600.0]
12:18:52.828 [FXGL Background Thread 3 ] DEBUG Engine               - sceneFactory: com.almasb.fxgl.app.scene.SceneFactory@1572ea6d
12:18:52.828 [FXGL Background Thread 3 ] DEBUG Engine               - secondsIn24h: 60
12:18:52.828 [FXGL Background Thread 3 ] DEBUG Engine               - soundMenuBack: menu/back.wav
12:18:52.828 [FXGL Background Thread 3 ] DEBUG Engine               - soundMenuPress: menu/press.wav
12:18:52.828 [FXGL Background Thread 3 ] DEBUG Engine               - soundMenuSelect: menu/select.wav
12:18:52.828 [FXGL Background Thread 3 ] DEBUG Engine               - soundNotification: core/notification.wav
12:18:52.828 [FXGL Background Thread 3 ] DEBUG Engine               - stageStyle: DECORATED
12:18:52.828 [FXGL Background Thread 3 ] DEBUG Engine               - supportedLanguages: [ENGLISH, FRENCH, GERMAN, HUNGARIAN, RUSSIAN]
12:18:52.828 [FXGL Background Thread 3 ] DEBUG Engine               - ticksPerSecond: -1
12:18:52.828 [FXGL Background Thread 3 ] DEBUG Engine               - title: Some Shmup game
12:18:52.828 [FXGL Background Thread 3 ] DEBUG Engine               - urlGithub: https://github.com/AlmasB/FXGL
12:18:52.828 [FXGL Background Thread 3 ] DEBUG Engine               - urlLeaderboard: http://fxgl-top.herokuapp.com/
12:18:52.829 [FXGL Background Thread 3 ] DEBUG Engine               - urlPOM: https://raw.githubusercontent.com/AlmasB/FXGL/release/README.md
12:18:52.829 [FXGL Background Thread 3 ] DEBUG Engine               - userAppClass: class com.jonathanc8.fxglgame.Game
12:18:52.829 [FXGL Background Thread 3 ] DEBUG Engine               - version: 0.01
12:18:52.829 [FXGL Background Thread 3 ] DEBUG Engine               - versionCheckDays: 7
12:18:52.829 [FXGL Background Thread 3 ] DEBUG Engine               - width: 1600
12:18:52.829 [FXGL Background Thread 3 ] DEBUG Engine               - Logging services
12:18:52.829 [FXGL Background Thread 3 ] DEBUG Engine               - class com.almasb.fxgl.app.services.FXGLAssetLoaderService
12:18:52.829 [FXGL Background Thread 3 ] DEBUG Engine               - class com.almasb.fxgl.app.FXGLApplication$GameApplicationService
12:18:52.829 [FXGL Background Thread 3 ] DEBUG Engine               - class com.almasb.fxgl.app.services.FXGLDialogService
12:18:52.829 [FXGL Background Thread 3 ] DEBUG Engine               - class com.almasb.fxgl.app.services.IOTaskExecutorService
12:18:52.829 [FXGL Background Thread 3 ] DEBUG Engine               - class com.almasb.fxgl.io.FileSystemService
12:18:52.829 [FXGL Background Thread 3 ] DEBUG Engine               - class com.almasb.fxgl.localization.LocalizationService
12:18:52.829 [FXGL Background Thread 3 ] DEBUG Engine               - class com.almasb.fxgl.app.services.SystemBundleService
12:18:52.829 [FXGL Background Thread 3 ] DEBUG Engine               - class com.almasb.fxgl.profile.SaveLoadService
12:18:52.829 [FXGL Background Thread 3 ] DEBUG Engine               - class com.almasb.fxgl.ui.FXGLUIFactoryServiceProvider
12:18:52.829 [FXGL Background Thread 3 ] DEBUG Engine               - class com.almasb.fxgl.ui.FXGLDialogFactoryServiceProvider
12:18:52.830 [FXGL Background Thread 3 ] DEBUG Engine               - class com.almasb.fxgl.audio.AudioPlayer
12:18:52.830 [FXGL Background Thread 3 ] DEBUG Engine               - class com.almasb.fxgl.notification.impl.NotificationServiceProvider
12:18:52.830 [FXGL Background Thread 3 ] DEBUG Engine               - class com.almasb.fxgl.achievement.AchievementService
12:18:52.830 [FXGL Background Thread 3 ] DEBUG Engine               - class com.almasb.fxgl.cutscene.CutsceneService
12:18:52.830 [FXGL Background Thread 3 ] DEBUG Engine               - class com.almasb.fxgl.minigames.MiniGameService
12:18:52.830 [FXGL Background Thread 3 ] DEBUG Engine               - class com.almasb.fxgl.net.NetService
12:18:52.830 [FXGL Background Thread 3 ] DEBUG Engine               - class com.almasb.fxgl.app.services.UpdaterService
12:18:52.830 [FXGL Background Thread 3 ] DEBUG Engine               - class com.almasb.fxgl.dev.DevService
12:18:54.708 [JavaFX Application Thread] DEBUG FXGLApplication      - Exiting FXGL
12:18:54.708 [JavaFX Application Thread] DEBUG LoopRunner           - Stopping loop
12:18:54.708 [JavaFX Application Thread] DEBUG SystemBundleService  - Saving FXGL system data
12:18:54.710 [JavaFX Application Thread] DEBUG FileSystemAccess     - Writing to: C:\Users\Jonat\OneDrive\Documents\Projects\Coding\Java\FXGLGame\system\fxgl.bundle
12:18:54.713 [JavaFX Application Thread] DEBUG Async                - Shutting down background threads
12:18:54.713 [JavaFX Application Thread] DEBUG PrimaryStageWindow   - Closing main window
12:18:54.725 [JavaFX Application Thread] DEBUG Logger               - Closing Logger
