12:54:28.945 [main                     ] DEBUG Logger               - Configured Logger
12:54:28.975 [main                     ] DEBUG GameApplication      - Logging settings
Title: A game without a name
Version: Early Development
Width: 1600
Height: 900
Fullscreen: false
Intro: false
Profiling: false
Single step:false
App Mode: DEVELOPER
Menu Key: ESCAPE
Stage Style: DECORATED
Scene Factory: class com.jonathanc8.fxglgame.MainSceneFactory

12:54:29.811 [JavaFX Application Thread] DEBUG FXGLApplication      - Initializing FXGL
12:54:29.815 [JavaFX Application Thread] INFO  Engine               - FXGL-17.1 (24.03.2022 17.34) on WINDOWS (J:17.0.2 FX:17.0.2-ea)
12:54:29.816 [JavaFX Application Thread] DEBUG Engine               - JRE Vendor Name: Oracle Corporation
12:54:29.816 [JavaFX Application Thread] DEBUG Engine               - Running on OS: Windows 10 version 10.0
12:54:29.817 [JavaFX Application Thread] DEBUG Engine               - Architecture: amd64
12:54:29.817 [JavaFX Application Thread] INFO  Engine               - Source code and latest versions at: https://github.com/AlmasB/FXGL
12:54:29.817 [JavaFX Application Thread] INFO  Engine               -       Ask questions and discuss at: https://github.com/AlmasB/FXGL/discussions
12:54:29.817 [JavaFX Application Thread] INFO  Engine               -              Join the FXGL chat at: https://gitter.im/AlmasB/FXGL
12:54:29.899 [JavaFX Application Thread] DEBUG PrimaryStageWindow   - Creating a JavaFX scene
12:54:29.944 [JavaFX Application Thread] DEBUG PrimaryStageWindow   - Target settings size: 1600.0 x 900.0
12:54:29.944 [JavaFX Application Thread] DEBUG PrimaryStageWindow   - Scaled scene size:    1600.0 x 900.0
12:54:29.945 [JavaFX Application Thread] DEBUG PrimaryStageWindow   - Scaled ratio: (1.0, 1.0)
12:54:29.946 [JavaFX Application Thread] DEBUG PrimaryStageWindow   - Set initial scene to FXGLStartupScene
12:54:29.952 [JavaFX Application Thread] DEBUG PrimaryStageWindow   - Opening main window
12:54:30.031 [JavaFX Application Thread] DEBUG PrimaryStageWindow   - Window border size: (16.0, 39.0)
12:54:30.032 [JavaFX Application Thread] DEBUG PrimaryStageWindow   - Scaled size: 1600.0 x 900.0
12:54:30.032 [JavaFX Application Thread] DEBUG PrimaryStageWindow   - Scaled ratio: (1.0, 1.0)
12:54:30.032 [JavaFX Application Thread] DEBUG PrimaryStageWindow   - Scene size: 1600.0 x 900.0
12:54:30.032 [JavaFX Application Thread] DEBUG PrimaryStageWindow   - Stage size: 1616.0 x 939.0
12:54:30.039 [FXGL Background Thread 1 ] DEBUG Engine               - Initializing environment variables
12:54:30.074 [FXGL Background Thread 1 ] DEBUG FXGLAssetLoaderServi - User app class for loading assets: class com.jonathanc8.fxglgame.Game
12:54:30.074 [FXGL Background Thread 1 ] DEBUG GameApplicationServi - Applying CSS: fxgl_dark.css
12:54:30.075 [FXGL Background Thread 1 ] DEBUG FXGLAssetLoaderServi - Loading from file system: jar:file:///C:/Users/Jonat/.gradle/caches/modules-2/files-2.1/com.github.almasb/fxgl/17.1/2a9509aedf54954c9b13849c18c6f495a81c542d/fxgl-17.1.jar!/fxglassets/ui/css/fxgl_dark.css
12:54:30.122 [FXGL Background Thread 1 ] DEBUG GameApplicationServi - Initializing application scenes
12:54:30.164 [FXGL Background Thread 1 ] DEBUG GameWorld            - Game world initialized
12:54:30.216 [FXGL Background Thread 1 ] DEBUG PhysicsWorld         - Physics world initialized: appHeight=900, physics.ppm=50.0
12:54:30.216 [FXGL Background Thread 1 ] DEBUG PhysicsWorld         - Using strategy: BRUTE_FORCE
12:54:30.220 [FXGL Background Thread 1 ] DEBUG GameScene            - Game scene initialized: 1600x900
12:54:30.245 [FXGL Background Thread 1 ] DEBUG GameApplicationServi - Application scenes initialized
12:54:30.261 [FXGL Background Thread 1 ] DEBUG SystemBundleService  - Loading FXGL system data
12:54:30.266 [FXGL Background Thread 1 ] DEBUG FileSystemAccess     - Reading from: C:\Users\Jonat\OneDrive\Documents\Projects\Coding\Java\FXGLGame\system\fxgl.bundle
12:54:30.274 [FXGL Background Thread 1 ] DEBUG SystemBundleService  - Bundle FXGL: {}
12:54:30.274 [FXGL Background Thread 1 ] DEBUG UpdaterService       - Checking for updates
12:54:30.279 [FXGL Background Thread 4 ] DEBUG FXGLApplication      - Loading fonts
12:54:30.279 [FXGL Background Thread 1 ] DEBUG FXGLApplication      - Loading default localization
12:54:30.280 [FXGL Background Thread 4 ] DEBUG FXGLAssetLoaderServi - Loading from file system: jar:file:///C:/Users/Jonat/.gradle/caches/modules-2/files-2.1/com.github.almasb/fxgl/17.1/2a9509aedf54954c9b13849c18c6f495a81c542d/fxgl-17.1.jar!/fxglassets/ui/fonts/VarelaRound-Regular.ttf
12:54:30.280 [FXGL Background Thread 1 ] DEBUG FXGLAssetLoaderServi - Loading from file system: jar:file:///C:/Users/Jonat/.gradle/caches/modules-2/files-2.1/com.github.almasb/fxgl/17.1/2a9509aedf54954c9b13849c18c6f495a81c542d/fxgl-17.1.jar!/fxglassets/languages/english.lang
12:54:30.313 [FXGL Background Thread 1 ] INFO  FXGLApplication      - FXGL initialization took: 0.273 sec
12:54:30.332 [JavaFX Application Thread] DEBUG Input                - Registered new binding: Move Right - D
12:54:30.333 [JavaFX Application Thread] DEBUG Input                - Registered new binding: Move Left - A
12:54:30.333 [JavaFX Application Thread] DEBUG Input                - Registered new binding: Move Down - S
12:54:30.334 [JavaFX Application Thread] DEBUG Input                - Registered new binding: Move Up - W
12:54:30.336 [JavaFX Application Thread] DEBUG Input                - Registered new binding: action0 - Enter
12:54:30.338 [JavaFX Application Thread] DEBUG Input                - Registered new binding: action1 - Right
12:54:30.339 [JavaFX Application Thread] DEBUG Input                - Registered new binding: action2 - Left
12:54:30.339 [JavaFX Application Thread] DEBUG Input                - Registered new binding: action3 - Up
12:54:30.340 [JavaFX Application Thread] DEBUG Input                - Registered new binding: action4 - Down
12:54:30.340 [JavaFX Application Thread] DEBUG Input                - Registered new binding: action5 - Delete
12:54:30.340 [JavaFX Application Thread] DEBUG Input                - Registered new binding: Shoot - Space
12:54:30.342 [JavaFX Application Thread] DEBUG Input                - Registered new binding: action6 - E
12:54:30.343 [JavaFX Application Thread] DEBUG FXGLAssetLoaderServi - Loading from file system: jar:file:///C:/Users/Jonat/.gradle/caches/modules-2/files-2.1/com.github.almasb/fxgl/17.1/2a9509aedf54954c9b13849c18c6f495a81c542d/fxgl-17.1.jar!/fxglassets/textures/fxgl_icon.png
12:54:30.403 [JavaFX Application Thread] DEBUG FXGLAssetLoaderServi - Loading from file system: jar:file:///C:/Users/Jonat/.gradle/caches/modules-2/files-2.1/com.github.almasb/fxgl/17.1/2a9509aedf54954c9b13849c18c6f495a81c542d/fxgl-17.1.jar!/fxglassets/textures/fxgl_default_cursor.png
12:54:30.406 [JavaFX Application Thread] DEBUG Input                - Registered new binding: Screenshot - CTRL+8
12:54:30.407 [JavaFX Application Thread] DEBUG Input                - Registered new binding: System info dump - CTRL+9
12:54:30.407 [JavaFX Application Thread] DEBUG Input                - Registered new binding: Restart - CTRL+R
12:54:30.408 [JavaFX Application Thread] DEBUG Input                - Registered new binding: Toggle Debug Camera - CTRL+7
12:54:30.412 [JavaFX Application Thread] DEBUG LoopRunner           - Starting loop
12:54:30.413 [JavaFX Application Thread] DEBUG LoopRunner           - Initializing JavaFX AnimationTimerLoop
12:54:30.414 [JavaFX Application Thread] DEBUG GameApplicationServi - Starting new game
12:54:30.415 [JavaFX Application Thread] DEBUG Input                - Clearing active input actions
12:54:30.434 [JavaFX Application Thread] DEBUG GameApplicationServi - Removing overlay from FXGLStartupScene and adding to FXGLLoadingScene
12:54:30.435 [JavaFX Application Thread] DEBUG PrimaryStageWindow   - FXGLStartupScene -> FXGLLoadingScene
12:54:30.436 [JavaFX Application Thread] DEBUG GameApplicationServi - Clearing previous game
12:54:30.436 [JavaFX Application Thread] DEBUG GameScene            - Clearing game scene
12:54:30.436 [JavaFX Application Thread] DEBUG GameWorld            - Clearing game world
12:54:30.436 [JavaFX Application Thread] DEBUG PhysicsWorld         - Clearing physics world
12:54:30.442 [FXGL Background Thread 1 ] DEBUG FXGLApplication      - Initializing game
12:54:30.468 [FXGL Background Thread 1 ] WARN  FXGLAssetLoaderServi - Asset "/assets/textures/Untitled.png" was not found!
12:54:30.469 [FXGL Background Thread 1 ] WARN  FXGLAssetLoaderServi - Failed to load IMAGE
12:54:30.479 [FXGL Background Thread 4 ] DEBUG FXGLAssetLoaderServi - Loading from file system: jar:file:///C:/Users/Jonat/.gradle/caches/modules-2/files-2.1/com.github.almasb/fxgl/17.1/2a9509aedf54954c9b13849c18c6f495a81c542d/fxgl-17.1.jar!/fxglassets/ui/fonts/Abel-Regular.ttf
12:54:30.492 [FXGL Background Thread 4 ] DEBUG FXGLAssetLoaderServi - Loading from file system: jar:file:///C:/Users/Jonat/.gradle/caches/modules-2/files-2.1/com.github.almasb/fxgl/17.1/2a9509aedf54954c9b13849c18c6f495a81c542d/fxgl-17.1.jar!/fxglassets/ui/fonts/TerminalLandMono-Regular.otf
12:54:30.506 [FXGL Background Thread 4 ] DEBUG FXGLAssetLoaderServi - Loading from file system: jar:file:///C:/Users/Jonat/.gradle/caches/modules-2/files-2.1/com.github.almasb/fxgl/17.1/2a9509aedf54954c9b13849c18c6f495a81c542d/fxgl-17.1.jar!/fxglassets/ui/fonts/Courier-Prime.ttf
12:54:30.584 [JavaFX Application Thread] DEBUG FXGLApplication      - Registering font factories with UI factory
12:54:30.593 [FXGL Background Thread 1 ] DEBUG FXGLAssetLoaderServi - Loading from file system: file:/C:/Users/Jonat/OneDrive/Documents/Projects/Coding/Java/FXGLGame/build/resources/main/assets/textures/ship/sparrow.png
12:54:30.647 [FXGL Background Thread 1 ] WARN  TMXLevelLoader       - TiledMap generated from 1.4.3. Supported version: 1.4.2. Some features may not be parsed fully.
12:54:30.672 [FXGL Background Thread 1 ] DEBUG TMXLevelLoader       - Parsed TiledMap: file:/C:/Users/Jonat/OneDrive/Documents/Projects/Coding/Java/FXGLGame/build/resources/main/assets/levels/testLevelMap.tmx
12:54:30.674 [FXGL Background Thread 1 ] DEBUG TMXLevelLoader       - Creating tile layer entities
12:54:30.676 [FXGL Background Thread 1 ] DEBUG TilesetLoader        - Loading view for layer Tile Layer 1
12:54:30.695 [FXGL Background Thread 1 ] DEBUG TilesetLoader        - Created buffer with size 1600.0x6400.0
12:54:30.779 [FXGL Background Thread 1 ] DEBUG TMXLevelLoader       - Creating object layer entities
12:54:30.785 [FXGL Background Thread 1 ] DEBUG FXGLAssetLoaderServi - Loading from file system: file:/C:/Users/Jonat/OneDrive/Documents/Projects/Coding/Java/FXGLGame/build/resources/main/assets/textures/ship/hai%20water%20bug.png
12:54:30.824 [FXGL Background Thread 1 ] DEBUG GameWorld            - Clearing removable entities
12:54:30.830 [FXGL Background Thread 1 ] DEBUG GameWorld            - Setting level: com.almasb.fxgl.entity.level.Level@4f5e3a5b
12:54:30.840 [FXGL Background Thread 1 ] INFO  FXGLApplication      - Game initialization took: 0.398 sec
12:54:30.842 [JavaFX Application Thread] DEBUG Input                - Clearing active input actions
12:54:30.853 [JavaFX Application Thread] DEBUG GameApplicationServi - Removing overlay from FXGLLoadingScene and adding to GameScene
12:54:30.854 [JavaFX Application Thread] DEBUG PrimaryStageWindow   - FXGLLoadingScene -> GameScene
12:54:30.945 [FXGL Background Thread 2 ] INFO  UpdaterService       - Your current version:  17.1
12:54:30.945 [FXGL Background Thread 2 ] INFO  UpdaterService       - Latest stable version: 17.2
12:54:32.557 [JavaFX Application Thread] DEBUG FXGLAssetLoaderServi - Loading from file system: file:/C:/Users/Jonat/OneDrive/Documents/Projects/Coding/Java/FXGLGame/build/resources/main/assets/textures/projectile/javelin.png
12:54:33.226 [JavaFX Application Thread] DEBUG FXGLAssetLoaderServi - Loading from file system: file:/C:/Users/Jonat/OneDrive/Documents/Projects/Coding/Java/FXGLGame/build/resources/main/assets/sounds/blaster.wav
12:54:33.278 [FXGL Background Thread 3 ] DEBUG Engine               - Logging environment variables
12:54:33.279 [FXGL Background Thread 3 ] DEBUG Engine               - achievements: []
12:54:33.279 [FXGL Background Thread 3 ] DEBUG Engine               - actualHeight: 900.0
12:54:33.279 [FXGL Background Thread 3 ] DEBUG Engine               - actualHeightProperty: ReadOnlyDoubleProperty [value: 900.0]
12:54:33.279 [FXGL Background Thread 3 ] DEBUG Engine               - actualWidth: 1600.0
12:54:33.279 [FXGL Background Thread 3 ] DEBUG Engine               - actualWidthProperty: ReadOnlyDoubleProperty [value: 1600.0]
12:54:33.280 [FXGL Background Thread 3 ] DEBUG Engine               - appIcon: fxgl_icon.png
12:54:33.280 [FXGL Background Thread 3 ] DEBUG Engine               - applicationMode: DEVELOPER
12:54:33.280 [FXGL Background Thread 3 ] DEBUG Engine               - cSSList: [fxgl_dark.css]
12:54:33.280 [FXGL Background Thread 3 ] DEBUG Engine               - collisionDetectionStrategy: BRUTE_FORCE
12:54:33.280 [FXGL Background Thread 3 ] DEBUG Engine               - configClass: Optional.empty
12:54:33.280 [FXGL Background Thread 3 ] DEBUG Engine               - credits: []
12:54:33.281 [FXGL Background Thread 3 ] DEBUG Engine               - defaultCursor: CursorInfo(imageName=fxgl_default_cursor.png, hotspotX=7.0, hotspotY=6.0)
12:54:33.282 [FXGL Background Thread 3 ] DEBUG Engine               - devBBoxColorProperty: ObjectProperty [value: 0xff0000ff]
12:54:33.282 [FXGL Background Thread 3 ] DEBUG Engine               - devEnableDebugCameraProperty: BooleanProperty [value: false]
12:54:33.282 [FXGL Background Thread 3 ] DEBUG Engine               - devSensorColorProperty: ObjectProperty [value: 0xffff00ff]
12:54:33.282 [FXGL Background Thread 3 ] DEBUG Engine               - devShowBBoxProperty: BooleanProperty [value: false]
12:54:33.282 [FXGL Background Thread 3 ] DEBUG Engine               - devShowPositionProperty: BooleanProperty [value: false]
12:54:33.282 [FXGL Background Thread 3 ] DEBUG Engine               - enabledMenuItems: []
12:54:33.282 [FXGL Background Thread 3 ] DEBUG Engine               - engineServices: [class com.almasb.fxgl.app.services.FXGLAssetLoaderService, class com.almasb.fxgl.app.FXGLApplication$GameApplicationService, class com.almasb.fxgl.app.services.FXGLDialogService, class com.almasb.fxgl.app.services.IOTaskExecutorService, class com.almasb.fxgl.io.FileSystemService, class com.almasb.fxgl.localization.LocalizationService, class com.almasb.fxgl.app.services.SystemBundleService, class com.almasb.fxgl.profile.SaveLoadService, class com.almasb.fxgl.ui.FXGLUIFactoryServiceProvider, class com.almasb.fxgl.ui.FXGLDialogFactoryServiceProvider, class com.almasb.fxgl.audio.AudioPlayer, class com.almasb.fxgl.notification.impl.NotificationServiceProvider, class com.almasb.fxgl.achievement.AchievementService, class com.almasb.fxgl.cutscene.CutsceneService, class com.almasb.fxgl.minigames.MiniGameService, class com.almasb.fxgl.net.NetService, class com.almasb.fxgl.app.services.UpdaterService, class com.almasb.fxgl.dev.DevService]
12:54:33.282 [FXGL Background Thread 3 ] DEBUG Engine               - fontGame: Abel-Regular.ttf
12:54:33.282 [FXGL Background Thread 3 ] DEBUG Engine               - fontMono: TerminalLandMono-Regular.otf
12:54:33.282 [FXGL Background Thread 3 ] DEBUG Engine               - fontText: Courier-Prime.ttf
12:54:33.282 [FXGL Background Thread 3 ] DEBUG Engine               - fontUI: VarelaRound-Regular.ttf
12:54:33.283 [FXGL Background Thread 3 ] DEBUG Engine               - fullScreen: BooleanProperty [value: false]
12:54:33.283 [FXGL Background Thread 3 ] DEBUG Engine               - gameDifficulty: MEDIUM
12:54:33.283 [FXGL Background Thread 3 ] DEBUG Engine               - gameDifficultyProperty: ObjectProperty [value: MEDIUM]
12:54:33.283 [FXGL Background Thread 3 ] DEBUG Engine               - globalMusicVolume: 0.5
12:54:33.283 [FXGL Background Thread 3 ] DEBUG Engine               - globalMusicVolumeProperty: DoubleProperty [value: 0.5]
12:54:33.283 [FXGL Background Thread 3 ] DEBUG Engine               - globalSoundVolume: 0.5
12:54:33.283 [FXGL Background Thread 3 ] DEBUG Engine               - globalSoundVolumeProperty: DoubleProperty [value: 0.5]
12:54:33.283 [FXGL Background Thread 3 ] DEBUG Engine               - height: 900
12:54:33.283 [FXGL Background Thread 3 ] DEBUG Engine               - is3D: false
12:54:33.283 [FXGL Background Thread 3 ] DEBUG Engine               - isAndroid: false
12:54:33.283 [FXGL Background Thread 3 ] DEBUG Engine               - isBrowser: false
12:54:33.284 [FXGL Background Thread 3 ] DEBUG Engine               - isClickFeedbackEnabled: false
12:54:33.284 [FXGL Background Thread 3 ] DEBUG Engine               - isCloseConfirmation: false
12:54:33.284 [FXGL Background Thread 3 ] DEBUG Engine               - isDesktop: true
12:54:33.284 [FXGL Background Thread 3 ] DEBUG Engine               - isDeveloperMenuEnabled: false
12:54:33.284 [FXGL Background Thread 3 ] DEBUG Engine               - isEmbedded: false
12:54:33.284 [FXGL Background Thread 3 ] DEBUG Engine               - isEntityPreloadEnabled: true
12:54:33.284 [FXGL Background Thread 3 ] DEBUG Engine               - isExperimentalTiledLargeMap: false
12:54:33.284 [FXGL Background Thread 3 ] DEBUG Engine               - isFileSystemWriteAllowed: true
12:54:33.284 [FXGL Background Thread 3 ] DEBUG Engine               - isFullScreenAllowed: false
12:54:33.284 [FXGL Background Thread 3 ] DEBUG Engine               - isFullScreenFromStart: false
12:54:33.284 [FXGL Background Thread 3 ] DEBUG Engine               - isGameMenuEnabled: true
12:54:33.284 [FXGL Background Thread 3 ] DEBUG Engine               - isIOS: false
12:54:33.284 [FXGL Background Thread 3 ] DEBUG Engine               - isIntroEnabled: false
12:54:33.285 [FXGL Background Thread 3 ] DEBUG Engine               - isLinux: false
12:54:33.285 [FXGL Background Thread 3 ] DEBUG Engine               - isMac: false
12:54:33.285 [FXGL Background Thread 3 ] DEBUG Engine               - isMainMenuEnabled: false
12:54:33.285 [FXGL Background Thread 3 ] DEBUG Engine               - isManualResizeEnabled: false
12:54:33.285 [FXGL Background Thread 3 ] DEBUG Engine               - isMobile: false
12:54:33.285 [FXGL Background Thread 3 ] DEBUG Engine               - isNative: false
12:54:33.285 [FXGL Background Thread 3 ] DEBUG Engine               - isPauseMusicWhenMinimized: true
12:54:33.285 [FXGL Background Thread 3 ] DEBUG Engine               - isPreserveResizeRatio: false
12:54:33.285 [FXGL Background Thread 3 ] DEBUG Engine               - isProfilingEnabled: false
12:54:33.285 [FXGL Background Thread 3 ] DEBUG Engine               - isScaleAffectedOnResize: true
12:54:33.285 [FXGL Background Thread 3 ] DEBUG Engine               - isSingleStep: false
12:54:33.285 [FXGL Background Thread 3 ] DEBUG Engine               - isUserProfileEnabled: false
12:54:33.285 [FXGL Background Thread 3 ] DEBUG Engine               - isWindows: true
12:54:33.286 [FXGL Background Thread 3 ] DEBUG Engine               - language: ObjectProperty [value: ENGLISH]
12:54:33.286 [FXGL Background Thread 3 ] DEBUG Engine               - menuKey: ESCAPE
12:54:33.286 [FXGL Background Thread 3 ] DEBUG Engine               - mouseSensitivity: 0.2
12:54:33.286 [FXGL Background Thread 3 ] DEBUG Engine               - notificationViewClass: class com.almasb.fxgl.notification.view.XboxNotificationView
12:54:33.286 [FXGL Background Thread 3 ] DEBUG Engine               - pixelsPerMeter: 50.0
12:54:33.286 [FXGL Background Thread 3 ] DEBUG Engine               - platform: WINDOWS
12:54:33.286 [FXGL Background Thread 3 ] DEBUG Engine               - prefHeightProperty: ReadOnlyDoubleProperty [value: 900.0]
12:54:33.286 [FXGL Background Thread 3 ] DEBUG Engine               - prefWidthProperty: ReadOnlyDoubleProperty [value: 1600.0]
12:54:33.286 [FXGL Background Thread 3 ] DEBUG Engine               - profileDir: profiles/
12:54:33.286 [FXGL Background Thread 3 ] DEBUG Engine               - profileName: StringProperty [value: DEFAULT]
12:54:33.286 [FXGL Background Thread 3 ] DEBUG Engine               - randomSeed: -1
12:54:33.287 [FXGL Background Thread 3 ] DEBUG Engine               - runtimeInfo: RuntimeInfo(platform=WINDOWS, version=17.1, build=24.03.2022 17.34)
12:54:33.287 [FXGL Background Thread 3 ] DEBUG Engine               - saveFileExt: sav
12:54:33.287 [FXGL Background Thread 3 ] DEBUG Engine               - scaledHeightProp$fxgl: DoubleProperty [bound, value: 900.0]
12:54:33.287 [FXGL Background Thread 3 ] DEBUG Engine               - scaledWidthProp$fxgl: DoubleProperty [bound, value: 1600.0]
12:54:33.287 [FXGL Background Thread 3 ] DEBUG Engine               - sceneFactory: com.jonathanc8.fxglgame.MainSceneFactory@5a0bcd3a
12:54:33.287 [FXGL Background Thread 3 ] DEBUG Engine               - secondsIn24h: 60
12:54:33.287 [FXGL Background Thread 3 ] DEBUG Engine               - soundMenuBack: menu/back.wav
12:54:33.287 [FXGL Background Thread 3 ] DEBUG Engine               - soundMenuPress: menu/press.wav
12:54:33.287 [FXGL Background Thread 3 ] DEBUG Engine               - soundMenuSelect: menu/select.wav
12:54:33.287 [FXGL Background Thread 3 ] DEBUG Engine               - soundNotification: core/notification.wav
12:54:33.287 [FXGL Background Thread 3 ] DEBUG Engine               - stageStyle: DECORATED
12:54:33.288 [FXGL Background Thread 3 ] DEBUG Engine               - supportedLanguages: [ENGLISH, FRENCH, GERMAN, HUNGARIAN, RUSSIAN]
12:54:33.288 [FXGL Background Thread 3 ] DEBUG Engine               - ticksPerSecond: -1
12:54:33.288 [FXGL Background Thread 3 ] DEBUG Engine               - title: A game without a name
12:54:33.288 [FXGL Background Thread 3 ] DEBUG Engine               - urlGithub: https://github.com/AlmasB/FXGL
12:54:33.288 [FXGL Background Thread 3 ] DEBUG Engine               - urlLeaderboard: http://fxgl-top.herokuapp.com/
12:54:33.288 [FXGL Background Thread 3 ] DEBUG Engine               - urlPOM: https://raw.githubusercontent.com/AlmasB/FXGL/release/README.md
12:54:33.288 [FXGL Background Thread 3 ] DEBUG Engine               - userAppClass: class com.jonathanc8.fxglgame.Game
12:54:33.288 [FXGL Background Thread 3 ] DEBUG Engine               - version: Early Development
12:54:33.288 [FXGL Background Thread 3 ] DEBUG Engine               - versionCheckDays: 7
12:54:33.288 [FXGL Background Thread 3 ] DEBUG Engine               - width: 1600
12:54:33.288 [FXGL Background Thread 3 ] DEBUG Engine               - Logging services
12:54:33.288 [FXGL Background Thread 3 ] DEBUG Engine               - class com.almasb.fxgl.app.services.FXGLAssetLoaderService
12:54:33.288 [FXGL Background Thread 3 ] DEBUG Engine               - class com.almasb.fxgl.app.FXGLApplication$GameApplicationService
12:54:33.289 [FXGL Background Thread 3 ] DEBUG Engine               - class com.almasb.fxgl.app.services.FXGLDialogService
12:54:33.289 [FXGL Background Thread 3 ] DEBUG Engine               - class com.almasb.fxgl.app.services.IOTaskExecutorService
12:54:33.289 [FXGL Background Thread 3 ] DEBUG Engine               - class com.almasb.fxgl.io.FileSystemService
12:54:33.289 [FXGL Background Thread 3 ] DEBUG Engine               - class com.almasb.fxgl.localization.LocalizationService
12:54:33.289 [FXGL Background Thread 3 ] DEBUG Engine               - class com.almasb.fxgl.app.services.SystemBundleService
12:54:33.289 [FXGL Background Thread 3 ] DEBUG Engine               - class com.almasb.fxgl.profile.SaveLoadService
12:54:33.289 [FXGL Background Thread 3 ] DEBUG Engine               - class com.almasb.fxgl.ui.FXGLUIFactoryServiceProvider
12:54:33.289 [FXGL Background Thread 3 ] DEBUG Engine               - class com.almasb.fxgl.ui.FXGLDialogFactoryServiceProvider
12:54:33.289 [FXGL Background Thread 3 ] DEBUG Engine               - class com.almasb.fxgl.audio.AudioPlayer
12:54:33.289 [FXGL Background Thread 3 ] DEBUG Engine               - class com.almasb.fxgl.notification.impl.NotificationServiceProvider
12:54:33.289 [FXGL Background Thread 3 ] DEBUG Engine               - class com.almasb.fxgl.achievement.AchievementService
12:54:33.289 [FXGL Background Thread 3 ] DEBUG Engine               - class com.almasb.fxgl.cutscene.CutsceneService
12:54:33.289 [FXGL Background Thread 3 ] DEBUG Engine               - class com.almasb.fxgl.minigames.MiniGameService
12:54:33.289 [FXGL Background Thread 3 ] DEBUG Engine               - class com.almasb.fxgl.net.NetService
12:54:33.290 [FXGL Background Thread 3 ] DEBUG Engine               - class com.almasb.fxgl.app.services.UpdaterService
12:54:33.290 [FXGL Background Thread 3 ] DEBUG Engine               - class com.almasb.fxgl.dev.DevService
12:54:33.305 [JavaFX Application Thread] DEBUG FXGLAssetLoaderServi - Loading from file system: file:/C:/Users/Jonat/OneDrive/Documents/Projects/Coding/Java/FXGLGame/build/resources/main/assets/textures/projectile/blaster+.png
12:54:35.881 [JavaFX Application Thread] DEBUG FXGLAssetLoaderServi - Loading from file system: file:/C:/Users/Jonat/OneDrive/Documents/Projects/Coding/Java/FXGLGame/build/resources/main/assets/textures/effect/explosion/huge~1.png
12:54:35.885 [JavaFX Application Thread] DEBUG FXGLAssetLoaderServi - Loading from file system: file:/C:/Users/Jonat/OneDrive/Documents/Projects/Coding/Java/FXGLGame/build/resources/main/assets/textures/effect/explosion/huge~2.png
12:54:35.888 [JavaFX Application Thread] DEBUG FXGLAssetLoaderServi - Loading from file system: file:/C:/Users/Jonat/OneDrive/Documents/Projects/Coding/Java/FXGLGame/build/resources/main/assets/textures/effect/explosion/huge~3.png
12:54:35.892 [JavaFX Application Thread] DEBUG FXGLAssetLoaderServi - Loading from file system: file:/C:/Users/Jonat/OneDrive/Documents/Projects/Coding/Java/FXGLGame/build/resources/main/assets/textures/effect/explosion/huge~4.png
12:54:35.896 [JavaFX Application Thread] DEBUG FXGLAssetLoaderServi - Loading from file system: file:/C:/Users/Jonat/OneDrive/Documents/Projects/Coding/Java/FXGLGame/build/resources/main/assets/textures/effect/explosion/huge~5.png
12:54:35.899 [JavaFX Application Thread] DEBUG FXGLAssetLoaderServi - Loading from file system: file:/C:/Users/Jonat/OneDrive/Documents/Projects/Coding/Java/FXGLGame/build/resources/main/assets/textures/effect/explosion/huge~6.png
12:54:35.902 [JavaFX Application Thread] DEBUG FXGLAssetLoaderServi - Loading from file system: file:/C:/Users/Jonat/OneDrive/Documents/Projects/Coding/Java/FXGLGame/build/resources/main/assets/textures/effect/explosion/huge~7.png
12:54:35.904 [JavaFX Application Thread] DEBUG FXGLAssetLoaderServi - Loading from file system: file:/C:/Users/Jonat/OneDrive/Documents/Projects/Coding/Java/FXGLGame/build/resources/main/assets/textures/effect/explosion/huge~8.png
12:54:35.912 [JavaFX Application Thread] DEBUG FXGLAssetLoaderServi - Loading from file system: file:/C:/Users/Jonat/OneDrive/Documents/Projects/Coding/Java/FXGLGame/build/resources/main/assets/textures/effect/explosion/huge~0.png
12:54:35.917 [JavaFX Application Thread] DEBUG FXGLAssetLoaderServi - Loading from file system: file:/C:/Users/Jonat/OneDrive/Documents/Projects/Coding/Java/FXGLGame/build/resources/main/assets/sounds/explosion%20huge.wav
12:54:38.281 [JavaFX Application Thread] DEBUG FXGLAssetLoaderServi - Loading from file system: file:/C:/Users/Jonat/OneDrive/Documents/Projects/Coding/Java/FXGLGame/build/resources/main/assets/textures/effect/explosion/small~1.png
12:54:38.282 [JavaFX Application Thread] DEBUG FXGLAssetLoaderServi - Loading from file system: file:/C:/Users/Jonat/OneDrive/Documents/Projects/Coding/Java/FXGLGame/build/resources/main/assets/textures/effect/explosion/small~2.png
12:54:38.283 [JavaFX Application Thread] DEBUG FXGLAssetLoaderServi - Loading from file system: file:/C:/Users/Jonat/OneDrive/Documents/Projects/Coding/Java/FXGLGame/build/resources/main/assets/textures/effect/explosion/small~3.png
12:54:38.284 [JavaFX Application Thread] DEBUG FXGLAssetLoaderServi - Loading from file system: file:/C:/Users/Jonat/OneDrive/Documents/Projects/Coding/Java/FXGLGame/build/resources/main/assets/textures/effect/explosion/small~4.png
12:54:38.285 [JavaFX Application Thread] DEBUG FXGLAssetLoaderServi - Loading from file system: file:/C:/Users/Jonat/OneDrive/Documents/Projects/Coding/Java/FXGLGame/build/resources/main/assets/textures/effect/explosion/small~5.png
12:54:38.285 [JavaFX Application Thread] DEBUG FXGLAssetLoaderServi - Loading from file system: file:/C:/Users/Jonat/OneDrive/Documents/Projects/Coding/Java/FXGLGame/build/resources/main/assets/textures/effect/explosion/small~6.png
12:54:38.288 [JavaFX Application Thread] DEBUG FXGLAssetLoaderServi - Loading from file system: file:/C:/Users/Jonat/OneDrive/Documents/Projects/Coding/Java/FXGLGame/build/resources/main/assets/sounds/explosion%20small.wav
12:55:00.777 [JavaFX Application Thread] DEBUG FXGLAssetLoaderServi - Loading from file system: file:/C:/Users/Jonat/OneDrive/Documents/Projects/Coding/Java/FXGLGame/build/resources/main/assets/textures/effect/explosion/medium~1.png
12:55:00.778 [JavaFX Application Thread] DEBUG FXGLAssetLoaderServi - Loading from file system: file:/C:/Users/Jonat/OneDrive/Documents/Projects/Coding/Java/FXGLGame/build/resources/main/assets/textures/effect/explosion/medium~2.png
12:55:00.779 [JavaFX Application Thread] DEBUG FXGLAssetLoaderServi - Loading from file system: file:/C:/Users/Jonat/OneDrive/Documents/Projects/Coding/Java/FXGLGame/build/resources/main/assets/textures/effect/explosion/medium~3.png
12:55:00.780 [JavaFX Application Thread] DEBUG FXGLAssetLoaderServi - Loading from file system: file:/C:/Users/Jonat/OneDrive/Documents/Projects/Coding/Java/FXGLGame/build/resources/main/assets/textures/effect/explosion/medium~4.png
12:55:00.781 [JavaFX Application Thread] DEBUG FXGLAssetLoaderServi - Loading from file system: file:/C:/Users/Jonat/OneDrive/Documents/Projects/Coding/Java/FXGLGame/build/resources/main/assets/textures/effect/explosion/medium~5.png
12:55:00.782 [JavaFX Application Thread] DEBUG FXGLAssetLoaderServi - Loading from file system: file:/C:/Users/Jonat/OneDrive/Documents/Projects/Coding/Java/FXGLGame/build/resources/main/assets/textures/effect/explosion/medium~6.png
12:55:00.783 [JavaFX Application Thread] DEBUG FXGLAssetLoaderServi - Loading from file system: file:/C:/Users/Jonat/OneDrive/Documents/Projects/Coding/Java/FXGLGame/build/resources/main/assets/textures/effect/explosion/medium~7.png
12:55:00.786 [JavaFX Application Thread] DEBUG FXGLAssetLoaderServi - Loading from file system: file:/C:/Users/Jonat/OneDrive/Documents/Projects/Coding/Java/FXGLGame/build/resources/main/assets/sounds/explosion%20medium.wav
12:55:00.788 [JavaFX Application Thread] DEBUG PrimaryStageWindow   - Push state: MainMenu
12:55:00.789 [JavaFX Application Thread] DEBUG Input                - Clearing active input actions
12:55:00.789 [JavaFX Application Thread] DEBUG GameApplicationServi - Removing overlay from GameScene and adding to MainMenu
12:55:00.790 [JavaFX Application Thread] DEBUG PrimaryStageWindow   - GameScene -> MainMenu
12:55:02.857 [JavaFX Application Thread] DEBUG Menu                 - fireResume()
12:55:02.857 [JavaFX Application Thread] DEBUG PrimaryStageWindow   - Pop state: MainMenu
12:55:02.857 [JavaFX Application Thread] DEBUG Input                - Clearing active input actions
12:55:02.857 [JavaFX Application Thread] DEBUG GameApplicationServi - Removing overlay from MainMenu and adding to GameScene
12:55:02.857 [JavaFX Application Thread] DEBUG PrimaryStageWindow   - GameScene <- MainMenu
12:55:05.194 [JavaFX Application Thread] DEBUG FXGLApplication      - Exiting FXGL
12:55:05.194 [JavaFX Application Thread] DEBUG LoopRunner           - Stopping loop
12:55:05.194 [JavaFX Application Thread] DEBUG SystemBundleService  - Saving FXGL system data
12:55:05.196 [JavaFX Application Thread] DEBUG FileSystemAccess     - Writing to: C:\Users\Jonat\OneDrive\Documents\Projects\Coding\Java\FXGLGame\system\fxgl.bundle
12:55:05.198 [JavaFX Application Thread] DEBUG Async                - Shutting down background threads
12:55:05.198 [JavaFX Application Thread] DEBUG PrimaryStageWindow   - Closing main window
12:55:05.213 [JavaFX Application Thread] DEBUG Logger               - Closing Logger
