14:36:56.839 [main                     ] DEBUG Logger               - Configured Logger
14:36:56.859 [main                     ] DEBUG GameApplication      - Logging settings
Title: A game without a name
Version: Early Development
Width: 1600
Height: 900
Fullscreen: false
Intro: false
Profiling: false
Single step:false
App Mode: DEVELOPER
Menu Key: ESCAPE
Stage Style: DECORATED
Scene Factory: class com.jonathanc8.fxglgame.MainSceneFactory

14:36:57.477 [JavaFX Application Thread] DEBUG FXGLApplication      - Initializing FXGL
14:36:57.481 [JavaFX Application Thread] INFO  Engine               - FXGL-17.1 (24.03.2022 17.34) on WINDOWS (J:17.0.2 FX:17.0.2-ea)
14:36:57.483 [JavaFX Application Thread] DEBUG Engine               - JRE Vendor Name: Oracle Corporation
14:36:57.483 [JavaFX Application Thread] DEBUG Engine               - Running on OS: Windows 10 version 10.0
14:36:57.483 [JavaFX Application Thread] DEBUG Engine               - Architecture: amd64
14:36:57.483 [JavaFX Application Thread] INFO  Engine               - Source code and latest versions at: https://github.com/AlmasB/FXGL
14:36:57.483 [JavaFX Application Thread] INFO  Engine               -       Ask questions and discuss at: https://github.com/AlmasB/FXGL/discussions
14:36:57.484 [JavaFX Application Thread] INFO  Engine               -              Join the FXGL chat at: https://gitter.im/AlmasB/FXGL
14:36:57.546 [JavaFX Application Thread] DEBUG PrimaryStageWindow   - Creating a JavaFX scene
14:36:57.590 [JavaFX Application Thread] DEBUG PrimaryStageWindow   - Target settings size: 1600.0 x 900.0
14:36:57.591 [JavaFX Application Thread] DEBUG PrimaryStageWindow   - Scaled scene size:    1600.0 x 900.0
14:36:57.591 [JavaFX Application Thread] DEBUG PrimaryStageWindow   - Scaled ratio: (1.0, 1.0)
14:36:57.592 [JavaFX Application Thread] DEBUG PrimaryStageWindow   - Set initial scene to FXGLStartupScene
14:36:57.598 [JavaFX Application Thread] DEBUG PrimaryStageWindow   - Opening main window
14:36:57.677 [JavaFX Application Thread] DEBUG PrimaryStageWindow   - Window border size: (16.0, 39.0)
14:36:57.677 [JavaFX Application Thread] DEBUG PrimaryStageWindow   - Scaled size: 1600.0 x 900.0
14:36:57.677 [JavaFX Application Thread] DEBUG PrimaryStageWindow   - Scaled ratio: (1.0, 1.0)
14:36:57.677 [JavaFX Application Thread] DEBUG PrimaryStageWindow   - Scene size: 1600.0 x 900.0
14:36:57.678 [JavaFX Application Thread] DEBUG PrimaryStageWindow   - Stage size: 1616.0 x 939.0
14:36:57.685 [FXGL Background Thread 1 ] DEBUG Engine               - Initializing environment variables
14:36:57.718 [FXGL Background Thread 1 ] DEBUG FXGLAssetLoaderServi - User app class for loading assets: class com.jonathanc8.fxglgame.Game
14:36:57.718 [FXGL Background Thread 1 ] DEBUG GameApplicationServi - Applying CSS: fxgl_dark.css
14:36:57.719 [FXGL Background Thread 1 ] DEBUG FXGLAssetLoaderServi - Loading from file system: jar:file:///C:/Users/Jonat/.gradle/caches/modules-2/files-2.1/com.github.almasb/fxgl/17.1/2a9509aedf54954c9b13849c18c6f495a81c542d/fxgl-17.1.jar!/fxglassets/ui/css/fxgl_dark.css
14:36:57.783 [FXGL Background Thread 1 ] DEBUG GameApplicationServi - Initializing application scenes
14:36:57.830 [FXGL Background Thread 1 ] DEBUG GameWorld            - Game world initialized
14:36:57.879 [FXGL Background Thread 1 ] DEBUG PhysicsWorld         - Physics world initialized: appHeight=900, physics.ppm=50.0
14:36:57.879 [FXGL Background Thread 1 ] DEBUG PhysicsWorld         - Using strategy: BRUTE_FORCE
14:36:57.884 [FXGL Background Thread 1 ] DEBUG GameScene            - Game scene initialized: 1600x900
14:36:57.895 [FXGL Background Thread 1 ] DEBUG FXGL.DefaultMenu     - createMenuBodyMainMenu()
14:36:57.908 [FXGL Background Thread 1 ] DEBUG FXGL.DefaultMenu     - createOptionsMenu()
14:36:57.917 [FXGL Background Thread 1 ] DEBUG FXGLAssetLoaderServi - Loading from file system: jar:file:///C:/Users/Jonat/.gradle/caches/modules-2/files-2.1/com.github.almasb/fxgl/17.1/2a9509aedf54954c9b13849c18c6f495a81c542d/fxgl-17.1.jar!/fxglassets/textures/particles/smoke.png
14:36:58.022 [FXGL Background Thread 1 ] DEBUG FXGLAssetLoaderServi - Loading from file system: jar:file:///C:/Users/Jonat/.gradle/caches/modules-2/files-2.1/com.github.almasb/fxgl/17.1/2a9509aedf54954c9b13849c18c6f495a81c542d/fxgl-17.1.jar!/fxglassets/textures/particles/trace_horizontal.png
14:36:58.069 [FXGL Background Thread 1 ] DEBUG GameApplicationServi - Application scenes initialized
14:36:58.082 [FXGL Background Thread 1 ] DEBUG SystemBundleService  - Loading FXGL system data
14:36:58.087 [FXGL Background Thread 1 ] DEBUG FileSystemAccess     - Reading from: D:\Projects\Coding\Java\FXGLGame\system\fxgl.bundle
14:36:58.093 [FXGL Background Thread 1 ] DEBUG SystemBundleService  - Bundle FXGL: {}
14:36:58.093 [FXGL Background Thread 1 ] DEBUG UpdaterService       - Checking for updates
14:36:58.097 [FXGL Background Thread 4 ] DEBUG FXGLApplication      - Loading fonts
14:36:58.097 [FXGL Background Thread 1 ] DEBUG FXGLApplication      - Loading default localization
14:36:58.097 [FXGL Background Thread 4 ] DEBUG FXGLAssetLoaderServi - Loading from file system: jar:file:///C:/Users/Jonat/.gradle/caches/modules-2/files-2.1/com.github.almasb/fxgl/17.1/2a9509aedf54954c9b13849c18c6f495a81c542d/fxgl-17.1.jar!/fxglassets/ui/fonts/VarelaRound-Regular.ttf
14:36:58.098 [FXGL Background Thread 1 ] DEBUG FXGLAssetLoaderServi - Loading from file system: jar:file:///C:/Users/Jonat/.gradle/caches/modules-2/files-2.1/com.github.almasb/fxgl/17.1/2a9509aedf54954c9b13849c18c6f495a81c542d/fxgl-17.1.jar!/fxglassets/languages/english.lang
14:36:58.119 [FXGL Background Thread 1 ] INFO  FXGLApplication      - FXGL initialization took: 0.434 sec
14:36:58.133 [JavaFX Application Thread] DEBUG Input                - Registered new binding: Move Right - D
14:36:58.133 [JavaFX Application Thread] DEBUG Input                - Registered new binding: Move Left - A
14:36:58.133 [JavaFX Application Thread] DEBUG Input                - Registered new binding: Move Down - S
14:36:58.134 [JavaFX Application Thread] DEBUG Input                - Registered new binding: Move Up - W
14:36:58.135 [JavaFX Application Thread] DEBUG Input                - Registered new binding: action0 - Enter
14:36:58.136 [JavaFX Application Thread] DEBUG Input                - Registered new binding: action1 - Right
14:36:58.137 [JavaFX Application Thread] DEBUG Input                - Registered new binding: action2 - Left
14:36:58.138 [JavaFX Application Thread] DEBUG Input                - Registered new binding: action3 - Up
14:36:58.138 [JavaFX Application Thread] DEBUG Input                - Registered new binding: action4 - Down
14:36:58.138 [JavaFX Application Thread] DEBUG Input                - Registered new binding: action5 - Delete
14:36:58.139 [JavaFX Application Thread] DEBUG Input                - Registered new binding: Shoot - Space
14:36:58.139 [JavaFX Application Thread] DEBUG Input                - Registered new binding: action6 - E
14:36:58.140 [JavaFX Application Thread] DEBUG FXGLAssetLoaderServi - Loading from file system: jar:file:///C:/Users/Jonat/.gradle/caches/modules-2/files-2.1/com.github.almasb/fxgl/17.1/2a9509aedf54954c9b13849c18c6f495a81c542d/fxgl-17.1.jar!/fxglassets/textures/fxgl_icon.png
14:36:58.163 [JavaFX Application Thread] DEBUG FXGLAssetLoaderServi - Loading from file system: jar:file:///C:/Users/Jonat/.gradle/caches/modules-2/files-2.1/com.github.almasb/fxgl/17.1/2a9509aedf54954c9b13849c18c6f495a81c542d/fxgl-17.1.jar!/fxglassets/textures/fxgl_default_cursor.png
14:36:58.166 [JavaFX Application Thread] DEBUG Input                - Registered new binding: Screenshot - CTRL+8
14:36:58.167 [JavaFX Application Thread] DEBUG Input                - Registered new binding: System info dump - CTRL+9
14:36:58.168 [JavaFX Application Thread] DEBUG Input                - Registered new binding: Restart - CTRL+R
14:36:58.169 [JavaFX Application Thread] DEBUG Input                - Registered new binding: Toggle Debug Camera - CTRL+7
14:36:58.172 [JavaFX Application Thread] DEBUG LoopRunner           - Starting loop
14:36:58.172 [JavaFX Application Thread] DEBUG LoopRunner           - Initializing JavaFX AnimationTimerLoop
14:36:58.176 [JavaFX Application Thread] DEBUG Input                - Clearing active input actions
14:36:58.184 [JavaFX Application Thread] DEBUG GameApplicationServi - Removing overlay from FXGLStartupScene and adding to FXGLMainMenuDummyScene
14:36:58.188 [JavaFX Application Thread] DEBUG PrimaryStageWindow   - FXGLStartupScene -> FXGLMainMenuDummyScene
14:36:58.188 [JavaFX Application Thread] DEBUG PrimaryStageWindow   - Push state: FXGLDefaultMenu
14:36:58.192 [JavaFX Application Thread] DEBUG Input                - Clearing active input actions
14:36:58.212 [JavaFX Application Thread] DEBUG GameApplicationServi - Removing overlay from FXGLMainMenuDummyScene and adding to FXGLDefaultMenu
14:36:58.213 [JavaFX Application Thread] DEBUG PrimaryStageWindow   - FXGLMainMenuDummyScene -> FXGLDefaultMenu
14:36:58.235 [FXGL Background Thread 4 ] DEBUG FXGLAssetLoaderServi - Loading from file system: jar:file:///C:/Users/Jonat/.gradle/caches/modules-2/files-2.1/com.github.almasb/fxgl/17.1/2a9509aedf54954c9b13849c18c6f495a81c542d/fxgl-17.1.jar!/fxglassets/ui/fonts/Abel-Regular.ttf
14:36:58.246 [FXGL Background Thread 4 ] DEBUG FXGLAssetLoaderServi - Loading from file system: jar:file:///C:/Users/Jonat/.gradle/caches/modules-2/files-2.1/com.github.almasb/fxgl/17.1/2a9509aedf54954c9b13849c18c6f495a81c542d/fxgl-17.1.jar!/fxglassets/ui/fonts/TerminalLandMono-Regular.otf
14:36:58.256 [FXGL Background Thread 4 ] DEBUG FXGLAssetLoaderServi - Loading from file system: jar:file:///C:/Users/Jonat/.gradle/caches/modules-2/files-2.1/com.github.almasb/fxgl/17.1/2a9509aedf54954c9b13849c18c6f495a81c542d/fxgl-17.1.jar!/fxglassets/ui/fonts/Courier-Prime.ttf
14:36:58.334 [JavaFX Application Thread] DEBUG FXGLApplication      - Registering font factories with UI factory
14:36:58.828 [FXGL Background Thread 2 ] INFO  UpdaterService       - Your current version:  17.1
14:36:58.828 [FXGL Background Thread 2 ] INFO  UpdaterService       - Latest stable version: 17.2
14:36:59.706 [JavaFX Application Thread] DEBUG Menu                 - fireNewGame()
14:36:59.707 [JavaFX Application Thread] DEBUG GameApplicationServi - Starting new game
14:36:59.708 [JavaFX Application Thread] DEBUG PrimaryStageWindow   - Pop state: FXGLDefaultMenu
14:36:59.708 [JavaFX Application Thread] DEBUG Input                - Clearing active input actions
14:36:59.709 [JavaFX Application Thread] DEBUG GameApplicationServi - Removing overlay from FXGLDefaultMenu and adding to FXGLMainMenuDummyScene
14:36:59.710 [JavaFX Application Thread] DEBUG PrimaryStageWindow   - FXGLMainMenuDummyScene <- FXGLDefaultMenu
14:36:59.710 [JavaFX Application Thread] DEBUG Input                - Clearing active input actions
14:36:59.718 [JavaFX Application Thread] DEBUG GameApplicationServi - Removing overlay from FXGLMainMenuDummyScene and adding to FXGLLoadingScene
14:36:59.718 [JavaFX Application Thread] DEBUG PrimaryStageWindow   - FXGLMainMenuDummyScene -> FXGLLoadingScene
14:36:59.719 [JavaFX Application Thread] DEBUG GameApplicationServi - Clearing previous game
14:36:59.719 [JavaFX Application Thread] DEBUG GameScene            - Clearing game scene
14:36:59.719 [JavaFX Application Thread] DEBUG GameWorld            - Clearing game world
14:36:59.719 [JavaFX Application Thread] DEBUG PhysicsWorld         - Clearing physics world
14:36:59.723 [FXGL Background Thread 2 ] DEBUG FXGLApplication      - Initializing game
14:36:59.734 [FXGL Background Thread 2 ] WARN  FXGLAssetLoaderServi - Asset "/assets/textures/Untitled.png" was not found!
14:36:59.735 [FXGL Background Thread 2 ] WARN  FXGLAssetLoaderServi - Failed to load IMAGE
14:36:59.758 [FXGL Background Thread 2 ] DEBUG FXGLAssetLoaderServi - Loading from file system: file:/D:/Projects/Coding/Java/FXGLGame/build/resources/main/assets/textures/ship/sparrow.png
14:36:59.799 [FXGL Background Thread 2 ] WARN  TMXLevelLoader       - TiledMap generated from 1.4.3. Supported version: 1.4.2. Some features may not be parsed fully.
14:36:59.828 [FXGL Background Thread 2 ] DEBUG TMXLevelLoader       - Parsed TiledMap: file:/D:/Projects/Coding/Java/FXGLGame/build/resources/main/assets/levels/testLevelMap.tmx
14:36:59.829 [FXGL Background Thread 2 ] DEBUG TMXLevelLoader       - Creating tile layer entities
14:36:59.830 [FXGL Background Thread 2 ] DEBUG TilesetLoader        - Loading view for layer Tile Layer 1
14:36:59.846 [FXGL Background Thread 2 ] DEBUG TilesetLoader        - Created buffer with size 1600.0x6400.0
14:36:59.893 [FXGL Background Thread 2 ] DEBUG TMXLevelLoader       - Creating object layer entities
14:36:59.895 [FXGL Background Thread 2 ] DEBUG FXGLAssetLoaderServi - Loading from file system: file:/D:/Projects/Coding/Java/FXGLGame/build/resources/main/assets/textures/ship/hai%20water%20bug.png
14:36:59.913 [FXGL Background Thread 2 ] DEBUG FXGLAssetLoaderServi - Loading from file system: file:/D:/Projects/Coding/Java/FXGLGame/build/resources/main/assets/textures/ship/wasp.png
14:36:59.928 [FXGL Background Thread 2 ] DEBUG GameWorld            - Clearing removable entities
14:36:59.932 [FXGL Background Thread 2 ] DEBUG GameWorld            - Setting level: com.almasb.fxgl.entity.level.Level@5938c2cb
14:36:59.943 [FXGL Background Thread 2 ] INFO  FXGLApplication      - Game initialization took: 0.220 sec
14:36:59.943 [JavaFX Application Thread] DEBUG Input                - Clearing active input actions
14:36:59.948 [JavaFX Application Thread] DEBUG GameApplicationServi - Removing overlay from FXGLLoadingScene and adding to GameScene
14:36:59.948 [JavaFX Application Thread] DEBUG PrimaryStageWindow   - FXGLLoadingScene -> GameScene
14:37:01.096 [FXGL Background Thread 3 ] DEBUG Engine               - Logging environment variables
14:37:01.097 [FXGL Background Thread 3 ] DEBUG Engine               - achievements: []
14:37:01.097 [FXGL Background Thread 3 ] DEBUG Engine               - actualHeight: 900.0
14:37:01.097 [FXGL Background Thread 3 ] DEBUG Engine               - actualHeightProperty: ReadOnlyDoubleProperty [value: 900.0]
14:37:01.097 [FXGL Background Thread 3 ] DEBUG Engine               - actualWidth: 1600.0
14:37:01.097 [FXGL Background Thread 3 ] DEBUG Engine               - actualWidthProperty: ReadOnlyDoubleProperty [value: 1600.0]
14:37:01.097 [FXGL Background Thread 3 ] DEBUG Engine               - appIcon: fxgl_icon.png
14:37:01.097 [FXGL Background Thread 3 ] DEBUG Engine               - applicationMode: DEVELOPER
14:37:01.097 [FXGL Background Thread 3 ] DEBUG Engine               - cSSList: [fxgl_dark.css]
14:37:01.097 [FXGL Background Thread 3 ] DEBUG Engine               - collisionDetectionStrategy: BRUTE_FORCE
14:37:01.097 [FXGL Background Thread 3 ] DEBUG Engine               - configClass: Optional.empty
14:37:01.097 [FXGL Background Thread 3 ] DEBUG Engine               - credits: []
14:37:01.098 [FXGL Background Thread 3 ] DEBUG Engine               - defaultCursor: CursorInfo(imageName=fxgl_default_cursor.png, hotspotX=7.0, hotspotY=6.0)
14:37:01.098 [FXGL Background Thread 3 ] DEBUG Engine               - devBBoxColorProperty: ObjectProperty [value: 0xff0000ff]
14:37:01.098 [FXGL Background Thread 3 ] DEBUG Engine               - devEnableDebugCameraProperty: BooleanProperty [value: false]
14:37:01.098 [FXGL Background Thread 3 ] DEBUG Engine               - devSensorColorProperty: ObjectProperty [value: 0xffff00ff]
14:37:01.098 [FXGL Background Thread 3 ] DEBUG Engine               - devShowBBoxProperty: BooleanProperty [value: false]
14:37:01.098 [FXGL Background Thread 3 ] DEBUG Engine               - devShowPositionProperty: BooleanProperty [value: false]
14:37:01.099 [FXGL Background Thread 3 ] DEBUG Engine               - enabledMenuItems: []
14:37:01.099 [FXGL Background Thread 3 ] DEBUG Engine               - engineServices: [class com.almasb.fxgl.app.services.FXGLAssetLoaderService, class com.almasb.fxgl.app.FXGLApplication$GameApplicationService, class com.almasb.fxgl.app.services.FXGLDialogService, class com.almasb.fxgl.app.services.IOTaskExecutorService, class com.almasb.fxgl.io.FileSystemService, class com.almasb.fxgl.localization.LocalizationService, class com.almasb.fxgl.app.services.SystemBundleService, class com.almasb.fxgl.profile.SaveLoadService, class com.almasb.fxgl.ui.FXGLUIFactoryServiceProvider, class com.almasb.fxgl.ui.FXGLDialogFactoryServiceProvider, class com.almasb.fxgl.audio.AudioPlayer, class com.almasb.fxgl.notification.impl.NotificationServiceProvider, class com.almasb.fxgl.achievement.AchievementService, class com.almasb.fxgl.cutscene.CutsceneService, class com.almasb.fxgl.minigames.MiniGameService, class com.almasb.fxgl.net.NetService, class com.almasb.fxgl.app.services.UpdaterService, class com.almasb.fxgl.dev.DevService]
14:37:01.099 [FXGL Background Thread 3 ] DEBUG Engine               - fontGame: Abel-Regular.ttf
14:37:01.099 [FXGL Background Thread 3 ] DEBUG Engine               - fontMono: TerminalLandMono-Regular.otf
14:37:01.099 [FXGL Background Thread 3 ] DEBUG Engine               - fontText: Courier-Prime.ttf
14:37:01.099 [FXGL Background Thread 3 ] DEBUG Engine               - fontUI: VarelaRound-Regular.ttf
14:37:01.100 [FXGL Background Thread 3 ] DEBUG Engine               - fullScreen: BooleanProperty [value: false]
14:37:01.100 [FXGL Background Thread 3 ] DEBUG Engine               - gameDifficulty: MEDIUM
14:37:01.100 [FXGL Background Thread 3 ] DEBUG Engine               - gameDifficultyProperty: ObjectProperty [value: MEDIUM]
14:37:01.100 [FXGL Background Thread 3 ] DEBUG Engine               - globalMusicVolume: 0.5
14:37:01.100 [FXGL Background Thread 3 ] DEBUG Engine               - globalMusicVolumeProperty: DoubleProperty [value: 0.5]
14:37:01.100 [FXGL Background Thread 3 ] DEBUG Engine               - globalSoundVolume: 0.5
14:37:01.100 [FXGL Background Thread 3 ] DEBUG Engine               - globalSoundVolumeProperty: DoubleProperty [value: 0.5]
14:37:01.100 [FXGL Background Thread 3 ] DEBUG Engine               - height: 900
14:37:01.100 [FXGL Background Thread 3 ] DEBUG Engine               - is3D: false
14:37:01.100 [FXGL Background Thread 3 ] DEBUG Engine               - isAndroid: false
14:37:01.101 [FXGL Background Thread 3 ] DEBUG Engine               - isBrowser: false
14:37:01.101 [FXGL Background Thread 3 ] DEBUG Engine               - isClickFeedbackEnabled: false
14:37:01.101 [FXGL Background Thread 3 ] DEBUG Engine               - isCloseConfirmation: false
14:37:01.101 [FXGL Background Thread 3 ] DEBUG Engine               - isDesktop: true
14:37:01.101 [FXGL Background Thread 3 ] DEBUG Engine               - isDeveloperMenuEnabled: false
14:37:01.101 [FXGL Background Thread 3 ] DEBUG Engine               - isEmbedded: false
14:37:01.101 [FXGL Background Thread 3 ] DEBUG Engine               - isEntityPreloadEnabled: true
14:37:01.101 [FXGL Background Thread 3 ] DEBUG Engine               - isExperimentalTiledLargeMap: false
14:37:01.101 [FXGL Background Thread 3 ] DEBUG Engine               - isFileSystemWriteAllowed: true
14:37:01.101 [FXGL Background Thread 3 ] DEBUG Engine               - isFullScreenAllowed: false
14:37:01.101 [FXGL Background Thread 3 ] DEBUG Engine               - isFullScreenFromStart: false
14:37:01.101 [FXGL Background Thread 3 ] DEBUG Engine               - isGameMenuEnabled: true
14:37:01.101 [FXGL Background Thread 3 ] DEBUG Engine               - isIOS: false
14:37:01.101 [FXGL Background Thread 3 ] DEBUG Engine               - isIntroEnabled: false
14:37:01.101 [FXGL Background Thread 3 ] DEBUG Engine               - isLinux: false
14:37:01.102 [FXGL Background Thread 3 ] DEBUG Engine               - isMac: false
14:37:01.102 [FXGL Background Thread 3 ] DEBUG Engine               - isMainMenuEnabled: true
14:37:01.102 [FXGL Background Thread 3 ] DEBUG Engine               - isManualResizeEnabled: true
14:37:01.102 [FXGL Background Thread 3 ] DEBUG Engine               - isMobile: false
14:37:01.102 [FXGL Background Thread 3 ] DEBUG Engine               - isNative: false
14:37:01.102 [FXGL Background Thread 3 ] DEBUG Engine               - isPauseMusicWhenMinimized: true
14:37:01.102 [FXGL Background Thread 3 ] DEBUG Engine               - isPreserveResizeRatio: false
14:37:01.102 [FXGL Background Thread 3 ] DEBUG Engine               - isProfilingEnabled: false
14:37:01.102 [FXGL Background Thread 3 ] DEBUG Engine               - isScaleAffectedOnResize: true
14:37:01.102 [FXGL Background Thread 3 ] DEBUG Engine               - isSingleStep: false
14:37:01.102 [FXGL Background Thread 3 ] DEBUG Engine               - isUserProfileEnabled: false
14:37:01.102 [FXGL Background Thread 3 ] DEBUG Engine               - isWindows: true
14:37:01.102 [FXGL Background Thread 3 ] DEBUG Engine               - language: ObjectProperty [value: ENGLISH]
14:37:01.102 [FXGL Background Thread 3 ] DEBUG Engine               - menuKey: ESCAPE
14:37:01.102 [FXGL Background Thread 3 ] DEBUG Engine               - mouseSensitivity: 0.2
14:37:01.103 [FXGL Background Thread 3 ] DEBUG Engine               - notificationViewClass: class com.almasb.fxgl.notification.view.XboxNotificationView
14:37:01.103 [FXGL Background Thread 3 ] DEBUG Engine               - pixelsPerMeter: 50.0
14:37:01.103 [FXGL Background Thread 3 ] DEBUG Engine               - platform: WINDOWS
14:37:01.103 [FXGL Background Thread 3 ] DEBUG Engine               - prefHeightProperty: ReadOnlyDoubleProperty [value: 900.0]
14:37:01.103 [FXGL Background Thread 3 ] DEBUG Engine               - prefWidthProperty: ReadOnlyDoubleProperty [value: 1600.0]
14:37:01.103 [FXGL Background Thread 3 ] DEBUG Engine               - profileDir: profiles/
14:37:01.103 [FXGL Background Thread 3 ] DEBUG Engine               - profileName: StringProperty [value: DEFAULT]
14:37:01.103 [FXGL Background Thread 3 ] DEBUG Engine               - randomSeed: -1
14:37:01.103 [FXGL Background Thread 3 ] DEBUG Engine               - runtimeInfo: RuntimeInfo(platform=WINDOWS, version=17.1, build=24.03.2022 17.34)
14:37:01.103 [FXGL Background Thread 3 ] DEBUG Engine               - saveFileExt: sav
14:37:01.103 [FXGL Background Thread 3 ] DEBUG Engine               - scaledHeightProp$fxgl: DoubleProperty [bound, value: 900.0]
14:37:01.103 [FXGL Background Thread 3 ] DEBUG Engine               - scaledWidthProp$fxgl: DoubleProperty [bound, value: 1600.0]
14:37:01.104 [FXGL Background Thread 3 ] DEBUG Engine               - sceneFactory: com.jonathanc8.fxglgame.MainSceneFactory@6887d5f9
14:37:01.104 [FXGL Background Thread 3 ] DEBUG Engine               - secondsIn24h: 60
14:37:01.104 [FXGL Background Thread 3 ] DEBUG Engine               - soundMenuBack: menu/back.wav
14:37:01.104 [FXGL Background Thread 3 ] DEBUG Engine               - soundMenuPress: menu/press.wav
14:37:01.104 [FXGL Background Thread 3 ] DEBUG Engine               - soundMenuSelect: menu/select.wav
14:37:01.104 [FXGL Background Thread 3 ] DEBUG Engine               - soundNotification: core/notification.wav
14:37:01.104 [FXGL Background Thread 3 ] DEBUG Engine               - stageStyle: DECORATED
14:37:01.104 [FXGL Background Thread 3 ] DEBUG Engine               - supportedLanguages: [ENGLISH, FRENCH, GERMAN, HUNGARIAN, RUSSIAN]
14:37:01.104 [FXGL Background Thread 3 ] DEBUG Engine               - ticksPerSecond: -1
14:37:01.104 [FXGL Background Thread 3 ] DEBUG Engine               - title: A game without a name
14:37:01.104 [FXGL Background Thread 3 ] DEBUG Engine               - urlGithub: https://github.com/AlmasB/FXGL
14:37:01.104 [FXGL Background Thread 3 ] DEBUG Engine               - urlLeaderboard: http://fxgl-top.herokuapp.com/
14:37:01.104 [FXGL Background Thread 3 ] DEBUG Engine               - urlPOM: https://raw.githubusercontent.com/AlmasB/FXGL/release/README.md
14:37:01.105 [FXGL Background Thread 3 ] DEBUG Engine               - userAppClass: class com.jonathanc8.fxglgame.Game
14:37:01.105 [FXGL Background Thread 3 ] DEBUG Engine               - version: Early Development
14:37:01.105 [FXGL Background Thread 3 ] DEBUG Engine               - versionCheckDays: 7
14:37:01.105 [FXGL Background Thread 3 ] DEBUG Engine               - width: 1600
14:37:01.105 [FXGL Background Thread 3 ] DEBUG Engine               - Logging services
14:37:01.105 [FXGL Background Thread 3 ] DEBUG Engine               - class com.almasb.fxgl.app.services.FXGLAssetLoaderService
14:37:01.105 [FXGL Background Thread 3 ] DEBUG Engine               - class com.almasb.fxgl.app.FXGLApplication$GameApplicationService
14:37:01.105 [FXGL Background Thread 3 ] DEBUG Engine               - class com.almasb.fxgl.app.services.FXGLDialogService
14:37:01.105 [FXGL Background Thread 3 ] DEBUG Engine               - class com.almasb.fxgl.app.services.IOTaskExecutorService
14:37:01.105 [FXGL Background Thread 3 ] DEBUG Engine               - class com.almasb.fxgl.io.FileSystemService
14:37:01.105 [FXGL Background Thread 3 ] DEBUG Engine               - class com.almasb.fxgl.localization.LocalizationService
14:37:01.105 [FXGL Background Thread 3 ] DEBUG Engine               - class com.almasb.fxgl.app.services.SystemBundleService
14:37:01.105 [FXGL Background Thread 3 ] DEBUG Engine               - class com.almasb.fxgl.profile.SaveLoadService
14:37:01.105 [FXGL Background Thread 3 ] DEBUG Engine               - class com.almasb.fxgl.ui.FXGLUIFactoryServiceProvider
14:37:01.105 [FXGL Background Thread 3 ] DEBUG Engine               - class com.almasb.fxgl.ui.FXGLDialogFactoryServiceProvider
14:37:01.106 [FXGL Background Thread 3 ] DEBUG Engine               - class com.almasb.fxgl.audio.AudioPlayer
14:37:01.106 [FXGL Background Thread 3 ] DEBUG Engine               - class com.almasb.fxgl.notification.impl.NotificationServiceProvider
14:37:01.106 [FXGL Background Thread 3 ] DEBUG Engine               - class com.almasb.fxgl.achievement.AchievementService
14:37:01.106 [FXGL Background Thread 3 ] DEBUG Engine               - class com.almasb.fxgl.cutscene.CutsceneService
14:37:01.106 [FXGL Background Thread 3 ] DEBUG Engine               - class com.almasb.fxgl.minigames.MiniGameService
14:37:01.106 [FXGL Background Thread 3 ] DEBUG Engine               - class com.almasb.fxgl.net.NetService
14:37:01.106 [FXGL Background Thread 3 ] DEBUG Engine               - class com.almasb.fxgl.app.services.UpdaterService
14:37:01.106 [FXGL Background Thread 3 ] DEBUG Engine               - class com.almasb.fxgl.dev.DevService
14:37:01.663 [JavaFX Application Thread] DEBUG FXGLAssetLoaderServi - Loading from file system: file:/D:/Projects/Coding/Java/FXGLGame/build/resources/main/assets/textures/projectile/javelin.png
14:37:08.045 [JavaFX Application Thread] DEBUG FXGLAssetLoaderServi - Loading from file system: file:/D:/Projects/Coding/Java/FXGLGame/build/resources/main/assets/textures/effect/explosion/small~1.png
14:37:08.046 [JavaFX Application Thread] DEBUG FXGLAssetLoaderServi - Loading from file system: file:/D:/Projects/Coding/Java/FXGLGame/build/resources/main/assets/textures/effect/explosion/small~2.png
14:37:08.046 [JavaFX Application Thread] DEBUG FXGLAssetLoaderServi - Loading from file system: file:/D:/Projects/Coding/Java/FXGLGame/build/resources/main/assets/textures/effect/explosion/small~3.png
14:37:08.047 [JavaFX Application Thread] DEBUG FXGLAssetLoaderServi - Loading from file system: file:/D:/Projects/Coding/Java/FXGLGame/build/resources/main/assets/textures/effect/explosion/small~4.png
14:37:08.048 [JavaFX Application Thread] DEBUG FXGLAssetLoaderServi - Loading from file system: file:/D:/Projects/Coding/Java/FXGLGame/build/resources/main/assets/textures/effect/explosion/small~5.png
14:37:08.048 [JavaFX Application Thread] DEBUG FXGLAssetLoaderServi - Loading from file system: file:/D:/Projects/Coding/Java/FXGLGame/build/resources/main/assets/textures/effect/explosion/small~6.png
14:37:08.051 [JavaFX Application Thread] DEBUG FXGLAssetLoaderServi - Loading from file system: file:/D:/Projects/Coding/Java/FXGLGame/build/resources/main/assets/textures/effect/explosion/huge~0.png
14:37:08.056 [JavaFX Application Thread] DEBUG FXGLAssetLoaderServi - Loading from file system: file:/D:/Projects/Coding/Java/FXGLGame/build/resources/main/assets/sounds/explosion%20medium.wav
14:37:10.621 [JavaFX Application Thread] DEBUG FXGLAssetLoaderServi - Loading from file system: file:/D:/Projects/Coding/Java/FXGLGame/build/resources/main/assets/textures/effect/explosion/medium~1.png
14:37:10.622 [JavaFX Application Thread] DEBUG FXGLAssetLoaderServi - Loading from file system: file:/D:/Projects/Coding/Java/FXGLGame/build/resources/main/assets/textures/effect/explosion/medium~2.png
14:37:10.623 [JavaFX Application Thread] DEBUG FXGLAssetLoaderServi - Loading from file system: file:/D:/Projects/Coding/Java/FXGLGame/build/resources/main/assets/textures/effect/explosion/medium~3.png
14:37:10.624 [JavaFX Application Thread] DEBUG FXGLAssetLoaderServi - Loading from file system: file:/D:/Projects/Coding/Java/FXGLGame/build/resources/main/assets/textures/effect/explosion/medium~4.png
14:37:10.625 [JavaFX Application Thread] DEBUG FXGLAssetLoaderServi - Loading from file system: file:/D:/Projects/Coding/Java/FXGLGame/build/resources/main/assets/textures/effect/explosion/medium~5.png
14:37:10.626 [JavaFX Application Thread] DEBUG FXGLAssetLoaderServi - Loading from file system: file:/D:/Projects/Coding/Java/FXGLGame/build/resources/main/assets/textures/effect/explosion/medium~6.png
14:37:10.626 [JavaFX Application Thread] DEBUG FXGLAssetLoaderServi - Loading from file system: file:/D:/Projects/Coding/Java/FXGLGame/build/resources/main/assets/textures/effect/explosion/medium~7.png
14:37:59.219 [JavaFX Application Thread] DEBUG FXGLApplication      - Exiting FXGL
14:37:59.220 [JavaFX Application Thread] DEBUG LoopRunner           - Stopping loop
14:37:59.220 [JavaFX Application Thread] DEBUG SystemBundleService  - Saving FXGL system data
14:37:59.222 [JavaFX Application Thread] DEBUG FileSystemAccess     - Writing to: D:\Projects\Coding\Java\FXGLGame\system\fxgl.bundle
14:37:59.223 [JavaFX Application Thread] DEBUG Async                - Shutting down background threads
14:37:59.223 [JavaFX Application Thread] DEBUG PrimaryStageWindow   - Closing main window
14:37:59.231 [JavaFX Application Thread] DEBUG Logger               - Closing Logger
