15:33:16.654 [main                     ] DEBUG Logger               - Configured Logger
15:33:16.672 [main                     ] DEBUG GameApplication      - Logging settings
Title: A game without a name
Version: Early Development
Width: 1600
Height: 900
Fullscreen: false
Intro: false
Profiling: false
Single step:false
App Mode: DEVELOPER
Menu Key: ESCAPE
Stage Style: DECORATED
Scene Factory: class com.jonathanc8.fxglgame.MainSceneFactory

15:33:17.353 [JavaFX Application Thread] DEBUG FXGLApplication      - Initializing FXGL
15:33:17.357 [JavaFX Application Thread] INFO  Engine               - FXGL-17.1 (24.03.2022 17.34) on WINDOWS (J:17.0.2 FX:17.0.2-ea)
15:33:17.358 [JavaFX Application Thread] DEBUG Engine               - JRE Vendor Name: Oracle Corporation
15:33:17.358 [JavaFX Application Thread] DEBUG Engine               - Running on OS: Windows 10 version 10.0
15:33:17.358 [JavaFX Application Thread] DEBUG Engine               - Architecture: amd64
15:33:17.358 [JavaFX Application Thread] INFO  Engine               - Source code and latest versions at: https://github.com/AlmasB/FXGL
15:33:17.358 [JavaFX Application Thread] INFO  Engine               -       Ask questions and discuss at: https://github.com/AlmasB/FXGL/discussions
15:33:17.359 [JavaFX Application Thread] INFO  Engine               -              Join the FXGL chat at: https://gitter.im/AlmasB/FXGL
15:33:17.419 [JavaFX Application Thread] DEBUG PrimaryStageWindow   - Creating a JavaFX scene
15:33:17.460 [JavaFX Application Thread] DEBUG PrimaryStageWindow   - Target settings size: 1600.0 x 900.0
15:33:17.460 [JavaFX Application Thread] DEBUG PrimaryStageWindow   - Scaled scene size:    1600.0 x 900.0
15:33:17.460 [JavaFX Application Thread] DEBUG PrimaryStageWindow   - Scaled ratio: (1.0, 1.0)
15:33:17.461 [JavaFX Application Thread] DEBUG PrimaryStageWindow   - Set initial scene to FXGLStartupScene
15:33:17.467 [JavaFX Application Thread] DEBUG PrimaryStageWindow   - Opening main window
15:33:17.540 [JavaFX Application Thread] DEBUG PrimaryStageWindow   - Window border size: (16.0, 39.0)
15:33:17.540 [JavaFX Application Thread] DEBUG PrimaryStageWindow   - Scaled size: 1600.0 x 900.0
15:33:17.540 [JavaFX Application Thread] DEBUG PrimaryStageWindow   - Scaled ratio: (1.0, 1.0)
15:33:17.541 [JavaFX Application Thread] DEBUG PrimaryStageWindow   - Scene size: 1600.0 x 900.0
15:33:17.541 [JavaFX Application Thread] DEBUG PrimaryStageWindow   - Stage size: 1616.0 x 939.0
15:33:17.547 [FXGL Background Thread 1 ] DEBUG Engine               - Initializing environment variables
15:33:17.575 [FXGL Background Thread 1 ] DEBUG FXGLAssetLoaderServi - User app class for loading assets: class com.jonathanc8.fxglgame.Game
15:33:17.575 [FXGL Background Thread 1 ] DEBUG GameApplicationServi - Applying CSS: fxgl_dark.css
15:33:17.576 [FXGL Background Thread 1 ] DEBUG FXGLAssetLoaderServi - Loading from file system: jar:file:///C:/Users/Jonat/.gradle/caches/modules-2/files-2.1/com.github.almasb/fxgl/17.1/2a9509aedf54954c9b13849c18c6f495a81c542d/fxgl-17.1.jar!/fxglassets/ui/css/fxgl_dark.css
15:33:17.616 [FXGL Background Thread 1 ] DEBUG GameApplicationServi - Initializing application scenes
15:33:17.659 [FXGL Background Thread 1 ] DEBUG GameWorld            - Game world initialized
15:33:17.705 [FXGL Background Thread 1 ] DEBUG PhysicsWorld         - Physics world initialized: appHeight=900, physics.ppm=50.0
15:33:17.706 [FXGL Background Thread 1 ] DEBUG PhysicsWorld         - Using strategy: BRUTE_FORCE
15:33:17.709 [FXGL Background Thread 1 ] DEBUG GameScene            - Game scene initialized: 1600x900
15:33:17.720 [FXGL Background Thread 1 ] DEBUG FXGL.DefaultMenu     - createMenuBodyMainMenu()
15:33:17.733 [FXGL Background Thread 1 ] DEBUG FXGL.DefaultMenu     - createOptionsMenu()
15:33:17.743 [FXGL Background Thread 1 ] DEBUG FXGLAssetLoaderServi - Loading from file system: jar:file:///C:/Users/Jonat/.gradle/caches/modules-2/files-2.1/com.github.almasb/fxgl/17.1/2a9509aedf54954c9b13849c18c6f495a81c542d/fxgl-17.1.jar!/fxglassets/textures/particles/smoke.png
15:33:17.851 [FXGL Background Thread 1 ] DEBUG FXGLAssetLoaderServi - Loading from file system: jar:file:///C:/Users/Jonat/.gradle/caches/modules-2/files-2.1/com.github.almasb/fxgl/17.1/2a9509aedf54954c9b13849c18c6f495a81c542d/fxgl-17.1.jar!/fxglassets/textures/particles/trace_horizontal.png
15:33:17.904 [FXGL Background Thread 1 ] DEBUG GameApplicationServi - Application scenes initialized
15:33:17.916 [FXGL Background Thread 1 ] DEBUG SystemBundleService  - Loading FXGL system data
15:33:17.923 [FXGL Background Thread 1 ] DEBUG FileSystemAccess     - Reading from: D:\Projects\Coding\Java\FXGLGame\system\fxgl.bundle
15:33:17.930 [FXGL Background Thread 1 ] DEBUG SystemBundleService  - Bundle FXGL: {}
15:33:17.930 [FXGL Background Thread 1 ] DEBUG UpdaterService       - Checking for updates
15:33:17.934 [FXGL Background Thread 4 ] DEBUG FXGLApplication      - Loading fonts
15:33:17.934 [FXGL Background Thread 1 ] DEBUG FXGLApplication      - Loading default localization
15:33:17.935 [FXGL Background Thread 4 ] DEBUG FXGLAssetLoaderServi - Loading from file system: jar:file:///C:/Users/Jonat/.gradle/caches/modules-2/files-2.1/com.github.almasb/fxgl/17.1/2a9509aedf54954c9b13849c18c6f495a81c542d/fxgl-17.1.jar!/fxglassets/ui/fonts/VarelaRound-Regular.ttf
15:33:17.935 [FXGL Background Thread 1 ] DEBUG FXGLAssetLoaderServi - Loading from file system: jar:file:///C:/Users/Jonat/.gradle/caches/modules-2/files-2.1/com.github.almasb/fxgl/17.1/2a9509aedf54954c9b13849c18c6f495a81c542d/fxgl-17.1.jar!/fxglassets/languages/english.lang
15:33:17.957 [FXGL Background Thread 1 ] INFO  FXGLApplication      - FXGL initialization took: 0.411 sec
15:33:17.969 [JavaFX Application Thread] DEBUG Input                - Registered new binding: Move Right - D
15:33:17.969 [JavaFX Application Thread] DEBUG Input                - Registered new binding: Move Left - A
15:33:17.969 [JavaFX Application Thread] DEBUG Input                - Registered new binding: Move Down - S
15:33:17.969 [JavaFX Application Thread] DEBUG Input                - Registered new binding: Move Up - W
15:33:17.971 [JavaFX Application Thread] DEBUG Input                - Registered new binding: action0 - Enter
15:33:17.972 [JavaFX Application Thread] DEBUG Input                - Registered new binding: action1 - Right
15:33:17.972 [JavaFX Application Thread] DEBUG Input                - Registered new binding: action2 - Left
15:33:17.973 [JavaFX Application Thread] DEBUG Input                - Registered new binding: action3 - Up
15:33:17.974 [JavaFX Application Thread] DEBUG Input                - Registered new binding: action4 - Down
15:33:17.975 [JavaFX Application Thread] DEBUG Input                - Registered new binding: action5 - Delete
15:33:17.975 [JavaFX Application Thread] DEBUG Input                - Registered new binding: Shoot - Space
15:33:17.975 [JavaFX Application Thread] DEBUG Input                - Registered new binding: action6 - E
15:33:17.976 [JavaFX Application Thread] DEBUG FXGLAssetLoaderServi - Loading from file system: jar:file:///C:/Users/Jonat/.gradle/caches/modules-2/files-2.1/com.github.almasb/fxgl/17.1/2a9509aedf54954c9b13849c18c6f495a81c542d/fxgl-17.1.jar!/fxglassets/textures/fxgl_icon.png
15:33:18.004 [JavaFX Application Thread] DEBUG FXGLAssetLoaderServi - Loading from file system: jar:file:///C:/Users/Jonat/.gradle/caches/modules-2/files-2.1/com.github.almasb/fxgl/17.1/2a9509aedf54954c9b13849c18c6f495a81c542d/fxgl-17.1.jar!/fxglassets/textures/fxgl_default_cursor.png
15:33:18.007 [JavaFX Application Thread] DEBUG Input                - Registered new binding: Screenshot - CTRL+8
15:33:18.008 [JavaFX Application Thread] DEBUG Input                - Registered new binding: System info dump - CTRL+9
15:33:18.008 [JavaFX Application Thread] DEBUG Input                - Registered new binding: Restart - CTRL+R
15:33:18.009 [JavaFX Application Thread] DEBUG Input                - Registered new binding: Toggle Debug Camera - CTRL+7
15:33:18.012 [JavaFX Application Thread] DEBUG LoopRunner           - Starting loop
15:33:18.012 [JavaFX Application Thread] DEBUG LoopRunner           - Initializing JavaFX AnimationTimerLoop
15:33:18.019 [JavaFX Application Thread] DEBUG Input                - Clearing active input actions
15:33:18.030 [JavaFX Application Thread] DEBUG GameApplicationServi - Removing overlay from FXGLStartupScene and adding to FXGLMainMenuDummyScene
15:33:18.031 [JavaFX Application Thread] DEBUG PrimaryStageWindow   - FXGLStartupScene -> FXGLMainMenuDummyScene
15:33:18.031 [JavaFX Application Thread] DEBUG PrimaryStageWindow   - Push state: FXGLDefaultMenu
15:33:18.035 [JavaFX Application Thread] DEBUG Input                - Clearing active input actions
15:33:18.054 [JavaFX Application Thread] DEBUG GameApplicationServi - Removing overlay from FXGLMainMenuDummyScene and adding to FXGLDefaultMenu
15:33:18.055 [JavaFX Application Thread] DEBUG PrimaryStageWindow   - FXGLMainMenuDummyScene -> FXGLDefaultMenu
15:33:18.081 [FXGL Background Thread 4 ] DEBUG FXGLAssetLoaderServi - Loading from file system: jar:file:///C:/Users/Jonat/.gradle/caches/modules-2/files-2.1/com.github.almasb/fxgl/17.1/2a9509aedf54954c9b13849c18c6f495a81c542d/fxgl-17.1.jar!/fxglassets/ui/fonts/Abel-Regular.ttf
15:33:18.094 [FXGL Background Thread 4 ] DEBUG FXGLAssetLoaderServi - Loading from file system: jar:file:///C:/Users/Jonat/.gradle/caches/modules-2/files-2.1/com.github.almasb/fxgl/17.1/2a9509aedf54954c9b13849c18c6f495a81c542d/fxgl-17.1.jar!/fxglassets/ui/fonts/TerminalLandMono-Regular.otf
15:33:18.105 [FXGL Background Thread 4 ] DEBUG FXGLAssetLoaderServi - Loading from file system: jar:file:///C:/Users/Jonat/.gradle/caches/modules-2/files-2.1/com.github.almasb/fxgl/17.1/2a9509aedf54954c9b13849c18c6f495a81c542d/fxgl-17.1.jar!/fxglassets/ui/fonts/Courier-Prime.ttf
15:33:18.153 [JavaFX Application Thread] DEBUG FXGLApplication      - Registering font factories with UI factory
15:33:18.455 [FXGL Background Thread 2 ] INFO  UpdaterService       - Your current version:  17.1
15:33:18.456 [FXGL Background Thread 2 ] INFO  UpdaterService       - Latest stable version: 17.2
15:33:19.517 [JavaFX Application Thread] DEBUG Menu                 - fireNewGame()
15:33:19.518 [JavaFX Application Thread] DEBUG GameApplicationServi - Starting new game
15:33:19.519 [JavaFX Application Thread] DEBUG PrimaryStageWindow   - Pop state: FXGLDefaultMenu
15:33:19.519 [JavaFX Application Thread] DEBUG Input                - Clearing active input actions
15:33:19.520 [JavaFX Application Thread] DEBUG GameApplicationServi - Removing overlay from FXGLDefaultMenu and adding to FXGLMainMenuDummyScene
15:33:19.521 [JavaFX Application Thread] DEBUG PrimaryStageWindow   - FXGLMainMenuDummyScene <- FXGLDefaultMenu
15:33:19.521 [JavaFX Application Thread] DEBUG Input                - Clearing active input actions
15:33:19.527 [JavaFX Application Thread] DEBUG GameApplicationServi - Removing overlay from FXGLMainMenuDummyScene and adding to FXGLLoadingScene
15:33:19.527 [JavaFX Application Thread] DEBUG PrimaryStageWindow   - FXGLMainMenuDummyScene -> FXGLLoadingScene
15:33:19.527 [JavaFX Application Thread] DEBUG GameApplicationServi - Clearing previous game
15:33:19.528 [JavaFX Application Thread] DEBUG GameScene            - Clearing game scene
15:33:19.528 [JavaFX Application Thread] DEBUG GameWorld            - Clearing game world
15:33:19.528 [JavaFX Application Thread] DEBUG PhysicsWorld         - Clearing physics world
15:33:19.531 [FXGL Background Thread 2 ] DEBUG FXGLApplication      - Initializing game
15:33:19.544 [FXGL Background Thread 2 ] WARN  FXGLAssetLoaderServi - Asset "/assets/textures/Untitled.png" was not found!
15:33:19.545 [FXGL Background Thread 2 ] WARN  FXGLAssetLoaderServi - Failed to load IMAGE
15:33:19.567 [FXGL Background Thread 2 ] DEBUG FXGLAssetLoaderServi - Loading from file system: file:/D:/Projects/Coding/Java/FXGLGame/build/resources/main/assets/textures/ship/sparrow.png
15:33:19.605 [FXGL Background Thread 2 ] WARN  TMXLevelLoader       - TiledMap generated from 1.4.3. Supported version: 1.4.2. Some features may not be parsed fully.
15:33:19.629 [FXGL Background Thread 2 ] DEBUG TMXLevelLoader       - Parsed TiledMap: file:/D:/Projects/Coding/Java/FXGLGame/build/resources/main/assets/levels/testLevelMap.tmx
15:33:19.630 [FXGL Background Thread 2 ] DEBUG TMXLevelLoader       - Creating tile layer entities
15:33:19.631 [FXGL Background Thread 2 ] DEBUG TilesetLoader        - Loading view for layer Tile Layer 1
15:33:19.643 [FXGL Background Thread 2 ] DEBUG TilesetLoader        - Created buffer with size 1600.0x6400.0
15:33:19.685 [FXGL Background Thread 2 ] DEBUG TMXLevelLoader       - Creating object layer entities
15:33:19.686 [FXGL Background Thread 2 ] DEBUG FXGLAssetLoaderServi - Loading from file system: file:/D:/Projects/Coding/Java/FXGLGame/build/resources/main/assets/textures/ship/hai%20water%20bug.png
15:33:19.703 [FXGL Background Thread 2 ] DEBUG FXGLAssetLoaderServi - Loading from file system: file:/D:/Projects/Coding/Java/FXGLGame/build/resources/main/assets/textures/ship/wasp.png
15:33:19.716 [FXGL Background Thread 2 ] DEBUG GameWorld            - Clearing removable entities
15:33:19.720 [FXGL Background Thread 2 ] DEBUG GameWorld            - Setting level: com.almasb.fxgl.entity.level.Level@22cdb287
15:33:19.728 [FXGL Background Thread 2 ] INFO  FXGLApplication      - Game initialization took: 0.197 sec
15:33:19.728 [JavaFX Application Thread] DEBUG Input                - Clearing active input actions
15:33:19.733 [JavaFX Application Thread] DEBUG GameApplicationServi - Removing overlay from FXGLLoadingScene and adding to GameScene
15:33:19.733 [JavaFX Application Thread] DEBUG PrimaryStageWindow   - FXGLLoadingScene -> GameScene
15:33:20.933 [FXGL Background Thread 3 ] DEBUG Engine               - Logging environment variables
15:33:20.934 [FXGL Background Thread 3 ] DEBUG Engine               - achievements: []
15:33:20.934 [FXGL Background Thread 3 ] DEBUG Engine               - actualHeight: 900.0
15:33:20.934 [FXGL Background Thread 3 ] DEBUG Engine               - actualHeightProperty: ReadOnlyDoubleProperty [value: 900.0]
15:33:20.934 [FXGL Background Thread 3 ] DEBUG Engine               - actualWidth: 1600.0
15:33:20.934 [FXGL Background Thread 3 ] DEBUG Engine               - actualWidthProperty: ReadOnlyDoubleProperty [value: 1600.0]
15:33:20.934 [FXGL Background Thread 3 ] DEBUG Engine               - appIcon: fxgl_icon.png
15:33:20.934 [FXGL Background Thread 3 ] DEBUG Engine               - applicationMode: DEVELOPER
15:33:20.934 [FXGL Background Thread 3 ] DEBUG Engine               - cSSList: [fxgl_dark.css]
15:33:20.934 [FXGL Background Thread 3 ] DEBUG Engine               - collisionDetectionStrategy: BRUTE_FORCE
15:33:20.934 [FXGL Background Thread 3 ] DEBUG Engine               - configClass: Optional.empty
15:33:20.934 [FXGL Background Thread 3 ] DEBUG Engine               - credits: []
15:33:20.935 [FXGL Background Thread 3 ] DEBUG Engine               - defaultCursor: CursorInfo(imageName=fxgl_default_cursor.png, hotspotX=7.0, hotspotY=6.0)
15:33:20.935 [FXGL Background Thread 3 ] DEBUG Engine               - devBBoxColorProperty: ObjectProperty [value: 0xff0000ff]
15:33:20.935 [FXGL Background Thread 3 ] DEBUG Engine               - devEnableDebugCameraProperty: BooleanProperty [value: false]
15:33:20.935 [FXGL Background Thread 3 ] DEBUG Engine               - devSensorColorProperty: ObjectProperty [value: 0xffff00ff]
15:33:20.936 [FXGL Background Thread 3 ] DEBUG Engine               - devShowBBoxProperty: BooleanProperty [value: false]
15:33:20.936 [FXGL Background Thread 3 ] DEBUG Engine               - devShowPositionProperty: BooleanProperty [value: false]
15:33:20.936 [FXGL Background Thread 3 ] DEBUG Engine               - enabledMenuItems: []
15:33:20.936 [FXGL Background Thread 3 ] DEBUG Engine               - engineServices: [class com.almasb.fxgl.app.services.FXGLAssetLoaderService, class com.almasb.fxgl.app.FXGLApplication$GameApplicationService, class com.almasb.fxgl.app.services.FXGLDialogService, class com.almasb.fxgl.app.services.IOTaskExecutorService, class com.almasb.fxgl.io.FileSystemService, class com.almasb.fxgl.localization.LocalizationService, class com.almasb.fxgl.app.services.SystemBundleService, class com.almasb.fxgl.profile.SaveLoadService, class com.almasb.fxgl.ui.FXGLUIFactoryServiceProvider, class com.almasb.fxgl.ui.FXGLDialogFactoryServiceProvider, class com.almasb.fxgl.audio.AudioPlayer, class com.almasb.fxgl.notification.impl.NotificationServiceProvider, class com.almasb.fxgl.achievement.AchievementService, class com.almasb.fxgl.cutscene.CutsceneService, class com.almasb.fxgl.minigames.MiniGameService, class com.almasb.fxgl.net.NetService, class com.almasb.fxgl.app.services.UpdaterService, class com.almasb.fxgl.dev.DevService]
15:33:20.936 [FXGL Background Thread 3 ] DEBUG Engine               - fontGame: Abel-Regular.ttf
15:33:20.936 [FXGL Background Thread 3 ] DEBUG Engine               - fontMono: TerminalLandMono-Regular.otf
15:33:20.936 [FXGL Background Thread 3 ] DEBUG Engine               - fontText: Courier-Prime.ttf
15:33:20.936 [FXGL Background Thread 3 ] DEBUG Engine               - fontUI: VarelaRound-Regular.ttf
15:33:20.936 [FXGL Background Thread 3 ] DEBUG Engine               - fullScreen: BooleanProperty [value: false]
15:33:20.936 [FXGL Background Thread 3 ] DEBUG Engine               - gameDifficulty: MEDIUM
15:33:20.937 [FXGL Background Thread 3 ] DEBUG Engine               - gameDifficultyProperty: ObjectProperty [value: MEDIUM]
15:33:20.937 [FXGL Background Thread 3 ] DEBUG Engine               - globalMusicVolume: 0.5
15:33:20.937 [FXGL Background Thread 3 ] DEBUG Engine               - globalMusicVolumeProperty: DoubleProperty [value: 0.5]
15:33:20.937 [FXGL Background Thread 3 ] DEBUG Engine               - globalSoundVolume: 0.5
15:33:20.937 [FXGL Background Thread 3 ] DEBUG Engine               - globalSoundVolumeProperty: DoubleProperty [value: 0.5]
15:33:20.937 [FXGL Background Thread 3 ] DEBUG Engine               - height: 900
15:33:20.937 [FXGL Background Thread 3 ] DEBUG Engine               - is3D: false
15:33:20.937 [FXGL Background Thread 3 ] DEBUG Engine               - isAndroid: false
15:33:20.937 [FXGL Background Thread 3 ] DEBUG Engine               - isBrowser: false
15:33:20.937 [FXGL Background Thread 3 ] DEBUG Engine               - isClickFeedbackEnabled: false
15:33:20.937 [FXGL Background Thread 3 ] DEBUG Engine               - isCloseConfirmation: false
15:33:20.937 [FXGL Background Thread 3 ] DEBUG Engine               - isDesktop: true
15:33:20.937 [FXGL Background Thread 3 ] DEBUG Engine               - isDeveloperMenuEnabled: false
15:33:20.938 [FXGL Background Thread 3 ] DEBUG Engine               - isEmbedded: false
15:33:20.938 [FXGL Background Thread 3 ] DEBUG Engine               - isEntityPreloadEnabled: true
15:33:20.938 [FXGL Background Thread 3 ] DEBUG Engine               - isExperimentalTiledLargeMap: false
15:33:20.938 [FXGL Background Thread 3 ] DEBUG Engine               - isFileSystemWriteAllowed: true
15:33:20.938 [FXGL Background Thread 3 ] DEBUG Engine               - isFullScreenAllowed: false
15:33:20.938 [FXGL Background Thread 3 ] DEBUG Engine               - isFullScreenFromStart: false
15:33:20.938 [FXGL Background Thread 3 ] DEBUG Engine               - isGameMenuEnabled: true
15:33:20.938 [FXGL Background Thread 3 ] DEBUG Engine               - isIOS: false
15:33:20.938 [FXGL Background Thread 3 ] DEBUG Engine               - isIntroEnabled: false
15:33:20.938 [FXGL Background Thread 3 ] DEBUG Engine               - isLinux: false
15:33:20.938 [FXGL Background Thread 3 ] DEBUG Engine               - isMac: false
15:33:20.938 [FXGL Background Thread 3 ] DEBUG Engine               - isMainMenuEnabled: true
15:33:20.938 [FXGL Background Thread 3 ] DEBUG Engine               - isManualResizeEnabled: true
15:33:20.938 [FXGL Background Thread 3 ] DEBUG Engine               - isMobile: false
15:33:20.939 [FXGL Background Thread 3 ] DEBUG Engine               - isNative: false
15:33:20.939 [FXGL Background Thread 3 ] DEBUG Engine               - isPauseMusicWhenMinimized: true
15:33:20.939 [FXGL Background Thread 3 ] DEBUG Engine               - isPreserveResizeRatio: false
15:33:20.939 [FXGL Background Thread 3 ] DEBUG Engine               - isProfilingEnabled: false
15:33:20.939 [FXGL Background Thread 3 ] DEBUG Engine               - isScaleAffectedOnResize: true
15:33:20.939 [FXGL Background Thread 3 ] DEBUG Engine               - isSingleStep: false
15:33:20.939 [FXGL Background Thread 3 ] DEBUG Engine               - isUserProfileEnabled: false
15:33:20.939 [FXGL Background Thread 3 ] DEBUG Engine               - isWindows: true
15:33:20.939 [FXGL Background Thread 3 ] DEBUG Engine               - language: ObjectProperty [value: ENGLISH]
15:33:20.939 [FXGL Background Thread 3 ] DEBUG Engine               - menuKey: ESCAPE
15:33:20.939 [FXGL Background Thread 3 ] DEBUG Engine               - mouseSensitivity: 0.2
15:33:20.939 [FXGL Background Thread 3 ] DEBUG Engine               - notificationViewClass: class com.almasb.fxgl.notification.view.XboxNotificationView
15:33:20.939 [FXGL Background Thread 3 ] DEBUG Engine               - pixelsPerMeter: 50.0
15:33:20.939 [FXGL Background Thread 3 ] DEBUG Engine               - platform: WINDOWS
15:33:20.939 [FXGL Background Thread 3 ] DEBUG Engine               - prefHeightProperty: ReadOnlyDoubleProperty [value: 900.0]
15:33:20.940 [FXGL Background Thread 3 ] DEBUG Engine               - prefWidthProperty: ReadOnlyDoubleProperty [value: 1600.0]
15:33:20.940 [FXGL Background Thread 3 ] DEBUG Engine               - profileDir: profiles/
15:33:20.940 [FXGL Background Thread 3 ] DEBUG Engine               - profileName: StringProperty [value: DEFAULT]
15:33:20.940 [FXGL Background Thread 3 ] DEBUG Engine               - randomSeed: -1
15:33:20.940 [FXGL Background Thread 3 ] DEBUG Engine               - runtimeInfo: RuntimeInfo(platform=WINDOWS, version=17.1, build=24.03.2022 17.34)
15:33:20.940 [FXGL Background Thread 3 ] DEBUG Engine               - saveFileExt: sav
15:33:20.940 [FXGL Background Thread 3 ] DEBUG Engine               - scaledHeightProp$fxgl: DoubleProperty [bound, value: 900.0]
15:33:20.940 [FXGL Background Thread 3 ] DEBUG Engine               - scaledWidthProp$fxgl: DoubleProperty [bound, value: 1600.0]
15:33:20.940 [FXGL Background Thread 3 ] DEBUG Engine               - sceneFactory: com.jonathanc8.fxglgame.MainSceneFactory@a5e4043
15:33:20.940 [FXGL Background Thread 3 ] DEBUG Engine               - secondsIn24h: 60
15:33:20.941 [FXGL Background Thread 3 ] DEBUG Engine               - soundMenuBack: menu/back.wav
15:33:20.941 [FXGL Background Thread 3 ] DEBUG Engine               - soundMenuPress: menu/press.wav
15:33:20.941 [FXGL Background Thread 3 ] DEBUG Engine               - soundMenuSelect: menu/select.wav
15:33:20.941 [FXGL Background Thread 3 ] DEBUG Engine               - soundNotification: core/notification.wav
15:33:20.941 [FXGL Background Thread 3 ] DEBUG Engine               - stageStyle: DECORATED
15:33:20.941 [FXGL Background Thread 3 ] DEBUG Engine               - supportedLanguages: [ENGLISH, FRENCH, GERMAN, HUNGARIAN, RUSSIAN]
15:33:20.941 [FXGL Background Thread 3 ] DEBUG Engine               - ticksPerSecond: -1
15:33:20.941 [FXGL Background Thread 3 ] DEBUG Engine               - title: A game without a name
15:33:20.941 [FXGL Background Thread 3 ] DEBUG Engine               - urlGithub: https://github.com/AlmasB/FXGL
15:33:20.941 [FXGL Background Thread 3 ] DEBUG Engine               - urlLeaderboard: http://fxgl-top.herokuapp.com/
15:33:20.941 [FXGL Background Thread 3 ] DEBUG Engine               - urlPOM: https://raw.githubusercontent.com/AlmasB/FXGL/release/README.md
15:33:20.941 [FXGL Background Thread 3 ] DEBUG Engine               - userAppClass: class com.jonathanc8.fxglgame.Game
15:33:20.941 [FXGL Background Thread 3 ] DEBUG Engine               - version: Early Development
15:33:20.941 [FXGL Background Thread 3 ] DEBUG Engine               - versionCheckDays: 7
15:33:20.941 [FXGL Background Thread 3 ] DEBUG Engine               - width: 1600
15:33:20.942 [FXGL Background Thread 3 ] DEBUG Engine               - Logging services
15:33:20.942 [FXGL Background Thread 3 ] DEBUG Engine               - class com.almasb.fxgl.app.services.FXGLAssetLoaderService
15:33:20.942 [FXGL Background Thread 3 ] DEBUG Engine               - class com.almasb.fxgl.app.FXGLApplication$GameApplicationService
15:33:20.942 [FXGL Background Thread 3 ] DEBUG Engine               - class com.almasb.fxgl.app.services.FXGLDialogService
15:33:20.942 [FXGL Background Thread 3 ] DEBUG Engine               - class com.almasb.fxgl.app.services.IOTaskExecutorService
15:33:20.942 [FXGL Background Thread 3 ] DEBUG Engine               - class com.almasb.fxgl.io.FileSystemService
15:33:20.942 [FXGL Background Thread 3 ] DEBUG Engine               - class com.almasb.fxgl.localization.LocalizationService
15:33:20.942 [FXGL Background Thread 3 ] DEBUG Engine               - class com.almasb.fxgl.app.services.SystemBundleService
15:33:20.942 [FXGL Background Thread 3 ] DEBUG Engine               - class com.almasb.fxgl.profile.SaveLoadService
15:33:20.942 [FXGL Background Thread 3 ] DEBUG Engine               - class com.almasb.fxgl.ui.FXGLUIFactoryServiceProvider
15:33:20.942 [FXGL Background Thread 3 ] DEBUG Engine               - class com.almasb.fxgl.ui.FXGLDialogFactoryServiceProvider
15:33:20.942 [FXGL Background Thread 3 ] DEBUG Engine               - class com.almasb.fxgl.audio.AudioPlayer
15:33:20.942 [FXGL Background Thread 3 ] DEBUG Engine               - class com.almasb.fxgl.notification.impl.NotificationServiceProvider
15:33:20.942 [FXGL Background Thread 3 ] DEBUG Engine               - class com.almasb.fxgl.achievement.AchievementService
15:33:20.942 [FXGL Background Thread 3 ] DEBUG Engine               - class com.almasb.fxgl.cutscene.CutsceneService
15:33:20.942 [FXGL Background Thread 3 ] DEBUG Engine               - class com.almasb.fxgl.minigames.MiniGameService
15:33:20.942 [FXGL Background Thread 3 ] DEBUG Engine               - class com.almasb.fxgl.net.NetService
15:33:20.943 [FXGL Background Thread 3 ] DEBUG Engine               - class com.almasb.fxgl.app.services.UpdaterService
15:33:20.943 [FXGL Background Thread 3 ] DEBUG Engine               - class com.almasb.fxgl.dev.DevService
15:33:21.232 [JavaFX Application Thread] DEBUG FXGLAssetLoaderServi - Loading from file system: file:/D:/Projects/Coding/Java/FXGLGame/build/resources/main/assets/sounds/blaster.wav
15:33:21.306 [JavaFX Application Thread] DEBUG FXGLAssetLoaderServi - Loading from file system: file:/D:/Projects/Coding/Java/FXGLGame/build/resources/main/assets/textures/projectile/blaster+.png
15:33:21.506 [JavaFX Application Thread] DEBUG FXGLAssetLoaderServi - Loading from file system: file:/D:/Projects/Coding/Java/FXGLGame/build/resources/main/assets/textures/projectile/javelin.png
15:33:25.601 [JavaFX Application Thread] DEBUG FXGLAssetLoaderServi - Loading from file system: file:/D:/Projects/Coding/Java/FXGLGame/build/resources/main/assets/textures/effect/explosion/small~1.png
15:33:25.602 [JavaFX Application Thread] DEBUG FXGLAssetLoaderServi - Loading from file system: file:/D:/Projects/Coding/Java/FXGLGame/build/resources/main/assets/textures/effect/explosion/small~2.png
15:33:25.603 [JavaFX Application Thread] DEBUG FXGLAssetLoaderServi - Loading from file system: file:/D:/Projects/Coding/Java/FXGLGame/build/resources/main/assets/textures/effect/explosion/small~3.png
15:33:25.604 [JavaFX Application Thread] DEBUG FXGLAssetLoaderServi - Loading from file system: file:/D:/Projects/Coding/Java/FXGLGame/build/resources/main/assets/textures/effect/explosion/small~4.png
15:33:25.605 [JavaFX Application Thread] DEBUG FXGLAssetLoaderServi - Loading from file system: file:/D:/Projects/Coding/Java/FXGLGame/build/resources/main/assets/textures/effect/explosion/small~5.png
15:33:25.606 [JavaFX Application Thread] DEBUG FXGLAssetLoaderServi - Loading from file system: file:/D:/Projects/Coding/Java/FXGLGame/build/resources/main/assets/textures/effect/explosion/small~6.png
15:33:25.608 [JavaFX Application Thread] DEBUG FXGLAssetLoaderServi - Loading from file system: file:/D:/Projects/Coding/Java/FXGLGame/build/resources/main/assets/textures/effect/explosion/huge~0.png
15:33:25.614 [JavaFX Application Thread] DEBUG FXGLAssetLoaderServi - Loading from file system: file:/D:/Projects/Coding/Java/FXGLGame/build/resources/main/assets/sounds/explosion%20small.wav
15:33:25.840 [JavaFX Application Thread] DEBUG FXGLAssetLoaderServi - Loading from file system: file:/D:/Projects/Coding/Java/FXGLGame/build/resources/main/assets/textures/effect/explosion/huge~1.png
15:33:25.843 [JavaFX Application Thread] DEBUG FXGLAssetLoaderServi - Loading from file system: file:/D:/Projects/Coding/Java/FXGLGame/build/resources/main/assets/textures/effect/explosion/huge~2.png
15:33:25.846 [JavaFX Application Thread] DEBUG FXGLAssetLoaderServi - Loading from file system: file:/D:/Projects/Coding/Java/FXGLGame/build/resources/main/assets/textures/effect/explosion/huge~3.png
15:33:25.849 [JavaFX Application Thread] DEBUG FXGLAssetLoaderServi - Loading from file system: file:/D:/Projects/Coding/Java/FXGLGame/build/resources/main/assets/textures/effect/explosion/huge~4.png
15:33:25.852 [JavaFX Application Thread] DEBUG FXGLAssetLoaderServi - Loading from file system: file:/D:/Projects/Coding/Java/FXGLGame/build/resources/main/assets/textures/effect/explosion/huge~5.png
15:33:25.856 [JavaFX Application Thread] DEBUG FXGLAssetLoaderServi - Loading from file system: file:/D:/Projects/Coding/Java/FXGLGame/build/resources/main/assets/textures/effect/explosion/huge~6.png
15:33:25.859 [JavaFX Application Thread] DEBUG FXGLAssetLoaderServi - Loading from file system: file:/D:/Projects/Coding/Java/FXGLGame/build/resources/main/assets/textures/effect/explosion/huge~7.png
15:33:25.861 [JavaFX Application Thread] DEBUG FXGLAssetLoaderServi - Loading from file system: file:/D:/Projects/Coding/Java/FXGLGame/build/resources/main/assets/textures/effect/explosion/huge~8.png
15:33:25.864 [JavaFX Application Thread] DEBUG FXGLAssetLoaderServi - Loading from file system: file:/D:/Projects/Coding/Java/FXGLGame/build/resources/main/assets/sounds/explosion%20huge.wav
15:34:17.025 [JavaFX Application Thread] WARN  TMXLevelLoader       - TiledMap generated from 1.4.3. Supported version: 1.4.2. Some features may not be parsed fully.
15:34:17.042 [JavaFX Application Thread] DEBUG TMXLevelLoader       - Parsed TiledMap: file:/D:/Projects/Coding/Java/FXGLGame/build/resources/main/assets/levels/testLevelMap.tmx
15:34:17.042 [JavaFX Application Thread] DEBUG TMXLevelLoader       - Creating tile layer entities
15:34:17.042 [JavaFX Application Thread] DEBUG TilesetLoader        - Loading view for layer Tile Layer 1
15:34:17.045 [JavaFX Application Thread] DEBUG TilesetLoader        - Created buffer with size 1600.0x6400.0
15:34:17.075 [JavaFX Application Thread] DEBUG TMXLevelLoader       - Creating object layer entities
15:34:17.080 [JavaFX Application Thread] DEBUG GameWorld            - Clearing removable entities
15:34:17.080 [JavaFX Application Thread] DEBUG GameWorld            - Setting level: com.almasb.fxgl.entity.level.Level@755d0f5f
15:34:36.961 [JavaFX Application Thread] DEBUG FXGLAssetLoaderServi - Loading from file system: file:/D:/Projects/Coding/Java/FXGLGame/build/resources/main/assets/sounds/explosion%20medium.wav
15:35:09.904 [JavaFX Application Thread] DEBUG FXGLAssetLoaderServi - Loading from file system: file:/D:/Projects/Coding/Java/FXGLGame/build/resources/main/assets/textures/effect/explosion/medium~1.png
15:35:09.905 [JavaFX Application Thread] DEBUG FXGLAssetLoaderServi - Loading from file system: file:/D:/Projects/Coding/Java/FXGLGame/build/resources/main/assets/textures/effect/explosion/medium~2.png
15:35:09.906 [JavaFX Application Thread] DEBUG FXGLAssetLoaderServi - Loading from file system: file:/D:/Projects/Coding/Java/FXGLGame/build/resources/main/assets/textures/effect/explosion/medium~3.png
15:35:09.907 [JavaFX Application Thread] DEBUG FXGLAssetLoaderServi - Loading from file system: file:/D:/Projects/Coding/Java/FXGLGame/build/resources/main/assets/textures/effect/explosion/medium~4.png
15:35:09.908 [JavaFX Application Thread] DEBUG FXGLAssetLoaderServi - Loading from file system: file:/D:/Projects/Coding/Java/FXGLGame/build/resources/main/assets/textures/effect/explosion/medium~5.png
15:35:09.909 [JavaFX Application Thread] DEBUG FXGLAssetLoaderServi - Loading from file system: file:/D:/Projects/Coding/Java/FXGLGame/build/resources/main/assets/textures/effect/explosion/medium~6.png
15:35:09.910 [JavaFX Application Thread] DEBUG FXGLAssetLoaderServi - Loading from file system: file:/D:/Projects/Coding/Java/FXGLGame/build/resources/main/assets/textures/effect/explosion/medium~7.png
15:35:14.305 [JavaFX Application Thread] WARN  TMXLevelLoader       - TiledMap generated from 1.4.3. Supported version: 1.4.2. Some features may not be parsed fully.
15:35:14.312 [JavaFX Application Thread] DEBUG TMXLevelLoader       - Parsed TiledMap: file:/D:/Projects/Coding/Java/FXGLGame/build/resources/main/assets/levels/testLevelMap.tmx
15:35:14.312 [JavaFX Application Thread] DEBUG TMXLevelLoader       - Creating tile layer entities
15:35:14.312 [JavaFX Application Thread] DEBUG TilesetLoader        - Loading view for layer Tile Layer 1
15:35:14.316 [JavaFX Application Thread] DEBUG TilesetLoader        - Created buffer with size 1600.0x6400.0
15:35:14.344 [JavaFX Application Thread] DEBUG TMXLevelLoader       - Creating object layer entities
15:35:14.347 [JavaFX Application Thread] DEBUG GameWorld            - Clearing removable entities
15:35:14.347 [JavaFX Application Thread] DEBUG GameWorld            - Setting level: com.almasb.fxgl.entity.level.Level@60af732b
15:36:11.569 [JavaFX Application Thread] WARN  TMXLevelLoader       - TiledMap generated from 1.4.3. Supported version: 1.4.2. Some features may not be parsed fully.
15:36:11.577 [JavaFX Application Thread] DEBUG TMXLevelLoader       - Parsed TiledMap: file:/D:/Projects/Coding/Java/FXGLGame/build/resources/main/assets/levels/testLevelMap.tmx
15:36:11.577 [JavaFX Application Thread] DEBUG TMXLevelLoader       - Creating tile layer entities
15:36:11.578 [JavaFX Application Thread] DEBUG TilesetLoader        - Loading view for layer Tile Layer 1
15:36:11.581 [JavaFX Application Thread] DEBUG TilesetLoader        - Created buffer with size 1600.0x6400.0
15:36:11.610 [JavaFX Application Thread] DEBUG TMXLevelLoader       - Creating object layer entities
15:36:11.613 [JavaFX Application Thread] DEBUG GameWorld            - Clearing removable entities
15:36:11.613 [JavaFX Application Thread] DEBUG GameWorld            - Setting level: com.almasb.fxgl.entity.level.Level@7e7fff42
15:37:07.630 [JavaFX Application Thread] DEBUG FXGLApplication      - Exiting FXGL
15:37:07.630 [JavaFX Application Thread] DEBUG LoopRunner           - Stopping loop
15:37:07.630 [JavaFX Application Thread] DEBUG SystemBundleService  - Saving FXGL system data
15:37:07.631 [JavaFX Application Thread] DEBUG FileSystemAccess     - Writing to: D:\Projects\Coding\Java\FXGLGame\system\fxgl.bundle
15:37:07.633 [JavaFX Application Thread] DEBUG Async                - Shutting down background threads
15:37:07.633 [JavaFX Application Thread] DEBUG PrimaryStageWindow   - Closing main window
15:37:07.643 [JavaFX Application Thread] DEBUG Logger               - Closing Logger
