13:47:50.074 [main                     ] DEBUG Logger               - Configured Logger
13:47:50.106 [main                     ] DEBUG GameApplication      - Logging settings
Title: A game without a name
Version: Early Development
Width: 1600
Height: 900
Fullscreen: false
Intro: false
Profiling: false
Single step:false
App Mode: DEVELOPER
Menu Key: ESCAPE
Stage Style: DECORATED
Scene Factory: class com.jonathanc8.fxglgame.MainSceneFactory

13:47:51.021 [JavaFX Application Thread] DEBUG FXGLApplication      - Initializing FXGL
13:47:51.026 [JavaFX Application Thread] INFO  Engine               - FXGL-17.1 (24.03.2022 17.34) on WINDOWS (J:17.0.2 FX:17.0.2-ea)
13:47:51.027 [JavaFX Application Thread] DEBUG Engine               - JRE Vendor Name: Oracle Corporation
13:47:51.027 [JavaFX Application Thread] DEBUG Engine               - Running on OS: Windows 10 version 10.0
13:47:51.028 [JavaFX Application Thread] DEBUG Engine               - Architecture: amd64
13:47:51.028 [JavaFX Application Thread] INFO  Engine               - Source code and latest versions at: https://github.com/AlmasB/FXGL
13:47:51.028 [JavaFX Application Thread] INFO  Engine               -       Ask questions and discuss at: https://github.com/AlmasB/FXGL/discussions
13:47:51.028 [JavaFX Application Thread] INFO  Engine               -              Join the FXGL chat at: https://gitter.im/AlmasB/FXGL
13:47:51.115 [JavaFX Application Thread] DEBUG PrimaryStageWindow   - Creating a JavaFX scene
13:47:51.160 [JavaFX Application Thread] DEBUG PrimaryStageWindow   - Target settings size: 1600.0 x 900.0
13:47:51.160 [JavaFX Application Thread] DEBUG PrimaryStageWindow   - Scaled scene size:    1600.0 x 900.0
13:47:51.161 [JavaFX Application Thread] DEBUG PrimaryStageWindow   - Scaled ratio: (1.0, 1.0)
13:47:51.162 [JavaFX Application Thread] DEBUG PrimaryStageWindow   - Set initial scene to FXGLStartupScene
13:47:51.168 [JavaFX Application Thread] DEBUG PrimaryStageWindow   - Opening main window
13:47:51.251 [JavaFX Application Thread] DEBUG PrimaryStageWindow   - Window border size: (16.0, 39.0)
13:47:51.251 [JavaFX Application Thread] DEBUG PrimaryStageWindow   - Scaled size: 1600.0 x 900.0
13:47:51.251 [JavaFX Application Thread] DEBUG PrimaryStageWindow   - Scaled ratio: (1.0, 1.0)
13:47:51.251 [JavaFX Application Thread] DEBUG PrimaryStageWindow   - Scene size: 1600.0 x 900.0
13:47:51.252 [JavaFX Application Thread] DEBUG PrimaryStageWindow   - Stage size: 1616.0 x 939.0
13:47:51.259 [FXGL Background Thread 1 ] DEBUG Engine               - Initializing environment variables
13:47:51.291 [FXGL Background Thread 1 ] DEBUG FXGLAssetLoaderServi - User app class for loading assets: class com.jonathanc8.fxglgame.Game
13:47:51.291 [FXGL Background Thread 1 ] DEBUG GameApplicationServi - Applying CSS: fxgl_dark.css
13:47:51.292 [FXGL Background Thread 1 ] DEBUG FXGLAssetLoaderServi - Loading from file system: jar:file:///C:/Users/Jonat/.gradle/caches/modules-2/files-2.1/com.github.almasb/fxgl/17.1/2a9509aedf54954c9b13849c18c6f495a81c542d/fxgl-17.1.jar!/fxglassets/ui/css/fxgl_dark.css
13:47:51.333 [FXGL Background Thread 1 ] DEBUG GameApplicationServi - Initializing application scenes
13:47:51.382 [FXGL Background Thread 1 ] DEBUG GameWorld            - Game world initialized
13:47:51.435 [FXGL Background Thread 1 ] DEBUG PhysicsWorld         - Physics world initialized: appHeight=900, physics.ppm=50.0
13:47:51.436 [FXGL Background Thread 1 ] DEBUG PhysicsWorld         - Using strategy: BRUTE_FORCE
13:47:51.440 [FXGL Background Thread 1 ] DEBUG GameScene            - Game scene initialized: 1600x900
13:47:51.468 [FXGL Background Thread 1 ] DEBUG GameApplicationServi - Application scenes initialized
13:47:51.483 [FXGL Background Thread 1 ] DEBUG SystemBundleService  - Loading FXGL system data
13:47:51.489 [FXGL Background Thread 1 ] DEBUG FileSystemAccess     - Reading from: C:\Users\Jonat\OneDrive\Documents\Projects\Coding\Java\FXGLGame\system\fxgl.bundle
13:47:51.497 [FXGL Background Thread 1 ] DEBUG SystemBundleService  - Bundle FXGL: {}
13:47:51.498 [FXGL Background Thread 1 ] DEBUG UpdaterService       - Checking for updates
13:47:51.502 [FXGL Background Thread 4 ] DEBUG FXGLApplication      - Loading fonts
13:47:51.503 [FXGL Background Thread 1 ] DEBUG FXGLApplication      - Loading default localization
13:47:51.503 [FXGL Background Thread 4 ] DEBUG FXGLAssetLoaderServi - Loading from file system: jar:file:///C:/Users/Jonat/.gradle/caches/modules-2/files-2.1/com.github.almasb/fxgl/17.1/2a9509aedf54954c9b13849c18c6f495a81c542d/fxgl-17.1.jar!/fxglassets/ui/fonts/VarelaRound-Regular.ttf
13:47:51.503 [FXGL Background Thread 1 ] DEBUG FXGLAssetLoaderServi - Loading from file system: jar:file:///C:/Users/Jonat/.gradle/caches/modules-2/files-2.1/com.github.almasb/fxgl/17.1/2a9509aedf54954c9b13849c18c6f495a81c542d/fxgl-17.1.jar!/fxglassets/languages/english.lang
13:47:51.532 [FXGL Background Thread 1 ] INFO  FXGLApplication      - FXGL initialization took: 0.273 sec
13:47:51.548 [JavaFX Application Thread] DEBUG Input                - Registered new binding: Move Right - D
13:47:51.548 [JavaFX Application Thread] DEBUG Input                - Registered new binding: Move Left - A
13:47:51.548 [JavaFX Application Thread] DEBUG Input                - Registered new binding: Move Down - S
13:47:51.549 [JavaFX Application Thread] DEBUG Input                - Registered new binding: Move Up - W
13:47:51.550 [JavaFX Application Thread] DEBUG Input                - Registered new binding: action0 - Enter
13:47:51.551 [JavaFX Application Thread] DEBUG Input                - Registered new binding: action1 - Right
13:47:51.552 [JavaFX Application Thread] DEBUG Input                - Registered new binding: action2 - Left
13:47:51.552 [JavaFX Application Thread] DEBUG Input                - Registered new binding: action3 - Up
13:47:51.553 [JavaFX Application Thread] DEBUG Input                - Registered new binding: action4 - Down
13:47:51.554 [JavaFX Application Thread] DEBUG Input                - Registered new binding: action5 - Delete
13:47:51.554 [JavaFX Application Thread] DEBUG Input                - Registered new binding: Shoot - Space
13:47:51.555 [JavaFX Application Thread] DEBUG Input                - Registered new binding: action6 - E
13:47:51.556 [JavaFX Application Thread] DEBUG FXGLAssetLoaderServi - Loading from file system: jar:file:///C:/Users/Jonat/.gradle/caches/modules-2/files-2.1/com.github.almasb/fxgl/17.1/2a9509aedf54954c9b13849c18c6f495a81c542d/fxgl-17.1.jar!/fxglassets/textures/fxgl_icon.png
13:47:51.611 [JavaFX Application Thread] DEBUG FXGLAssetLoaderServi - Loading from file system: jar:file:///C:/Users/Jonat/.gradle/caches/modules-2/files-2.1/com.github.almasb/fxgl/17.1/2a9509aedf54954c9b13849c18c6f495a81c542d/fxgl-17.1.jar!/fxglassets/textures/fxgl_default_cursor.png
13:47:51.615 [JavaFX Application Thread] DEBUG Input                - Registered new binding: Screenshot - CTRL+8
13:47:51.615 [JavaFX Application Thread] DEBUG Input                - Registered new binding: System info dump - CTRL+9
13:47:51.616 [JavaFX Application Thread] DEBUG Input                - Registered new binding: Restart - CTRL+R
13:47:51.617 [JavaFX Application Thread] DEBUG Input                - Registered new binding: Toggle Debug Camera - CTRL+7
13:47:51.619 [JavaFX Application Thread] DEBUG LoopRunner           - Starting loop
13:47:51.620 [JavaFX Application Thread] DEBUG LoopRunner           - Initializing JavaFX AnimationTimerLoop
13:47:51.622 [JavaFX Application Thread] DEBUG GameApplicationServi - Starting new game
13:47:51.623 [JavaFX Application Thread] DEBUG Input                - Clearing active input actions
13:47:51.644 [JavaFX Application Thread] DEBUG GameApplicationServi - Removing overlay from FXGLStartupScene and adding to FXGLLoadingScene
13:47:51.645 [JavaFX Application Thread] DEBUG PrimaryStageWindow   - FXGLStartupScene -> FXGLLoadingScene
13:47:51.646 [JavaFX Application Thread] DEBUG GameApplicationServi - Clearing previous game
13:47:51.646 [JavaFX Application Thread] DEBUG GameScene            - Clearing game scene
13:47:51.646 [JavaFX Application Thread] DEBUG GameWorld            - Clearing game world
13:47:51.646 [JavaFX Application Thread] DEBUG PhysicsWorld         - Clearing physics world
13:47:51.649 [FXGL Background Thread 1 ] DEBUG FXGLApplication      - Initializing game
13:47:51.667 [FXGL Background Thread 4 ] DEBUG FXGLAssetLoaderServi - Loading from file system: jar:file:///C:/Users/Jonat/.gradle/caches/modules-2/files-2.1/com.github.almasb/fxgl/17.1/2a9509aedf54954c9b13849c18c6f495a81c542d/fxgl-17.1.jar!/fxglassets/ui/fonts/Abel-Regular.ttf
13:47:51.670 [FXGL Background Thread 1 ] WARN  FXGLAssetLoaderServi - Asset "/assets/textures/Untitled.png" was not found!
13:47:51.670 [FXGL Background Thread 1 ] WARN  FXGLAssetLoaderServi - Failed to load IMAGE
13:47:51.679 [FXGL Background Thread 4 ] DEBUG FXGLAssetLoaderServi - Loading from file system: jar:file:///C:/Users/Jonat/.gradle/caches/modules-2/files-2.1/com.github.almasb/fxgl/17.1/2a9509aedf54954c9b13849c18c6f495a81c542d/fxgl-17.1.jar!/fxglassets/ui/fonts/TerminalLandMono-Regular.otf
13:47:51.691 [FXGL Background Thread 4 ] DEBUG FXGLAssetLoaderServi - Loading from file system: jar:file:///C:/Users/Jonat/.gradle/caches/modules-2/files-2.1/com.github.almasb/fxgl/17.1/2a9509aedf54954c9b13849c18c6f495a81c542d/fxgl-17.1.jar!/fxglassets/ui/fonts/Courier-Prime.ttf
13:47:51.761 [JavaFX Application Thread] DEBUG FXGLApplication      - Registering font factories with UI factory
13:47:51.767 [FXGL Background Thread 1 ] DEBUG FXGLAssetLoaderServi - Loading from file system: file:/C:/Users/Jonat/OneDrive/Documents/Projects/Coding/Java/FXGLGame/build/resources/main/assets/textures/ship/sparrow.png
13:47:51.831 [FXGL Background Thread 1 ] WARN  TMXLevelLoader       - TiledMap generated from 1.4.3. Supported version: 1.4.2. Some features may not be parsed fully.
13:47:51.851 [FXGL Background Thread 1 ] DEBUG TMXLevelLoader       - Parsed TiledMap: file:/C:/Users/Jonat/OneDrive/Documents/Projects/Coding/Java/FXGLGame/build/resources/main/assets/levels/testLevelMap.tmx
13:47:51.852 [FXGL Background Thread 1 ] DEBUG TMXLevelLoader       - Creating tile layer entities
13:47:51.854 [FXGL Background Thread 1 ] DEBUG TilesetLoader        - Loading view for layer Tile Layer 1
13:47:51.868 [FXGL Background Thread 1 ] DEBUG TilesetLoader        - Created buffer with size 1600.0x6400.0
13:47:51.947 [FXGL Background Thread 1 ] DEBUG TMXLevelLoader       - Creating object layer entities
13:47:51.948 [FXGL Background Thread 1 ] DEBUG FXGLAssetLoaderServi - Loading from file system: file:/C:/Users/Jonat/OneDrive/Documents/Projects/Coding/Java/FXGLGame/build/resources/main/assets/textures/ship/hai%20water%20bug.png
13:47:51.972 [FXGL Background Thread 1 ] DEBUG GameWorld            - Clearing removable entities
13:47:51.977 [FXGL Background Thread 1 ] DEBUG GameWorld            - Setting level: com.almasb.fxgl.entity.level.Level@5a840abf
13:47:51.985 [FXGL Background Thread 1 ] INFO  FXGLApplication      - Game initialization took: 0.336 sec
13:47:51.986 [JavaFX Application Thread] DEBUG Input                - Clearing active input actions
13:47:51.997 [JavaFX Application Thread] DEBUG GameApplicationServi - Removing overlay from FXGLLoadingScene and adding to GameScene
13:47:51.997 [JavaFX Application Thread] DEBUG PrimaryStageWindow   - FXGLLoadingScene -> GameScene
13:47:52.095 [FXGL Background Thread 2 ] INFO  UpdaterService       - Your current version:  17.1
13:47:52.095 [FXGL Background Thread 2 ] INFO  UpdaterService       - Latest stable version: 17.2
13:47:52.692 [JavaFX Application Thread] DEBUG PrimaryStageWindow   - Push state: MainMenu
13:47:52.692 [JavaFX Application Thread] DEBUG Input                - Clearing active input actions
13:47:52.693 [JavaFX Application Thread] DEBUG GameApplicationServi - Removing overlay from GameScene and adding to MainMenu
13:47:52.693 [JavaFX Application Thread] DEBUG PrimaryStageWindow   - GameScene -> MainMenu
13:47:54.502 [FXGL Background Thread 3 ] DEBUG Engine               - Logging environment variables
13:47:54.503 [FXGL Background Thread 3 ] DEBUG Engine               - achievements: []
13:47:54.503 [FXGL Background Thread 3 ] DEBUG Engine               - actualHeight: 900.0
13:47:54.503 [FXGL Background Thread 3 ] DEBUG Engine               - actualHeightProperty: ReadOnlyDoubleProperty [value: 900.0]
13:47:54.503 [FXGL Background Thread 3 ] DEBUG Engine               - actualWidth: 1600.0
13:47:54.503 [FXGL Background Thread 3 ] DEBUG Engine               - actualWidthProperty: ReadOnlyDoubleProperty [value: 1600.0]
13:47:54.503 [FXGL Background Thread 3 ] DEBUG Engine               - appIcon: fxgl_icon.png
13:47:54.503 [FXGL Background Thread 3 ] DEBUG Engine               - applicationMode: DEVELOPER
13:47:54.503 [FXGL Background Thread 3 ] DEBUG Engine               - cSSList: [fxgl_dark.css]
13:47:54.503 [FXGL Background Thread 3 ] DEBUG Engine               - collisionDetectionStrategy: BRUTE_FORCE
13:47:54.503 [FXGL Background Thread 3 ] DEBUG Engine               - configClass: Optional.empty
13:47:54.503 [FXGL Background Thread 3 ] DEBUG Engine               - credits: []
13:47:54.505 [FXGL Background Thread 3 ] DEBUG Engine               - defaultCursor: CursorInfo(imageName=fxgl_default_cursor.png, hotspotX=7.0, hotspotY=6.0)
13:47:54.505 [FXGL Background Thread 3 ] DEBUG Engine               - devBBoxColorProperty: ObjectProperty [value: 0xff0000ff]
13:47:54.505 [FXGL Background Thread 3 ] DEBUG Engine               - devEnableDebugCameraProperty: BooleanProperty [value: false]
13:47:54.505 [FXGL Background Thread 3 ] DEBUG Engine               - devSensorColorProperty: ObjectProperty [value: 0xffff00ff]
13:47:54.505 [FXGL Background Thread 3 ] DEBUG Engine               - devShowBBoxProperty: BooleanProperty [value: false]
13:47:54.505 [FXGL Background Thread 3 ] DEBUG Engine               - devShowPositionProperty: BooleanProperty [value: false]
13:47:54.505 [FXGL Background Thread 3 ] DEBUG Engine               - enabledMenuItems: []
13:47:54.506 [FXGL Background Thread 3 ] DEBUG Engine               - engineServices: [class com.almasb.fxgl.app.services.FXGLAssetLoaderService, class com.almasb.fxgl.app.FXGLApplication$GameApplicationService, class com.almasb.fxgl.app.services.FXGLDialogService, class com.almasb.fxgl.app.services.IOTaskExecutorService, class com.almasb.fxgl.io.FileSystemService, class com.almasb.fxgl.localization.LocalizationService, class com.almasb.fxgl.app.services.SystemBundleService, class com.almasb.fxgl.profile.SaveLoadService, class com.almasb.fxgl.ui.FXGLUIFactoryServiceProvider, class com.almasb.fxgl.ui.FXGLDialogFactoryServiceProvider, class com.almasb.fxgl.audio.AudioPlayer, class com.almasb.fxgl.notification.impl.NotificationServiceProvider, class com.almasb.fxgl.achievement.AchievementService, class com.almasb.fxgl.cutscene.CutsceneService, class com.almasb.fxgl.minigames.MiniGameService, class com.almasb.fxgl.net.NetService, class com.almasb.fxgl.app.services.UpdaterService, class com.almasb.fxgl.dev.DevService]
13:47:54.506 [FXGL Background Thread 3 ] DEBUG Engine               - fontGame: Abel-Regular.ttf
13:47:54.506 [FXGL Background Thread 3 ] DEBUG Engine               - fontMono: TerminalLandMono-Regular.otf
13:47:54.506 [FXGL Background Thread 3 ] DEBUG Engine               - fontText: Courier-Prime.ttf
13:47:54.506 [FXGL Background Thread 3 ] DEBUG Engine               - fontUI: VarelaRound-Regular.ttf
13:47:54.506 [FXGL Background Thread 3 ] DEBUG Engine               - fullScreen: BooleanProperty [value: false]
13:47:54.506 [FXGL Background Thread 3 ] DEBUG Engine               - gameDifficulty: MEDIUM
13:47:54.506 [FXGL Background Thread 3 ] DEBUG Engine               - gameDifficultyProperty: ObjectProperty [value: MEDIUM]
13:47:54.506 [FXGL Background Thread 3 ] DEBUG Engine               - globalMusicVolume: 0.5
13:47:54.506 [FXGL Background Thread 3 ] DEBUG Engine               - globalMusicVolumeProperty: DoubleProperty [value: 0.5]
13:47:54.507 [FXGL Background Thread 3 ] DEBUG Engine               - globalSoundVolume: 0.5
13:47:54.507 [FXGL Background Thread 3 ] DEBUG Engine               - globalSoundVolumeProperty: DoubleProperty [value: 0.5]
13:47:54.507 [FXGL Background Thread 3 ] DEBUG Engine               - height: 900
13:47:54.507 [FXGL Background Thread 3 ] DEBUG Engine               - is3D: false
13:47:54.507 [FXGL Background Thread 3 ] DEBUG Engine               - isAndroid: false
13:47:54.507 [FXGL Background Thread 3 ] DEBUG Engine               - isBrowser: false
13:47:54.507 [FXGL Background Thread 3 ] DEBUG Engine               - isClickFeedbackEnabled: false
13:47:54.507 [FXGL Background Thread 3 ] DEBUG Engine               - isCloseConfirmation: false
13:47:54.507 [FXGL Background Thread 3 ] DEBUG Engine               - isDesktop: true
13:47:54.507 [FXGL Background Thread 3 ] DEBUG Engine               - isDeveloperMenuEnabled: false
13:47:54.507 [FXGL Background Thread 3 ] DEBUG Engine               - isEmbedded: false
13:47:54.507 [FXGL Background Thread 3 ] DEBUG Engine               - isEntityPreloadEnabled: true
13:47:54.507 [FXGL Background Thread 3 ] DEBUG Engine               - isExperimentalTiledLargeMap: false
13:47:54.507 [FXGL Background Thread 3 ] DEBUG Engine               - isFileSystemWriteAllowed: true
13:47:54.507 [FXGL Background Thread 3 ] DEBUG Engine               - isFullScreenAllowed: false
13:47:54.508 [FXGL Background Thread 3 ] DEBUG Engine               - isFullScreenFromStart: false
13:47:54.508 [FXGL Background Thread 3 ] DEBUG Engine               - isGameMenuEnabled: true
13:47:54.508 [FXGL Background Thread 3 ] DEBUG Engine               - isIOS: false
13:47:54.508 [FXGL Background Thread 3 ] DEBUG Engine               - isIntroEnabled: false
13:47:54.508 [FXGL Background Thread 3 ] DEBUG Engine               - isLinux: false
13:47:54.508 [FXGL Background Thread 3 ] DEBUG Engine               - isMac: false
13:47:54.508 [FXGL Background Thread 3 ] DEBUG Engine               - isMainMenuEnabled: false
13:47:54.508 [FXGL Background Thread 3 ] DEBUG Engine               - isManualResizeEnabled: false
13:47:54.508 [FXGL Background Thread 3 ] DEBUG Engine               - isMobile: false
13:47:54.508 [FXGL Background Thread 3 ] DEBUG Engine               - isNative: false
13:47:54.508 [FXGL Background Thread 3 ] DEBUG Engine               - isPauseMusicWhenMinimized: true
13:47:54.508 [FXGL Background Thread 3 ] DEBUG Engine               - isPreserveResizeRatio: false
13:47:54.508 [FXGL Background Thread 3 ] DEBUG Engine               - isProfilingEnabled: false
13:47:54.508 [FXGL Background Thread 3 ] DEBUG Engine               - isScaleAffectedOnResize: true
13:47:54.509 [FXGL Background Thread 3 ] DEBUG Engine               - isSingleStep: false
13:47:54.509 [FXGL Background Thread 3 ] DEBUG Engine               - isUserProfileEnabled: false
13:47:54.509 [FXGL Background Thread 3 ] DEBUG Engine               - isWindows: true
13:47:54.509 [FXGL Background Thread 3 ] DEBUG Engine               - language: ObjectProperty [value: ENGLISH]
13:47:54.509 [FXGL Background Thread 3 ] DEBUG Engine               - menuKey: ESCAPE
13:47:54.509 [FXGL Background Thread 3 ] DEBUG Engine               - mouseSensitivity: 0.2
13:47:54.509 [FXGL Background Thread 3 ] DEBUG Engine               - notificationViewClass: class com.almasb.fxgl.notification.view.XboxNotificationView
13:47:54.509 [FXGL Background Thread 3 ] DEBUG Engine               - pixelsPerMeter: 50.0
13:47:54.509 [FXGL Background Thread 3 ] DEBUG Engine               - platform: WINDOWS
13:47:54.509 [FXGL Background Thread 3 ] DEBUG Engine               - prefHeightProperty: ReadOnlyDoubleProperty [value: 900.0]
13:47:54.509 [FXGL Background Thread 3 ] DEBUG Engine               - prefWidthProperty: ReadOnlyDoubleProperty [value: 1600.0]
13:47:54.509 [FXGL Background Thread 3 ] DEBUG Engine               - profileDir: profiles/
13:47:54.509 [FXGL Background Thread 3 ] DEBUG Engine               - profileName: StringProperty [value: DEFAULT]
13:47:54.509 [FXGL Background Thread 3 ] DEBUG Engine               - randomSeed: -1
13:47:54.510 [FXGL Background Thread 3 ] DEBUG Engine               - runtimeInfo: RuntimeInfo(platform=WINDOWS, version=17.1, build=24.03.2022 17.34)
13:47:54.510 [FXGL Background Thread 3 ] DEBUG Engine               - saveFileExt: sav
13:47:54.510 [FXGL Background Thread 3 ] DEBUG Engine               - scaledHeightProp$fxgl: DoubleProperty [bound, value: 900.0]
13:47:54.510 [FXGL Background Thread 3 ] DEBUG Engine               - scaledWidthProp$fxgl: DoubleProperty [bound, value: 1600.0]
13:47:54.510 [FXGL Background Thread 3 ] DEBUG Engine               - sceneFactory: com.jonathanc8.fxglgame.MainSceneFactory@625e3549
13:47:54.510 [FXGL Background Thread 3 ] DEBUG Engine               - secondsIn24h: 60
13:47:54.510 [FXGL Background Thread 3 ] DEBUG Engine               - soundMenuBack: menu/back.wav
13:47:54.510 [FXGL Background Thread 3 ] DEBUG Engine               - soundMenuPress: menu/press.wav
13:47:54.510 [FXGL Background Thread 3 ] DEBUG Engine               - soundMenuSelect: menu/select.wav
13:47:54.510 [FXGL Background Thread 3 ] DEBUG Engine               - soundNotification: core/notification.wav
13:47:54.511 [FXGL Background Thread 3 ] DEBUG Engine               - stageStyle: DECORATED
13:47:54.511 [FXGL Background Thread 3 ] DEBUG Engine               - supportedLanguages: [ENGLISH, FRENCH, GERMAN, HUNGARIAN, RUSSIAN]
13:47:54.511 [FXGL Background Thread 3 ] DEBUG Engine               - ticksPerSecond: -1
13:47:54.511 [FXGL Background Thread 3 ] DEBUG Engine               - title: A game without a name
13:47:54.511 [FXGL Background Thread 3 ] DEBUG Engine               - urlGithub: https://github.com/AlmasB/FXGL
13:47:54.511 [FXGL Background Thread 3 ] DEBUG Engine               - urlLeaderboard: http://fxgl-top.herokuapp.com/
13:47:54.511 [FXGL Background Thread 3 ] DEBUG Engine               - urlPOM: https://raw.githubusercontent.com/AlmasB/FXGL/release/README.md
13:47:54.511 [FXGL Background Thread 3 ] DEBUG Engine               - userAppClass: class com.jonathanc8.fxglgame.Game
13:47:54.511 [FXGL Background Thread 3 ] DEBUG Engine               - version: Early Development
13:47:54.511 [FXGL Background Thread 3 ] DEBUG Engine               - versionCheckDays: 7
13:47:54.511 [FXGL Background Thread 3 ] DEBUG Engine               - width: 1600
13:47:54.511 [FXGL Background Thread 3 ] DEBUG Engine               - Logging services
13:47:54.511 [FXGL Background Thread 3 ] DEBUG Engine               - class com.almasb.fxgl.app.services.FXGLAssetLoaderService
13:47:54.511 [FXGL Background Thread 3 ] DEBUG Engine               - class com.almasb.fxgl.app.FXGLApplication$GameApplicationService
13:47:54.511 [FXGL Background Thread 3 ] DEBUG Engine               - class com.almasb.fxgl.app.services.FXGLDialogService
13:47:54.511 [FXGL Background Thread 3 ] DEBUG Engine               - class com.almasb.fxgl.app.services.IOTaskExecutorService
13:47:54.511 [FXGL Background Thread 3 ] DEBUG Engine               - class com.almasb.fxgl.io.FileSystemService
13:47:54.511 [FXGL Background Thread 3 ] DEBUG Engine               - class com.almasb.fxgl.localization.LocalizationService
13:47:54.512 [FXGL Background Thread 3 ] DEBUG Engine               - class com.almasb.fxgl.app.services.SystemBundleService
13:47:54.512 [FXGL Background Thread 3 ] DEBUG Engine               - class com.almasb.fxgl.profile.SaveLoadService
13:47:54.512 [FXGL Background Thread 3 ] DEBUG Engine               - class com.almasb.fxgl.ui.FXGLUIFactoryServiceProvider
13:47:54.512 [FXGL Background Thread 3 ] DEBUG Engine               - class com.almasb.fxgl.ui.FXGLDialogFactoryServiceProvider
13:47:54.512 [FXGL Background Thread 3 ] DEBUG Engine               - class com.almasb.fxgl.audio.AudioPlayer
13:47:54.512 [FXGL Background Thread 3 ] DEBUG Engine               - class com.almasb.fxgl.notification.impl.NotificationServiceProvider
13:47:54.512 [FXGL Background Thread 3 ] DEBUG Engine               - class com.almasb.fxgl.achievement.AchievementService
13:47:54.512 [FXGL Background Thread 3 ] DEBUG Engine               - class com.almasb.fxgl.cutscene.CutsceneService
13:47:54.512 [FXGL Background Thread 3 ] DEBUG Engine               - class com.almasb.fxgl.minigames.MiniGameService
13:47:54.512 [FXGL Background Thread 3 ] DEBUG Engine               - class com.almasb.fxgl.net.NetService
13:47:54.512 [FXGL Background Thread 3 ] DEBUG Engine               - class com.almasb.fxgl.app.services.UpdaterService
13:47:54.512 [FXGL Background Thread 3 ] DEBUG Engine               - class com.almasb.fxgl.dev.DevService
13:48:02.279 [JavaFX Application Thread] DEBUG FXGLApplication      - Exiting FXGL
13:48:02.279 [JavaFX Application Thread] DEBUG LoopRunner           - Stopping loop
13:48:02.279 [JavaFX Application Thread] DEBUG SystemBundleService  - Saving FXGL system data
13:48:02.281 [JavaFX Application Thread] DEBUG FileSystemAccess     - Writing to: C:\Users\Jonat\OneDrive\Documents\Projects\Coding\Java\FXGLGame\system\fxgl.bundle
13:48:02.283 [JavaFX Application Thread] DEBUG Async                - Shutting down background threads
13:48:02.283 [JavaFX Application Thread] DEBUG PrimaryStageWindow   - Closing main window
13:48:02.296 [JavaFX Application Thread] DEBUG Logger               - Closing Logger
