13:42:06.775 [main                     ] DEBUG Logger               - Configured Logger
13:42:06.809 [main                     ] DEBUG GameApplication      - Logging settings
Title: A game without a name
Version: Early Development
Width: 1600
Height: 900
Fullscreen: false
Intro: false
Profiling: false
Single step:false
App Mode: DEVELOPER
Menu Key: ESCAPE
Stage Style: DECORATED
Scene Factory: class com.jonathanc8.fxglgame.MainSceneFactory

13:42:07.721 [JavaFX Application Thread] DEBUG FXGLApplication      - Initializing FXGL
13:42:07.726 [JavaFX Application Thread] INFO  Engine               - FXGL-17.1 (24.03.2022 17.34) on WINDOWS (J:17.0.2 FX:17.0.2-ea)
13:42:07.727 [JavaFX Application Thread] DEBUG Engine               - JRE Vendor Name: Oracle Corporation
13:42:07.727 [JavaFX Application Thread] DEBUG Engine               - Running on OS: Windows 10 version 10.0
13:42:07.727 [JavaFX Application Thread] DEBUG Engine               - Architecture: amd64
13:42:07.727 [JavaFX Application Thread] INFO  Engine               - Source code and latest versions at: https://github.com/AlmasB/FXGL
13:42:07.727 [JavaFX Application Thread] INFO  Engine               -       Ask questions and discuss at: https://github.com/AlmasB/FXGL/discussions
13:42:07.727 [JavaFX Application Thread] INFO  Engine               -              Join the FXGL chat at: https://gitter.im/AlmasB/FXGL
13:42:07.805 [JavaFX Application Thread] DEBUG PrimaryStageWindow   - Creating a JavaFX scene
13:42:07.852 [JavaFX Application Thread] DEBUG PrimaryStageWindow   - Target settings size: 1600.0 x 900.0
13:42:07.852 [JavaFX Application Thread] DEBUG PrimaryStageWindow   - Scaled scene size:    1600.0 x 900.0
13:42:07.852 [JavaFX Application Thread] DEBUG PrimaryStageWindow   - Scaled ratio: (1.0, 1.0)
13:42:07.853 [JavaFX Application Thread] DEBUG PrimaryStageWindow   - Set initial scene to FXGLStartupScene
13:42:07.859 [JavaFX Application Thread] DEBUG PrimaryStageWindow   - Opening main window
13:42:07.943 [JavaFX Application Thread] DEBUG PrimaryStageWindow   - Window border size: (16.0, 39.0)
13:42:07.943 [JavaFX Application Thread] DEBUG PrimaryStageWindow   - Scaled size: 1600.0 x 900.0
13:42:07.943 [JavaFX Application Thread] DEBUG PrimaryStageWindow   - Scaled ratio: (1.0, 1.0)
13:42:07.943 [JavaFX Application Thread] DEBUG PrimaryStageWindow   - Scene size: 1600.0 x 900.0
13:42:07.944 [JavaFX Application Thread] DEBUG PrimaryStageWindow   - Stage size: 1616.0 x 939.0
13:42:07.950 [FXGL Background Thread 1 ] DEBUG Engine               - Initializing environment variables
13:42:07.986 [FXGL Background Thread 1 ] DEBUG FXGLAssetLoaderServi - User app class for loading assets: class com.jonathanc8.fxglgame.Game
13:42:07.987 [FXGL Background Thread 1 ] DEBUG GameApplicationServi - Applying CSS: fxgl_dark.css
13:42:07.988 [FXGL Background Thread 1 ] DEBUG FXGLAssetLoaderServi - Loading from file system: jar:file:///C:/Users/Jonat/.gradle/caches/modules-2/files-2.1/com.github.almasb/fxgl/17.1/2a9509aedf54954c9b13849c18c6f495a81c542d/fxgl-17.1.jar!/fxglassets/ui/css/fxgl_dark.css
13:42:08.034 [FXGL Background Thread 1 ] DEBUG GameApplicationServi - Initializing application scenes
13:42:08.086 [FXGL Background Thread 1 ] DEBUG GameWorld            - Game world initialized
13:42:08.140 [FXGL Background Thread 1 ] DEBUG PhysicsWorld         - Physics world initialized: appHeight=900, physics.ppm=50.0
13:42:08.140 [FXGL Background Thread 1 ] DEBUG PhysicsWorld         - Using strategy: BRUTE_FORCE
13:42:08.145 [FXGL Background Thread 1 ] DEBUG GameScene            - Game scene initialized: 1600x900
13:42:08.171 [FXGL Background Thread 1 ] DEBUG GameApplicationServi - Application scenes initialized
13:42:08.186 [FXGL Background Thread 1 ] DEBUG SystemBundleService  - Loading FXGL system data
13:42:08.192 [FXGL Background Thread 1 ] DEBUG FileSystemAccess     - Reading from: C:\Users\Jonat\OneDrive\Documents\Projects\Coding\Java\FXGLGame\system\fxgl.bundle
13:42:08.200 [FXGL Background Thread 1 ] DEBUG SystemBundleService  - Bundle FXGL: {}
13:42:08.200 [FXGL Background Thread 1 ] DEBUG UpdaterService       - Checking for updates
13:42:08.206 [FXGL Background Thread 4 ] DEBUG FXGLApplication      - Loading fonts
13:42:08.206 [FXGL Background Thread 1 ] DEBUG FXGLApplication      - Loading default localization
13:42:08.207 [FXGL Background Thread 4 ] DEBUG FXGLAssetLoaderServi - Loading from file system: jar:file:///C:/Users/Jonat/.gradle/caches/modules-2/files-2.1/com.github.almasb/fxgl/17.1/2a9509aedf54954c9b13849c18c6f495a81c542d/fxgl-17.1.jar!/fxglassets/ui/fonts/VarelaRound-Regular.ttf
13:42:08.207 [FXGL Background Thread 1 ] DEBUG FXGLAssetLoaderServi - Loading from file system: jar:file:///C:/Users/Jonat/.gradle/caches/modules-2/files-2.1/com.github.almasb/fxgl/17.1/2a9509aedf54954c9b13849c18c6f495a81c542d/fxgl-17.1.jar!/fxglassets/languages/english.lang
13:42:08.242 [FXGL Background Thread 1 ] INFO  FXGLApplication      - FXGL initialization took: 0.291 sec
13:42:08.258 [JavaFX Application Thread] DEBUG Input                - Registered new binding: Move Right - D
13:42:08.259 [JavaFX Application Thread] DEBUG Input                - Registered new binding: Move Left - A
13:42:08.260 [JavaFX Application Thread] DEBUG Input                - Registered new binding: Move Down - S
13:42:08.260 [JavaFX Application Thread] DEBUG Input                - Registered new binding: Move Up - W
13:42:08.261 [JavaFX Application Thread] DEBUG Input                - Registered new binding: action0 - Enter
13:42:08.263 [JavaFX Application Thread] DEBUG Input                - Registered new binding: action1 - Right
13:42:08.264 [JavaFX Application Thread] DEBUG Input                - Registered new binding: action2 - Left
13:42:08.264 [JavaFX Application Thread] DEBUG Input                - Registered new binding: action3 - Up
13:42:08.265 [JavaFX Application Thread] DEBUG Input                - Registered new binding: action4 - Down
13:42:08.266 [JavaFX Application Thread] DEBUG Input                - Registered new binding: action5 - Delete
13:42:08.266 [JavaFX Application Thread] DEBUG Input                - Registered new binding: Shoot - Space
13:42:08.268 [JavaFX Application Thread] DEBUG Input                - Registered new binding: action6 - E
13:42:08.269 [JavaFX Application Thread] DEBUG FXGLAssetLoaderServi - Loading from file system: jar:file:///C:/Users/Jonat/.gradle/caches/modules-2/files-2.1/com.github.almasb/fxgl/17.1/2a9509aedf54954c9b13849c18c6f495a81c542d/fxgl-17.1.jar!/fxglassets/textures/fxgl_icon.png
13:42:08.353 [JavaFX Application Thread] DEBUG FXGLAssetLoaderServi - Loading from file system: jar:file:///C:/Users/Jonat/.gradle/caches/modules-2/files-2.1/com.github.almasb/fxgl/17.1/2a9509aedf54954c9b13849c18c6f495a81c542d/fxgl-17.1.jar!/fxglassets/textures/fxgl_default_cursor.png
13:42:08.356 [JavaFX Application Thread] DEBUG Input                - Registered new binding: Screenshot - CTRL+8
13:42:08.357 [JavaFX Application Thread] DEBUG Input                - Registered new binding: System info dump - CTRL+9
13:42:08.357 [JavaFX Application Thread] DEBUG Input                - Registered new binding: Restart - CTRL+R
13:42:08.358 [JavaFX Application Thread] DEBUG Input                - Registered new binding: Toggle Debug Camera - CTRL+7
13:42:08.361 [JavaFX Application Thread] DEBUG LoopRunner           - Starting loop
13:42:08.361 [JavaFX Application Thread] DEBUG LoopRunner           - Initializing JavaFX AnimationTimerLoop
13:42:08.363 [JavaFX Application Thread] DEBUG GameApplicationServi - Starting new game
13:42:08.364 [JavaFX Application Thread] DEBUG Input                - Clearing active input actions
13:42:08.385 [JavaFX Application Thread] DEBUG GameApplicationServi - Removing overlay from FXGLStartupScene and adding to FXGLLoadingScene
13:42:08.388 [JavaFX Application Thread] DEBUG PrimaryStageWindow   - FXGLStartupScene -> FXGLLoadingScene
13:42:08.397 [JavaFX Application Thread] DEBUG GameApplicationServi - Clearing previous game
13:42:08.397 [JavaFX Application Thread] DEBUG GameScene            - Clearing game scene
13:42:08.397 [JavaFX Application Thread] DEBUG GameWorld            - Clearing game world
13:42:08.397 [JavaFX Application Thread] DEBUG PhysicsWorld         - Clearing physics world
13:42:08.401 [FXGL Background Thread 1 ] DEBUG FXGLApplication      - Initializing game
13:42:08.438 [FXGL Background Thread 1 ] WARN  FXGLAssetLoaderServi - Asset "/assets/textures/Untitled.png" was not found!
13:42:08.438 [FXGL Background Thread 1 ] WARN  FXGLAssetLoaderServi - Failed to load IMAGE
13:42:08.449 [FXGL Background Thread 4 ] DEBUG FXGLAssetLoaderServi - Loading from file system: jar:file:///C:/Users/Jonat/.gradle/caches/modules-2/files-2.1/com.github.almasb/fxgl/17.1/2a9509aedf54954c9b13849c18c6f495a81c542d/fxgl-17.1.jar!/fxglassets/ui/fonts/Abel-Regular.ttf
13:42:08.465 [FXGL Background Thread 4 ] DEBUG FXGLAssetLoaderServi - Loading from file system: jar:file:///C:/Users/Jonat/.gradle/caches/modules-2/files-2.1/com.github.almasb/fxgl/17.1/2a9509aedf54954c9b13849c18c6f495a81c542d/fxgl-17.1.jar!/fxglassets/ui/fonts/TerminalLandMono-Regular.otf
13:42:08.479 [FXGL Background Thread 4 ] DEBUG FXGLAssetLoaderServi - Loading from file system: jar:file:///C:/Users/Jonat/.gradle/caches/modules-2/files-2.1/com.github.almasb/fxgl/17.1/2a9509aedf54954c9b13849c18c6f495a81c542d/fxgl-17.1.jar!/fxglassets/ui/fonts/Courier-Prime.ttf
13:42:08.572 [JavaFX Application Thread] DEBUG FXGLApplication      - Registering font factories with UI factory
13:42:08.580 [FXGL Background Thread 1 ] DEBUG FXGLAssetLoaderServi - Loading from file system: file:/C:/Users/Jonat/OneDrive/Documents/Projects/Coding/Java/FXGLGame/build/resources/main/assets/textures/ship/sparrow.png
13:42:08.651 [FXGL Background Thread 1 ] WARN  TMXLevelLoader       - TiledMap generated from 1.4.3. Supported version: 1.4.2. Some features may not be parsed fully.
13:42:08.681 [FXGL Background Thread 1 ] DEBUG TMXLevelLoader       - Parsed TiledMap: file:/C:/Users/Jonat/OneDrive/Documents/Projects/Coding/Java/FXGLGame/build/resources/main/assets/levels/testLevelMap.tmx
13:42:08.682 [FXGL Background Thread 1 ] DEBUG TMXLevelLoader       - Creating tile layer entities
13:42:08.684 [FXGL Background Thread 1 ] DEBUG TilesetLoader        - Loading view for layer Tile Layer 1
13:42:08.707 [FXGL Background Thread 1 ] DEBUG TilesetLoader        - Created buffer with size 1600.0x6400.0
13:42:08.791 [FXGL Background Thread 1 ] DEBUG TMXLevelLoader       - Creating object layer entities
13:42:08.792 [FXGL Background Thread 1 ] DEBUG FXGLAssetLoaderServi - Loading from file system: file:/C:/Users/Jonat/OneDrive/Documents/Projects/Coding/Java/FXGLGame/build/resources/main/assets/textures/ship/hai%20water%20bug.png
13:42:08.805 [FXGL Background Thread 2 ] INFO  UpdaterService       - Your current version:  17.1
13:42:08.806 [FXGL Background Thread 2 ] INFO  UpdaterService       - Latest stable version: 17.2
13:42:08.819 [FXGL Background Thread 1 ] DEBUG GameWorld            - Clearing removable entities
13:42:08.825 [FXGL Background Thread 1 ] DEBUG GameWorld            - Setting level: com.almasb.fxgl.entity.level.Level@6693df49
13:42:08.835 [FXGL Background Thread 1 ] INFO  FXGLApplication      - Game initialization took: 0.434 sec
13:42:08.841 [JavaFX Application Thread] DEBUG Input                - Clearing active input actions
13:42:08.853 [JavaFX Application Thread] DEBUG GameApplicationServi - Removing overlay from FXGLLoadingScene and adding to GameScene
13:42:08.854 [JavaFX Application Thread] DEBUG PrimaryStageWindow   - FXGLLoadingScene -> GameScene
13:42:09.575 [JavaFX Application Thread] DEBUG PrimaryStageWindow   - Push state: MainMenu
13:42:09.575 [JavaFX Application Thread] DEBUG Input                - Clearing active input actions
13:42:09.576 [JavaFX Application Thread] DEBUG GameApplicationServi - Removing overlay from GameScene and adding to MainMenu
13:42:09.577 [JavaFX Application Thread] DEBUG PrimaryStageWindow   - GameScene -> MainMenu
13:42:10.277 [JavaFX Application Thread] DEBUG Menu                 - fireNewGame()
13:42:10.277 [JavaFX Application Thread] DEBUG GameApplicationServi - Starting new game
13:42:10.277 [JavaFX Application Thread] DEBUG PrimaryStageWindow   - Pop state: MainMenu
13:42:10.277 [JavaFX Application Thread] DEBUG Input                - Clearing active input actions
13:42:10.278 [JavaFX Application Thread] DEBUG GameApplicationServi - Removing overlay from MainMenu and adding to GameScene
13:42:10.279 [JavaFX Application Thread] DEBUG PrimaryStageWindow   - GameScene <- MainMenu
13:42:10.279 [JavaFX Application Thread] DEBUG Input                - Clearing active input actions
13:42:10.287 [JavaFX Application Thread] DEBUG GameApplicationServi - Removing overlay from GameScene and adding to FXGLLoadingScene
13:42:10.288 [JavaFX Application Thread] DEBUG PrimaryStageWindow   - GameScene -> FXGLLoadingScene
13:42:10.288 [JavaFX Application Thread] DEBUG GameApplicationServi - Clearing previous game
13:42:10.288 [JavaFX Application Thread] DEBUG GameScene            - Clearing game scene
13:42:10.288 [JavaFX Application Thread] DEBUG GameWorld            - Clearing game world
13:42:10.290 [JavaFX Application Thread] DEBUG PhysicsWorld         - Clearing physics world
13:42:10.290 [FXGL Background Thread 1 ] DEBUG FXGLApplication      - Initializing game
13:42:10.291 [FXGL Background Thread 1 ] WARN  FXGLAssetLoaderServi - Asset "/assets/textures/Untitled.png" was not found!
13:42:10.292 [FXGL Background Thread 1 ] WARN  FXGLAssetLoaderServi - Failed to load IMAGE
13:42:10.296 [FXGL Background Thread 1 ] WARN  TMXLevelLoader       - TiledMap generated from 1.4.3. Supported version: 1.4.2. Some features may not be parsed fully.
13:42:10.307 [FXGL Background Thread 1 ] DEBUG TMXLevelLoader       - Parsed TiledMap: file:/C:/Users/Jonat/OneDrive/Documents/Projects/Coding/Java/FXGLGame/build/resources/main/assets/levels/testLevelMap.tmx
13:42:10.307 [FXGL Background Thread 1 ] DEBUG TMXLevelLoader       - Creating tile layer entities
13:42:10.308 [FXGL Background Thread 1 ] DEBUG TilesetLoader        - Loading view for layer Tile Layer 1
13:42:10.324 [FXGL Background Thread 1 ] DEBUG TilesetLoader        - Created buffer with size 1600.0x6400.0
13:42:10.376 [FXGL Background Thread 1 ] DEBUG TMXLevelLoader       - Creating object layer entities
13:42:10.394 [FXGL Background Thread 1 ] DEBUG GameWorld            - Clearing removable entities
13:42:10.395 [FXGL Background Thread 1 ] DEBUG GameWorld            - Setting level: com.almasb.fxgl.entity.level.Level@6a9fe624
13:42:10.397 [FXGL Background Thread 1 ] INFO  FXGLApplication      - Game initialization took: 0.107 sec
13:42:10.397 [JavaFX Application Thread] DEBUG Input                - Clearing active input actions
13:42:10.403 [JavaFX Application Thread] DEBUG GameApplicationServi - Removing overlay from FXGLLoadingScene and adding to GameScene
13:42:10.403 [JavaFX Application Thread] DEBUG PrimaryStageWindow   - FXGLLoadingScene -> GameScene
13:42:11.206 [FXGL Background Thread 3 ] DEBUG Engine               - Logging environment variables
13:42:11.206 [FXGL Background Thread 3 ] DEBUG Engine               - achievements: []
13:42:11.206 [FXGL Background Thread 3 ] DEBUG Engine               - actualHeight: 900.0
13:42:11.206 [FXGL Background Thread 3 ] DEBUG Engine               - actualHeightProperty: ReadOnlyDoubleProperty [value: 900.0]
13:42:11.206 [FXGL Background Thread 3 ] DEBUG Engine               - actualWidth: 1600.0
13:42:11.207 [FXGL Background Thread 3 ] DEBUG Engine               - actualWidthProperty: ReadOnlyDoubleProperty [value: 1600.0]
13:42:11.207 [FXGL Background Thread 3 ] DEBUG Engine               - appIcon: fxgl_icon.png
13:42:11.207 [FXGL Background Thread 3 ] DEBUG Engine               - applicationMode: DEVELOPER
13:42:11.207 [FXGL Background Thread 3 ] DEBUG Engine               - cSSList: [fxgl_dark.css]
13:42:11.207 [FXGL Background Thread 3 ] DEBUG Engine               - collisionDetectionStrategy: BRUTE_FORCE
13:42:11.207 [FXGL Background Thread 3 ] DEBUG Engine               - configClass: Optional.empty
13:42:11.207 [FXGL Background Thread 3 ] DEBUG Engine               - credits: []
13:42:11.208 [FXGL Background Thread 3 ] DEBUG Engine               - defaultCursor: CursorInfo(imageName=fxgl_default_cursor.png, hotspotX=7.0, hotspotY=6.0)
13:42:11.208 [FXGL Background Thread 3 ] DEBUG Engine               - devBBoxColorProperty: ObjectProperty [value: 0xff0000ff]
13:42:11.209 [FXGL Background Thread 3 ] DEBUG Engine               - devEnableDebugCameraProperty: BooleanProperty [value: false]
13:42:11.209 [FXGL Background Thread 3 ] DEBUG Engine               - devSensorColorProperty: ObjectProperty [value: 0xffff00ff]
13:42:11.209 [FXGL Background Thread 3 ] DEBUG Engine               - devShowBBoxProperty: BooleanProperty [value: false]
13:42:11.209 [FXGL Background Thread 3 ] DEBUG Engine               - devShowPositionProperty: BooleanProperty [value: false]
13:42:11.209 [FXGL Background Thread 3 ] DEBUG Engine               - enabledMenuItems: []
13:42:11.209 [FXGL Background Thread 3 ] DEBUG Engine               - engineServices: [class com.almasb.fxgl.app.services.FXGLAssetLoaderService, class com.almasb.fxgl.app.FXGLApplication$GameApplicationService, class com.almasb.fxgl.app.services.FXGLDialogService, class com.almasb.fxgl.app.services.IOTaskExecutorService, class com.almasb.fxgl.io.FileSystemService, class com.almasb.fxgl.localization.LocalizationService, class com.almasb.fxgl.app.services.SystemBundleService, class com.almasb.fxgl.profile.SaveLoadService, class com.almasb.fxgl.ui.FXGLUIFactoryServiceProvider, class com.almasb.fxgl.ui.FXGLDialogFactoryServiceProvider, class com.almasb.fxgl.audio.AudioPlayer, class com.almasb.fxgl.notification.impl.NotificationServiceProvider, class com.almasb.fxgl.achievement.AchievementService, class com.almasb.fxgl.cutscene.CutsceneService, class com.almasb.fxgl.minigames.MiniGameService, class com.almasb.fxgl.net.NetService, class com.almasb.fxgl.app.services.UpdaterService, class com.almasb.fxgl.dev.DevService]
13:42:11.209 [FXGL Background Thread 3 ] DEBUG Engine               - fontGame: Abel-Regular.ttf
13:42:11.209 [FXGL Background Thread 3 ] DEBUG Engine               - fontMono: TerminalLandMono-Regular.otf
13:42:11.209 [FXGL Background Thread 3 ] DEBUG Engine               - fontText: Courier-Prime.ttf
13:42:11.209 [FXGL Background Thread 3 ] DEBUG Engine               - fontUI: VarelaRound-Regular.ttf
13:42:11.209 [FXGL Background Thread 3 ] DEBUG Engine               - fullScreen: BooleanProperty [value: false]
13:42:11.209 [FXGL Background Thread 3 ] DEBUG Engine               - gameDifficulty: MEDIUM
13:42:11.209 [FXGL Background Thread 3 ] DEBUG Engine               - gameDifficultyProperty: ObjectProperty [value: MEDIUM]
13:42:11.209 [FXGL Background Thread 3 ] DEBUG Engine               - globalMusicVolume: 0.5
13:42:11.210 [FXGL Background Thread 3 ] DEBUG Engine               - globalMusicVolumeProperty: DoubleProperty [value: 0.5]
13:42:11.210 [FXGL Background Thread 3 ] DEBUG Engine               - globalSoundVolume: 0.5
13:42:11.210 [FXGL Background Thread 3 ] DEBUG Engine               - globalSoundVolumeProperty: DoubleProperty [value: 0.5]
13:42:11.210 [FXGL Background Thread 3 ] DEBUG Engine               - height: 900
13:42:11.210 [FXGL Background Thread 3 ] DEBUG Engine               - is3D: false
13:42:11.210 [FXGL Background Thread 3 ] DEBUG Engine               - isAndroid: false
13:42:11.210 [FXGL Background Thread 3 ] DEBUG Engine               - isBrowser: false
13:42:11.210 [FXGL Background Thread 3 ] DEBUG Engine               - isClickFeedbackEnabled: false
13:42:11.210 [FXGL Background Thread 3 ] DEBUG Engine               - isCloseConfirmation: false
13:42:11.210 [FXGL Background Thread 3 ] DEBUG Engine               - isDesktop: true
13:42:11.210 [FXGL Background Thread 3 ] DEBUG Engine               - isDeveloperMenuEnabled: false
13:42:11.210 [FXGL Background Thread 3 ] DEBUG Engine               - isEmbedded: false
13:42:11.210 [FXGL Background Thread 3 ] DEBUG Engine               - isEntityPreloadEnabled: true
13:42:11.211 [FXGL Background Thread 3 ] DEBUG Engine               - isExperimentalTiledLargeMap: false
13:42:11.211 [FXGL Background Thread 3 ] DEBUG Engine               - isFileSystemWriteAllowed: true
13:42:11.211 [FXGL Background Thread 3 ] DEBUG Engine               - isFullScreenAllowed: false
13:42:11.211 [FXGL Background Thread 3 ] DEBUG Engine               - isFullScreenFromStart: false
13:42:11.211 [FXGL Background Thread 3 ] DEBUG Engine               - isGameMenuEnabled: true
13:42:11.211 [FXGL Background Thread 3 ] DEBUG Engine               - isIOS: false
13:42:11.211 [FXGL Background Thread 3 ] DEBUG Engine               - isIntroEnabled: false
13:42:11.211 [FXGL Background Thread 3 ] DEBUG Engine               - isLinux: false
13:42:11.211 [FXGL Background Thread 3 ] DEBUG Engine               - isMac: false
13:42:11.211 [FXGL Background Thread 3 ] DEBUG Engine               - isMainMenuEnabled: false
13:42:11.211 [FXGL Background Thread 3 ] DEBUG Engine               - isManualResizeEnabled: false
13:42:11.211 [FXGL Background Thread 3 ] DEBUG Engine               - isMobile: false
13:42:11.211 [FXGL Background Thread 3 ] DEBUG Engine               - isNative: false
13:42:11.211 [FXGL Background Thread 3 ] DEBUG Engine               - isPauseMusicWhenMinimized: true
13:42:11.211 [FXGL Background Thread 3 ] DEBUG Engine               - isPreserveResizeRatio: false
13:42:11.211 [FXGL Background Thread 3 ] DEBUG Engine               - isProfilingEnabled: false
13:42:11.212 [FXGL Background Thread 3 ] DEBUG Engine               - isScaleAffectedOnResize: true
13:42:11.212 [FXGL Background Thread 3 ] DEBUG Engine               - isSingleStep: false
13:42:11.212 [FXGL Background Thread 3 ] DEBUG Engine               - isUserProfileEnabled: false
13:42:11.212 [FXGL Background Thread 3 ] DEBUG Engine               - isWindows: true
13:42:11.212 [FXGL Background Thread 3 ] DEBUG Engine               - language: ObjectProperty [value: ENGLISH]
13:42:11.212 [FXGL Background Thread 3 ] DEBUG Engine               - menuKey: ESCAPE
13:42:11.212 [FXGL Background Thread 3 ] DEBUG Engine               - mouseSensitivity: 0.2
13:42:11.212 [FXGL Background Thread 3 ] DEBUG Engine               - notificationViewClass: class com.almasb.fxgl.notification.view.XboxNotificationView
13:42:11.212 [FXGL Background Thread 3 ] DEBUG Engine               - pixelsPerMeter: 50.0
13:42:11.212 [FXGL Background Thread 3 ] DEBUG Engine               - platform: WINDOWS
13:42:11.212 [FXGL Background Thread 3 ] DEBUG Engine               - prefHeightProperty: ReadOnlyDoubleProperty [value: 900.0]
13:42:11.213 [FXGL Background Thread 3 ] DEBUG Engine               - prefWidthProperty: ReadOnlyDoubleProperty [value: 1600.0]
13:42:11.213 [FXGL Background Thread 3 ] DEBUG Engine               - profileDir: profiles/
13:42:11.213 [FXGL Background Thread 3 ] DEBUG Engine               - profileName: StringProperty [value: DEFAULT]
13:42:11.213 [FXGL Background Thread 3 ] DEBUG Engine               - randomSeed: -1
13:42:11.213 [FXGL Background Thread 3 ] DEBUG Engine               - runtimeInfo: RuntimeInfo(platform=WINDOWS, version=17.1, build=24.03.2022 17.34)
13:42:11.213 [FXGL Background Thread 3 ] DEBUG Engine               - saveFileExt: sav
13:42:11.213 [FXGL Background Thread 3 ] DEBUG Engine               - scaledHeightProp$fxgl: DoubleProperty [bound, value: 900.0]
13:42:11.213 [FXGL Background Thread 3 ] DEBUG Engine               - scaledWidthProp$fxgl: DoubleProperty [bound, value: 1600.0]
13:42:11.213 [FXGL Background Thread 3 ] DEBUG Engine               - sceneFactory: com.jonathanc8.fxglgame.MainSceneFactory@625e3549
13:42:11.214 [FXGL Background Thread 3 ] DEBUG Engine               - secondsIn24h: 60
13:42:11.214 [FXGL Background Thread 3 ] DEBUG Engine               - soundMenuBack: menu/back.wav
13:42:11.214 [FXGL Background Thread 3 ] DEBUG Engine               - soundMenuPress: menu/press.wav
13:42:11.214 [FXGL Background Thread 3 ] DEBUG Engine               - soundMenuSelect: menu/select.wav
13:42:11.214 [FXGL Background Thread 3 ] DEBUG Engine               - soundNotification: core/notification.wav
13:42:11.214 [FXGL Background Thread 3 ] DEBUG Engine               - stageStyle: DECORATED
13:42:11.214 [FXGL Background Thread 3 ] DEBUG Engine               - supportedLanguages: [ENGLISH, FRENCH, GERMAN, HUNGARIAN, RUSSIAN]
13:42:11.214 [FXGL Background Thread 3 ] DEBUG Engine               - ticksPerSecond: -1
13:42:11.214 [FXGL Background Thread 3 ] DEBUG Engine               - title: A game without a name
13:42:11.214 [FXGL Background Thread 3 ] DEBUG Engine               - urlGithub: https://github.com/AlmasB/FXGL
13:42:11.214 [FXGL Background Thread 3 ] DEBUG Engine               - urlLeaderboard: http://fxgl-top.herokuapp.com/
13:42:11.214 [FXGL Background Thread 3 ] DEBUG Engine               - urlPOM: https://raw.githubusercontent.com/AlmasB/FXGL/release/README.md
13:42:11.214 [FXGL Background Thread 3 ] DEBUG Engine               - userAppClass: class com.jonathanc8.fxglgame.Game
13:42:11.215 [FXGL Background Thread 3 ] DEBUG Engine               - version: Early Development
13:42:11.215 [FXGL Background Thread 3 ] DEBUG Engine               - versionCheckDays: 7
13:42:11.215 [FXGL Background Thread 3 ] DEBUG Engine               - width: 1600
13:42:11.215 [FXGL Background Thread 3 ] DEBUG Engine               - Logging services
13:42:11.215 [FXGL Background Thread 3 ] DEBUG Engine               - class com.almasb.fxgl.app.services.FXGLAssetLoaderService
13:42:11.215 [FXGL Background Thread 3 ] DEBUG Engine               - class com.almasb.fxgl.app.FXGLApplication$GameApplicationService
13:42:11.215 [FXGL Background Thread 3 ] DEBUG Engine               - class com.almasb.fxgl.app.services.FXGLDialogService
13:42:11.215 [FXGL Background Thread 3 ] DEBUG Engine               - class com.almasb.fxgl.app.services.IOTaskExecutorService
13:42:11.215 [FXGL Background Thread 3 ] DEBUG Engine               - class com.almasb.fxgl.io.FileSystemService
13:42:11.215 [FXGL Background Thread 3 ] DEBUG Engine               - class com.almasb.fxgl.localization.LocalizationService
13:42:11.215 [FXGL Background Thread 3 ] DEBUG Engine               - class com.almasb.fxgl.app.services.SystemBundleService
13:42:11.215 [FXGL Background Thread 3 ] DEBUG Engine               - class com.almasb.fxgl.profile.SaveLoadService
13:42:11.215 [FXGL Background Thread 3 ] DEBUG Engine               - class com.almasb.fxgl.ui.FXGLUIFactoryServiceProvider
13:42:11.215 [FXGL Background Thread 3 ] DEBUG Engine               - class com.almasb.fxgl.ui.FXGLDialogFactoryServiceProvider
13:42:11.215 [FXGL Background Thread 3 ] DEBUG Engine               - class com.almasb.fxgl.audio.AudioPlayer
13:42:11.215 [FXGL Background Thread 3 ] DEBUG Engine               - class com.almasb.fxgl.notification.impl.NotificationServiceProvider
13:42:11.215 [FXGL Background Thread 3 ] DEBUG Engine               - class com.almasb.fxgl.achievement.AchievementService
13:42:11.215 [FXGL Background Thread 3 ] DEBUG Engine               - class com.almasb.fxgl.cutscene.CutsceneService
13:42:11.216 [FXGL Background Thread 3 ] DEBUG Engine               - class com.almasb.fxgl.minigames.MiniGameService
13:42:11.216 [FXGL Background Thread 3 ] DEBUG Engine               - class com.almasb.fxgl.net.NetService
13:42:11.216 [FXGL Background Thread 3 ] DEBUG Engine               - class com.almasb.fxgl.app.services.UpdaterService
13:42:11.216 [FXGL Background Thread 3 ] DEBUG Engine               - class com.almasb.fxgl.dev.DevService
13:42:11.392 [JavaFX Application Thread] DEBUG FXGLAssetLoaderServi - Loading from file system: file:/C:/Users/Jonat/OneDrive/Documents/Projects/Coding/Java/FXGLGame/build/resources/main/assets/sounds/blaster.wav
13:42:11.470 [JavaFX Application Thread] DEBUG FXGLAssetLoaderServi - Loading from file system: file:/C:/Users/Jonat/OneDrive/Documents/Projects/Coding/Java/FXGLGame/build/resources/main/assets/textures/projectile/blaster+.png
13:42:12.128 [JavaFX Application Thread] DEBUG FXGLAssetLoaderServi - Loading from file system: file:/C:/Users/Jonat/OneDrive/Documents/Projects/Coding/Java/FXGLGame/build/resources/main/assets/textures/projectile/javelin.png
13:42:15.744 [JavaFX Application Thread] DEBUG FXGLAssetLoaderServi - Loading from file system: file:/C:/Users/Jonat/OneDrive/Documents/Projects/Coding/Java/FXGLGame/build/resources/main/assets/textures/effect/explosion/medium~1.png
13:42:15.745 [JavaFX Application Thread] DEBUG FXGLAssetLoaderServi - Loading from file system: file:/C:/Users/Jonat/OneDrive/Documents/Projects/Coding/Java/FXGLGame/build/resources/main/assets/textures/effect/explosion/medium~2.png
13:42:15.746 [JavaFX Application Thread] DEBUG FXGLAssetLoaderServi - Loading from file system: file:/C:/Users/Jonat/OneDrive/Documents/Projects/Coding/Java/FXGLGame/build/resources/main/assets/textures/effect/explosion/medium~3.png
13:42:15.747 [JavaFX Application Thread] DEBUG FXGLAssetLoaderServi - Loading from file system: file:/C:/Users/Jonat/OneDrive/Documents/Projects/Coding/Java/FXGLGame/build/resources/main/assets/textures/effect/explosion/medium~4.png
13:42:15.748 [JavaFX Application Thread] DEBUG FXGLAssetLoaderServi - Loading from file system: file:/C:/Users/Jonat/OneDrive/Documents/Projects/Coding/Java/FXGLGame/build/resources/main/assets/textures/effect/explosion/medium~5.png
13:42:15.750 [JavaFX Application Thread] DEBUG FXGLAssetLoaderServi - Loading from file system: file:/C:/Users/Jonat/OneDrive/Documents/Projects/Coding/Java/FXGLGame/build/resources/main/assets/textures/effect/explosion/medium~6.png
13:42:15.751 [JavaFX Application Thread] DEBUG FXGLAssetLoaderServi - Loading from file system: file:/C:/Users/Jonat/OneDrive/Documents/Projects/Coding/Java/FXGLGame/build/resources/main/assets/textures/effect/explosion/medium~7.png
13:42:15.753 [JavaFX Application Thread] DEBUG FXGLAssetLoaderServi - Loading from file system: file:/C:/Users/Jonat/OneDrive/Documents/Projects/Coding/Java/FXGLGame/build/resources/main/assets/textures/effect/explosion/huge~0.png
13:42:15.758 [JavaFX Application Thread] DEBUG FXGLAssetLoaderServi - Loading from file system: file:/C:/Users/Jonat/OneDrive/Documents/Projects/Coding/Java/FXGLGame/build/resources/main/assets/textures/effect/explosion/small~1.png
13:42:15.759 [JavaFX Application Thread] DEBUG FXGLAssetLoaderServi - Loading from file system: file:/C:/Users/Jonat/OneDrive/Documents/Projects/Coding/Java/FXGLGame/build/resources/main/assets/textures/effect/explosion/small~2.png
13:42:15.759 [JavaFX Application Thread] DEBUG FXGLAssetLoaderServi - Loading from file system: file:/C:/Users/Jonat/OneDrive/Documents/Projects/Coding/Java/FXGLGame/build/resources/main/assets/textures/effect/explosion/small~3.png
13:42:15.760 [JavaFX Application Thread] DEBUG FXGLAssetLoaderServi - Loading from file system: file:/C:/Users/Jonat/OneDrive/Documents/Projects/Coding/Java/FXGLGame/build/resources/main/assets/textures/effect/explosion/small~4.png
13:42:15.761 [JavaFX Application Thread] DEBUG FXGLAssetLoaderServi - Loading from file system: file:/C:/Users/Jonat/OneDrive/Documents/Projects/Coding/Java/FXGLGame/build/resources/main/assets/textures/effect/explosion/small~5.png
13:42:15.762 [JavaFX Application Thread] DEBUG FXGLAssetLoaderServi - Loading from file system: file:/C:/Users/Jonat/OneDrive/Documents/Projects/Coding/Java/FXGLGame/build/resources/main/assets/textures/effect/explosion/small~6.png
13:42:15.763 [JavaFX Application Thread] DEBUG FXGLAssetLoaderServi - Loading from file system: file:/C:/Users/Jonat/OneDrive/Documents/Projects/Coding/Java/FXGLGame/build/resources/main/assets/sounds/explosion%20medium.wav
13:42:15.765 [JavaFX Application Thread] DEBUG PrimaryStageWindow   - Push state: MainMenu
13:42:15.765 [JavaFX Application Thread] DEBUG Input                - Clearing active input actions
13:42:15.766 [JavaFX Application Thread] DEBUG GameApplicationServi - Removing overlay from GameScene and adding to MainMenu
13:42:15.766 [JavaFX Application Thread] DEBUG PrimaryStageWindow   - GameScene -> MainMenu
13:42:16.616 [JavaFX Application Thread] DEBUG Menu                 - fireNewGame()
13:42:16.616 [JavaFX Application Thread] DEBUG GameApplicationServi - Starting new game
13:42:16.616 [JavaFX Application Thread] DEBUG PrimaryStageWindow   - Pop state: MainMenu
13:42:16.616 [JavaFX Application Thread] DEBUG Input                - Clearing active input actions
13:42:16.617 [JavaFX Application Thread] DEBUG GameApplicationServi - Removing overlay from MainMenu and adding to GameScene
13:42:16.617 [JavaFX Application Thread] DEBUG PrimaryStageWindow   - GameScene <- MainMenu
13:42:16.617 [JavaFX Application Thread] DEBUG Input                - Clearing active input actions
13:42:16.620 [JavaFX Application Thread] DEBUG GameApplicationServi - Removing overlay from GameScene and adding to FXGLLoadingScene
13:42:16.620 [JavaFX Application Thread] DEBUG PrimaryStageWindow   - GameScene -> FXGLLoadingScene
13:42:16.620 [JavaFX Application Thread] DEBUG GameApplicationServi - Clearing previous game
13:42:16.620 [JavaFX Application Thread] DEBUG GameScene            - Clearing game scene
13:42:16.621 [JavaFX Application Thread] DEBUG GameWorld            - Clearing game world
13:42:16.622 [JavaFX Application Thread] DEBUG PhysicsWorld         - Clearing physics world
13:42:16.622 [FXGL Background Thread 1 ] DEBUG FXGLApplication      - Initializing game
13:42:16.623 [FXGL Background Thread 1 ] WARN  FXGLAssetLoaderServi - Asset "/assets/textures/Untitled.png" was not found!
13:42:16.623 [FXGL Background Thread 1 ] WARN  FXGLAssetLoaderServi - Failed to load IMAGE
13:42:16.625 [FXGL Background Thread 1 ] WARN  TMXLevelLoader       - TiledMap generated from 1.4.3. Supported version: 1.4.2. Some features may not be parsed fully.
13:42:16.644 [FXGL Background Thread 1 ] DEBUG TMXLevelLoader       - Parsed TiledMap: file:/C:/Users/Jonat/OneDrive/Documents/Projects/Coding/Java/FXGLGame/build/resources/main/assets/levels/testLevelMap.tmx
13:42:16.644 [FXGL Background Thread 1 ] DEBUG TMXLevelLoader       - Creating tile layer entities
13:42:16.645 [FXGL Background Thread 1 ] DEBUG TilesetLoader        - Loading view for layer Tile Layer 1
13:42:16.683 [FXGL Background Thread 1 ] DEBUG TilesetLoader        - Created buffer with size 1600.0x6400.0
13:42:16.720 [FXGL Background Thread 1 ] DEBUG TMXLevelLoader       - Creating object layer entities
13:42:16.728 [FXGL Background Thread 1 ] DEBUG GameWorld            - Clearing removable entities
13:42:16.728 [FXGL Background Thread 1 ] DEBUG GameWorld            - Setting level: com.almasb.fxgl.entity.level.Level@6ac6d786
13:42:16.729 [FXGL Background Thread 1 ] INFO  FXGLApplication      - Game initialization took: 0.107 sec
13:42:16.729 [JavaFX Application Thread] DEBUG Input                - Clearing active input actions
13:42:16.732 [JavaFX Application Thread] DEBUG GameApplicationServi - Removing overlay from FXGLLoadingScene and adding to GameScene
13:42:16.732 [JavaFX Application Thread] DEBUG PrimaryStageWindow   - FXGLLoadingScene -> GameScene
13:42:23.497 [JavaFX Application Thread] DEBUG PrimaryStageWindow   - Push state: MainMenu
13:42:23.497 [JavaFX Application Thread] DEBUG Input                - Clearing active input actions
13:42:23.497 [JavaFX Application Thread] DEBUG GameApplicationServi - Removing overlay from GameScene and adding to MainMenu
13:42:23.497 [JavaFX Application Thread] DEBUG PrimaryStageWindow   - GameScene -> MainMenu
13:42:24.405 [JavaFX Application Thread] DEBUG Menu                 - fireNewGame()
13:42:24.405 [JavaFX Application Thread] DEBUG GameApplicationServi - Starting new game
13:42:24.405 [JavaFX Application Thread] DEBUG PrimaryStageWindow   - Pop state: MainMenu
13:42:24.405 [JavaFX Application Thread] DEBUG Input                - Clearing active input actions
13:42:24.405 [JavaFX Application Thread] DEBUG GameApplicationServi - Removing overlay from MainMenu and adding to GameScene
13:42:24.405 [JavaFX Application Thread] DEBUG PrimaryStageWindow   - GameScene <- MainMenu
13:42:24.405 [JavaFX Application Thread] DEBUG Input                - Clearing active input actions
13:42:24.408 [JavaFX Application Thread] DEBUG GameApplicationServi - Removing overlay from GameScene and adding to FXGLLoadingScene
13:42:24.408 [JavaFX Application Thread] DEBUG PrimaryStageWindow   - GameScene -> FXGLLoadingScene
13:42:24.408 [JavaFX Application Thread] DEBUG GameApplicationServi - Clearing previous game
13:42:24.408 [JavaFX Application Thread] DEBUG GameScene            - Clearing game scene
13:42:24.408 [JavaFX Application Thread] DEBUG GameWorld            - Clearing game world
13:42:24.410 [JavaFX Application Thread] DEBUG PhysicsWorld         - Clearing physics world
13:42:24.410 [FXGL Background Thread 1 ] DEBUG FXGLApplication      - Initializing game
13:42:24.410 [FXGL Background Thread 1 ] WARN  FXGLAssetLoaderServi - Asset "/assets/textures/Untitled.png" was not found!
13:42:24.411 [FXGL Background Thread 1 ] WARN  FXGLAssetLoaderServi - Failed to load IMAGE
13:42:24.413 [FXGL Background Thread 1 ] WARN  TMXLevelLoader       - TiledMap generated from 1.4.3. Supported version: 1.4.2. Some features may not be parsed fully.
13:42:24.418 [FXGL Background Thread 1 ] DEBUG TMXLevelLoader       - Parsed TiledMap: file:/C:/Users/Jonat/OneDrive/Documents/Projects/Coding/Java/FXGLGame/build/resources/main/assets/levels/testLevelMap.tmx
13:42:24.419 [FXGL Background Thread 1 ] DEBUG TMXLevelLoader       - Creating tile layer entities
13:42:24.419 [FXGL Background Thread 1 ] DEBUG TilesetLoader        - Loading view for layer Tile Layer 1
13:42:24.423 [FXGL Background Thread 1 ] DEBUG TilesetLoader        - Created buffer with size 1600.0x6400.0
13:42:24.454 [FXGL Background Thread 1 ] DEBUG TMXLevelLoader       - Creating object layer entities
13:42:24.459 [FXGL Background Thread 1 ] DEBUG GameWorld            - Clearing removable entities
13:42:24.460 [FXGL Background Thread 1 ] DEBUG GameWorld            - Setting level: com.almasb.fxgl.entity.level.Level@46fbf38b
13:42:24.460 [FXGL Background Thread 1 ] INFO  FXGLApplication      - Game initialization took: 0.050 sec
13:42:24.461 [JavaFX Application Thread] DEBUG Input                - Clearing active input actions
13:42:24.463 [JavaFX Application Thread] DEBUG GameApplicationServi - Removing overlay from FXGLLoadingScene and adding to GameScene
13:42:24.463 [JavaFX Application Thread] DEBUG PrimaryStageWindow   - FXGLLoadingScene -> GameScene
13:42:31.009 [JavaFX Application Thread] DEBUG FXGLAssetLoaderServi - Loading from file system: file:/C:/Users/Jonat/OneDrive/Documents/Projects/Coding/Java/FXGLGame/build/resources/main/assets/sounds/explosion%20small.wav
13:42:31.888 [JavaFX Application Thread] DEBUG FXGLAssetLoaderServi - Loading from file system: file:/C:/Users/Jonat/OneDrive/Documents/Projects/Coding/Java/FXGLGame/build/resources/main/assets/textures/effect/explosion/huge~1.png
13:42:31.892 [JavaFX Application Thread] DEBUG FXGLAssetLoaderServi - Loading from file system: file:/C:/Users/Jonat/OneDrive/Documents/Projects/Coding/Java/FXGLGame/build/resources/main/assets/textures/effect/explosion/huge~2.png
13:42:31.894 [JavaFX Application Thread] DEBUG FXGLAssetLoaderServi - Loading from file system: file:/C:/Users/Jonat/OneDrive/Documents/Projects/Coding/Java/FXGLGame/build/resources/main/assets/textures/effect/explosion/huge~3.png
13:42:31.896 [JavaFX Application Thread] DEBUG FXGLAssetLoaderServi - Loading from file system: file:/C:/Users/Jonat/OneDrive/Documents/Projects/Coding/Java/FXGLGame/build/resources/main/assets/textures/effect/explosion/huge~4.png
13:42:31.898 [JavaFX Application Thread] DEBUG FXGLAssetLoaderServi - Loading from file system: file:/C:/Users/Jonat/OneDrive/Documents/Projects/Coding/Java/FXGLGame/build/resources/main/assets/textures/effect/explosion/huge~5.png
13:42:31.901 [JavaFX Application Thread] DEBUG FXGLAssetLoaderServi - Loading from file system: file:/C:/Users/Jonat/OneDrive/Documents/Projects/Coding/Java/FXGLGame/build/resources/main/assets/textures/effect/explosion/huge~6.png
13:42:31.903 [JavaFX Application Thread] DEBUG FXGLAssetLoaderServi - Loading from file system: file:/C:/Users/Jonat/OneDrive/Documents/Projects/Coding/Java/FXGLGame/build/resources/main/assets/textures/effect/explosion/huge~7.png
13:42:31.905 [JavaFX Application Thread] DEBUG FXGLAssetLoaderServi - Loading from file system: file:/C:/Users/Jonat/OneDrive/Documents/Projects/Coding/Java/FXGLGame/build/resources/main/assets/textures/effect/explosion/huge~8.png
13:42:31.908 [JavaFX Application Thread] DEBUG FXGLAssetLoaderServi - Loading from file system: file:/C:/Users/Jonat/OneDrive/Documents/Projects/Coding/Java/FXGLGame/build/resources/main/assets/sounds/explosion%20huge.wav
13:43:18.540 [JavaFX Application Thread] DEBUG PrimaryStageWindow   - Push state: MainMenu
13:43:18.540 [JavaFX Application Thread] DEBUG Input                - Clearing active input actions
13:43:18.540 [JavaFX Application Thread] DEBUG GameApplicationServi - Removing overlay from GameScene and adding to MainMenu
13:43:18.540 [JavaFX Application Thread] DEBUG PrimaryStageWindow   - GameScene -> MainMenu
13:43:19.481 [JavaFX Application Thread] DEBUG Menu                 - fireNewGame()
13:43:19.481 [JavaFX Application Thread] DEBUG GameApplicationServi - Starting new game
13:43:19.481 [JavaFX Application Thread] DEBUG PrimaryStageWindow   - Pop state: MainMenu
13:43:19.481 [JavaFX Application Thread] DEBUG Input                - Clearing active input actions
13:43:19.482 [JavaFX Application Thread] DEBUG GameApplicationServi - Removing overlay from MainMenu and adding to GameScene
13:43:19.482 [JavaFX Application Thread] DEBUG PrimaryStageWindow   - GameScene <- MainMenu
13:43:19.482 [JavaFX Application Thread] DEBUG Input                - Clearing active input actions
13:43:19.484 [JavaFX Application Thread] DEBUG GameApplicationServi - Removing overlay from GameScene and adding to FXGLLoadingScene
13:43:19.484 [JavaFX Application Thread] DEBUG PrimaryStageWindow   - GameScene -> FXGLLoadingScene
13:43:19.485 [JavaFX Application Thread] DEBUG GameApplicationServi - Clearing previous game
13:43:19.485 [JavaFX Application Thread] DEBUG GameScene            - Clearing game scene
13:43:19.485 [JavaFX Application Thread] DEBUG GameWorld            - Clearing game world
13:43:19.485 [JavaFX Application Thread] DEBUG PhysicsWorld         - Clearing physics world
13:43:19.485 [FXGL Background Thread 1 ] DEBUG FXGLApplication      - Initializing game
13:43:19.486 [FXGL Background Thread 1 ] WARN  FXGLAssetLoaderServi - Asset "/assets/textures/Untitled.png" was not found!
13:43:19.486 [FXGL Background Thread 1 ] WARN  FXGLAssetLoaderServi - Failed to load IMAGE
13:43:19.487 [FXGL Background Thread 1 ] WARN  TMXLevelLoader       - TiledMap generated from 1.4.3. Supported version: 1.4.2. Some features may not be parsed fully.
13:43:19.493 [FXGL Background Thread 1 ] DEBUG TMXLevelLoader       - Parsed TiledMap: file:/C:/Users/Jonat/OneDrive/Documents/Projects/Coding/Java/FXGLGame/build/resources/main/assets/levels/testLevelMap.tmx
13:43:19.493 [FXGL Background Thread 1 ] DEBUG TMXLevelLoader       - Creating tile layer entities
13:43:19.493 [FXGL Background Thread 1 ] DEBUG TilesetLoader        - Loading view for layer Tile Layer 1
13:43:19.494 [FXGL Background Thread 1 ] DEBUG TilesetLoader        - Created buffer with size 1600.0x6400.0
13:43:19.522 [FXGL Background Thread 1 ] DEBUG TMXLevelLoader       - Creating object layer entities
13:43:19.526 [FXGL Background Thread 1 ] DEBUG GameWorld            - Clearing removable entities
13:43:19.526 [FXGL Background Thread 1 ] DEBUG GameWorld            - Setting level: com.almasb.fxgl.entity.level.Level@1b7d65f6
13:43:19.527 [FXGL Background Thread 1 ] INFO  FXGLApplication      - Game initialization took: 0.042 sec
13:43:19.527 [JavaFX Application Thread] DEBUG Input                - Clearing active input actions
13:43:19.529 [JavaFX Application Thread] DEBUG GameApplicationServi - Removing overlay from FXGLLoadingScene and adding to GameScene
13:43:19.529 [JavaFX Application Thread] DEBUG PrimaryStageWindow   - FXGLLoadingScene -> GameScene
13:43:31.009 [JavaFX Application Thread] WARN  GameWorld            - Attempted to remove entity which is not active
13:44:13.291 [JavaFX Application Thread] DEBUG PrimaryStageWindow   - Push state: MainMenu
13:44:13.291 [JavaFX Application Thread] DEBUG Input                - Clearing active input actions
13:44:13.291 [JavaFX Application Thread] DEBUG GameApplicationServi - Removing overlay from GameScene and adding to MainMenu
13:44:13.291 [JavaFX Application Thread] DEBUG PrimaryStageWindow   - GameScene -> MainMenu
13:44:20.036 [JavaFX Application Thread] DEBUG FXGLApplication      - Exiting FXGL
13:44:20.036 [JavaFX Application Thread] DEBUG LoopRunner           - Stopping loop
13:44:20.036 [JavaFX Application Thread] DEBUG SystemBundleService  - Saving FXGL system data
13:44:20.038 [JavaFX Application Thread] DEBUG FileSystemAccess     - Writing to: C:\Users\Jonat\OneDrive\Documents\Projects\Coding\Java\FXGLGame\system\fxgl.bundle
13:44:20.040 [JavaFX Application Thread] DEBUG Async                - Shutting down background threads
13:44:20.040 [JavaFX Application Thread] DEBUG PrimaryStageWindow   - Closing main window
13:44:20.051 [JavaFX Application Thread] DEBUG Logger               - Closing Logger
