14:43:12.937 [main                     ] DEBUG Logger               - Configured Logger
14:43:12.959 [main                     ] DEBUG GameApplication      - Logging settings
Title: A game without a name
Version: Early Development
Width: 1600
Height: 900
Fullscreen: false
Intro: false
Profiling: false
Single step:false
App Mode: DEVELOPER
Menu Key: ESCAPE
Stage Style: DECORATED
Scene Factory: class com.jonathanc8.fxglgame.MainSceneFactory

14:43:13.583 [JavaFX Application Thread] DEBUG FXGLApplication      - Initializing FXGL
14:43:13.588 [JavaFX Application Thread] INFO  Engine               - FXGL-17.1 (24.03.2022 17.34) on WINDOWS (J:17.0.2 FX:17.0.2-ea)
14:43:13.589 [JavaFX Application Thread] DEBUG Engine               - JRE Vendor Name: Oracle Corporation
14:43:13.589 [JavaFX Application Thread] DEBUG Engine               - Running on OS: Windows 10 version 10.0
14:43:13.589 [JavaFX Application Thread] DEBUG Engine               - Architecture: amd64
14:43:13.589 [JavaFX Application Thread] INFO  Engine               - Source code and latest versions at: https://github.com/AlmasB/FXGL
14:43:13.589 [JavaFX Application Thread] INFO  Engine               -       Ask questions and discuss at: https://github.com/AlmasB/FXGL/discussions
14:43:13.589 [JavaFX Application Thread] INFO  Engine               -              Join the FXGL chat at: https://gitter.im/AlmasB/FXGL
14:43:13.656 [JavaFX Application Thread] DEBUG PrimaryStageWindow   - Creating a JavaFX scene
14:43:13.702 [JavaFX Application Thread] DEBUG PrimaryStageWindow   - Target settings size: 1600.0 x 900.0
14:43:13.702 [JavaFX Application Thread] DEBUG PrimaryStageWindow   - Scaled scene size:    1600.0 x 900.0
14:43:13.702 [JavaFX Application Thread] DEBUG PrimaryStageWindow   - Scaled ratio: (1.0, 1.0)
14:43:13.703 [JavaFX Application Thread] DEBUG PrimaryStageWindow   - Set initial scene to FXGLStartupScene
14:43:13.709 [JavaFX Application Thread] DEBUG PrimaryStageWindow   - Opening main window
14:43:13.789 [JavaFX Application Thread] DEBUG PrimaryStageWindow   - Window border size: (16.0, 39.0)
14:43:13.789 [JavaFX Application Thread] DEBUG PrimaryStageWindow   - Scaled size: 1600.0 x 900.0
14:43:13.789 [JavaFX Application Thread] DEBUG PrimaryStageWindow   - Scaled ratio: (1.0, 1.0)
14:43:13.790 [JavaFX Application Thread] DEBUG PrimaryStageWindow   - Scene size: 1600.0 x 900.0
14:43:13.790 [JavaFX Application Thread] DEBUG PrimaryStageWindow   - Stage size: 1616.0 x 939.0
14:43:13.796 [FXGL Background Thread 1 ] DEBUG Engine               - Initializing environment variables
14:43:13.826 [FXGL Background Thread 1 ] DEBUG FXGLAssetLoaderServi - User app class for loading assets: class com.jonathanc8.fxglgame.Game
14:43:13.827 [FXGL Background Thread 1 ] DEBUG GameApplicationServi - Applying CSS: fxgl_dark.css
14:43:13.827 [FXGL Background Thread 1 ] DEBUG FXGLAssetLoaderServi - Loading from file system: jar:file:///C:/Users/Jonat/.gradle/caches/modules-2/files-2.1/com.github.almasb/fxgl/17.1/2a9509aedf54954c9b13849c18c6f495a81c542d/fxgl-17.1.jar!/fxglassets/ui/css/fxgl_dark.css
14:43:13.873 [FXGL Background Thread 1 ] DEBUG GameApplicationServi - Initializing application scenes
14:43:13.910 [FXGL Background Thread 1 ] DEBUG GameWorld            - Game world initialized
14:43:13.958 [FXGL Background Thread 1 ] DEBUG PhysicsWorld         - Physics world initialized: appHeight=900, physics.ppm=50.0
14:43:13.959 [FXGL Background Thread 1 ] DEBUG PhysicsWorld         - Using strategy: BRUTE_FORCE
14:43:13.963 [FXGL Background Thread 1 ] DEBUG GameScene            - Game scene initialized: 1600x900
14:43:13.974 [FXGL Background Thread 1 ] DEBUG FXGL.DefaultMenu     - createMenuBodyMainMenu()
14:43:13.988 [FXGL Background Thread 1 ] DEBUG FXGL.DefaultMenu     - createOptionsMenu()
14:43:13.997 [FXGL Background Thread 1 ] DEBUG FXGLAssetLoaderServi - Loading from file system: jar:file:///C:/Users/Jonat/.gradle/caches/modules-2/files-2.1/com.github.almasb/fxgl/17.1/2a9509aedf54954c9b13849c18c6f495a81c542d/fxgl-17.1.jar!/fxglassets/textures/particles/smoke.png
14:43:14.099 [FXGL Background Thread 1 ] DEBUG FXGLAssetLoaderServi - Loading from file system: jar:file:///C:/Users/Jonat/.gradle/caches/modules-2/files-2.1/com.github.almasb/fxgl/17.1/2a9509aedf54954c9b13849c18c6f495a81c542d/fxgl-17.1.jar!/fxglassets/textures/particles/trace_horizontal.png
14:43:14.145 [FXGL Background Thread 1 ] DEBUG GameApplicationServi - Application scenes initialized
14:43:14.156 [FXGL Background Thread 1 ] DEBUG SystemBundleService  - Loading FXGL system data
14:43:14.161 [FXGL Background Thread 1 ] DEBUG FileSystemAccess     - Reading from: D:\Projects\Coding\Java\FXGLGame\system\fxgl.bundle
14:43:14.168 [FXGL Background Thread 1 ] DEBUG SystemBundleService  - Bundle FXGL: {}
14:43:14.169 [FXGL Background Thread 1 ] DEBUG UpdaterService       - Checking for updates
14:43:14.172 [FXGL Background Thread 4 ] DEBUG FXGLApplication      - Loading fonts
14:43:14.173 [FXGL Background Thread 1 ] DEBUG FXGLApplication      - Loading default localization
14:43:14.173 [FXGL Background Thread 4 ] DEBUG FXGLAssetLoaderServi - Loading from file system: jar:file:///C:/Users/Jonat/.gradle/caches/modules-2/files-2.1/com.github.almasb/fxgl/17.1/2a9509aedf54954c9b13849c18c6f495a81c542d/fxgl-17.1.jar!/fxglassets/ui/fonts/VarelaRound-Regular.ttf
14:43:14.173 [FXGL Background Thread 1 ] DEBUG FXGLAssetLoaderServi - Loading from file system: jar:file:///C:/Users/Jonat/.gradle/caches/modules-2/files-2.1/com.github.almasb/fxgl/17.1/2a9509aedf54954c9b13849c18c6f495a81c542d/fxgl-17.1.jar!/fxglassets/languages/english.lang
14:43:14.195 [FXGL Background Thread 1 ] INFO  FXGLApplication      - FXGL initialization took: 0.399 sec
14:43:14.213 [JavaFX Application Thread] DEBUG Input                - Registered new binding: Move Right - D
14:43:14.214 [JavaFX Application Thread] DEBUG Input                - Registered new binding: Move Left - A
14:43:14.214 [JavaFX Application Thread] DEBUG Input                - Registered new binding: Move Down - S
14:43:14.214 [JavaFX Application Thread] DEBUG Input                - Registered new binding: Move Up - W
14:43:14.215 [JavaFX Application Thread] DEBUG Input                - Registered new binding: action0 - Enter
14:43:14.216 [JavaFX Application Thread] DEBUG Input                - Registered new binding: action1 - Right
14:43:14.217 [JavaFX Application Thread] DEBUG Input                - Registered new binding: action2 - Left
14:43:14.218 [JavaFX Application Thread] DEBUG Input                - Registered new binding: action3 - Up
14:43:14.219 [JavaFX Application Thread] DEBUG Input                - Registered new binding: action4 - Down
14:43:14.219 [JavaFX Application Thread] DEBUG Input                - Registered new binding: action5 - Delete
14:43:14.220 [JavaFX Application Thread] DEBUG Input                - Registered new binding: Shoot - Space
14:43:14.220 [JavaFX Application Thread] DEBUG Input                - Registered new binding: action6 - E
14:43:14.221 [JavaFX Application Thread] DEBUG FXGLAssetLoaderServi - Loading from file system: jar:file:///C:/Users/Jonat/.gradle/caches/modules-2/files-2.1/com.github.almasb/fxgl/17.1/2a9509aedf54954c9b13849c18c6f495a81c542d/fxgl-17.1.jar!/fxglassets/textures/fxgl_icon.png
14:43:14.242 [JavaFX Application Thread] DEBUG FXGLAssetLoaderServi - Loading from file system: jar:file:///C:/Users/Jonat/.gradle/caches/modules-2/files-2.1/com.github.almasb/fxgl/17.1/2a9509aedf54954c9b13849c18c6f495a81c542d/fxgl-17.1.jar!/fxglassets/textures/fxgl_default_cursor.png
14:43:14.244 [JavaFX Application Thread] DEBUG Input                - Registered new binding: Screenshot - CTRL+8
14:43:14.245 [JavaFX Application Thread] DEBUG Input                - Registered new binding: System info dump - CTRL+9
14:43:14.245 [JavaFX Application Thread] DEBUG Input                - Registered new binding: Restart - CTRL+R
14:43:14.246 [JavaFX Application Thread] DEBUG Input                - Registered new binding: Toggle Debug Camera - CTRL+7
14:43:14.249 [JavaFX Application Thread] DEBUG LoopRunner           - Starting loop
14:43:14.249 [JavaFX Application Thread] DEBUG LoopRunner           - Initializing JavaFX AnimationTimerLoop
14:43:14.254 [JavaFX Application Thread] DEBUG Input                - Clearing active input actions
14:43:14.263 [JavaFX Application Thread] DEBUG GameApplicationServi - Removing overlay from FXGLStartupScene and adding to FXGLMainMenuDummyScene
14:43:14.264 [JavaFX Application Thread] DEBUG PrimaryStageWindow   - FXGLStartupScene -> FXGLMainMenuDummyScene
14:43:14.264 [JavaFX Application Thread] DEBUG PrimaryStageWindow   - Push state: FXGLDefaultMenu
14:43:14.269 [JavaFX Application Thread] DEBUG Input                - Clearing active input actions
14:43:14.292 [JavaFX Application Thread] DEBUG GameApplicationServi - Removing overlay from FXGLMainMenuDummyScene and adding to FXGLDefaultMenu
14:43:14.293 [JavaFX Application Thread] DEBUG PrimaryStageWindow   - FXGLMainMenuDummyScene -> FXGLDefaultMenu
14:43:14.309 [FXGL Background Thread 4 ] DEBUG FXGLAssetLoaderServi - Loading from file system: jar:file:///C:/Users/Jonat/.gradle/caches/modules-2/files-2.1/com.github.almasb/fxgl/17.1/2a9509aedf54954c9b13849c18c6f495a81c542d/fxgl-17.1.jar!/fxglassets/ui/fonts/Abel-Regular.ttf
14:43:14.321 [FXGL Background Thread 4 ] DEBUG FXGLAssetLoaderServi - Loading from file system: jar:file:///C:/Users/Jonat/.gradle/caches/modules-2/files-2.1/com.github.almasb/fxgl/17.1/2a9509aedf54954c9b13849c18c6f495a81c542d/fxgl-17.1.jar!/fxglassets/ui/fonts/TerminalLandMono-Regular.otf
14:43:14.332 [FXGL Background Thread 4 ] DEBUG FXGLAssetLoaderServi - Loading from file system: jar:file:///C:/Users/Jonat/.gradle/caches/modules-2/files-2.1/com.github.almasb/fxgl/17.1/2a9509aedf54954c9b13849c18c6f495a81c542d/fxgl-17.1.jar!/fxglassets/ui/fonts/Courier-Prime.ttf
14:43:14.385 [JavaFX Application Thread] DEBUG FXGLApplication      - Registering font factories with UI factory
14:43:14.739 [FXGL Background Thread 2 ] INFO  UpdaterService       - Your current version:  17.1
14:43:14.739 [FXGL Background Thread 2 ] INFO  UpdaterService       - Latest stable version: 17.2
14:43:17.172 [FXGL Background Thread 3 ] DEBUG Engine               - Logging environment variables
14:43:17.172 [FXGL Background Thread 3 ] DEBUG Engine               - achievements: []
14:43:17.172 [FXGL Background Thread 3 ] DEBUG Engine               - actualHeight: 900.0
14:43:17.172 [FXGL Background Thread 3 ] DEBUG Engine               - actualHeightProperty: ReadOnlyDoubleProperty [value: 900.0]
14:43:17.173 [FXGL Background Thread 3 ] DEBUG Engine               - actualWidth: 1600.0
14:43:17.173 [FXGL Background Thread 3 ] DEBUG Engine               - actualWidthProperty: ReadOnlyDoubleProperty [value: 1600.0]
14:43:17.173 [FXGL Background Thread 3 ] DEBUG Engine               - appIcon: fxgl_icon.png
14:43:17.173 [FXGL Background Thread 3 ] DEBUG Engine               - applicationMode: DEVELOPER
14:43:17.173 [FXGL Background Thread 3 ] DEBUG Engine               - cSSList: [fxgl_dark.css]
14:43:17.173 [FXGL Background Thread 3 ] DEBUG Engine               - collisionDetectionStrategy: BRUTE_FORCE
14:43:17.173 [FXGL Background Thread 3 ] DEBUG Engine               - configClass: Optional.empty
14:43:17.173 [FXGL Background Thread 3 ] DEBUG Engine               - credits: []
14:43:17.174 [FXGL Background Thread 3 ] DEBUG Engine               - defaultCursor: CursorInfo(imageName=fxgl_default_cursor.png, hotspotX=7.0, hotspotY=6.0)
14:43:17.174 [FXGL Background Thread 3 ] DEBUG Engine               - devBBoxColorProperty: ObjectProperty [value: 0xff0000ff]
14:43:17.175 [FXGL Background Thread 3 ] DEBUG Engine               - devEnableDebugCameraProperty: BooleanProperty [value: false]
14:43:17.175 [FXGL Background Thread 3 ] DEBUG Engine               - devSensorColorProperty: ObjectProperty [value: 0xffff00ff]
14:43:17.175 [FXGL Background Thread 3 ] DEBUG Engine               - devShowBBoxProperty: BooleanProperty [value: false]
14:43:17.175 [FXGL Background Thread 3 ] DEBUG Engine               - devShowPositionProperty: BooleanProperty [value: false]
14:43:17.175 [FXGL Background Thread 3 ] DEBUG Engine               - enabledMenuItems: []
14:43:17.175 [FXGL Background Thread 3 ] DEBUG Engine               - engineServices: [class com.almasb.fxgl.app.services.FXGLAssetLoaderService, class com.almasb.fxgl.app.FXGLApplication$GameApplicationService, class com.almasb.fxgl.app.services.FXGLDialogService, class com.almasb.fxgl.app.services.IOTaskExecutorService, class com.almasb.fxgl.io.FileSystemService, class com.almasb.fxgl.localization.LocalizationService, class com.almasb.fxgl.app.services.SystemBundleService, class com.almasb.fxgl.profile.SaveLoadService, class com.almasb.fxgl.ui.FXGLUIFactoryServiceProvider, class com.almasb.fxgl.ui.FXGLDialogFactoryServiceProvider, class com.almasb.fxgl.audio.AudioPlayer, class com.almasb.fxgl.notification.impl.NotificationServiceProvider, class com.almasb.fxgl.achievement.AchievementService, class com.almasb.fxgl.cutscene.CutsceneService, class com.almasb.fxgl.minigames.MiniGameService, class com.almasb.fxgl.net.NetService, class com.almasb.fxgl.app.services.UpdaterService, class com.almasb.fxgl.dev.DevService]
14:43:17.175 [FXGL Background Thread 3 ] DEBUG Engine               - fontGame: Abel-Regular.ttf
14:43:17.175 [FXGL Background Thread 3 ] DEBUG Engine               - fontMono: TerminalLandMono-Regular.otf
14:43:17.175 [FXGL Background Thread 3 ] DEBUG Engine               - fontText: Courier-Prime.ttf
14:43:17.176 [FXGL Background Thread 3 ] DEBUG Engine               - fontUI: VarelaRound-Regular.ttf
14:43:17.176 [FXGL Background Thread 3 ] DEBUG Engine               - fullScreen: BooleanProperty [value: false]
14:43:17.176 [FXGL Background Thread 3 ] DEBUG Engine               - gameDifficulty: MEDIUM
14:43:17.176 [FXGL Background Thread 3 ] DEBUG Engine               - gameDifficultyProperty: ObjectProperty [value: MEDIUM]
14:43:17.176 [FXGL Background Thread 3 ] DEBUG Engine               - globalMusicVolume: 0.5
14:43:17.176 [FXGL Background Thread 3 ] DEBUG Engine               - globalMusicVolumeProperty: DoubleProperty [value: 0.5]
14:43:17.176 [FXGL Background Thread 3 ] DEBUG Engine               - globalSoundVolume: 0.5
14:43:17.176 [FXGL Background Thread 3 ] DEBUG Engine               - globalSoundVolumeProperty: DoubleProperty [value: 0.5]
14:43:17.176 [FXGL Background Thread 3 ] DEBUG Engine               - height: 900
14:43:17.176 [FXGL Background Thread 3 ] DEBUG Engine               - is3D: false
14:43:17.176 [FXGL Background Thread 3 ] DEBUG Engine               - isAndroid: false
14:43:17.176 [FXGL Background Thread 3 ] DEBUG Engine               - isBrowser: false
14:43:17.177 [FXGL Background Thread 3 ] DEBUG Engine               - isClickFeedbackEnabled: false
14:43:17.177 [FXGL Background Thread 3 ] DEBUG Engine               - isCloseConfirmation: false
14:43:17.177 [FXGL Background Thread 3 ] DEBUG Engine               - isDesktop: true
14:43:17.177 [FXGL Background Thread 3 ] DEBUG Engine               - isDeveloperMenuEnabled: false
14:43:17.177 [FXGL Background Thread 3 ] DEBUG Engine               - isEmbedded: false
14:43:17.177 [FXGL Background Thread 3 ] DEBUG Engine               - isEntityPreloadEnabled: true
14:43:17.177 [FXGL Background Thread 3 ] DEBUG Engine               - isExperimentalTiledLargeMap: false
14:43:17.177 [FXGL Background Thread 3 ] DEBUG Engine               - isFileSystemWriteAllowed: true
14:43:17.177 [FXGL Background Thread 3 ] DEBUG Engine               - isFullScreenAllowed: false
14:43:17.177 [FXGL Background Thread 3 ] DEBUG Engine               - isFullScreenFromStart: false
14:43:17.177 [FXGL Background Thread 3 ] DEBUG Engine               - isGameMenuEnabled: true
14:43:17.177 [FXGL Background Thread 3 ] DEBUG Engine               - isIOS: false
14:43:17.177 [FXGL Background Thread 3 ] DEBUG Engine               - isIntroEnabled: false
14:43:17.178 [FXGL Background Thread 3 ] DEBUG Engine               - isLinux: false
14:43:17.178 [FXGL Background Thread 3 ] DEBUG Engine               - isMac: false
14:43:17.178 [FXGL Background Thread 3 ] DEBUG Engine               - isMainMenuEnabled: true
14:43:17.178 [FXGL Background Thread 3 ] DEBUG Engine               - isManualResizeEnabled: true
14:43:17.178 [FXGL Background Thread 3 ] DEBUG Engine               - isMobile: false
14:43:17.178 [FXGL Background Thread 3 ] DEBUG Engine               - isNative: false
14:43:17.178 [FXGL Background Thread 3 ] DEBUG Engine               - isPauseMusicWhenMinimized: true
14:43:17.178 [FXGL Background Thread 3 ] DEBUG Engine               - isPreserveResizeRatio: false
14:43:17.178 [FXGL Background Thread 3 ] DEBUG Engine               - isProfilingEnabled: false
14:43:17.178 [FXGL Background Thread 3 ] DEBUG Engine               - isScaleAffectedOnResize: true
14:43:17.179 [FXGL Background Thread 3 ] DEBUG Engine               - isSingleStep: false
14:43:17.179 [FXGL Background Thread 3 ] DEBUG Engine               - isUserProfileEnabled: false
14:43:17.179 [FXGL Background Thread 3 ] DEBUG Engine               - isWindows: true
14:43:17.179 [FXGL Background Thread 3 ] DEBUG Engine               - language: ObjectProperty [value: ENGLISH]
14:43:17.179 [FXGL Background Thread 3 ] DEBUG Engine               - menuKey: ESCAPE
14:43:17.179 [FXGL Background Thread 3 ] DEBUG Engine               - mouseSensitivity: 0.2
14:43:17.179 [FXGL Background Thread 3 ] DEBUG Engine               - notificationViewClass: class com.almasb.fxgl.notification.view.XboxNotificationView
14:43:17.180 [FXGL Background Thread 3 ] DEBUG Engine               - pixelsPerMeter: 50.0
14:43:17.180 [FXGL Background Thread 3 ] DEBUG Engine               - platform: WINDOWS
14:43:17.180 [FXGL Background Thread 3 ] DEBUG Engine               - prefHeightProperty: ReadOnlyDoubleProperty [value: 900.0]
14:43:17.180 [FXGL Background Thread 3 ] DEBUG Engine               - prefWidthProperty: ReadOnlyDoubleProperty [value: 1600.0]
14:43:17.180 [FXGL Background Thread 3 ] DEBUG Engine               - profileDir: profiles/
14:43:17.180 [FXGL Background Thread 3 ] DEBUG Engine               - profileName: StringProperty [value: DEFAULT]
14:43:17.180 [FXGL Background Thread 3 ] DEBUG Engine               - randomSeed: -1
14:43:17.180 [FXGL Background Thread 3 ] DEBUG Engine               - runtimeInfo: RuntimeInfo(platform=WINDOWS, version=17.1, build=24.03.2022 17.34)
14:43:17.180 [FXGL Background Thread 3 ] DEBUG Engine               - saveFileExt: sav
14:43:17.180 [FXGL Background Thread 3 ] DEBUG Engine               - scaledHeightProp$fxgl: DoubleProperty [bound, value: 900.0]
14:43:17.180 [FXGL Background Thread 3 ] DEBUG Engine               - scaledWidthProp$fxgl: DoubleProperty [bound, value: 1600.0]
14:43:17.181 [FXGL Background Thread 3 ] DEBUG Engine               - sceneFactory: com.jonathanc8.fxglgame.MainSceneFactory@a5e4043
14:43:17.181 [FXGL Background Thread 3 ] DEBUG Engine               - secondsIn24h: 60
14:43:17.181 [FXGL Background Thread 3 ] DEBUG Engine               - soundMenuBack: menu/back.wav
14:43:17.181 [FXGL Background Thread 3 ] DEBUG Engine               - soundMenuPress: menu/press.wav
14:43:17.181 [FXGL Background Thread 3 ] DEBUG Engine               - soundMenuSelect: menu/select.wav
14:43:17.181 [FXGL Background Thread 3 ] DEBUG Engine               - soundNotification: core/notification.wav
14:43:17.181 [FXGL Background Thread 3 ] DEBUG Engine               - stageStyle: DECORATED
14:43:17.181 [FXGL Background Thread 3 ] DEBUG Engine               - supportedLanguages: [ENGLISH, FRENCH, GERMAN, HUNGARIAN, RUSSIAN]
14:43:17.181 [FXGL Background Thread 3 ] DEBUG Engine               - ticksPerSecond: -1
14:43:17.181 [FXGL Background Thread 3 ] DEBUG Engine               - title: A game without a name
14:43:17.181 [FXGL Background Thread 3 ] DEBUG Engine               - urlGithub: https://github.com/AlmasB/FXGL
14:43:17.181 [FXGL Background Thread 3 ] DEBUG Engine               - urlLeaderboard: http://fxgl-top.herokuapp.com/
14:43:17.181 [FXGL Background Thread 3 ] DEBUG Engine               - urlPOM: https://raw.githubusercontent.com/AlmasB/FXGL/release/README.md
14:43:17.181 [FXGL Background Thread 3 ] DEBUG Engine               - userAppClass: class com.jonathanc8.fxglgame.Game
14:43:17.181 [FXGL Background Thread 3 ] DEBUG Engine               - version: Early Development
14:43:17.182 [FXGL Background Thread 3 ] DEBUG Engine               - versionCheckDays: 7
14:43:17.182 [FXGL Background Thread 3 ] DEBUG Engine               - width: 1600
14:43:17.182 [FXGL Background Thread 3 ] DEBUG Engine               - Logging services
14:43:17.182 [FXGL Background Thread 3 ] DEBUG Engine               - class com.almasb.fxgl.app.services.FXGLAssetLoaderService
14:43:17.182 [FXGL Background Thread 3 ] DEBUG Engine               - class com.almasb.fxgl.app.FXGLApplication$GameApplicationService
14:43:17.182 [FXGL Background Thread 3 ] DEBUG Engine               - class com.almasb.fxgl.app.services.FXGLDialogService
14:43:17.182 [FXGL Background Thread 3 ] DEBUG Engine               - class com.almasb.fxgl.app.services.IOTaskExecutorService
14:43:17.182 [FXGL Background Thread 3 ] DEBUG Engine               - class com.almasb.fxgl.io.FileSystemService
14:43:17.183 [FXGL Background Thread 3 ] DEBUG Engine               - class com.almasb.fxgl.localization.LocalizationService
14:43:17.183 [FXGL Background Thread 3 ] DEBUG Engine               - class com.almasb.fxgl.app.services.SystemBundleService
14:43:17.183 [FXGL Background Thread 3 ] DEBUG Engine               - class com.almasb.fxgl.profile.SaveLoadService
14:43:17.183 [FXGL Background Thread 3 ] DEBUG Engine               - class com.almasb.fxgl.ui.FXGLUIFactoryServiceProvider
14:43:17.183 [FXGL Background Thread 3 ] DEBUG Engine               - class com.almasb.fxgl.ui.FXGLDialogFactoryServiceProvider
14:43:17.183 [FXGL Background Thread 3 ] DEBUG Engine               - class com.almasb.fxgl.audio.AudioPlayer
14:43:17.183 [FXGL Background Thread 3 ] DEBUG Engine               - class com.almasb.fxgl.notification.impl.NotificationServiceProvider
14:43:17.183 [FXGL Background Thread 3 ] DEBUG Engine               - class com.almasb.fxgl.achievement.AchievementService
14:43:17.183 [FXGL Background Thread 3 ] DEBUG Engine               - class com.almasb.fxgl.cutscene.CutsceneService
14:43:17.183 [FXGL Background Thread 3 ] DEBUG Engine               - class com.almasb.fxgl.minigames.MiniGameService
14:43:17.183 [FXGL Background Thread 3 ] DEBUG Engine               - class com.almasb.fxgl.net.NetService
14:43:17.183 [FXGL Background Thread 3 ] DEBUG Engine               - class com.almasb.fxgl.app.services.UpdaterService
14:43:17.183 [FXGL Background Thread 3 ] DEBUG Engine               - class com.almasb.fxgl.dev.DevService
14:43:30.452 [JavaFX Application Thread] DEBUG Menu                 - fireNewGame()
14:43:30.452 [JavaFX Application Thread] DEBUG GameApplicationServi - Starting new game
14:43:30.454 [JavaFX Application Thread] DEBUG PrimaryStageWindow   - Pop state: FXGLDefaultMenu
14:43:30.454 [JavaFX Application Thread] DEBUG Input                - Clearing active input actions
14:43:30.455 [JavaFX Application Thread] DEBUG GameApplicationServi - Removing overlay from FXGLDefaultMenu and adding to FXGLMainMenuDummyScene
14:43:30.455 [JavaFX Application Thread] DEBUG PrimaryStageWindow   - FXGLMainMenuDummyScene <- FXGLDefaultMenu
14:43:30.455 [JavaFX Application Thread] DEBUG Input                - Clearing active input actions
14:43:30.464 [JavaFX Application Thread] DEBUG GameApplicationServi - Removing overlay from FXGLMainMenuDummyScene and adding to FXGLLoadingScene
14:43:30.464 [JavaFX Application Thread] DEBUG PrimaryStageWindow   - FXGLMainMenuDummyScene -> FXGLLoadingScene
14:43:30.464 [JavaFX Application Thread] DEBUG GameApplicationServi - Clearing previous game
14:43:30.464 [JavaFX Application Thread] DEBUG GameScene            - Clearing game scene
14:43:30.464 [JavaFX Application Thread] DEBUG GameWorld            - Clearing game world
14:43:30.464 [JavaFX Application Thread] DEBUG PhysicsWorld         - Clearing physics world
14:43:30.466 [FXGL Background Thread 2 ] DEBUG FXGLApplication      - Initializing game
14:43:30.476 [FXGL Background Thread 2 ] WARN  FXGLAssetLoaderServi - Asset "/assets/textures/Untitled.png" was not found!
14:43:30.476 [FXGL Background Thread 2 ] WARN  FXGLAssetLoaderServi - Failed to load IMAGE
14:43:30.500 [FXGL Background Thread 2 ] DEBUG FXGLAssetLoaderServi - Loading from file system: file:/D:/Projects/Coding/Java/FXGLGame/build/resources/main/assets/textures/ship/sparrow.png
14:43:30.537 [FXGL Background Thread 2 ] WARN  TMXLevelLoader       - TiledMap generated from 1.4.3. Supported version: 1.4.2. Some features may not be parsed fully.
14:43:30.557 [FXGL Background Thread 2 ] DEBUG TMXLevelLoader       - Parsed TiledMap: file:/D:/Projects/Coding/Java/FXGLGame/build/resources/main/assets/levels/testLevelMap.tmx
14:43:30.558 [FXGL Background Thread 2 ] DEBUG TMXLevelLoader       - Creating tile layer entities
14:43:30.559 [FXGL Background Thread 2 ] DEBUG TilesetLoader        - Loading view for layer Tile Layer 1
14:43:30.574 [FXGL Background Thread 2 ] DEBUG TilesetLoader        - Created buffer with size 1600.0x6400.0
14:43:30.616 [FXGL Background Thread 2 ] DEBUG TMXLevelLoader       - Creating object layer entities
14:43:30.617 [FXGL Background Thread 2 ] DEBUG FXGLAssetLoaderServi - Loading from file system: file:/D:/Projects/Coding/Java/FXGLGame/build/resources/main/assets/textures/ship/hai%20water%20bug.png
14:43:30.630 [FXGL Background Thread 2 ] DEBUG FXGLAssetLoaderServi - Loading from file system: file:/D:/Projects/Coding/Java/FXGLGame/build/resources/main/assets/textures/ship/wasp.png
14:43:30.645 [FXGL Background Thread 2 ] DEBUG GameWorld            - Clearing removable entities
14:43:30.648 [FXGL Background Thread 2 ] DEBUG GameWorld            - Setting level: com.almasb.fxgl.entity.level.Level@22cdb287
14:43:30.658 [FXGL Background Thread 2 ] INFO  FXGLApplication      - Game initialization took: 0.192 sec
14:43:30.658 [JavaFX Application Thread] DEBUG Input                - Clearing active input actions
14:43:30.662 [JavaFX Application Thread] DEBUG GameApplicationServi - Removing overlay from FXGLLoadingScene and adding to GameScene
14:43:30.662 [JavaFX Application Thread] DEBUG PrimaryStageWindow   - FXGLLoadingScene -> GameScene
14:43:32.360 [JavaFX Application Thread] DEBUG FXGLAssetLoaderServi - Loading from file system: file:/D:/Projects/Coding/Java/FXGLGame/build/resources/main/assets/textures/projectile/javelin.png
14:43:33.542 [JavaFX Application Thread] DEBUG FXGLAssetLoaderServi - Loading from file system: file:/D:/Projects/Coding/Java/FXGLGame/build/resources/main/assets/sounds/blaster.wav
14:43:33.621 [JavaFX Application Thread] DEBUG FXGLAssetLoaderServi - Loading from file system: file:/D:/Projects/Coding/Java/FXGLGame/build/resources/main/assets/textures/projectile/blaster+.png
14:43:37.143 [JavaFX Application Thread] DEBUG FXGLAssetLoaderServi - Loading from file system: file:/D:/Projects/Coding/Java/FXGLGame/build/resources/main/assets/textures/effect/explosion/small~1.png
14:43:37.144 [JavaFX Application Thread] DEBUG FXGLAssetLoaderServi - Loading from file system: file:/D:/Projects/Coding/Java/FXGLGame/build/resources/main/assets/textures/effect/explosion/small~2.png
14:43:37.144 [JavaFX Application Thread] DEBUG FXGLAssetLoaderServi - Loading from file system: file:/D:/Projects/Coding/Java/FXGLGame/build/resources/main/assets/textures/effect/explosion/small~3.png
14:43:37.145 [JavaFX Application Thread] DEBUG FXGLAssetLoaderServi - Loading from file system: file:/D:/Projects/Coding/Java/FXGLGame/build/resources/main/assets/textures/effect/explosion/small~4.png
14:43:37.146 [JavaFX Application Thread] DEBUG FXGLAssetLoaderServi - Loading from file system: file:/D:/Projects/Coding/Java/FXGLGame/build/resources/main/assets/textures/effect/explosion/small~5.png
14:43:37.147 [JavaFX Application Thread] DEBUG FXGLAssetLoaderServi - Loading from file system: file:/D:/Projects/Coding/Java/FXGLGame/build/resources/main/assets/textures/effect/explosion/small~6.png
14:43:37.149 [JavaFX Application Thread] DEBUG FXGLAssetLoaderServi - Loading from file system: file:/D:/Projects/Coding/Java/FXGLGame/build/resources/main/assets/textures/effect/explosion/huge~0.png
14:43:37.155 [JavaFX Application Thread] DEBUG FXGLAssetLoaderServi - Loading from file system: file:/D:/Projects/Coding/Java/FXGLGame/build/resources/main/assets/sounds/explosion%20small.wav
14:43:37.670 [JavaFX Application Thread] DEBUG FXGLAssetLoaderServi - Loading from file system: file:/D:/Projects/Coding/Java/FXGLGame/build/resources/main/assets/textures/effect/explosion/huge~1.png
14:43:37.672 [JavaFX Application Thread] DEBUG FXGLAssetLoaderServi - Loading from file system: file:/D:/Projects/Coding/Java/FXGLGame/build/resources/main/assets/textures/effect/explosion/huge~2.png
14:43:37.674 [JavaFX Application Thread] DEBUG FXGLAssetLoaderServi - Loading from file system: file:/D:/Projects/Coding/Java/FXGLGame/build/resources/main/assets/textures/effect/explosion/huge~3.png
14:43:37.676 [JavaFX Application Thread] DEBUG FXGLAssetLoaderServi - Loading from file system: file:/D:/Projects/Coding/Java/FXGLGame/build/resources/main/assets/textures/effect/explosion/huge~4.png
14:43:37.678 [JavaFX Application Thread] DEBUG FXGLAssetLoaderServi - Loading from file system: file:/D:/Projects/Coding/Java/FXGLGame/build/resources/main/assets/textures/effect/explosion/huge~5.png
14:43:37.681 [JavaFX Application Thread] DEBUG FXGLAssetLoaderServi - Loading from file system: file:/D:/Projects/Coding/Java/FXGLGame/build/resources/main/assets/textures/effect/explosion/huge~6.png
14:43:37.683 [JavaFX Application Thread] DEBUG FXGLAssetLoaderServi - Loading from file system: file:/D:/Projects/Coding/Java/FXGLGame/build/resources/main/assets/textures/effect/explosion/huge~7.png
14:43:37.686 [JavaFX Application Thread] DEBUG FXGLAssetLoaderServi - Loading from file system: file:/D:/Projects/Coding/Java/FXGLGame/build/resources/main/assets/textures/effect/explosion/huge~8.png
14:43:37.689 [JavaFX Application Thread] DEBUG FXGLAssetLoaderServi - Loading from file system: file:/D:/Projects/Coding/Java/FXGLGame/build/resources/main/assets/sounds/explosion%20huge.wav
14:43:38.760 [JavaFX Application Thread] DEBUG FXGLAssetLoaderServi - Loading from file system: file:/D:/Projects/Coding/Java/FXGLGame/build/resources/main/assets/sounds/explosion%20medium.wav
14:44:28.784 [JavaFX Application Thread] DEBUG FXGLApplication      - Exiting FXGL
14:44:28.784 [JavaFX Application Thread] DEBUG LoopRunner           - Stopping loop
14:44:28.784 [JavaFX Application Thread] DEBUG SystemBundleService  - Saving FXGL system data
14:44:28.786 [JavaFX Application Thread] DEBUG FileSystemAccess     - Writing to: D:\Projects\Coding\Java\FXGLGame\system\fxgl.bundle
14:44:28.787 [JavaFX Application Thread] DEBUG Async                - Shutting down background threads
14:44:28.787 [JavaFX Application Thread] DEBUG PrimaryStageWindow   - Closing main window
14:44:28.823 [JavaFX Application Thread] DEBUG Logger               - Closing Logger
