21:47:56.813 [main                     ] DEBUG Logger               - Configured Logger
21:47:56.842 [main                     ] DEBUG GameApplication      - Logging settings
Title: Some Shmup game
Version: 0.01
Width: 600
Height: 600
Fullscreen: false
Intro: false
Profiling: false
Single step:false
App Mode: DEVELOPER
Menu Key: ESCAPE
Stage Style: DECORATED
Scene Factory: class com.almasb.fxgl.app.scene.SceneFactory

21:47:57.676 [JavaFX Application Thread] DEBUG FXGLApplication      - Initializing FXGL
21:47:57.680 [JavaFX Application Thread] INFO  Engine               - FXGL-17.1 (24.03.2022 17.34) on WINDOWS (J:17.0.2 FX:17.0.2-ea)
21:47:57.681 [JavaFX Application Thread] DEBUG Engine               - JRE Vendor Name: Oracle Corporation
21:47:57.681 [JavaFX Application Thread] DEBUG Engine               - Running on OS: Windows 10 version 10.0
21:47:57.681 [JavaFX Application Thread] DEBUG Engine               - Architecture: amd64
21:47:57.681 [JavaFX Application Thread] INFO  Engine               - Source code and latest versions at: https://github.com/AlmasB/FXGL
21:47:57.681 [JavaFX Application Thread] INFO  Engine               -       Ask questions and discuss at: https://github.com/AlmasB/FXGL/discussions
21:47:57.681 [JavaFX Application Thread] INFO  Engine               -              Join the FXGL chat at: https://gitter.im/AlmasB/FXGL
21:47:57.754 [JavaFX Application Thread] DEBUG PrimaryStageWindow   - Creating a JavaFX scene
21:47:57.792 [JavaFX Application Thread] DEBUG PrimaryStageWindow   - Target settings size: 600.0 x 600.0
21:47:57.793 [JavaFX Application Thread] DEBUG PrimaryStageWindow   - Scaled scene size:    600.0 x 600.0
21:47:57.793 [JavaFX Application Thread] DEBUG PrimaryStageWindow   - Scaled ratio: (1.0, 1.0)
21:47:57.794 [JavaFX Application Thread] DEBUG PrimaryStageWindow   - Set initial scene to FXGLStartupScene
21:47:57.799 [JavaFX Application Thread] DEBUG PrimaryStageWindow   - Opening main window
21:47:57.882 [JavaFX Application Thread] DEBUG PrimaryStageWindow   - Window border size: (16.0, 39.0)
21:47:57.882 [JavaFX Application Thread] DEBUG PrimaryStageWindow   - Scaled size: 600.0 x 600.0
21:47:57.883 [JavaFX Application Thread] DEBUG PrimaryStageWindow   - Scaled ratio: (1.0, 1.0)
21:47:57.883 [JavaFX Application Thread] DEBUG PrimaryStageWindow   - Scene size: 600.0 x 600.0
21:47:57.883 [JavaFX Application Thread] DEBUG PrimaryStageWindow   - Stage size: 616.0 x 639.0
21:47:57.889 [FXGL Background Thread 1 ] DEBUG Engine               - Initializing environment variables
21:47:57.922 [FXGL Background Thread 1 ] DEBUG FXGLAssetLoaderServi - User app class for loading assets: class com.jonathanc8.fxglgame.Game
21:47:57.922 [FXGL Background Thread 1 ] DEBUG GameApplicationServi - Applying CSS: fxgl_dark.css
21:47:57.923 [FXGL Background Thread 1 ] DEBUG FXGLAssetLoaderServi - Loading from file system: jar:file:///C:/Users/Jonat/.gradle/caches/modules-2/files-2.1/com.github.almasb/fxgl/17.1/2a9509aedf54954c9b13849c18c6f495a81c542d/fxgl-17.1.jar!/fxglassets/ui/css/fxgl_dark.css
21:47:57.964 [FXGL Background Thread 1 ] DEBUG GameApplicationServi - Initializing application scenes
21:47:58.020 [FXGL Background Thread 1 ] DEBUG GameWorld            - Game world initialized
21:47:58.065 [FXGL Background Thread 1 ] DEBUG PhysicsWorld         - Physics world initialized: appHeight=600, physics.ppm=50.0
21:47:58.066 [FXGL Background Thread 1 ] DEBUG PhysicsWorld         - Using strategy: BRUTE_FORCE
21:47:58.070 [FXGL Background Thread 1 ] DEBUG GameScene            - Game scene initialized: 600x600
21:47:58.083 [FXGL Background Thread 1 ] WARN  FXGL.DefaultMenu     - FXGLDefaultMenu is not designed for resolutions < 800x600
21:47:58.083 [FXGL Background Thread 1 ] DEBUG FXGL.DefaultMenu     - createMenuBodyGameMenu()
21:47:58.096 [FXGL Background Thread 1 ] DEBUG FXGL.DefaultMenu     - createOptionsMenu()
21:47:58.107 [FXGL Background Thread 1 ] DEBUG FXGLAssetLoaderServi - Loading from file system: jar:file:///C:/Users/Jonat/.gradle/caches/modules-2/files-2.1/com.github.almasb/fxgl/17.1/2a9509aedf54954c9b13849c18c6f495a81c542d/fxgl-17.1.jar!/fxglassets/textures/particles/smoke.png
21:47:58.208 [FXGL Background Thread 1 ] DEBUG FXGLAssetLoaderServi - Loading from file system: jar:file:///C:/Users/Jonat/.gradle/caches/modules-2/files-2.1/com.github.almasb/fxgl/17.1/2a9509aedf54954c9b13849c18c6f495a81c542d/fxgl-17.1.jar!/fxglassets/textures/particles/trace_horizontal.png
21:47:58.237 [FXGL Background Thread 1 ] DEBUG GameApplicationServi - Application scenes initialized
21:47:58.251 [FXGL Background Thread 1 ] DEBUG SystemBundleService  - Loading FXGL system data
21:47:58.257 [FXGL Background Thread 1 ] DEBUG FileSystemAccess     - Reading from: C:\Users\Jonat\OneDrive\Documents\Projects\Coding\Java\FXGLGame\system\fxgl.bundle
21:47:58.264 [FXGL Background Thread 1 ] DEBUG SystemBundleService  - Bundle FXGL: {}
21:47:58.264 [FXGL Background Thread 1 ] DEBUG UpdaterService       - Checking for updates
21:47:58.268 [FXGL Background Thread 4 ] DEBUG FXGLApplication      - Loading fonts
21:47:58.268 [FXGL Background Thread 1 ] DEBUG FXGLApplication      - Loading default localization
21:47:58.268 [FXGL Background Thread 4 ] DEBUG FXGLAssetLoaderServi - Loading from file system: jar:file:///C:/Users/Jonat/.gradle/caches/modules-2/files-2.1/com.github.almasb/fxgl/17.1/2a9509aedf54954c9b13849c18c6f495a81c542d/fxgl-17.1.jar!/fxglassets/ui/fonts/VarelaRound-Regular.ttf
21:47:58.269 [FXGL Background Thread 1 ] DEBUG FXGLAssetLoaderServi - Loading from file system: jar:file:///C:/Users/Jonat/.gradle/caches/modules-2/files-2.1/com.github.almasb/fxgl/17.1/2a9509aedf54954c9b13849c18c6f495a81c542d/fxgl-17.1.jar!/fxglassets/languages/english.lang
21:47:58.289 [FXGL Background Thread 1 ] INFO  FXGLApplication      - FXGL initialization took: 0.399 sec
21:47:58.304 [JavaFX Application Thread] DEBUG Input                - Registered new binding: Move Right - D
21:47:58.304 [JavaFX Application Thread] DEBUG Input                - Registered new binding: Move Left - A
21:47:58.305 [JavaFX Application Thread] DEBUG Input                - Registered new binding: Move Down - S
21:47:58.305 [JavaFX Application Thread] DEBUG Input                - Registered new binding: Move Up - W
21:47:58.305 [JavaFX Application Thread] DEBUG Input                - Registered new binding: Respawn - Enter
21:47:58.307 [JavaFX Application Thread] DEBUG Input                - Registered new binding: action0 - Space
21:47:58.310 [JavaFX Application Thread] DEBUG Input                - Registered new binding: action1 - Up
21:47:58.311 [JavaFX Application Thread] DEBUG Input                - Registered new binding: action2 - Down
21:47:58.311 [JavaFX Application Thread] DEBUG Input                - Registered new binding: action3 - E
21:47:58.312 [JavaFX Application Thread] DEBUG FXGLAssetLoaderServi - Loading from file system: jar:file:///C:/Users/Jonat/.gradle/caches/modules-2/files-2.1/com.github.almasb/fxgl/17.1/2a9509aedf54954c9b13849c18c6f495a81c542d/fxgl-17.1.jar!/fxglassets/textures/fxgl_icon.png
21:47:58.337 [JavaFX Application Thread] DEBUG FXGLAssetLoaderServi - Loading from file system: jar:file:///C:/Users/Jonat/.gradle/caches/modules-2/files-2.1/com.github.almasb/fxgl/17.1/2a9509aedf54954c9b13849c18c6f495a81c542d/fxgl-17.1.jar!/fxglassets/textures/fxgl_default_cursor.png
21:47:58.340 [JavaFX Application Thread] DEBUG Input                - Registered new binding: Screenshot - CTRL+8
21:47:58.340 [JavaFX Application Thread] DEBUG Input                - Registered new binding: System info dump - CTRL+9
21:47:58.341 [JavaFX Application Thread] DEBUG Input                - Registered new binding: Restart - CTRL+R
21:47:58.341 [JavaFX Application Thread] DEBUG Input                - Registered new binding: Toggle Debug Camera - CTRL+7
21:47:58.343 [JavaFX Application Thread] DEBUG LoopRunner           - Starting loop
21:47:58.344 [JavaFX Application Thread] DEBUG LoopRunner           - Initializing JavaFX AnimationTimerLoop
21:47:58.345 [JavaFX Application Thread] DEBUG GameApplicationServi - Starting new game
21:47:58.345 [JavaFX Application Thread] DEBUG Input                - Clearing active input actions
21:47:58.361 [JavaFX Application Thread] DEBUG GameApplicationServi - Removing overlay from FXGLStartupScene and adding to FXGLLoadingScene
21:47:58.361 [JavaFX Application Thread] DEBUG PrimaryStageWindow   - FXGLStartupScene -> FXGLLoadingScene
21:47:58.361 [JavaFX Application Thread] DEBUG GameApplicationServi - Clearing previous game
21:47:58.362 [JavaFX Application Thread] DEBUG GameScene            - Clearing game scene
21:47:58.362 [JavaFX Application Thread] DEBUG GameWorld            - Clearing game world
21:47:58.362 [JavaFX Application Thread] DEBUG PhysicsWorld         - Clearing physics world
21:47:58.367 [FXGL Background Thread 1 ] DEBUG FXGLApplication      - Initializing game
21:47:58.384 [FXGL Background Thread 1 ] DEBUG FXGLAssetLoaderServi - Loading from file system: jar:file:///C:/Users/Jonat/OneDrive/Documents/Projects/Coding/Java/FXGLGame/build/libs/FXGLGame-1.0-SNAPSHOT.jar!/assets/textures/Untitled.png
21:47:58.427 [FXGL Background Thread 1 ] INFO  FXGLApplication      - Game initialization took: 0.060 sec
21:47:58.430 [JavaFX Application Thread] DEBUG Input                - Clearing active input actions
21:47:58.443 [JavaFX Application Thread] DEBUG GameApplicationServi - Removing overlay from FXGLLoadingScene and adding to GameScene
21:47:58.443 [JavaFX Application Thread] DEBUG PrimaryStageWindow   - FXGLLoadingScene -> GameScene
21:47:58.571 [FXGL Background Thread 4 ] DEBUG FXGLAssetLoaderServi - Loading from file system: jar:file:///C:/Users/Jonat/.gradle/caches/modules-2/files-2.1/com.github.almasb/fxgl/17.1/2a9509aedf54954c9b13849c18c6f495a81c542d/fxgl-17.1.jar!/fxglassets/ui/fonts/Abel-Regular.ttf
21:47:58.590 [FXGL Background Thread 4 ] DEBUG FXGLAssetLoaderServi - Loading from file system: jar:file:///C:/Users/Jonat/.gradle/caches/modules-2/files-2.1/com.github.almasb/fxgl/17.1/2a9509aedf54954c9b13849c18c6f495a81c542d/fxgl-17.1.jar!/fxglassets/ui/fonts/TerminalLandMono-Regular.otf
21:47:58.602 [FXGL Background Thread 4 ] DEBUG FXGLAssetLoaderServi - Loading from file system: jar:file:///C:/Users/Jonat/.gradle/caches/modules-2/files-2.1/com.github.almasb/fxgl/17.1/2a9509aedf54954c9b13849c18c6f495a81c542d/fxgl-17.1.jar!/fxglassets/ui/fonts/Courier-Prime.ttf
21:47:58.613 [JavaFX Application Thread] DEBUG FXGLApplication      - Registering font factories with UI factory
21:47:58.818 [FXGL Background Thread 2 ] INFO  UpdaterService       - Your current version:  17.1
21:47:58.818 [FXGL Background Thread 2 ] INFO  UpdaterService       - Latest stable version: 17.2
21:48:00.286 [JavaFX Application Thread] DEBUG FXGLApplication      - Exiting FXGL
21:48:00.287 [JavaFX Application Thread] DEBUG LoopRunner           - Stopping loop
21:48:00.287 [JavaFX Application Thread] DEBUG SystemBundleService  - Saving FXGL system data
21:48:00.289 [JavaFX Application Thread] DEBUG FileSystemAccess     - Writing to: C:\Users\Jonat\OneDrive\Documents\Projects\Coding\Java\FXGLGame\system\fxgl.bundle
21:48:00.291 [JavaFX Application Thread] DEBUG Async                - Shutting down background threads
21:48:00.291 [JavaFX Application Thread] DEBUG PrimaryStageWindow   - Closing main window
21:48:00.303 [JavaFX Application Thread] DEBUG Logger               - Closing Logger
