12:21:13.249 [main                     ] DEBUG Logger               - Configured Logger
12:21:13.280 [main                     ] DEBUG GameApplication      - Logging settings
Title: Some Shmup game
Version: 0.01
Width: 1600
Height: 900
Fullscreen: false
Intro: false
Profiling: false
Single step:false
App Mode: DEVELOPER
Menu Key: ESCAPE
Stage Style: DECORATED
Scene Factory: class com.almasb.fxgl.app.scene.SceneFactory

12:21:14.194 [JavaFX Application Thread] DEBUG FXGLApplication      - Initializing FXGL
12:21:14.199 [JavaFX Application Thread] INFO  Engine               - FXGL-17.1 (24.03.2022 17.34) on WINDOWS (J:17.0.2 FX:17.0.2-ea)
12:21:14.200 [JavaFX Application Thread] DEBUG Engine               - JRE Vendor Name: Oracle Corporation
12:21:14.200 [JavaFX Application Thread] DEBUG Engine               - Running on OS: Windows 10 version 10.0
12:21:14.200 [JavaFX Application Thread] DEBUG Engine               - Architecture: amd64
12:21:14.200 [JavaFX Application Thread] INFO  Engine               - Source code and latest versions at: https://github.com/AlmasB/FXGL
12:21:14.200 [JavaFX Application Thread] INFO  Engine               -       Ask questions and discuss at: https://github.com/AlmasB/FXGL/discussions
12:21:14.200 [JavaFX Application Thread] INFO  Engine               -              Join the FXGL chat at: https://gitter.im/AlmasB/FXGL
12:21:14.276 [JavaFX Application Thread] DEBUG PrimaryStageWindow   - Creating a JavaFX scene
12:21:14.319 [JavaFX Application Thread] DEBUG PrimaryStageWindow   - Target settings size: 1600.0 x 900.0
12:21:14.319 [JavaFX Application Thread] DEBUG PrimaryStageWindow   - Scaled scene size:    1600.0 x 900.0
12:21:14.319 [JavaFX Application Thread] DEBUG PrimaryStageWindow   - Scaled ratio: (1.0, 1.0)
12:21:14.320 [JavaFX Application Thread] DEBUG PrimaryStageWindow   - Set initial scene to FXGLStartupScene
12:21:14.326 [JavaFX Application Thread] DEBUG PrimaryStageWindow   - Opening main window
12:21:14.404 [JavaFX Application Thread] DEBUG PrimaryStageWindow   - Window border size: (16.0, 39.0)
12:21:14.405 [JavaFX Application Thread] DEBUG PrimaryStageWindow   - Scaled size: 1600.0 x 900.0
12:21:14.405 [JavaFX Application Thread] DEBUG PrimaryStageWindow   - Scaled ratio: (1.0, 1.0)
12:21:14.405 [JavaFX Application Thread] DEBUG PrimaryStageWindow   - Scene size: 1600.0 x 900.0
12:21:14.405 [JavaFX Application Thread] DEBUG PrimaryStageWindow   - Stage size: 1616.0 x 939.0
12:21:14.412 [FXGL Background Thread 1 ] DEBUG Engine               - Initializing environment variables
12:21:14.445 [FXGL Background Thread 1 ] DEBUG FXGLAssetLoaderServi - User app class for loading assets: class com.jonathanc8.fxglgame.Game
12:21:14.445 [FXGL Background Thread 1 ] DEBUG GameApplicationServi - Applying CSS: fxgl_dark.css
12:21:14.446 [FXGL Background Thread 1 ] DEBUG FXGLAssetLoaderServi - Loading from file system: jar:file:///C:/Users/Jonat/.gradle/caches/modules-2/files-2.1/com.github.almasb/fxgl/17.1/2a9509aedf54954c9b13849c18c6f495a81c542d/fxgl-17.1.jar!/fxglassets/ui/css/fxgl_dark.css
12:21:14.486 [FXGL Background Thread 1 ] DEBUG GameApplicationServi - Initializing application scenes
12:21:14.532 [FXGL Background Thread 1 ] DEBUG GameWorld            - Game world initialized
12:21:14.587 [FXGL Background Thread 1 ] DEBUG PhysicsWorld         - Physics world initialized: appHeight=900, physics.ppm=50.0
12:21:14.588 [FXGL Background Thread 1 ] DEBUG PhysicsWorld         - Using strategy: BRUTE_FORCE
12:21:14.592 [FXGL Background Thread 1 ] DEBUG GameScene            - Game scene initialized: 1600x900
12:21:14.603 [FXGL Background Thread 1 ] DEBUG FXGL.DefaultMenu     - createMenuBodyGameMenu()
12:21:14.617 [FXGL Background Thread 1 ] DEBUG FXGL.DefaultMenu     - createOptionsMenu()
12:21:14.627 [FXGL Background Thread 1 ] DEBUG FXGLAssetLoaderServi - Loading from file system: jar:file:///C:/Users/Jonat/.gradle/caches/modules-2/files-2.1/com.github.almasb/fxgl/17.1/2a9509aedf54954c9b13849c18c6f495a81c542d/fxgl-17.1.jar!/fxglassets/textures/particles/smoke.png
12:21:14.725 [FXGL Background Thread 1 ] DEBUG FXGLAssetLoaderServi - Loading from file system: jar:file:///C:/Users/Jonat/.gradle/caches/modules-2/files-2.1/com.github.almasb/fxgl/17.1/2a9509aedf54954c9b13849c18c6f495a81c542d/fxgl-17.1.jar!/fxglassets/textures/particles/trace_horizontal.png
12:21:14.753 [FXGL Background Thread 1 ] DEBUG GameApplicationServi - Application scenes initialized
12:21:14.766 [FXGL Background Thread 1 ] DEBUG SystemBundleService  - Loading FXGL system data
12:21:14.770 [FXGL Background Thread 1 ] DEBUG FileSystemAccess     - Reading from: C:\Users\Jonat\OneDrive\Documents\Projects\Coding\Java\FXGLGame\system\fxgl.bundle
12:21:14.777 [FXGL Background Thread 1 ] DEBUG SystemBundleService  - Bundle FXGL: {}
12:21:14.777 [FXGL Background Thread 1 ] DEBUG UpdaterService       - Checking for updates
12:21:14.781 [FXGL Background Thread 4 ] DEBUG FXGLApplication      - Loading fonts
12:21:14.781 [FXGL Background Thread 1 ] DEBUG FXGLApplication      - Loading default localization
12:21:14.781 [FXGL Background Thread 4 ] DEBUG FXGLAssetLoaderServi - Loading from file system: jar:file:///C:/Users/Jonat/.gradle/caches/modules-2/files-2.1/com.github.almasb/fxgl/17.1/2a9509aedf54954c9b13849c18c6f495a81c542d/fxgl-17.1.jar!/fxglassets/ui/fonts/VarelaRound-Regular.ttf
12:21:14.782 [FXGL Background Thread 1 ] DEBUG FXGLAssetLoaderServi - Loading from file system: jar:file:///C:/Users/Jonat/.gradle/caches/modules-2/files-2.1/com.github.almasb/fxgl/17.1/2a9509aedf54954c9b13849c18c6f495a81c542d/fxgl-17.1.jar!/fxglassets/languages/english.lang
12:21:14.799 [FXGL Background Thread 1 ] INFO  FXGLApplication      - FXGL initialization took: 0.387 sec
12:21:14.816 [JavaFX Application Thread] DEBUG Input                - Registered new binding: Move Right - D
12:21:14.816 [JavaFX Application Thread] DEBUG Input                - Registered new binding: Move Left - A
12:21:14.817 [JavaFX Application Thread] DEBUG Input                - Registered new binding: Move Down - S
12:21:14.817 [JavaFX Application Thread] DEBUG Input                - Registered new binding: Move Up - W
12:21:14.818 [JavaFX Application Thread] DEBUG Input                - Registered new binding: action0 - Enter
12:21:14.819 [JavaFX Application Thread] DEBUG Input                - Registered new binding: action1 - Right
12:21:14.820 [JavaFX Application Thread] DEBUG Input                - Registered new binding: action2 - Left
12:21:14.821 [JavaFX Application Thread] DEBUG Input                - Registered new binding: action3 - Up
12:21:14.822 [JavaFX Application Thread] DEBUG Input                - Registered new binding: action4 - Down
12:21:14.822 [JavaFX Application Thread] DEBUG Input                - Registered new binding: action5 - Delete
12:21:14.823 [JavaFX Application Thread] DEBUG Input                - Registered new binding: action6 - Space
12:21:14.824 [JavaFX Application Thread] DEBUG Input                - Registered new binding: action7 - E
12:21:14.825 [JavaFX Application Thread] DEBUG FXGLAssetLoaderServi - Loading from file system: jar:file:///C:/Users/Jonat/.gradle/caches/modules-2/files-2.1/com.github.almasb/fxgl/17.1/2a9509aedf54954c9b13849c18c6f495a81c542d/fxgl-17.1.jar!/fxglassets/textures/fxgl_icon.png
12:21:14.850 [JavaFX Application Thread] DEBUG FXGLAssetLoaderServi - Loading from file system: jar:file:///C:/Users/Jonat/.gradle/caches/modules-2/files-2.1/com.github.almasb/fxgl/17.1/2a9509aedf54954c9b13849c18c6f495a81c542d/fxgl-17.1.jar!/fxglassets/textures/fxgl_default_cursor.png
12:21:14.852 [JavaFX Application Thread] DEBUG Input                - Registered new binding: Screenshot - CTRL+8
12:21:14.853 [JavaFX Application Thread] DEBUG Input                - Registered new binding: System info dump - CTRL+9
12:21:14.854 [JavaFX Application Thread] DEBUG Input                - Registered new binding: Restart - CTRL+R
12:21:14.854 [JavaFX Application Thread] DEBUG Input                - Registered new binding: Toggle Debug Camera - CTRL+7
12:21:14.857 [JavaFX Application Thread] DEBUG LoopRunner           - Starting loop
12:21:14.857 [JavaFX Application Thread] DEBUG LoopRunner           - Initializing JavaFX AnimationTimerLoop
12:21:14.860 [JavaFX Application Thread] DEBUG GameApplicationServi - Starting new game
12:21:14.861 [JavaFX Application Thread] DEBUG Input                - Clearing active input actions
12:21:14.876 [JavaFX Application Thread] DEBUG GameApplicationServi - Removing overlay from FXGLStartupScene and adding to FXGLLoadingScene
12:21:14.877 [JavaFX Application Thread] DEBUG PrimaryStageWindow   - FXGLStartupScene -> FXGLLoadingScene
12:21:14.877 [JavaFX Application Thread] DEBUG GameApplicationServi - Clearing previous game
12:21:14.878 [JavaFX Application Thread] DEBUG GameScene            - Clearing game scene
12:21:14.878 [JavaFX Application Thread] DEBUG GameWorld            - Clearing game world
12:21:14.878 [JavaFX Application Thread] DEBUG PhysicsWorld         - Clearing physics world
12:21:14.881 [FXGL Background Thread 1 ] DEBUG FXGLApplication      - Initializing game
12:21:14.904 [FXGL Background Thread 1 ] DEBUG FXGLAssetLoaderServi - Loading from file system: file:/C:/Users/Jonat/OneDrive/Documents/Projects/Coding/Java/FXGLGame/build/resources/main/assets/textures/Untitled.png
12:21:15.002 [FXGL Background Thread 4 ] DEBUG FXGLAssetLoaderServi - Loading from file system: jar:file:///C:/Users/Jonat/.gradle/caches/modules-2/files-2.1/com.github.almasb/fxgl/17.1/2a9509aedf54954c9b13849c18c6f495a81c542d/fxgl-17.1.jar!/fxglassets/ui/fonts/Abel-Regular.ttf
12:21:15.012 [FXGL Background Thread 1 ] INFO  FXGLApplication      - Game initialization took: 0.130 sec
12:21:15.016 [FXGL Background Thread 4 ] DEBUG FXGLAssetLoaderServi - Loading from file system: jar:file:///C:/Users/Jonat/.gradle/caches/modules-2/files-2.1/com.github.almasb/fxgl/17.1/2a9509aedf54954c9b13849c18c6f495a81c542d/fxgl-17.1.jar!/fxglassets/ui/fonts/TerminalLandMono-Regular.otf
12:21:15.036 [FXGL Background Thread 4 ] DEBUG FXGLAssetLoaderServi - Loading from file system: jar:file:///C:/Users/Jonat/.gradle/caches/modules-2/files-2.1/com.github.almasb/fxgl/17.1/2a9509aedf54954c9b13849c18c6f495a81c542d/fxgl-17.1.jar!/fxglassets/ui/fonts/Courier-Prime.ttf
12:21:15.070 [JavaFX Application Thread] DEBUG Input                - Clearing active input actions
12:21:15.080 [JavaFX Application Thread] DEBUG GameApplicationServi - Removing overlay from FXGLLoadingScene and adding to GameScene
12:21:15.081 [JavaFX Application Thread] DEBUG PrimaryStageWindow   - FXGLLoadingScene -> GameScene
12:21:15.081 [JavaFX Application Thread] DEBUG FXGLApplication      - Registering font factories with UI factory
12:21:15.309 [FXGL Background Thread 2 ] INFO  UpdaterService       - Your current version:  17.1
12:21:15.309 [FXGL Background Thread 2 ] INFO  UpdaterService       - Latest stable version: 17.2
12:21:17.780 [FXGL Background Thread 3 ] DEBUG Engine               - Logging environment variables
12:21:17.781 [FXGL Background Thread 3 ] DEBUG Engine               - achievements: []
12:21:17.781 [FXGL Background Thread 3 ] DEBUG Engine               - actualHeight: 900.0
12:21:17.781 [FXGL Background Thread 3 ] DEBUG Engine               - actualHeightProperty: ReadOnlyDoubleProperty [value: 900.0]
12:21:17.781 [FXGL Background Thread 3 ] DEBUG Engine               - actualWidth: 1600.0
12:21:17.781 [FXGL Background Thread 3 ] DEBUG Engine               - actualWidthProperty: ReadOnlyDoubleProperty [value: 1600.0]
12:21:17.781 [FXGL Background Thread 3 ] DEBUG Engine               - appIcon: fxgl_icon.png
12:21:17.781 [FXGL Background Thread 3 ] DEBUG Engine               - applicationMode: DEVELOPER
12:21:17.781 [FXGL Background Thread 3 ] DEBUG Engine               - cSSList: [fxgl_dark.css]
12:21:17.781 [FXGL Background Thread 3 ] DEBUG Engine               - collisionDetectionStrategy: BRUTE_FORCE
12:21:17.782 [FXGL Background Thread 3 ] DEBUG Engine               - configClass: Optional.empty
12:21:17.782 [FXGL Background Thread 3 ] DEBUG Engine               - credits: []
12:21:17.782 [FXGL Background Thread 3 ] DEBUG Engine               - defaultCursor: CursorInfo(imageName=fxgl_default_cursor.png, hotspotX=7.0, hotspotY=6.0)
12:21:17.782 [FXGL Background Thread 3 ] DEBUG Engine               - devBBoxColorProperty: ObjectProperty [value: 0xff0000ff]
12:21:17.783 [FXGL Background Thread 3 ] DEBUG Engine               - devEnableDebugCameraProperty: BooleanProperty [value: false]
12:21:17.783 [FXGL Background Thread 3 ] DEBUG Engine               - devSensorColorProperty: ObjectProperty [value: 0xffff00ff]
12:21:17.783 [FXGL Background Thread 3 ] DEBUG Engine               - devShowBBoxProperty: BooleanProperty [value: false]
12:21:17.783 [FXGL Background Thread 3 ] DEBUG Engine               - devShowPositionProperty: BooleanProperty [value: false]
12:21:17.783 [FXGL Background Thread 3 ] DEBUG Engine               - enabledMenuItems: []
12:21:17.783 [FXGL Background Thread 3 ] DEBUG Engine               - engineServices: [class com.almasb.fxgl.app.services.FXGLAssetLoaderService, class com.almasb.fxgl.app.FXGLApplication$GameApplicationService, class com.almasb.fxgl.app.services.FXGLDialogService, class com.almasb.fxgl.app.services.IOTaskExecutorService, class com.almasb.fxgl.io.FileSystemService, class com.almasb.fxgl.localization.LocalizationService, class com.almasb.fxgl.app.services.SystemBundleService, class com.almasb.fxgl.profile.SaveLoadService, class com.almasb.fxgl.ui.FXGLUIFactoryServiceProvider, class com.almasb.fxgl.ui.FXGLDialogFactoryServiceProvider, class com.almasb.fxgl.audio.AudioPlayer, class com.almasb.fxgl.notification.impl.NotificationServiceProvider, class com.almasb.fxgl.achievement.AchievementService, class com.almasb.fxgl.cutscene.CutsceneService, class com.almasb.fxgl.minigames.MiniGameService, class com.almasb.fxgl.net.NetService, class com.almasb.fxgl.app.services.UpdaterService, class com.almasb.fxgl.dev.DevService]
12:21:17.783 [FXGL Background Thread 3 ] DEBUG Engine               - fontGame: Abel-Regular.ttf
12:21:17.783 [FXGL Background Thread 3 ] DEBUG Engine               - fontMono: TerminalLandMono-Regular.otf
12:21:17.783 [FXGL Background Thread 3 ] DEBUG Engine               - fontText: Courier-Prime.ttf
12:21:17.783 [FXGL Background Thread 3 ] DEBUG Engine               - fontUI: VarelaRound-Regular.ttf
12:21:17.783 [FXGL Background Thread 3 ] DEBUG Engine               - fullScreen: BooleanProperty [value: false]
12:21:17.783 [FXGL Background Thread 3 ] DEBUG Engine               - gameDifficulty: MEDIUM
12:21:17.784 [FXGL Background Thread 3 ] DEBUG Engine               - gameDifficultyProperty: ObjectProperty [value: MEDIUM]
12:21:17.784 [FXGL Background Thread 3 ] DEBUG Engine               - globalMusicVolume: 0.5
12:21:17.784 [FXGL Background Thread 3 ] DEBUG Engine               - globalMusicVolumeProperty: DoubleProperty [value: 0.5]
12:21:17.784 [FXGL Background Thread 3 ] DEBUG Engine               - globalSoundVolume: 0.5
12:21:17.784 [FXGL Background Thread 3 ] DEBUG Engine               - globalSoundVolumeProperty: DoubleProperty [value: 0.5]
12:21:17.784 [FXGL Background Thread 3 ] DEBUG Engine               - height: 900
12:21:17.784 [FXGL Background Thread 3 ] DEBUG Engine               - is3D: false
12:21:17.784 [FXGL Background Thread 3 ] DEBUG Engine               - isAndroid: false
12:21:17.784 [FXGL Background Thread 3 ] DEBUG Engine               - isBrowser: false
12:21:17.784 [FXGL Background Thread 3 ] DEBUG Engine               - isClickFeedbackEnabled: false
12:21:17.784 [FXGL Background Thread 3 ] DEBUG Engine               - isCloseConfirmation: false
12:21:17.784 [FXGL Background Thread 3 ] DEBUG Engine               - isDesktop: true
12:21:17.784 [FXGL Background Thread 3 ] DEBUG Engine               - isDeveloperMenuEnabled: false
12:21:17.785 [FXGL Background Thread 3 ] DEBUG Engine               - isEmbedded: false
12:21:17.785 [FXGL Background Thread 3 ] DEBUG Engine               - isEntityPreloadEnabled: true
12:21:17.785 [FXGL Background Thread 3 ] DEBUG Engine               - isExperimentalTiledLargeMap: false
12:21:17.785 [FXGL Background Thread 3 ] DEBUG Engine               - isFileSystemWriteAllowed: true
12:21:17.785 [FXGL Background Thread 3 ] DEBUG Engine               - isFullScreenAllowed: false
12:21:17.785 [FXGL Background Thread 3 ] DEBUG Engine               - isFullScreenFromStart: false
12:21:17.785 [FXGL Background Thread 3 ] DEBUG Engine               - isGameMenuEnabled: true
12:21:17.785 [FXGL Background Thread 3 ] DEBUG Engine               - isIOS: false
12:21:17.785 [FXGL Background Thread 3 ] DEBUG Engine               - isIntroEnabled: false
12:21:17.785 [FXGL Background Thread 3 ] DEBUG Engine               - isLinux: false
12:21:17.785 [FXGL Background Thread 3 ] DEBUG Engine               - isMac: false
12:21:17.785 [FXGL Background Thread 3 ] DEBUG Engine               - isMainMenuEnabled: false
12:21:17.786 [FXGL Background Thread 3 ] DEBUG Engine               - isManualResizeEnabled: false
12:21:17.786 [FXGL Background Thread 3 ] DEBUG Engine               - isMobile: false
12:21:17.786 [FXGL Background Thread 3 ] DEBUG Engine               - isNative: false
12:21:17.786 [FXGL Background Thread 3 ] DEBUG Engine               - isPauseMusicWhenMinimized: true
12:21:17.786 [FXGL Background Thread 3 ] DEBUG Engine               - isPreserveResizeRatio: false
12:21:17.786 [FXGL Background Thread 3 ] DEBUG Engine               - isProfilingEnabled: false
12:21:17.786 [FXGL Background Thread 3 ] DEBUG Engine               - isScaleAffectedOnResize: true
12:21:17.786 [FXGL Background Thread 3 ] DEBUG Engine               - isSingleStep: false
12:21:17.786 [FXGL Background Thread 3 ] DEBUG Engine               - isUserProfileEnabled: false
12:21:17.786 [FXGL Background Thread 3 ] DEBUG Engine               - isWindows: true
12:21:17.786 [FXGL Background Thread 3 ] DEBUG Engine               - language: ObjectProperty [value: ENGLISH]
12:21:17.786 [FXGL Background Thread 3 ] DEBUG Engine               - menuKey: ESCAPE
12:21:17.786 [FXGL Background Thread 3 ] DEBUG Engine               - mouseSensitivity: 0.2
12:21:17.786 [FXGL Background Thread 3 ] DEBUG Engine               - notificationViewClass: class com.almasb.fxgl.notification.view.XboxNotificationView
12:21:17.786 [FXGL Background Thread 3 ] DEBUG Engine               - pixelsPerMeter: 50.0
12:21:17.787 [FXGL Background Thread 3 ] DEBUG Engine               - platform: WINDOWS
12:21:17.787 [FXGL Background Thread 3 ] DEBUG Engine               - prefHeightProperty: ReadOnlyDoubleProperty [value: 900.0]
12:21:17.787 [FXGL Background Thread 3 ] DEBUG Engine               - prefWidthProperty: ReadOnlyDoubleProperty [value: 1600.0]
12:21:17.787 [FXGL Background Thread 3 ] DEBUG Engine               - profileDir: profiles/
12:21:17.787 [FXGL Background Thread 3 ] DEBUG Engine               - profileName: StringProperty [value: DEFAULT]
12:21:17.787 [FXGL Background Thread 3 ] DEBUG Engine               - randomSeed: -1
12:21:17.787 [FXGL Background Thread 3 ] DEBUG Engine               - runtimeInfo: RuntimeInfo(platform=WINDOWS, version=17.1, build=24.03.2022 17.34)
12:21:17.787 [FXGL Background Thread 3 ] DEBUG Engine               - saveFileExt: sav
12:21:17.787 [FXGL Background Thread 3 ] DEBUG Engine               - scaledHeightProp$fxgl: DoubleProperty [bound, value: 900.0]
12:21:17.787 [FXGL Background Thread 3 ] DEBUG Engine               - scaledWidthProp$fxgl: DoubleProperty [bound, value: 1600.0]
12:21:17.788 [FXGL Background Thread 3 ] DEBUG Engine               - sceneFactory: com.almasb.fxgl.app.scene.SceneFactory@63adccd3
12:21:17.788 [FXGL Background Thread 3 ] DEBUG Engine               - secondsIn24h: 60
12:21:17.788 [FXGL Background Thread 3 ] DEBUG Engine               - soundMenuBack: menu/back.wav
12:21:17.788 [FXGL Background Thread 3 ] DEBUG Engine               - soundMenuPress: menu/press.wav
12:21:17.788 [FXGL Background Thread 3 ] DEBUG Engine               - soundMenuSelect: menu/select.wav
12:21:17.788 [FXGL Background Thread 3 ] DEBUG Engine               - soundNotification: core/notification.wav
12:21:17.788 [FXGL Background Thread 3 ] DEBUG Engine               - stageStyle: DECORATED
12:21:17.788 [FXGL Background Thread 3 ] DEBUG Engine               - supportedLanguages: [ENGLISH, FRENCH, GERMAN, HUNGARIAN, RUSSIAN]
12:21:17.788 [FXGL Background Thread 3 ] DEBUG Engine               - ticksPerSecond: -1
12:21:17.788 [FXGL Background Thread 3 ] DEBUG Engine               - title: Some Shmup game
12:21:17.788 [FXGL Background Thread 3 ] DEBUG Engine               - urlGithub: https://github.com/AlmasB/FXGL
12:21:17.788 [FXGL Background Thread 3 ] DEBUG Engine               - urlLeaderboard: http://fxgl-top.herokuapp.com/
12:21:17.788 [FXGL Background Thread 3 ] DEBUG Engine               - urlPOM: https://raw.githubusercontent.com/AlmasB/FXGL/release/README.md
12:21:17.788 [FXGL Background Thread 3 ] DEBUG Engine               - userAppClass: class com.jonathanc8.fxglgame.Game
12:21:17.788 [FXGL Background Thread 3 ] DEBUG Engine               - version: 0.01
12:21:17.788 [FXGL Background Thread 3 ] DEBUG Engine               - versionCheckDays: 7
12:21:17.789 [FXGL Background Thread 3 ] DEBUG Engine               - width: 1600
12:21:17.789 [FXGL Background Thread 3 ] DEBUG Engine               - Logging services
12:21:17.789 [FXGL Background Thread 3 ] DEBUG Engine               - class com.almasb.fxgl.app.services.FXGLAssetLoaderService
12:21:17.789 [FXGL Background Thread 3 ] DEBUG Engine               - class com.almasb.fxgl.app.FXGLApplication$GameApplicationService
12:21:17.789 [FXGL Background Thread 3 ] DEBUG Engine               - class com.almasb.fxgl.app.services.FXGLDialogService
12:21:17.789 [FXGL Background Thread 3 ] DEBUG Engine               - class com.almasb.fxgl.app.services.IOTaskExecutorService
12:21:17.789 [FXGL Background Thread 3 ] DEBUG Engine               - class com.almasb.fxgl.io.FileSystemService
12:21:17.789 [FXGL Background Thread 3 ] DEBUG Engine               - class com.almasb.fxgl.localization.LocalizationService
12:21:17.789 [FXGL Background Thread 3 ] DEBUG Engine               - class com.almasb.fxgl.app.services.SystemBundleService
12:21:17.789 [FXGL Background Thread 3 ] DEBUG Engine               - class com.almasb.fxgl.profile.SaveLoadService
12:21:17.789 [FXGL Background Thread 3 ] DEBUG Engine               - class com.almasb.fxgl.ui.FXGLUIFactoryServiceProvider
12:21:17.789 [FXGL Background Thread 3 ] DEBUG Engine               - class com.almasb.fxgl.ui.FXGLDialogFactoryServiceProvider
12:21:17.789 [FXGL Background Thread 3 ] DEBUG Engine               - class com.almasb.fxgl.audio.AudioPlayer
12:21:17.789 [FXGL Background Thread 3 ] DEBUG Engine               - class com.almasb.fxgl.notification.impl.NotificationServiceProvider
12:21:17.789 [FXGL Background Thread 3 ] DEBUG Engine               - class com.almasb.fxgl.achievement.AchievementService
12:21:17.789 [FXGL Background Thread 3 ] DEBUG Engine               - class com.almasb.fxgl.cutscene.CutsceneService
12:21:17.790 [FXGL Background Thread 3 ] DEBUG Engine               - class com.almasb.fxgl.minigames.MiniGameService
12:21:17.790 [FXGL Background Thread 3 ] DEBUG Engine               - class com.almasb.fxgl.net.NetService
12:21:17.790 [FXGL Background Thread 3 ] DEBUG Engine               - class com.almasb.fxgl.app.services.UpdaterService
12:21:17.790 [FXGL Background Thread 3 ] DEBUG Engine               - class com.almasb.fxgl.dev.DevService
12:21:46.331 [JavaFX Application Thread] DEBUG FXGLApplication      - Exiting FXGL
12:21:46.331 [JavaFX Application Thread] DEBUG LoopRunner           - Stopping loop
12:21:46.332 [JavaFX Application Thread] DEBUG SystemBundleService  - Saving FXGL system data
12:21:46.334 [JavaFX Application Thread] DEBUG FileSystemAccess     - Writing to: C:\Users\Jonat\OneDrive\Documents\Projects\Coding\Java\FXGLGame\system\fxgl.bundle
12:21:46.335 [JavaFX Application Thread] DEBUG Async                - Shutting down background threads
12:21:46.336 [JavaFX Application Thread] DEBUG PrimaryStageWindow   - Closing main window
12:21:46.349 [JavaFX Application Thread] DEBUG Logger               - Closing Logger
